Analysis & Synthesis report for Datapath
Tue Jul 01 01:17:29 2025
Quartus II 64-Bit Version 13.0.1 Build 232 06/12/2013 Service Pack 1 SJ Web Edition


---------------------
; Table of Contents ;
---------------------
  1. Legal Notice
  2. Analysis & Synthesis Summary
  3. Analysis & Synthesis Settings
  4. Parallel Compilation
  5. Analysis & Synthesis Source Files Read
  6. Analysis & Synthesis Resource Usage Summary
  7. Analysis & Synthesis Resource Utilization by Entity
  8. General Register Statistics
  9. Parameter Settings for User Entity Instance: RegW:Prod
 10. Parameter Settings for User Entity Instance: RegW:Bank
 11. Parameter Settings for User Entity Instance: RegW:Troco
 12. Parameter Settings for User Entity Instance: Somador:mySomador
 13. Parameter Settings for User Entity Instance: Subtrator:mySubtrator
 14. Parameter Settings for User Entity Instance: comparador:ComparadorGT
 15. Parameter Settings for User Entity Instance: comparador:ComparadorLT
 16. Parameter Settings for User Entity Instance: MUX_Din:myMUX_Din
 17. Parameter Settings for User Entity Instance: prices:myPrices
 18. Port Connectivity Checks: "MUX_Din:myMUX_Din"
 19. Port Connectivity Checks: "comparador:ComparadorLT"
 20. Port Connectivity Checks: "comparador:ComparadorGT"
 21. Port Connectivity Checks: "RegW:Prod"
 22. Elapsed Time Per Partition
 23. Analysis & Synthesis Messages



----------------
; Legal Notice ;
----------------
Copyright (C) 1991-2013 Altera Corporation
Your use of Altera Corporation's design tools, logic functions 
and other software and tools, and its AMPP partner logic 
functions, and any output files from any of the foregoing 
(including device programming or simulation files), and any 
associated documentation or information are expressly subject 
to the terms and conditions of the Altera Program License 
Subscription Agreement, Altera MegaCore Function License 
Agreement, or other applicable license agreement, including, 
without limitation, that your use is for the sole purpose of 
programming logic devices manufactured by Altera and sold by 
Altera or its authorized distributors.  Please refer to the 
applicable agreement for further details.



+--------------------------------------------------------------------------------------+
; Analysis & Synthesis Summary                                                         ;
+------------------------------------+-------------------------------------------------+
; Analysis & Synthesis Status        ; Successful - Tue Jul 01 01:17:29 2025           ;
; Quartus II 64-Bit Version          ; 13.0.1 Build 232 06/12/2013 SP 1 SJ Web Edition ;
; Revision Name                      ; Datapath                                        ;
; Top-level Entity Name              ; Datapath                                        ;
; Family                             ; Cyclone II                                      ;
; Total logic elements               ; 182                                             ;
;     Total combinational functions  ; 178                                             ;
;     Dedicated logic registers      ; 30                                              ;
; Total registers                    ; 30                                              ;
; Total pins                         ; 60                                              ;
; Total virtual pins                 ; 0                                               ;
; Total memory bits                  ; 0                                               ;
; Embedded Multiplier 9-bit elements ; 0                                               ;
; Total PLLs                         ; 0                                               ;
+------------------------------------+-------------------------------------------------+


+----------------------------------------------------------------------------------------------------------------------+
; Analysis & Synthesis Settings                                                                                        ;
+----------------------------------------------------------------------------+--------------------+--------------------+
; Option                                                                     ; Setting            ; Default Value      ;
+----------------------------------------------------------------------------+--------------------+--------------------+
; Device                                                                     ; EP2C35F672C6       ;                    ;
; Top-level entity name                                                      ; Datapath           ; Datapath           ;
; Family name                                                                ; Cyclone II         ; Cyclone IV GX      ;
; Use smart compilation                                                      ; Off                ; Off                ;
; Enable parallel Assembler and TimeQuest Timing Analyzer during compilation ; On                 ; On                 ;
; Enable compact report table                                                ; Off                ; Off                ;
; Restructure Multiplexers                                                   ; Auto               ; Auto               ;
; Create Debugging Nodes for IP Cores                                        ; Off                ; Off                ;
; Preserve fewer node names                                                  ; On                 ; On                 ;
; Disable OpenCore Plus hardware evaluation                                  ; Off                ; Off                ;
; Verilog Version                                                            ; Verilog_2001       ; Verilog_2001       ;
; VHDL Version                                                               ; VHDL_1993          ; VHDL_1993          ;
; State Machine Processing                                                   ; Auto               ; Auto               ;
; Safe State Machine                                                         ; Off                ; Off                ;
; Extract Verilog State Machines                                             ; On                 ; On                 ;
; Extract VHDL State Machines                                                ; On                 ; On                 ;
; Ignore Verilog initial constructs                                          ; Off                ; Off                ;
; Iteration limit for constant Verilog loops                                 ; 5000               ; 5000               ;
; Iteration limit for non-constant Verilog loops                             ; 250                ; 250                ;
; Add Pass-Through Logic to Inferred RAMs                                    ; On                 ; On                 ;
; Infer RAMs from Raw Logic                                                  ; On                 ; On                 ;
; Parallel Synthesis                                                         ; On                 ; On                 ;
; DSP Block Balancing                                                        ; Auto               ; Auto               ;
; NOT Gate Push-Back                                                         ; On                 ; On                 ;
; Power-Up Don't Care                                                        ; On                 ; On                 ;
; Remove Redundant Logic Cells                                               ; Off                ; Off                ;
; Remove Duplicate Registers                                                 ; On                 ; On                 ;
; Ignore CARRY Buffers                                                       ; Off                ; Off                ;
; Ignore CASCADE Buffers                                                     ; Off                ; Off                ;
; Ignore GLOBAL Buffers                                                      ; Off                ; Off                ;
; Ignore ROW GLOBAL Buffers                                                  ; Off                ; Off                ;
; Ignore LCELL Buffers                                                       ; Off                ; Off                ;
; Ignore SOFT Buffers                                                        ; On                 ; On                 ;
; Limit AHDL Integers to 32 Bits                                             ; Off                ; Off                ;
; Optimization Technique                                                     ; Balanced           ; Balanced           ;
; Carry Chain Length                                                         ; 70                 ; 70                 ;
; Auto Carry Chains                                                          ; On                 ; On                 ;
; Auto Open-Drain Pins                                                       ; On                 ; On                 ;
; Perform WYSIWYG Primitive Resynthesis                                      ; Off                ; Off                ;
; Auto ROM Replacement                                                       ; On                 ; On                 ;
; Auto RAM Replacement                                                       ; On                 ; On                 ;
; Auto Shift Register Replacement                                            ; Auto               ; Auto               ;
; Allow Shift Register Merging across Hierarchies                            ; Auto               ; Auto               ;
; Auto Clock Enable Replacement                                              ; On                 ; On                 ;
; Strict RAM Replacement                                                     ; Off                ; Off                ;
; Allow Synchronous Control Signals                                          ; On                 ; On                 ;
; Force Use of Synchronous Clear Signals                                     ; Off                ; Off                ;
; Auto RAM to Logic Cell Conversion                                          ; Off                ; Off                ;
; Auto Resource Sharing                                                      ; Off                ; Off                ;
; Allow Any RAM Size For Recognition                                         ; Off                ; Off                ;
; Allow Any ROM Size For Recognition                                         ; Off                ; Off                ;
; Allow Any Shift Register Size For Recognition                              ; Off                ; Off                ;
; Use LogicLock Constraints during Resource Balancing                        ; On                 ; On                 ;
; Ignore translate_off and synthesis_off directives                          ; Off                ; Off                ;
; Timing-Driven Synthesis                                                    ; Off                ; Off                ;
; Report Parameter Settings                                                  ; On                 ; On                 ;
; Report Source Assignments                                                  ; On                 ; On                 ;
; Report Connectivity Checks                                                 ; On                 ; On                 ;
; Ignore Maximum Fan-Out Assignments                                         ; Off                ; Off                ;
; Synchronization Register Chain Length                                      ; 2                  ; 2                  ;
; PowerPlay Power Optimization                                               ; Normal compilation ; Normal compilation ;
; HDL message level                                                          ; Level2             ; Level2             ;
; Suppress Register Optimization Related Messages                            ; Off                ; Off                ;
; Number of Removed Registers Reported in Synthesis Report                   ; 5000               ; 5000               ;
; Number of Swept Nodes Reported in Synthesis Report                         ; 5000               ; 5000               ;
; Number of Inverted Registers Reported in Synthesis Report                  ; 100                ; 100                ;
; Clock MUX Protection                                                       ; On                 ; On                 ;
; Auto Gated Clock Conversion                                                ; Off                ; Off                ;
; Block Design Naming                                                        ; Auto               ; Auto               ;
; SDC constraint protection                                                  ; Off                ; Off                ;
; Synthesis Effort                                                           ; Auto               ; Auto               ;
; Shift Register Replacement - Allow Asynchronous Clear Signal               ; On                 ; On                 ;
; Pre-Mapping Resynthesis Optimization                                       ; Off                ; Off                ;
; Analysis & Synthesis Message Level                                         ; Medium             ; Medium             ;
; Disable Register Merging Across Hierarchies                                ; Auto               ; Auto               ;
; Resource Aware Inference For Block RAM                                     ; On                 ; On                 ;
; Synthesis Seed                                                             ; 1                  ; 1                  ;
+----------------------------------------------------------------------------+--------------------+--------------------+


Parallel compilation was disabled, but you have multiple processors available. Enable parallel compilation to reduce compilation time.
+-------------------------------------+
; Parallel Compilation                ;
+----------------------------+--------+
; Processors                 ; Number ;
+----------------------------+--------+
; Number detected on machine ; 12     ;
; Maximum allowed            ; 1      ;
+----------------------------+--------+


+----------------------------------------------------------------------------------------------------------------------------------------------+
; Analysis & Synthesis Source Files Read                                                                                                       ;
+----------------------------------+-----------------+-----------------+-------------------------------------------------------------+---------+
; File Name with User-Entered Path ; Used in Netlist ; File Type       ; File Name with Absolute Path                                ; Library ;
+----------------------------------+-----------------+-----------------+-------------------------------------------------------------+---------+
; ../Prices/Prices.vhd             ; yes             ; User VHDL File  ; Z:/labsd/selfservice_totem/Source/Prices/Prices.vhd         ;         ;
; ../MUX_Din/MUX_Din.vhd           ; yes             ; User VHDL File  ; Z:/labsd/selfservice_totem/Source/MUX_Din/MUX_Din.vhd       ;         ;
; ../BCD_Conv/BCD_Conv.vhd         ; yes             ; User VHDL File  ; Z:/labsd/selfservice_totem/Source/BCD_Conv/BCD_Conv.vhd     ;         ;
; ../BCD_7seg/BCD_7seg.vhd         ; yes             ; User VHDL File  ; Z:/labsd/selfservice_totem/Source/BCD_7seg/BCD_7seg.vhd     ;         ;
; ../Comparador/comparador.vhd     ; yes             ; User VHDL File  ; Z:/labsd/selfservice_totem/Source/Comparador/comparador.vhd ;         ;
; ../RegW/RegW.vhd                 ; yes             ; User VHDL File  ; Z:/labsd/selfservice_totem/Source/RegW/RegW.vhd             ;         ;
; ../Somador/Somador.vhd           ; yes             ; User VHDL File  ; Z:/labsd/selfservice_totem/Source/Somador/Somador.vhd       ;         ;
; ../Subtrator/Subtrator.vhd       ; yes             ; User VHDL File  ; Z:/labsd/selfservice_totem/Source/Subtrator/Subtrator.vhd   ;         ;
; Datapath.vhd                     ; yes             ; User VHDL File  ; Z:/labsd/selfservice_totem/Source/Datapath/Datapath.vhd     ;         ;
+----------------------------------+-----------------+-----------------+-------------------------------------------------------------+---------+


+-----------------------------------------------------+
; Analysis & Synthesis Resource Usage Summary         ;
+---------------------------------------------+-------+
; Resource                                    ; Usage ;
+---------------------------------------------+-------+
; Estimated Total logic elements              ; 182   ;
;                                             ;       ;
; Total combinational functions               ; 178   ;
; Logic element usage by number of LUT inputs ;       ;
;     -- 4 input functions                    ; 122   ;
;     -- 3 input functions                    ; 52    ;
;     -- <=2 input functions                  ; 4     ;
;                                             ;       ;
; Logic elements by mode                      ;       ;
;     -- normal mode                          ; 142   ;
;     -- arithmetic mode                      ; 36    ;
;                                             ;       ;
; Total registers                             ; 30    ;
;     -- Dedicated logic registers            ; 30    ;
;     -- I/O registers                        ; 0     ;
;                                             ;       ;
; I/O pins                                    ; 60    ;
; Embedded Multiplier 9-bit elements          ; 0     ;
; Maximum fan-out node                        ; CLK   ;
; Maximum fan-out                             ; 30    ;
; Total fan-out                               ; 815   ;
; Average fan-out                             ; 3.04  ;
+---------------------------------------------+-------+


+---------------------------------------------------------------------------------------------------------------------------------------------------------------------------------------------+
; Analysis & Synthesis Resource Utilization by Entity                                                                                                                                         ;
+------------------------------+-------------------+--------------+-------------+--------------+---------+-----------+------+--------------+-----------------------------------+--------------+
; Compilation Hierarchy Node   ; LC Combinationals ; LC Registers ; Memory Bits ; DSP Elements ; DSP 9x9 ; DSP 18x18 ; Pins ; Virtual Pins ; Full Hierarchy Name               ; Library Name ;
+------------------------------+-------------------+--------------+-------------+--------------+---------+-----------+------+--------------+-----------------------------------+--------------+
; |Datapath                    ; 178 (0)           ; 30 (0)       ; 0           ; 0            ; 0       ; 0         ; 60   ; 0            ; |Datapath                         ; work         ;
;    |BCD_7seg:myBCD_C|        ; 7 (7)             ; 0 (0)        ; 0           ; 0            ; 0       ; 0         ; 0    ; 0            ; |Datapath|BCD_7seg:myBCD_C        ; work         ;
;    |BCD_7seg:myBCD_D|        ; 7 (7)             ; 0 (0)        ; 0           ; 0            ; 0       ; 0         ; 0    ; 0            ; |Datapath|BCD_7seg:myBCD_D        ; work         ;
;    |BCD_7seg:myBCD_M|        ; 7 (7)             ; 0 (0)        ; 0           ; 0            ; 0       ; 0         ; 0    ; 0            ; |Datapath|BCD_7seg:myBCD_M        ; work         ;
;    |BCD_7seg:myBCD_U|        ; 7 (7)             ; 0 (0)        ; 0           ; 0            ; 0       ; 0         ; 0    ; 0            ; |Datapath|BCD_7seg:myBCD_U        ; work         ;
;    |BCD_Conv:myBCD_Conv|     ; 83 (83)           ; 0 (0)        ; 0           ; 0            ; 0       ; 0         ; 0    ; 0            ; |Datapath|BCD_Conv:myBCD_Conv     ; work         ;
;    |MUX_Din:myMUX_Din|       ; 11 (11)           ; 0 (0)        ; 0           ; 0            ; 0       ; 0         ; 0    ; 0            ; |Datapath|MUX_Din:myMUX_Din       ; work         ;
;    |RegW:Bank|               ; 13 (13)           ; 13 (13)      ; 0           ; 0            ; 0       ; 0         ; 0    ; 0            ; |Datapath|RegW:Bank               ; work         ;
;    |RegW:Prod|               ; 0 (0)             ; 4 (4)        ; 0           ; 0            ; 0       ; 0         ; 0    ; 0            ; |Datapath|RegW:Prod               ; work         ;
;    |RegW:Troco|              ; 13 (13)           ; 13 (13)      ; 0           ; 0            ; 0       ; 0         ; 0    ; 0            ; |Datapath|RegW:Troco              ; work         ;
;    |comparador:ComparadorGT| ; 4 (4)             ; 0 (0)        ; 0           ; 0            ; 0       ; 0         ; 0    ; 0            ; |Datapath|comparador:ComparadorGT ; work         ;
;    |comparador:ComparadorLT| ; 13 (13)           ; 0 (0)        ; 0           ; 0            ; 0       ; 0         ; 0    ; 0            ; |Datapath|comparador:ComparadorLT ; work         ;
;    |prices:myPrices|         ; 13 (13)           ; 0 (0)        ; 0           ; 0            ; 0       ; 0         ; 0    ; 0            ; |Datapath|prices:myPrices         ; work         ;
+------------------------------+-------------------+--------------+-------------+--------------+---------+-----------+------+--------------+-----------------------------------+--------------+
Note: For table entries with two numbers listed, the numbers in parentheses indicate the number of resources of the given type used by the specific entity alone. The numbers listed outside of parentheses indicate the total resources of the given type used by the specific entity and all of its sub-entities in the hierarchy.


+------------------------------------------------------+
; General Register Statistics                          ;
+----------------------------------------------+-------+
; Statistic                                    ; Value ;
+----------------------------------------------+-------+
; Total registers                              ; 30    ;
; Number of registers using Synchronous Clear  ; 0     ;
; Number of registers using Synchronous Load   ; 0     ;
; Number of registers using Asynchronous Clear ; 26    ;
; Number of registers using Asynchronous Load  ; 0     ;
; Number of registers using Clock Enable       ; 30    ;
; Number of registers using Preset             ; 0     ;
+----------------------------------------------+-------+


+--------------------------------------------------------+
; Parameter Settings for User Entity Instance: RegW:Prod ;
+----------------+-------+-------------------------------+
; Parameter Name ; Value ; Type                          ;
+----------------+-------+-------------------------------+
; w              ; 4     ; Signed Integer                ;
+----------------+-------+-------------------------------+
Note: In order to hide this table in the UI and the text report file, please set the "Show Parameter Settings in Synthesis Report" option in "Analysis and Synthesis Settings -> More Settings" to "Off".


+--------------------------------------------------------+
; Parameter Settings for User Entity Instance: RegW:Bank ;
+----------------+-------+-------------------------------+
; Parameter Name ; Value ; Type                          ;
+----------------+-------+-------------------------------+
; w              ; 13    ; Signed Integer                ;
+----------------+-------+-------------------------------+
Note: In order to hide this table in the UI and the text report file, please set the "Show Parameter Settings in Synthesis Report" option in "Analysis and Synthesis Settings -> More Settings" to "Off".


+---------------------------------------------------------+
; Parameter Settings for User Entity Instance: RegW:Troco ;
+----------------+-------+--------------------------------+
; Parameter Name ; Value ; Type                           ;
+----------------+-------+--------------------------------+
; w              ; 13    ; Signed Integer                 ;
+----------------+-------+--------------------------------+
Note: In order to hide this table in the UI and the text report file, please set the "Show Parameter Settings in Synthesis Report" option in "Analysis and Synthesis Settings -> More Settings" to "Off".


+----------------------------------------------------------------+
; Parameter Settings for User Entity Instance: Somador:mySomador ;
+----------------+-------+---------------------------------------+
; Parameter Name ; Value ; Type                                  ;
+----------------+-------+---------------------------------------+
; data_width     ; 13    ; Signed Integer                        ;
+----------------+-------+---------------------------------------+
Note: In order to hide this table in the UI and the text report file, please set the "Show Parameter Settings in Synthesis Report" option in "Analysis and Synthesis Settings -> More Settings" to "Off".


+--------------------------------------------------------------------+
; Parameter Settings for User Entity Instance: Subtrator:mySubtrator ;
+----------------+-------+-------------------------------------------+
; Parameter Name ; Value ; Type                                      ;
+----------------+-------+-------------------------------------------+
; data_width     ; 13    ; Signed Integer                            ;
+----------------+-------+-------------------------------------------+
Note: In order to hide this table in the UI and the text report file, please set the "Show Parameter Settings in Synthesis Report" option in "Analysis and Synthesis Settings -> More Settings" to "Off".


+----------------------------------------------------------------------+
; Parameter Settings for User Entity Instance: comparador:ComparadorGT ;
+----------------+-------+---------------------------------------------+
; Parameter Name ; Value ; Type                                        ;
+----------------+-------+---------------------------------------------+
; data_width     ; 13    ; Signed Integer                              ;
+----------------+-------+---------------------------------------------+
Note: In order to hide this table in the UI and the text report file, please set the "Show Parameter Settings in Synthesis Report" option in "Analysis and Synthesis Settings -> More Settings" to "Off".


+----------------------------------------------------------------------+
; Parameter Settings for User Entity Instance: comparador:ComparadorLT ;
+----------------+-------+---------------------------------------------+
; Parameter Name ; Value ; Type                                        ;
+----------------+-------+---------------------------------------------+
; data_width     ; 13    ; Signed Integer                              ;
+----------------+-------+---------------------------------------------+
Note: In order to hide this table in the UI and the text report file, please set the "Show Parameter Settings in Synthesis Report" option in "Analysis and Synthesis Settings -> More Settings" to "Off".


+----------------------------------------------------------------+
; Parameter Settings for User Entity Instance: MUX_Din:myMUX_Din ;
+----------------+-------+---------------------------------------+
; Parameter Name ; Value ; Type                                  ;
+----------------+-------+---------------------------------------+
; w              ; 13    ; Signed Integer                        ;
+----------------+-------+---------------------------------------+
Note: In order to hide this table in the UI and the text report file, please set the "Show Parameter Settings in Synthesis Report" option in "Analysis and Synthesis Settings -> More Settings" to "Off".


+--------------------------------------------------------------+
; Parameter Settings for User Entity Instance: prices:myPrices ;
+----------------+-------+-------------------------------------+
; Parameter Name ; Value ; Type                                ;
+----------------+-------+-------------------------------------+
; w              ; 13    ; Signed Integer                      ;
+----------------+-------+-------------------------------------+
Note: In order to hide this table in the UI and the text report file, please set the "Show Parameter Settings in Synthesis Report" option in "Analysis and Synthesis Settings -> More Settings" to "Off".


+-----------------------------------------------+
; Port Connectivity Checks: "MUX_Din:myMUX_Din" ;
+------------+-------+----------+---------------+
; Port       ; Type  ; Severity ; Details       ;
+------------+-------+----------+---------------+
; i0[4..3]   ; Input ; Info     ; Stuck at VCC  ;
; i0[12..5]  ; Input ; Info     ; Stuck at GND  ;
; i0[2..1]   ; Input ; Info     ; Stuck at GND  ;
; i0[0]      ; Input ; Info     ; Stuck at VCC  ;
; i1[5..4]   ; Input ; Info     ; Stuck at VCC  ;
; i1[12..6]  ; Input ; Info     ; Stuck at GND  ;
; i1[3..2]   ; Input ; Info     ; Stuck at GND  ;
; i1[1]      ; Input ; Info     ; Stuck at VCC  ;
; i1[0]      ; Input ; Info     ; Stuck at GND  ;
; i2[6..5]   ; Input ; Info     ; Stuck at VCC  ;
; i2[12..7]  ; Input ; Info     ; Stuck at GND  ;
; i2[4..3]   ; Input ; Info     ; Stuck at GND  ;
; i2[1..0]   ; Input ; Info     ; Stuck at GND  ;
; i2[2]      ; Input ; Info     ; Stuck at VCC  ;
; i3[7..6]   ; Input ; Info     ; Stuck at VCC  ;
; i3[12..8]  ; Input ; Info     ; Stuck at GND  ;
; i3[5..4]   ; Input ; Info     ; Stuck at GND  ;
; i3[2..0]   ; Input ; Info     ; Stuck at GND  ;
; i3[3]      ; Input ; Info     ; Stuck at VCC  ;
; i4[8..4]   ; Input ; Info     ; Stuck at VCC  ;
; i4[12..9]  ; Input ; Info     ; Stuck at GND  ;
; i4[1..0]   ; Input ; Info     ; Stuck at GND  ;
; i4[3]      ; Input ; Info     ; Stuck at GND  ;
; i4[2]      ; Input ; Info     ; Stuck at VCC  ;
; i5[9..5]   ; Input ; Info     ; Stuck at VCC  ;
; i5[12..10] ; Input ; Info     ; Stuck at GND  ;
; i5[2..0]   ; Input ; Info     ; Stuck at GND  ;
; i5[4]      ; Input ; Info     ; Stuck at GND  ;
; i5[3]      ; Input ; Info     ; Stuck at VCC  ;
; i6[10..6]  ; Input ; Info     ; Stuck at VCC  ;
; i6[12..11] ; Input ; Info     ; Stuck at GND  ;
; i6[3..0]   ; Input ; Info     ; Stuck at GND  ;
; i6[5]      ; Input ; Info     ; Stuck at GND  ;
; i6[4]      ; Input ; Info     ; Stuck at VCC  ;
; i7[9..7]   ; Input ; Info     ; Stuck at VCC  ;
; i7[11..10] ; Input ; Info     ; Stuck at GND  ;
; i7[6..4]   ; Input ; Info     ; Stuck at GND  ;
; i7[2..0]   ; Input ; Info     ; Stuck at GND  ;
; i7[12]     ; Input ; Info     ; Stuck at VCC  ;
; i7[3]      ; Input ; Info     ; Stuck at VCC  ;
+------------+-------+----------+---------------+


+-----------------------------------------------------------------------------------------------------------------+
; Port Connectivity Checks: "comparador:ComparadorLT"                                                             ;
+-------+--------+----------+-------------------------------------------------------------------------------------+
; Port  ; Type   ; Severity ; Details                                                                             ;
+-------+--------+----------+-------------------------------------------------------------------------------------+
; menor ; Output ; Info     ; Connected to dangling logic. Logic that only feeds a dangling port will be removed. ;
; igual ; Output ; Info     ; Connected to dangling logic. Logic that only feeds a dangling port will be removed. ;
+-------+--------+----------+-------------------------------------------------------------------------------------+


+---------------------------------------------------------------------------------------------------------------------+
; Port Connectivity Checks: "comparador:ComparadorGT"                                                                 ;
+-----------+--------+----------+-------------------------------------------------------------------------------------+
; Port      ; Type   ; Severity ; Details                                                                             ;
+-----------+--------+----------+-------------------------------------------------------------------------------------+
; b[9..7]   ; Input  ; Info     ; Stuck at VCC                                                                        ;
; b[11..10] ; Input  ; Info     ; Stuck at GND                                                                        ;
; b[6..4]   ; Input  ; Info     ; Stuck at GND                                                                        ;
; b[2..0]   ; Input  ; Info     ; Stuck at GND                                                                        ;
; b[12]     ; Input  ; Info     ; Stuck at VCC                                                                        ;
; b[3]      ; Input  ; Info     ; Stuck at VCC                                                                        ;
; menor     ; Output ; Info     ; Connected to dangling logic. Logic that only feeds a dangling port will be removed. ;
; igual     ; Output ; Info     ; Connected to dangling logic. Logic that only feeds a dangling port will be removed. ;
+-----------+--------+----------+-------------------------------------------------------------------------------------+


+----------------------------------------+
; Port Connectivity Checks: "RegW:Prod"  ;
+------+-------+----------+--------------+
; Port ; Type  ; Severity ; Details      ;
+------+-------+----------+--------------+
; rst  ; Input ; Info     ; Stuck at GND ;
+------+-------+----------+--------------+


+-------------------------------+
; Elapsed Time Per Partition    ;
+----------------+--------------+
; Partition Name ; Elapsed Time ;
+----------------+--------------+
; Top            ; 00:00:02     ;
+----------------+--------------+


+-------------------------------+
; Analysis & Synthesis Messages ;
+-------------------------------+
Info: *******************************************************************
Info: Running Quartus II 64-Bit Analysis & Synthesis
    Info: Version 13.0.1 Build 232 06/12/2013 Service Pack 1 SJ Web Edition
    Info: Processing started: Tue Jul 01 01:17:26 2025
Info: Command: quartus_map --read_settings_files=on --write_settings_files=off Datapath -c Datapath
Warning (20028): Parallel compilation is not licensed and has been disabled
Info (12021): Found 2 design units, including 1 entities, in source file /labsd/selfservice_totem/source/prices/prices.vhd
    Info (12022): Found design unit 1: prices-Behavioral
    Info (12023): Found entity 1: prices
Info (12021): Found 2 design units, including 1 entities, in source file /labsd/selfservice_totem/source/mux_din/mux_din.vhd
    Info (12022): Found design unit 1: MUX_Din-Behavioral
    Info (12023): Found entity 1: MUX_Din
Info (12021): Found 2 design units, including 1 entities, in source file /labsd/selfservice_totem/source/bcd_conv/bcd_conv.vhd
    Info (12022): Found design unit 1: BCD_Conv-Behaviour
    Info (12023): Found entity 1: BCD_Conv
Info (12021): Found 2 design units, including 1 entities, in source file /labsd/selfservice_totem/source/bcd_7seg/bcd_7seg.vhd
    Info (12022): Found design unit 1: Bcd_7seg-with_select_bcd7seg
    Info (12023): Found entity 1: BCD_7seg
Info (12021): Found 2 design units, including 1 entities, in source file /labsd/selfservice_totem/source/comparador/comparador.vhd
    Info (12022): Found design unit 1: comparador-rtl
    Info (12023): Found entity 1: comparador
Info (12021): Found 2 design units, including 1 entities, in source file /labsd/selfservice_totem/source/regw/regw.vhd
    Info (12022): Found design unit 1: RegW-RTL
    Info (12023): Found entity 1: RegW
Info (12021): Found 2 design units, including 1 entities, in source file /labsd/selfservice_totem/source/somador/somador.vhd
    Info (12022): Found design unit 1: Somador-rtl
    Info (12023): Found entity 1: Somador
Info (12021): Found 2 design units, including 1 entities, in source file /labsd/selfservice_totem/source/subtrator/subtrator.vhd
    Info (12022): Found design unit 1: Subtrator-rtl
    Info (12023): Found entity 1: Subtrator
Info (12021): Found 2 design units, including 1 entities, in source file datapath.vhd
    Info (12022): Found design unit 1: Datapath-RTL
    Info (12023): Found entity 1: Datapath
Info (12127): Elaborating entity "Datapath" for the top level hierarchy
Info (12128): Elaborating entity "RegW" for hierarchy "RegW:Prod"
Info (12128): Elaborating entity "RegW" for hierarchy "RegW:Bank"
Info (12128): Elaborating entity "Somador" for hierarchy "Somador:mySomador"
Info (12128): Elaborating entity "Subtrator" for hierarchy "Subtrator:mySubtrator"
Info (12128): Elaborating entity "comparador" for hierarchy "comparador:ComparadorGT"
Info (12128): Elaborating entity "MUX_Din" for hierarchy "MUX_Din:myMUX_Din"
Info (12128): Elaborating entity "BCD_Conv" for hierarchy "BCD_Conv:myBCD_Conv"
Info (12128): Elaborating entity "BCD_7seg" for hierarchy "BCD_7seg:myBCD_M"
Info (12128): Elaborating entity "prices" for hierarchy "prices:myPrices"
Info (16010): Generating hard_block partition "hard_block:auto_generated_inst"
    Info (16011): Adding 0 node(s), including 0 DDIO, 0 PLL, 0 transceiver and 0 LCELL
Info (21057): Implemented 242 device resources after synthesis - the final resource count might be different
    Info (21058): Implemented 13 input pins
    Info (21059): Implemented 47 output pins
    Info (21061): Implemented 182 logic cells
Info: Quartus II 64-Bit Analysis & Synthesis was successful. 0 errors, 1 warning
    Info: Peak virtual memory: 4645 megabytes
    Info: Processing ended: Tue Jul 01 01:17:29 2025
    Info: Elapsed time: 00:00:03
    Info: Total CPU time (on all processors): 00:00:03


