TimeQuest Timing Analyzer report for Somador
Fri Jun 20 14:36:56 2025
Quartus II 64-Bit Version 13.0.1 Build 232 06/12/2013 Service Pack 1 SJ Web Edition


---------------------
; Table of Contents ;
---------------------
  1. Legal Notice
  2. TimeQuest Timing Analyzer Summary
  3. Parallel Compilation
  4. Clocks
  5. Slow Model Fmax Summary
  6. Slow Model Setup Summary
  7. Slow Model Hold Summary
  8. Slow Model Recovery Summary
  9. Slow Model Removal Summary
 10. Slow Model Minimum Pulse Width Summary
 11. Propagation Delay
 12. Minimum Propagation Delay
 13. Fast Model Setup Summary
 14. Fast Model Hold Summary
 15. Fast Model Recovery Summary
 16. Fast Model Removal Summary
 17. Fast Model Minimum Pulse Width Summary
 18. Propagation Delay
 19. Minimum Propagation Delay
 20. Multicorner Timing Analysis Summary
 21. Progagation Delay
 22. Minimum Progagation Delay
 23. Clock Transfers
 24. Report TCCS
 25. Report RSKM
 26. Unconstrained Paths
 27. TimeQuest Timing Analyzer Messages



----------------
; Legal Notice ;
----------------
Copyright (C) 1991-2013 Altera Corporation
Your use of Altera Corporation's design tools, logic functions 
and other software and tools, and its AMPP partner logic 
functions, and any output files from any of the foregoing 
(including device programming or simulation files), and any 
associated documentation or information are expressly subject 
to the terms and conditions of the Altera Program License 
Subscription Agreement, Altera MegaCore Function License 
Agreement, or other applicable license agreement, including, 
without limitation, that your use is for the sole purpose of 
programming logic devices manufactured by Altera and sold by 
Altera or its authorized distributors.  Please refer to the 
applicable agreement for further details.



+----------------------------------------------------------------------------------------+
; TimeQuest Timing Analyzer Summary                                                      ;
+--------------------+-------------------------------------------------------------------+
; Quartus II Version ; Version 13.0.1 Build 232 06/12/2013 Service Pack 1 SJ Web Edition ;
; Revision Name      ; Somador                                                           ;
; Device Family      ; Cyclone II                                                        ;
; Device Name        ; EP2C35F672C6                                                      ;
; Timing Models      ; Final                                                             ;
; Delay Model        ; Combined                                                          ;
; Rise/Fall Delays   ; Unavailable                                                       ;
+--------------------+-------------------------------------------------------------------+


Parallel compilation was disabled, but you have multiple processors available. Enable parallel compilation to reduce compilation time.
+-------------------------------------+
; Parallel Compilation                ;
+----------------------------+--------+
; Processors                 ; Number ;
+----------------------------+--------+
; Number detected on machine ; 12     ;
; Maximum allowed            ; 1      ;
+----------------------------+--------+


----------
; Clocks ;
----------
No clocks to report.


---------------------------
; Slow Model Fmax Summary ;
---------------------------
No paths to report.


----------------------------
; Slow Model Setup Summary ;
----------------------------
No paths to report.


---------------------------
; Slow Model Hold Summary ;
---------------------------
No paths to report.


-------------------------------
; Slow Model Recovery Summary ;
-------------------------------
No paths to report.


------------------------------
; Slow Model Removal Summary ;
------------------------------
No paths to report.


------------------------------------------
; Slow Model Minimum Pulse Width Summary ;
------------------------------------------
No paths to report.


+--------------------------------------------------------------+
; Propagation Delay                                            ;
+------------+-------------+--------+--------+--------+--------+
; Input Port ; Output Port ; RR     ; RF     ; FR     ; FF     ;
+------------+-------------+--------+--------+--------+--------+
; a[0]       ; result[0]   ; 6.307  ; 6.307  ; 6.307  ; 6.307  ;
; a[0]       ; result[1]   ; 6.509  ; 6.509  ; 6.509  ; 6.509  ;
; a[0]       ; result[2]   ; 6.542  ; 6.542  ; 6.542  ; 6.542  ;
; a[0]       ; result[3]   ; 7.131  ; 7.131  ; 7.131  ; 7.131  ;
; a[0]       ; result[4]   ; 6.916  ; 6.916  ; 6.916  ; 6.916  ;
; a[0]       ; result[5]   ; 6.755  ; 6.755  ; 6.755  ; 6.755  ;
; a[0]       ; result[6]   ; 6.846  ; 6.846  ; 6.846  ; 6.846  ;
; a[0]       ; result[7]   ; 6.948  ; 6.948  ; 6.948  ; 6.948  ;
; a[0]       ; result[8]   ; 6.838  ; 6.838  ; 6.838  ; 6.838  ;
; a[0]       ; result[9]   ; 8.439  ; 8.439  ; 8.439  ; 8.439  ;
; a[0]       ; result[10]  ; 7.420  ; 7.420  ; 7.420  ; 7.420  ;
; a[0]       ; result[11]  ; 9.832  ; 9.832  ; 9.832  ; 9.832  ;
; a[0]       ; result[12]  ; 7.108  ; 7.108  ; 7.108  ; 7.108  ;
; a[1]       ; result[1]   ; 10.351 ; 10.351 ; 10.351 ; 10.351 ;
; a[1]       ; result[2]   ; 10.699 ; 10.699 ; 10.699 ; 10.699 ;
; a[1]       ; result[3]   ; 11.288 ; 11.288 ; 11.288 ; 11.288 ;
; a[1]       ; result[4]   ; 11.073 ; 11.073 ; 11.073 ; 11.073 ;
; a[1]       ; result[5]   ; 10.912 ; 10.912 ; 10.912 ; 10.912 ;
; a[1]       ; result[6]   ; 11.003 ; 11.003 ; 11.003 ; 11.003 ;
; a[1]       ; result[7]   ; 11.105 ; 11.105 ; 11.105 ; 11.105 ;
; a[1]       ; result[8]   ; 10.995 ; 10.995 ; 10.995 ; 10.995 ;
; a[1]       ; result[9]   ; 12.596 ; 12.596 ; 12.596 ; 12.596 ;
; a[1]       ; result[10]  ; 11.577 ; 11.577 ; 11.577 ; 11.577 ;
; a[1]       ; result[11]  ; 13.989 ; 13.989 ; 13.989 ; 13.989 ;
; a[1]       ; result[12]  ; 11.265 ; 11.265 ; 11.265 ; 11.265 ;
; a[2]       ; result[2]   ; 10.351 ; 10.351 ; 10.351 ; 10.351 ;
; a[2]       ; result[3]   ; 11.255 ; 11.255 ; 11.255 ; 11.255 ;
; a[2]       ; result[4]   ; 11.040 ; 11.040 ; 11.040 ; 11.040 ;
; a[2]       ; result[5]   ; 10.879 ; 10.879 ; 10.879 ; 10.879 ;
; a[2]       ; result[6]   ; 10.970 ; 10.970 ; 10.970 ; 10.970 ;
; a[2]       ; result[7]   ; 11.072 ; 11.072 ; 11.072 ; 11.072 ;
; a[2]       ; result[8]   ; 10.962 ; 10.962 ; 10.962 ; 10.962 ;
; a[2]       ; result[9]   ; 12.563 ; 12.563 ; 12.563 ; 12.563 ;
; a[2]       ; result[10]  ; 11.544 ; 11.544 ; 11.544 ; 11.544 ;
; a[2]       ; result[11]  ; 13.956 ; 13.956 ; 13.956 ; 13.956 ;
; a[2]       ; result[12]  ; 11.232 ; 11.232 ; 11.232 ; 11.232 ;
; a[3]       ; result[3]   ; 10.433 ; 10.433 ; 10.433 ; 10.433 ;
; a[3]       ; result[4]   ; 10.533 ; 10.533 ; 10.533 ; 10.533 ;
; a[3]       ; result[5]   ; 10.372 ; 10.372 ; 10.372 ; 10.372 ;
; a[3]       ; result[6]   ; 10.463 ; 10.463 ; 10.463 ; 10.463 ;
; a[3]       ; result[7]   ; 10.565 ; 10.565 ; 10.565 ; 10.565 ;
; a[3]       ; result[8]   ; 10.455 ; 10.455 ; 10.455 ; 10.455 ;
; a[3]       ; result[9]   ; 12.056 ; 12.056 ; 12.056 ; 12.056 ;
; a[3]       ; result[10]  ; 11.037 ; 11.037 ; 11.037 ; 11.037 ;
; a[3]       ; result[11]  ; 13.449 ; 13.449 ; 13.449 ; 13.449 ;
; a[3]       ; result[12]  ; 10.725 ; 10.725 ; 10.725 ; 10.725 ;
; a[4]       ; result[4]   ; 10.117 ; 10.117 ; 10.117 ; 10.117 ;
; a[4]       ; result[5]   ; 10.268 ; 10.268 ; 10.268 ; 10.268 ;
; a[4]       ; result[6]   ; 10.359 ; 10.359 ; 10.359 ; 10.359 ;
; a[4]       ; result[7]   ; 10.461 ; 10.461 ; 10.461 ; 10.461 ;
; a[4]       ; result[8]   ; 10.351 ; 10.351 ; 10.351 ; 10.351 ;
; a[4]       ; result[9]   ; 11.952 ; 11.952 ; 11.952 ; 11.952 ;
; a[4]       ; result[10]  ; 10.933 ; 10.933 ; 10.933 ; 10.933 ;
; a[4]       ; result[11]  ; 13.345 ; 13.345 ; 13.345 ; 13.345 ;
; a[4]       ; result[12]  ; 10.621 ; 10.621 ; 10.621 ; 10.621 ;
; a[5]       ; result[5]   ; 10.096 ; 10.096 ; 10.096 ; 10.096 ;
; a[5]       ; result[6]   ; 10.502 ; 10.502 ; 10.502 ; 10.502 ;
; a[5]       ; result[7]   ; 10.604 ; 10.604 ; 10.604 ; 10.604 ;
; a[5]       ; result[8]   ; 10.494 ; 10.494 ; 10.494 ; 10.494 ;
; a[5]       ; result[9]   ; 12.095 ; 12.095 ; 12.095 ; 12.095 ;
; a[5]       ; result[10]  ; 11.076 ; 11.076 ; 11.076 ; 11.076 ;
; a[5]       ; result[11]  ; 13.488 ; 13.488 ; 13.488 ; 13.488 ;
; a[5]       ; result[12]  ; 10.764 ; 10.764 ; 10.764 ; 10.764 ;
; a[6]       ; result[6]   ; 9.951  ; 9.951  ; 9.951  ; 9.951  ;
; a[6]       ; result[7]   ; 10.368 ; 10.368 ; 10.368 ; 10.368 ;
; a[6]       ; result[8]   ; 10.258 ; 10.258 ; 10.258 ; 10.258 ;
; a[6]       ; result[9]   ; 11.859 ; 11.859 ; 11.859 ; 11.859 ;
; a[6]       ; result[10]  ; 10.840 ; 10.840 ; 10.840 ; 10.840 ;
; a[6]       ; result[11]  ; 13.252 ; 13.252 ; 13.252 ; 13.252 ;
; a[6]       ; result[12]  ; 10.528 ; 10.528 ; 10.528 ; 10.528 ;
; a[7]       ; result[7]   ; 9.979  ; 9.979  ; 9.979  ; 9.979  ;
; a[7]       ; result[8]   ; 10.189 ; 10.189 ; 10.189 ; 10.189 ;
; a[7]       ; result[9]   ; 11.790 ; 11.790 ; 11.790 ; 11.790 ;
; a[7]       ; result[10]  ; 10.771 ; 10.771 ; 10.771 ; 10.771 ;
; a[7]       ; result[11]  ; 13.183 ; 13.183 ; 13.183 ; 13.183 ;
; a[7]       ; result[12]  ; 10.459 ; 10.459 ; 10.459 ; 10.459 ;
; a[8]       ; result[8]   ; 9.912  ; 9.912  ; 9.912  ; 9.912  ;
; a[8]       ; result[9]   ; 11.828 ; 11.828 ; 11.828 ; 11.828 ;
; a[8]       ; result[10]  ; 10.809 ; 10.809 ; 10.809 ; 10.809 ;
; a[8]       ; result[11]  ; 13.221 ; 13.221 ; 13.221 ; 13.221 ;
; a[8]       ; result[12]  ; 10.497 ; 10.497 ; 10.497 ; 10.497 ;
; a[9]       ; result[9]   ; 11.957 ; 11.957 ; 11.957 ; 11.957 ;
; a[9]       ; result[10]  ; 11.253 ; 11.253 ; 11.253 ; 11.253 ;
; a[9]       ; result[11]  ; 13.665 ; 13.665 ; 13.665 ; 13.665 ;
; a[9]       ; result[12]  ; 10.941 ; 10.941 ; 10.941 ; 10.941 ;
; a[10]      ; result[10]  ; 10.506 ; 10.506 ; 10.506 ; 10.506 ;
; a[10]      ; result[11]  ; 13.233 ; 13.233 ; 13.233 ; 13.233 ;
; a[10]      ; result[12]  ; 10.509 ; 10.509 ; 10.509 ; 10.509 ;
; a[11]      ; result[11]  ; 12.472 ; 12.472 ; 12.472 ; 12.472 ;
; a[11]      ; result[12]  ; 10.063 ; 10.063 ; 10.063 ; 10.063 ;
; a[12]      ; result[12]  ; 9.626  ; 9.626  ; 9.626  ; 9.626  ;
; b[0]       ; result[0]   ; 6.351  ; 6.351  ; 6.351  ; 6.351  ;
; b[0]       ; result[1]   ; 6.557  ; 6.557  ; 6.557  ; 6.557  ;
; b[0]       ; result[2]   ; 6.590  ; 6.590  ; 6.590  ; 6.590  ;
; b[0]       ; result[3]   ; 7.179  ; 7.179  ; 7.179  ; 7.179  ;
; b[0]       ; result[4]   ; 6.964  ; 6.964  ; 6.964  ; 6.964  ;
; b[0]       ; result[5]   ; 6.803  ; 6.803  ; 6.803  ; 6.803  ;
; b[0]       ; result[6]   ; 6.894  ; 6.894  ; 6.894  ; 6.894  ;
; b[0]       ; result[7]   ; 6.996  ; 6.996  ; 6.996  ; 6.996  ;
; b[0]       ; result[8]   ; 6.886  ; 6.886  ; 6.886  ; 6.886  ;
; b[0]       ; result[9]   ; 8.487  ; 8.487  ; 8.487  ; 8.487  ;
; b[0]       ; result[10]  ; 7.468  ; 7.468  ; 7.468  ; 7.468  ;
; b[0]       ; result[11]  ; 9.880  ; 9.880  ; 9.880  ; 9.880  ;
; b[0]       ; result[12]  ; 7.156  ; 7.156  ; 7.156  ; 7.156  ;
; b[1]       ; result[1]   ; 10.416 ; 10.416 ; 10.416 ; 10.416 ;
; b[1]       ; result[2]   ; 10.765 ; 10.765 ; 10.765 ; 10.765 ;
; b[1]       ; result[3]   ; 11.354 ; 11.354 ; 11.354 ; 11.354 ;
; b[1]       ; result[4]   ; 11.139 ; 11.139 ; 11.139 ; 11.139 ;
; b[1]       ; result[5]   ; 10.978 ; 10.978 ; 10.978 ; 10.978 ;
; b[1]       ; result[6]   ; 11.069 ; 11.069 ; 11.069 ; 11.069 ;
; b[1]       ; result[7]   ; 11.171 ; 11.171 ; 11.171 ; 11.171 ;
; b[1]       ; result[8]   ; 11.061 ; 11.061 ; 11.061 ; 11.061 ;
; b[1]       ; result[9]   ; 12.662 ; 12.662 ; 12.662 ; 12.662 ;
; b[1]       ; result[10]  ; 11.643 ; 11.643 ; 11.643 ; 11.643 ;
; b[1]       ; result[11]  ; 14.055 ; 14.055 ; 14.055 ; 14.055 ;
; b[1]       ; result[12]  ; 11.331 ; 11.331 ; 11.331 ; 11.331 ;
; b[2]       ; result[2]   ; 9.934  ; 9.934  ; 9.934  ; 9.934  ;
; b[2]       ; result[3]   ; 10.835 ; 10.835 ; 10.835 ; 10.835 ;
; b[2]       ; result[4]   ; 10.620 ; 10.620 ; 10.620 ; 10.620 ;
; b[2]       ; result[5]   ; 10.459 ; 10.459 ; 10.459 ; 10.459 ;
; b[2]       ; result[6]   ; 10.550 ; 10.550 ; 10.550 ; 10.550 ;
; b[2]       ; result[7]   ; 10.652 ; 10.652 ; 10.652 ; 10.652 ;
; b[2]       ; result[8]   ; 10.542 ; 10.542 ; 10.542 ; 10.542 ;
; b[2]       ; result[9]   ; 12.143 ; 12.143 ; 12.143 ; 12.143 ;
; b[2]       ; result[10]  ; 11.124 ; 11.124 ; 11.124 ; 11.124 ;
; b[2]       ; result[11]  ; 13.536 ; 13.536 ; 13.536 ; 13.536 ;
; b[2]       ; result[12]  ; 10.812 ; 10.812 ; 10.812 ; 10.812 ;
; b[3]       ; result[3]   ; 10.398 ; 10.398 ; 10.398 ; 10.398 ;
; b[3]       ; result[4]   ; 10.499 ; 10.499 ; 10.499 ; 10.499 ;
; b[3]       ; result[5]   ; 10.338 ; 10.338 ; 10.338 ; 10.338 ;
; b[3]       ; result[6]   ; 10.429 ; 10.429 ; 10.429 ; 10.429 ;
; b[3]       ; result[7]   ; 10.531 ; 10.531 ; 10.531 ; 10.531 ;
; b[3]       ; result[8]   ; 10.421 ; 10.421 ; 10.421 ; 10.421 ;
; b[3]       ; result[9]   ; 12.022 ; 12.022 ; 12.022 ; 12.022 ;
; b[3]       ; result[10]  ; 11.003 ; 11.003 ; 11.003 ; 11.003 ;
; b[3]       ; result[11]  ; 13.415 ; 13.415 ; 13.415 ; 13.415 ;
; b[3]       ; result[12]  ; 10.691 ; 10.691 ; 10.691 ; 10.691 ;
; b[4]       ; result[4]   ; 10.338 ; 10.338 ; 10.338 ; 10.338 ;
; b[4]       ; result[5]   ; 10.492 ; 10.492 ; 10.492 ; 10.492 ;
; b[4]       ; result[6]   ; 10.583 ; 10.583 ; 10.583 ; 10.583 ;
; b[4]       ; result[7]   ; 10.685 ; 10.685 ; 10.685 ; 10.685 ;
; b[4]       ; result[8]   ; 10.575 ; 10.575 ; 10.575 ; 10.575 ;
; b[4]       ; result[9]   ; 12.176 ; 12.176 ; 12.176 ; 12.176 ;
; b[4]       ; result[10]  ; 11.157 ; 11.157 ; 11.157 ; 11.157 ;
; b[4]       ; result[11]  ; 13.569 ; 13.569 ; 13.569 ; 13.569 ;
; b[4]       ; result[12]  ; 10.845 ; 10.845 ; 10.845 ; 10.845 ;
; b[5]       ; result[5]   ; 9.848  ; 9.848  ; 9.848  ; 9.848  ;
; b[5]       ; result[6]   ; 10.255 ; 10.255 ; 10.255 ; 10.255 ;
; b[5]       ; result[7]   ; 10.357 ; 10.357 ; 10.357 ; 10.357 ;
; b[5]       ; result[8]   ; 10.247 ; 10.247 ; 10.247 ; 10.247 ;
; b[5]       ; result[9]   ; 11.848 ; 11.848 ; 11.848 ; 11.848 ;
; b[5]       ; result[10]  ; 10.829 ; 10.829 ; 10.829 ; 10.829 ;
; b[5]       ; result[11]  ; 13.241 ; 13.241 ; 13.241 ; 13.241 ;
; b[5]       ; result[12]  ; 10.517 ; 10.517 ; 10.517 ; 10.517 ;
; b[6]       ; result[6]   ; 9.615  ; 9.615  ; 9.615  ; 9.615  ;
; b[6]       ; result[7]   ; 10.029 ; 10.029 ; 10.029 ; 10.029 ;
; b[6]       ; result[8]   ; 9.919  ; 9.919  ; 9.919  ; 9.919  ;
; b[6]       ; result[9]   ; 11.520 ; 11.520 ; 11.520 ; 11.520 ;
; b[6]       ; result[10]  ; 10.501 ; 10.501 ; 10.501 ; 10.501 ;
; b[6]       ; result[11]  ; 12.913 ; 12.913 ; 12.913 ; 12.913 ;
; b[6]       ; result[12]  ; 10.189 ; 10.189 ; 10.189 ; 10.189 ;
; b[7]       ; result[7]   ; 9.731  ; 9.731  ; 9.731  ; 9.731  ;
; b[7]       ; result[8]   ; 9.938  ; 9.938  ; 9.938  ; 9.938  ;
; b[7]       ; result[9]   ; 11.539 ; 11.539 ; 11.539 ; 11.539 ;
; b[7]       ; result[10]  ; 10.520 ; 10.520 ; 10.520 ; 10.520 ;
; b[7]       ; result[11]  ; 12.932 ; 12.932 ; 12.932 ; 12.932 ;
; b[7]       ; result[12]  ; 10.208 ; 10.208 ; 10.208 ; 10.208 ;
; b[8]       ; result[8]   ; 10.148 ; 10.148 ; 10.148 ; 10.148 ;
; b[8]       ; result[9]   ; 12.061 ; 12.061 ; 12.061 ; 12.061 ;
; b[8]       ; result[10]  ; 11.042 ; 11.042 ; 11.042 ; 11.042 ;
; b[8]       ; result[11]  ; 13.454 ; 13.454 ; 13.454 ; 13.454 ;
; b[8]       ; result[12]  ; 10.730 ; 10.730 ; 10.730 ; 10.730 ;
; b[9]       ; result[9]   ; 11.217 ; 11.217 ; 11.217 ; 11.217 ;
; b[9]       ; result[10]  ; 10.514 ; 10.514 ; 10.514 ; 10.514 ;
; b[9]       ; result[11]  ; 12.926 ; 12.926 ; 12.926 ; 12.926 ;
; b[9]       ; result[12]  ; 10.202 ; 10.202 ; 10.202 ; 10.202 ;
; b[10]      ; result[10]  ; 10.554 ; 10.554 ; 10.554 ; 10.554 ;
; b[10]      ; result[11]  ; 13.278 ; 13.278 ; 13.278 ; 13.278 ;
; b[10]      ; result[12]  ; 10.554 ; 10.554 ; 10.554 ; 10.554 ;
; b[11]      ; result[11]  ; 12.822 ; 12.822 ; 12.822 ; 12.822 ;
; b[11]      ; result[12]  ; 10.414 ; 10.414 ; 10.414 ; 10.414 ;
; b[12]      ; result[12]  ; 9.421  ; 9.421  ; 9.421  ; 9.421  ;
+------------+-------------+--------+--------+--------+--------+


+--------------------------------------------------------------+
; Minimum Propagation Delay                                    ;
+------------+-------------+--------+--------+--------+--------+
; Input Port ; Output Port ; RR     ; RF     ; FR     ; FF     ;
+------------+-------------+--------+--------+--------+--------+
; a[0]       ; result[0]   ; 6.307  ; 6.307  ; 6.307  ; 6.307  ;
; a[0]       ; result[1]   ; 6.509  ; 6.509  ; 6.509  ; 6.509  ;
; a[0]       ; result[2]   ; 6.542  ; 6.542  ; 6.542  ; 6.542  ;
; a[0]       ; result[3]   ; 7.131  ; 7.131  ; 7.131  ; 7.131  ;
; a[0]       ; result[4]   ; 6.916  ; 6.916  ; 6.916  ; 6.916  ;
; a[0]       ; result[5]   ; 6.755  ; 6.755  ; 6.755  ; 6.755  ;
; a[0]       ; result[6]   ; 6.846  ; 6.846  ; 6.846  ; 6.846  ;
; a[0]       ; result[7]   ; 6.948  ; 6.948  ; 6.948  ; 6.948  ;
; a[0]       ; result[8]   ; 6.838  ; 6.838  ; 6.838  ; 6.838  ;
; a[0]       ; result[9]   ; 8.439  ; 8.439  ; 8.439  ; 8.439  ;
; a[0]       ; result[10]  ; 7.420  ; 7.420  ; 7.420  ; 7.420  ;
; a[0]       ; result[11]  ; 9.832  ; 9.832  ; 9.832  ; 9.832  ;
; a[0]       ; result[12]  ; 7.108  ; 7.108  ; 7.108  ; 7.108  ;
; a[1]       ; result[1]   ; 10.351 ; 10.351 ; 10.351 ; 10.351 ;
; a[1]       ; result[2]   ; 10.699 ; 10.699 ; 10.699 ; 10.699 ;
; a[1]       ; result[3]   ; 11.288 ; 11.288 ; 11.288 ; 11.288 ;
; a[1]       ; result[4]   ; 11.073 ; 11.073 ; 11.073 ; 11.073 ;
; a[1]       ; result[5]   ; 10.912 ; 10.912 ; 10.912 ; 10.912 ;
; a[1]       ; result[6]   ; 11.003 ; 11.003 ; 11.003 ; 11.003 ;
; a[1]       ; result[7]   ; 11.105 ; 11.105 ; 11.105 ; 11.105 ;
; a[1]       ; result[8]   ; 10.995 ; 10.995 ; 10.995 ; 10.995 ;
; a[1]       ; result[9]   ; 12.596 ; 12.596 ; 12.596 ; 12.596 ;
; a[1]       ; result[10]  ; 11.577 ; 11.577 ; 11.577 ; 11.577 ;
; a[1]       ; result[11]  ; 13.989 ; 13.989 ; 13.989 ; 13.989 ;
; a[1]       ; result[12]  ; 11.265 ; 11.265 ; 11.265 ; 11.265 ;
; a[2]       ; result[2]   ; 10.351 ; 10.351 ; 10.351 ; 10.351 ;
; a[2]       ; result[3]   ; 11.255 ; 11.255 ; 11.255 ; 11.255 ;
; a[2]       ; result[4]   ; 11.040 ; 11.040 ; 11.040 ; 11.040 ;
; a[2]       ; result[5]   ; 10.879 ; 10.879 ; 10.879 ; 10.879 ;
; a[2]       ; result[6]   ; 10.970 ; 10.970 ; 10.970 ; 10.970 ;
; a[2]       ; result[7]   ; 11.072 ; 11.072 ; 11.072 ; 11.072 ;
; a[2]       ; result[8]   ; 10.962 ; 10.962 ; 10.962 ; 10.962 ;
; a[2]       ; result[9]   ; 12.563 ; 12.563 ; 12.563 ; 12.563 ;
; a[2]       ; result[10]  ; 11.544 ; 11.544 ; 11.544 ; 11.544 ;
; a[2]       ; result[11]  ; 13.956 ; 13.956 ; 13.956 ; 13.956 ;
; a[2]       ; result[12]  ; 11.232 ; 11.232 ; 11.232 ; 11.232 ;
; a[3]       ; result[3]   ; 10.433 ; 10.433 ; 10.433 ; 10.433 ;
; a[3]       ; result[4]   ; 10.533 ; 10.533 ; 10.533 ; 10.533 ;
; a[3]       ; result[5]   ; 10.372 ; 10.372 ; 10.372 ; 10.372 ;
; a[3]       ; result[6]   ; 10.463 ; 10.463 ; 10.463 ; 10.463 ;
; a[3]       ; result[7]   ; 10.565 ; 10.565 ; 10.565 ; 10.565 ;
; a[3]       ; result[8]   ; 10.455 ; 10.455 ; 10.455 ; 10.455 ;
; a[3]       ; result[9]   ; 12.056 ; 12.056 ; 12.056 ; 12.056 ;
; a[3]       ; result[10]  ; 11.037 ; 11.037 ; 11.037 ; 11.037 ;
; a[3]       ; result[11]  ; 13.449 ; 13.449 ; 13.449 ; 13.449 ;
; a[3]       ; result[12]  ; 10.725 ; 10.725 ; 10.725 ; 10.725 ;
; a[4]       ; result[4]   ; 10.117 ; 10.117 ; 10.117 ; 10.117 ;
; a[4]       ; result[5]   ; 10.268 ; 10.268 ; 10.268 ; 10.268 ;
; a[4]       ; result[6]   ; 10.359 ; 10.359 ; 10.359 ; 10.359 ;
; a[4]       ; result[7]   ; 10.461 ; 10.461 ; 10.461 ; 10.461 ;
; a[4]       ; result[8]   ; 10.351 ; 10.351 ; 10.351 ; 10.351 ;
; a[4]       ; result[9]   ; 11.952 ; 11.952 ; 11.952 ; 11.952 ;
; a[4]       ; result[10]  ; 10.933 ; 10.933 ; 10.933 ; 10.933 ;
; a[4]       ; result[11]  ; 13.345 ; 13.345 ; 13.345 ; 13.345 ;
; a[4]       ; result[12]  ; 10.621 ; 10.621 ; 10.621 ; 10.621 ;
; a[5]       ; result[5]   ; 10.096 ; 10.096 ; 10.096 ; 10.096 ;
; a[5]       ; result[6]   ; 10.502 ; 10.502 ; 10.502 ; 10.502 ;
; a[5]       ; result[7]   ; 10.604 ; 10.604 ; 10.604 ; 10.604 ;
; a[5]       ; result[8]   ; 10.494 ; 10.494 ; 10.494 ; 10.494 ;
; a[5]       ; result[9]   ; 12.095 ; 12.095 ; 12.095 ; 12.095 ;
; a[5]       ; result[10]  ; 11.076 ; 11.076 ; 11.076 ; 11.076 ;
; a[5]       ; result[11]  ; 13.488 ; 13.488 ; 13.488 ; 13.488 ;
; a[5]       ; result[12]  ; 10.764 ; 10.764 ; 10.764 ; 10.764 ;
; a[6]       ; result[6]   ; 9.951  ; 9.951  ; 9.951  ; 9.951  ;
; a[6]       ; result[7]   ; 10.368 ; 10.368 ; 10.368 ; 10.368 ;
; a[6]       ; result[8]   ; 10.258 ; 10.258 ; 10.258 ; 10.258 ;
; a[6]       ; result[9]   ; 11.859 ; 11.859 ; 11.859 ; 11.859 ;
; a[6]       ; result[10]  ; 10.840 ; 10.840 ; 10.840 ; 10.840 ;
; a[6]       ; result[11]  ; 13.252 ; 13.252 ; 13.252 ; 13.252 ;
; a[6]       ; result[12]  ; 10.528 ; 10.528 ; 10.528 ; 10.528 ;
; a[7]       ; result[7]   ; 9.979  ; 9.979  ; 9.979  ; 9.979  ;
; a[7]       ; result[8]   ; 10.189 ; 10.189 ; 10.189 ; 10.189 ;
; a[7]       ; result[9]   ; 11.790 ; 11.790 ; 11.790 ; 11.790 ;
; a[7]       ; result[10]  ; 10.771 ; 10.771 ; 10.771 ; 10.771 ;
; a[7]       ; result[11]  ; 13.183 ; 13.183 ; 13.183 ; 13.183 ;
; a[7]       ; result[12]  ; 10.459 ; 10.459 ; 10.459 ; 10.459 ;
; a[8]       ; result[8]   ; 9.912  ; 9.912  ; 9.912  ; 9.912  ;
; a[8]       ; result[9]   ; 11.828 ; 11.828 ; 11.828 ; 11.828 ;
; a[8]       ; result[10]  ; 10.809 ; 10.809 ; 10.809 ; 10.809 ;
; a[8]       ; result[11]  ; 13.221 ; 13.221 ; 13.221 ; 13.221 ;
; a[8]       ; result[12]  ; 10.497 ; 10.497 ; 10.497 ; 10.497 ;
; a[9]       ; result[9]   ; 11.957 ; 11.957 ; 11.957 ; 11.957 ;
; a[9]       ; result[10]  ; 11.253 ; 11.253 ; 11.253 ; 11.253 ;
; a[9]       ; result[11]  ; 13.665 ; 13.665 ; 13.665 ; 13.665 ;
; a[9]       ; result[12]  ; 10.941 ; 10.941 ; 10.941 ; 10.941 ;
; a[10]      ; result[10]  ; 10.506 ; 10.506 ; 10.506 ; 10.506 ;
; a[10]      ; result[11]  ; 13.233 ; 13.233 ; 13.233 ; 13.233 ;
; a[10]      ; result[12]  ; 10.509 ; 10.509 ; 10.509 ; 10.509 ;
; a[11]      ; result[11]  ; 12.472 ; 12.472 ; 12.472 ; 12.472 ;
; a[11]      ; result[12]  ; 10.063 ; 10.063 ; 10.063 ; 10.063 ;
; a[12]      ; result[12]  ; 9.626  ; 9.626  ; 9.626  ; 9.626  ;
; b[0]       ; result[0]   ; 6.351  ; 6.351  ; 6.351  ; 6.351  ;
; b[0]       ; result[1]   ; 6.557  ; 6.557  ; 6.557  ; 6.557  ;
; b[0]       ; result[2]   ; 6.590  ; 6.590  ; 6.590  ; 6.590  ;
; b[0]       ; result[3]   ; 7.179  ; 7.179  ; 7.179  ; 7.179  ;
; b[0]       ; result[4]   ; 6.964  ; 6.964  ; 6.964  ; 6.964  ;
; b[0]       ; result[5]   ; 6.803  ; 6.803  ; 6.803  ; 6.803  ;
; b[0]       ; result[6]   ; 6.894  ; 6.894  ; 6.894  ; 6.894  ;
; b[0]       ; result[7]   ; 6.996  ; 6.996  ; 6.996  ; 6.996  ;
; b[0]       ; result[8]   ; 6.886  ; 6.886  ; 6.886  ; 6.886  ;
; b[0]       ; result[9]   ; 8.487  ; 8.487  ; 8.487  ; 8.487  ;
; b[0]       ; result[10]  ; 7.468  ; 7.468  ; 7.468  ; 7.468  ;
; b[0]       ; result[11]  ; 9.880  ; 9.880  ; 9.880  ; 9.880  ;
; b[0]       ; result[12]  ; 7.156  ; 7.156  ; 7.156  ; 7.156  ;
; b[1]       ; result[1]   ; 10.416 ; 10.416 ; 10.416 ; 10.416 ;
; b[1]       ; result[2]   ; 10.765 ; 10.765 ; 10.765 ; 10.765 ;
; b[1]       ; result[3]   ; 11.354 ; 11.354 ; 11.354 ; 11.354 ;
; b[1]       ; result[4]   ; 11.139 ; 11.139 ; 11.139 ; 11.139 ;
; b[1]       ; result[5]   ; 10.978 ; 10.978 ; 10.978 ; 10.978 ;
; b[1]       ; result[6]   ; 11.069 ; 11.069 ; 11.069 ; 11.069 ;
; b[1]       ; result[7]   ; 11.171 ; 11.171 ; 11.171 ; 11.171 ;
; b[1]       ; result[8]   ; 11.061 ; 11.061 ; 11.061 ; 11.061 ;
; b[1]       ; result[9]   ; 12.662 ; 12.662 ; 12.662 ; 12.662 ;
; b[1]       ; result[10]  ; 11.643 ; 11.643 ; 11.643 ; 11.643 ;
; b[1]       ; result[11]  ; 14.055 ; 14.055 ; 14.055 ; 14.055 ;
; b[1]       ; result[12]  ; 11.331 ; 11.331 ; 11.331 ; 11.331 ;
; b[2]       ; result[2]   ; 9.934  ; 9.934  ; 9.934  ; 9.934  ;
; b[2]       ; result[3]   ; 10.835 ; 10.835 ; 10.835 ; 10.835 ;
; b[2]       ; result[4]   ; 10.620 ; 10.620 ; 10.620 ; 10.620 ;
; b[2]       ; result[5]   ; 10.459 ; 10.459 ; 10.459 ; 10.459 ;
; b[2]       ; result[6]   ; 10.550 ; 10.550 ; 10.550 ; 10.550 ;
; b[2]       ; result[7]   ; 10.652 ; 10.652 ; 10.652 ; 10.652 ;
; b[2]       ; result[8]   ; 10.542 ; 10.542 ; 10.542 ; 10.542 ;
; b[2]       ; result[9]   ; 12.143 ; 12.143 ; 12.143 ; 12.143 ;
; b[2]       ; result[10]  ; 11.124 ; 11.124 ; 11.124 ; 11.124 ;
; b[2]       ; result[11]  ; 13.536 ; 13.536 ; 13.536 ; 13.536 ;
; b[2]       ; result[12]  ; 10.812 ; 10.812 ; 10.812 ; 10.812 ;
; b[3]       ; result[3]   ; 10.398 ; 10.398 ; 10.398 ; 10.398 ;
; b[3]       ; result[4]   ; 10.499 ; 10.499 ; 10.499 ; 10.499 ;
; b[3]       ; result[5]   ; 10.338 ; 10.338 ; 10.338 ; 10.338 ;
; b[3]       ; result[6]   ; 10.429 ; 10.429 ; 10.429 ; 10.429 ;
; b[3]       ; result[7]   ; 10.531 ; 10.531 ; 10.531 ; 10.531 ;
; b[3]       ; result[8]   ; 10.421 ; 10.421 ; 10.421 ; 10.421 ;
; b[3]       ; result[9]   ; 12.022 ; 12.022 ; 12.022 ; 12.022 ;
; b[3]       ; result[10]  ; 11.003 ; 11.003 ; 11.003 ; 11.003 ;
; b[3]       ; result[11]  ; 13.415 ; 13.415 ; 13.415 ; 13.415 ;
; b[3]       ; result[12]  ; 10.691 ; 10.691 ; 10.691 ; 10.691 ;
; b[4]       ; result[4]   ; 10.338 ; 10.338 ; 10.338 ; 10.338 ;
; b[4]       ; result[5]   ; 10.492 ; 10.492 ; 10.492 ; 10.492 ;
; b[4]       ; result[6]   ; 10.583 ; 10.583 ; 10.583 ; 10.583 ;
; b[4]       ; result[7]   ; 10.685 ; 10.685 ; 10.685 ; 10.685 ;
; b[4]       ; result[8]   ; 10.575 ; 10.575 ; 10.575 ; 10.575 ;
; b[4]       ; result[9]   ; 12.176 ; 12.176 ; 12.176 ; 12.176 ;
; b[4]       ; result[10]  ; 11.157 ; 11.157 ; 11.157 ; 11.157 ;
; b[4]       ; result[11]  ; 13.569 ; 13.569 ; 13.569 ; 13.569 ;
; b[4]       ; result[12]  ; 10.845 ; 10.845 ; 10.845 ; 10.845 ;
; b[5]       ; result[5]   ; 9.848  ; 9.848  ; 9.848  ; 9.848  ;
; b[5]       ; result[6]   ; 10.255 ; 10.255 ; 10.255 ; 10.255 ;
; b[5]       ; result[7]   ; 10.357 ; 10.357 ; 10.357 ; 10.357 ;
; b[5]       ; result[8]   ; 10.247 ; 10.247 ; 10.247 ; 10.247 ;
; b[5]       ; result[9]   ; 11.848 ; 11.848 ; 11.848 ; 11.848 ;
; b[5]       ; result[10]  ; 10.829 ; 10.829 ; 10.829 ; 10.829 ;
; b[5]       ; result[11]  ; 13.241 ; 13.241 ; 13.241 ; 13.241 ;
; b[5]       ; result[12]  ; 10.517 ; 10.517 ; 10.517 ; 10.517 ;
; b[6]       ; result[6]   ; 9.615  ; 9.615  ; 9.615  ; 9.615  ;
; b[6]       ; result[7]   ; 10.029 ; 10.029 ; 10.029 ; 10.029 ;
; b[6]       ; result[8]   ; 9.919  ; 9.919  ; 9.919  ; 9.919  ;
; b[6]       ; result[9]   ; 11.520 ; 11.520 ; 11.520 ; 11.520 ;
; b[6]       ; result[10]  ; 10.501 ; 10.501 ; 10.501 ; 10.501 ;
; b[6]       ; result[11]  ; 12.913 ; 12.913 ; 12.913 ; 12.913 ;
; b[6]       ; result[12]  ; 10.189 ; 10.189 ; 10.189 ; 10.189 ;
; b[7]       ; result[7]   ; 9.731  ; 9.731  ; 9.731  ; 9.731  ;
; b[7]       ; result[8]   ; 9.938  ; 9.938  ; 9.938  ; 9.938  ;
; b[7]       ; result[9]   ; 11.539 ; 11.539 ; 11.539 ; 11.539 ;
; b[7]       ; result[10]  ; 10.520 ; 10.520 ; 10.520 ; 10.520 ;
; b[7]       ; result[11]  ; 12.932 ; 12.932 ; 12.932 ; 12.932 ;
; b[7]       ; result[12]  ; 10.208 ; 10.208 ; 10.208 ; 10.208 ;
; b[8]       ; result[8]   ; 10.148 ; 10.148 ; 10.148 ; 10.148 ;
; b[8]       ; result[9]   ; 12.061 ; 12.061 ; 12.061 ; 12.061 ;
; b[8]       ; result[10]  ; 11.042 ; 11.042 ; 11.042 ; 11.042 ;
; b[8]       ; result[11]  ; 13.454 ; 13.454 ; 13.454 ; 13.454 ;
; b[8]       ; result[12]  ; 10.730 ; 10.730 ; 10.730 ; 10.730 ;
; b[9]       ; result[9]   ; 11.217 ; 11.217 ; 11.217 ; 11.217 ;
; b[9]       ; result[10]  ; 10.514 ; 10.514 ; 10.514 ; 10.514 ;
; b[9]       ; result[11]  ; 12.926 ; 12.926 ; 12.926 ; 12.926 ;
; b[9]       ; result[12]  ; 10.202 ; 10.202 ; 10.202 ; 10.202 ;
; b[10]      ; result[10]  ; 10.554 ; 10.554 ; 10.554 ; 10.554 ;
; b[10]      ; result[11]  ; 13.278 ; 13.278 ; 13.278 ; 13.278 ;
; b[10]      ; result[12]  ; 10.554 ; 10.554 ; 10.554 ; 10.554 ;
; b[11]      ; result[11]  ; 12.822 ; 12.822 ; 12.822 ; 12.822 ;
; b[11]      ; result[12]  ; 10.414 ; 10.414 ; 10.414 ; 10.414 ;
; b[12]      ; result[12]  ; 9.421  ; 9.421  ; 9.421  ; 9.421  ;
+------------+-------------+--------+--------+--------+--------+


----------------------------
; Fast Model Setup Summary ;
----------------------------
No paths to report.


---------------------------
; Fast Model Hold Summary ;
---------------------------
No paths to report.


-------------------------------
; Fast Model Recovery Summary ;
-------------------------------
No paths to report.


------------------------------
; Fast Model Removal Summary ;
------------------------------
No paths to report.


------------------------------------------
; Fast Model Minimum Pulse Width Summary ;
------------------------------------------
No paths to report.


+----------------------------------------------------------+
; Propagation Delay                                        ;
+------------+-------------+-------+-------+-------+-------+
; Input Port ; Output Port ; RR    ; RF    ; FR    ; FF    ;
+------------+-------------+-------+-------+-------+-------+
; a[0]       ; result[0]   ; 3.214 ; 3.214 ; 3.214 ; 3.214 ;
; a[0]       ; result[1]   ; 3.282 ; 3.282 ; 3.282 ; 3.282 ;
; a[0]       ; result[2]   ; 3.288 ; 3.288 ; 3.288 ; 3.288 ;
; a[0]       ; result[3]   ; 3.575 ; 3.575 ; 3.575 ; 3.575 ;
; a[0]       ; result[4]   ; 3.466 ; 3.466 ; 3.466 ; 3.466 ;
; a[0]       ; result[5]   ; 3.383 ; 3.383 ; 3.383 ; 3.383 ;
; a[0]       ; result[6]   ; 3.435 ; 3.435 ; 3.435 ; 3.435 ;
; a[0]       ; result[7]   ; 3.497 ; 3.497 ; 3.497 ; 3.497 ;
; a[0]       ; result[8]   ; 3.460 ; 3.460 ; 3.460 ; 3.460 ;
; a[0]       ; result[9]   ; 4.190 ; 4.190 ; 4.190 ; 4.190 ;
; a[0]       ; result[10]  ; 3.726 ; 3.726 ; 3.726 ; 3.726 ;
; a[0]       ; result[11]  ; 4.908 ; 4.908 ; 4.908 ; 4.908 ;
; a[0]       ; result[12]  ; 3.587 ; 3.587 ; 3.587 ; 3.587 ;
; a[1]       ; result[1]   ; 5.724 ; 5.724 ; 5.724 ; 5.724 ;
; a[1]       ; result[2]   ; 5.835 ; 5.835 ; 5.835 ; 5.835 ;
; a[1]       ; result[3]   ; 6.122 ; 6.122 ; 6.122 ; 6.122 ;
; a[1]       ; result[4]   ; 6.013 ; 6.013 ; 6.013 ; 6.013 ;
; a[1]       ; result[5]   ; 5.930 ; 5.930 ; 5.930 ; 5.930 ;
; a[1]       ; result[6]   ; 5.982 ; 5.982 ; 5.982 ; 5.982 ;
; a[1]       ; result[7]   ; 6.044 ; 6.044 ; 6.044 ; 6.044 ;
; a[1]       ; result[8]   ; 6.007 ; 6.007 ; 6.007 ; 6.007 ;
; a[1]       ; result[9]   ; 6.737 ; 6.737 ; 6.737 ; 6.737 ;
; a[1]       ; result[10]  ; 6.273 ; 6.273 ; 6.273 ; 6.273 ;
; a[1]       ; result[11]  ; 7.455 ; 7.455 ; 7.455 ; 7.455 ;
; a[1]       ; result[12]  ; 6.134 ; 6.134 ; 6.134 ; 6.134 ;
; a[2]       ; result[2]   ; 5.688 ; 5.688 ; 5.688 ; 5.688 ;
; a[2]       ; result[3]   ; 6.080 ; 6.080 ; 6.080 ; 6.080 ;
; a[2]       ; result[4]   ; 5.971 ; 5.971 ; 5.971 ; 5.971 ;
; a[2]       ; result[5]   ; 5.888 ; 5.888 ; 5.888 ; 5.888 ;
; a[2]       ; result[6]   ; 5.940 ; 5.940 ; 5.940 ; 5.940 ;
; a[2]       ; result[7]   ; 6.002 ; 6.002 ; 6.002 ; 6.002 ;
; a[2]       ; result[8]   ; 5.965 ; 5.965 ; 5.965 ; 5.965 ;
; a[2]       ; result[9]   ; 6.695 ; 6.695 ; 6.695 ; 6.695 ;
; a[2]       ; result[10]  ; 6.231 ; 6.231 ; 6.231 ; 6.231 ;
; a[2]       ; result[11]  ; 7.413 ; 7.413 ; 7.413 ; 7.413 ;
; a[2]       ; result[12]  ; 6.092 ; 6.092 ; 6.092 ; 6.092 ;
; a[3]       ; result[3]   ; 5.734 ; 5.734 ; 5.734 ; 5.734 ;
; a[3]       ; result[4]   ; 5.730 ; 5.730 ; 5.730 ; 5.730 ;
; a[3]       ; result[5]   ; 5.647 ; 5.647 ; 5.647 ; 5.647 ;
; a[3]       ; result[6]   ; 5.699 ; 5.699 ; 5.699 ; 5.699 ;
; a[3]       ; result[7]   ; 5.761 ; 5.761 ; 5.761 ; 5.761 ;
; a[3]       ; result[8]   ; 5.724 ; 5.724 ; 5.724 ; 5.724 ;
; a[3]       ; result[9]   ; 6.454 ; 6.454 ; 6.454 ; 6.454 ;
; a[3]       ; result[10]  ; 5.990 ; 5.990 ; 5.990 ; 5.990 ;
; a[3]       ; result[11]  ; 7.172 ; 7.172 ; 7.172 ; 7.172 ;
; a[3]       ; result[12]  ; 5.851 ; 5.851 ; 5.851 ; 5.851 ;
; a[4]       ; result[4]   ; 5.573 ; 5.573 ; 5.573 ; 5.573 ;
; a[4]       ; result[5]   ; 5.593 ; 5.593 ; 5.593 ; 5.593 ;
; a[4]       ; result[6]   ; 5.645 ; 5.645 ; 5.645 ; 5.645 ;
; a[4]       ; result[7]   ; 5.707 ; 5.707 ; 5.707 ; 5.707 ;
; a[4]       ; result[8]   ; 5.670 ; 5.670 ; 5.670 ; 5.670 ;
; a[4]       ; result[9]   ; 6.400 ; 6.400 ; 6.400 ; 6.400 ;
; a[4]       ; result[10]  ; 5.936 ; 5.936 ; 5.936 ; 5.936 ;
; a[4]       ; result[11]  ; 7.118 ; 7.118 ; 7.118 ; 7.118 ;
; a[4]       ; result[12]  ; 5.797 ; 5.797 ; 5.797 ; 5.797 ;
; a[5]       ; result[5]   ; 5.534 ; 5.534 ; 5.534 ; 5.534 ;
; a[5]       ; result[6]   ; 5.691 ; 5.691 ; 5.691 ; 5.691 ;
; a[5]       ; result[7]   ; 5.753 ; 5.753 ; 5.753 ; 5.753 ;
; a[5]       ; result[8]   ; 5.716 ; 5.716 ; 5.716 ; 5.716 ;
; a[5]       ; result[9]   ; 6.446 ; 6.446 ; 6.446 ; 6.446 ;
; a[5]       ; result[10]  ; 5.982 ; 5.982 ; 5.982 ; 5.982 ;
; a[5]       ; result[11]  ; 7.164 ; 7.164 ; 7.164 ; 7.164 ;
; a[5]       ; result[12]  ; 5.843 ; 5.843 ; 5.843 ; 5.843 ;
; a[6]       ; result[6]   ; 5.497 ; 5.497 ; 5.497 ; 5.497 ;
; a[6]       ; result[7]   ; 5.664 ; 5.664 ; 5.664 ; 5.664 ;
; a[6]       ; result[8]   ; 5.627 ; 5.627 ; 5.627 ; 5.627 ;
; a[6]       ; result[9]   ; 6.357 ; 6.357 ; 6.357 ; 6.357 ;
; a[6]       ; result[10]  ; 5.893 ; 5.893 ; 5.893 ; 5.893 ;
; a[6]       ; result[11]  ; 7.075 ; 7.075 ; 7.075 ; 7.075 ;
; a[6]       ; result[12]  ; 5.754 ; 5.754 ; 5.754 ; 5.754 ;
; a[7]       ; result[7]   ; 5.549 ; 5.549 ; 5.549 ; 5.549 ;
; a[7]       ; result[8]   ; 5.611 ; 5.611 ; 5.611 ; 5.611 ;
; a[7]       ; result[9]   ; 6.341 ; 6.341 ; 6.341 ; 6.341 ;
; a[7]       ; result[10]  ; 5.877 ; 5.877 ; 5.877 ; 5.877 ;
; a[7]       ; result[11]  ; 7.059 ; 7.059 ; 7.059 ; 7.059 ;
; a[7]       ; result[12]  ; 5.738 ; 5.738 ; 5.738 ; 5.738 ;
; a[8]       ; result[8]   ; 5.470 ; 5.470 ; 5.470 ; 5.470 ;
; a[8]       ; result[9]   ; 6.305 ; 6.305 ; 6.305 ; 6.305 ;
; a[8]       ; result[10]  ; 5.841 ; 5.841 ; 5.841 ; 5.841 ;
; a[8]       ; result[11]  ; 7.023 ; 7.023 ; 7.023 ; 7.023 ;
; a[8]       ; result[12]  ; 5.702 ; 5.702 ; 5.702 ; 5.702 ;
; a[9]       ; result[9]   ; 6.444 ; 6.444 ; 6.444 ; 6.444 ;
; a[9]       ; result[10]  ; 6.085 ; 6.085 ; 6.085 ; 6.085 ;
; a[9]       ; result[11]  ; 7.267 ; 7.267 ; 7.267 ; 7.267 ;
; a[9]       ; result[12]  ; 5.946 ; 5.946 ; 5.946 ; 5.946 ;
; a[10]      ; result[10]  ; 5.771 ; 5.771 ; 5.771 ; 5.771 ;
; a[10]      ; result[11]  ; 7.058 ; 7.058 ; 7.058 ; 7.058 ;
; a[10]      ; result[12]  ; 5.737 ; 5.737 ; 5.737 ; 5.737 ;
; a[11]      ; result[11]  ; 6.724 ; 6.724 ; 6.724 ; 6.724 ;
; a[11]      ; result[12]  ; 5.508 ; 5.508 ; 5.508 ; 5.508 ;
; a[12]      ; result[12]  ; 5.344 ; 5.344 ; 5.344 ; 5.344 ;
; b[0]       ; result[0]   ; 3.230 ; 3.230 ; 3.230 ; 3.230 ;
; b[0]       ; result[1]   ; 3.303 ; 3.303 ; 3.303 ; 3.303 ;
; b[0]       ; result[2]   ; 3.309 ; 3.309 ; 3.309 ; 3.309 ;
; b[0]       ; result[3]   ; 3.596 ; 3.596 ; 3.596 ; 3.596 ;
; b[0]       ; result[4]   ; 3.487 ; 3.487 ; 3.487 ; 3.487 ;
; b[0]       ; result[5]   ; 3.404 ; 3.404 ; 3.404 ; 3.404 ;
; b[0]       ; result[6]   ; 3.456 ; 3.456 ; 3.456 ; 3.456 ;
; b[0]       ; result[7]   ; 3.518 ; 3.518 ; 3.518 ; 3.518 ;
; b[0]       ; result[8]   ; 3.481 ; 3.481 ; 3.481 ; 3.481 ;
; b[0]       ; result[9]   ; 4.211 ; 4.211 ; 4.211 ; 4.211 ;
; b[0]       ; result[10]  ; 3.747 ; 3.747 ; 3.747 ; 3.747 ;
; b[0]       ; result[11]  ; 4.929 ; 4.929 ; 4.929 ; 4.929 ;
; b[0]       ; result[12]  ; 3.608 ; 3.608 ; 3.608 ; 3.608 ;
; b[1]       ; result[1]   ; 5.761 ; 5.761 ; 5.761 ; 5.761 ;
; b[1]       ; result[2]   ; 5.870 ; 5.870 ; 5.870 ; 5.870 ;
; b[1]       ; result[3]   ; 6.157 ; 6.157 ; 6.157 ; 6.157 ;
; b[1]       ; result[4]   ; 6.048 ; 6.048 ; 6.048 ; 6.048 ;
; b[1]       ; result[5]   ; 5.965 ; 5.965 ; 5.965 ; 5.965 ;
; b[1]       ; result[6]   ; 6.017 ; 6.017 ; 6.017 ; 6.017 ;
; b[1]       ; result[7]   ; 6.079 ; 6.079 ; 6.079 ; 6.079 ;
; b[1]       ; result[8]   ; 6.042 ; 6.042 ; 6.042 ; 6.042 ;
; b[1]       ; result[9]   ; 6.772 ; 6.772 ; 6.772 ; 6.772 ;
; b[1]       ; result[10]  ; 6.308 ; 6.308 ; 6.308 ; 6.308 ;
; b[1]       ; result[11]  ; 7.490 ; 7.490 ; 7.490 ; 7.490 ;
; b[1]       ; result[12]  ; 6.169 ; 6.169 ; 6.169 ; 6.169 ;
; b[2]       ; result[2]   ; 5.502 ; 5.502 ; 5.502 ; 5.502 ;
; b[2]       ; result[3]   ; 5.892 ; 5.892 ; 5.892 ; 5.892 ;
; b[2]       ; result[4]   ; 5.783 ; 5.783 ; 5.783 ; 5.783 ;
; b[2]       ; result[5]   ; 5.700 ; 5.700 ; 5.700 ; 5.700 ;
; b[2]       ; result[6]   ; 5.752 ; 5.752 ; 5.752 ; 5.752 ;
; b[2]       ; result[7]   ; 5.814 ; 5.814 ; 5.814 ; 5.814 ;
; b[2]       ; result[8]   ; 5.777 ; 5.777 ; 5.777 ; 5.777 ;
; b[2]       ; result[9]   ; 6.507 ; 6.507 ; 6.507 ; 6.507 ;
; b[2]       ; result[10]  ; 6.043 ; 6.043 ; 6.043 ; 6.043 ;
; b[2]       ; result[11]  ; 7.225 ; 7.225 ; 7.225 ; 7.225 ;
; b[2]       ; result[12]  ; 5.904 ; 5.904 ; 5.904 ; 5.904 ;
; b[3]       ; result[3]   ; 5.725 ; 5.725 ; 5.725 ; 5.725 ;
; b[3]       ; result[4]   ; 5.719 ; 5.719 ; 5.719 ; 5.719 ;
; b[3]       ; result[5]   ; 5.636 ; 5.636 ; 5.636 ; 5.636 ;
; b[3]       ; result[6]   ; 5.688 ; 5.688 ; 5.688 ; 5.688 ;
; b[3]       ; result[7]   ; 5.750 ; 5.750 ; 5.750 ; 5.750 ;
; b[3]       ; result[8]   ; 5.713 ; 5.713 ; 5.713 ; 5.713 ;
; b[3]       ; result[9]   ; 6.443 ; 6.443 ; 6.443 ; 6.443 ;
; b[3]       ; result[10]  ; 5.979 ; 5.979 ; 5.979 ; 5.979 ;
; b[3]       ; result[11]  ; 7.161 ; 7.161 ; 7.161 ; 7.161 ;
; b[3]       ; result[12]  ; 5.840 ; 5.840 ; 5.840 ; 5.840 ;
; b[4]       ; result[4]   ; 5.660 ; 5.660 ; 5.660 ; 5.660 ;
; b[4]       ; result[5]   ; 5.682 ; 5.682 ; 5.682 ; 5.682 ;
; b[4]       ; result[6]   ; 5.734 ; 5.734 ; 5.734 ; 5.734 ;
; b[4]       ; result[7]   ; 5.796 ; 5.796 ; 5.796 ; 5.796 ;
; b[4]       ; result[8]   ; 5.759 ; 5.759 ; 5.759 ; 5.759 ;
; b[4]       ; result[9]   ; 6.489 ; 6.489 ; 6.489 ; 6.489 ;
; b[4]       ; result[10]  ; 6.025 ; 6.025 ; 6.025 ; 6.025 ;
; b[4]       ; result[11]  ; 7.207 ; 7.207 ; 7.207 ; 7.207 ;
; b[4]       ; result[12]  ; 5.886 ; 5.886 ; 5.886 ; 5.886 ;
; b[5]       ; result[5]   ; 5.427 ; 5.427 ; 5.427 ; 5.427 ;
; b[5]       ; result[6]   ; 5.582 ; 5.582 ; 5.582 ; 5.582 ;
; b[5]       ; result[7]   ; 5.644 ; 5.644 ; 5.644 ; 5.644 ;
; b[5]       ; result[8]   ; 5.607 ; 5.607 ; 5.607 ; 5.607 ;
; b[5]       ; result[9]   ; 6.337 ; 6.337 ; 6.337 ; 6.337 ;
; b[5]       ; result[10]  ; 5.873 ; 5.873 ; 5.873 ; 5.873 ;
; b[5]       ; result[11]  ; 7.055 ; 7.055 ; 7.055 ; 7.055 ;
; b[5]       ; result[12]  ; 5.734 ; 5.734 ; 5.734 ; 5.734 ;
; b[6]       ; result[6]   ; 5.345 ; 5.345 ; 5.345 ; 5.345 ;
; b[6]       ; result[7]   ; 5.510 ; 5.510 ; 5.510 ; 5.510 ;
; b[6]       ; result[8]   ; 5.473 ; 5.473 ; 5.473 ; 5.473 ;
; b[6]       ; result[9]   ; 6.203 ; 6.203 ; 6.203 ; 6.203 ;
; b[6]       ; result[10]  ; 5.739 ; 5.739 ; 5.739 ; 5.739 ;
; b[6]       ; result[11]  ; 6.921 ; 6.921 ; 6.921 ; 6.921 ;
; b[6]       ; result[12]  ; 5.600 ; 5.600 ; 5.600 ; 5.600 ;
; b[7]       ; result[7]   ; 5.404 ; 5.404 ; 5.404 ; 5.404 ;
; b[7]       ; result[8]   ; 5.467 ; 5.467 ; 5.467 ; 5.467 ;
; b[7]       ; result[9]   ; 6.197 ; 6.197 ; 6.197 ; 6.197 ;
; b[7]       ; result[10]  ; 5.733 ; 5.733 ; 5.733 ; 5.733 ;
; b[7]       ; result[11]  ; 6.915 ; 6.915 ; 6.915 ; 6.915 ;
; b[7]       ; result[12]  ; 5.594 ; 5.594 ; 5.594 ; 5.594 ;
; b[8]       ; result[8]   ; 5.618 ; 5.618 ; 5.618 ; 5.618 ;
; b[8]       ; result[9]   ; 6.451 ; 6.451 ; 6.451 ; 6.451 ;
; b[8]       ; result[10]  ; 5.987 ; 5.987 ; 5.987 ; 5.987 ;
; b[8]       ; result[11]  ; 7.169 ; 7.169 ; 7.169 ; 7.169 ;
; b[8]       ; result[12]  ; 5.848 ; 5.848 ; 5.848 ; 5.848 ;
; b[9]       ; result[9]   ; 6.085 ; 6.085 ; 6.085 ; 6.085 ;
; b[9]       ; result[10]  ; 5.724 ; 5.724 ; 5.724 ; 5.724 ;
; b[9]       ; result[11]  ; 6.906 ; 6.906 ; 6.906 ; 6.906 ;
; b[9]       ; result[12]  ; 5.585 ; 5.585 ; 5.585 ; 5.585 ;
; b[10]      ; result[10]  ; 5.762 ; 5.762 ; 5.762 ; 5.762 ;
; b[10]      ; result[11]  ; 7.047 ; 7.047 ; 7.047 ; 7.047 ;
; b[10]      ; result[12]  ; 5.726 ; 5.726 ; 5.726 ; 5.726 ;
; b[11]      ; result[11]  ; 6.921 ; 6.921 ; 6.921 ; 6.921 ;
; b[11]      ; result[12]  ; 5.703 ; 5.703 ; 5.703 ; 5.703 ;
; b[12]      ; result[12]  ; 5.279 ; 5.279 ; 5.279 ; 5.279 ;
+------------+-------------+-------+-------+-------+-------+


+----------------------------------------------------------+
; Minimum Propagation Delay                                ;
+------------+-------------+-------+-------+-------+-------+
; Input Port ; Output Port ; RR    ; RF    ; FR    ; FF    ;
+------------+-------------+-------+-------+-------+-------+
; a[0]       ; result[0]   ; 3.214 ; 3.214 ; 3.214 ; 3.214 ;
; a[0]       ; result[1]   ; 3.282 ; 3.282 ; 3.282 ; 3.282 ;
; a[0]       ; result[2]   ; 3.288 ; 3.288 ; 3.288 ; 3.288 ;
; a[0]       ; result[3]   ; 3.575 ; 3.575 ; 3.575 ; 3.575 ;
; a[0]       ; result[4]   ; 3.466 ; 3.466 ; 3.466 ; 3.466 ;
; a[0]       ; result[5]   ; 3.383 ; 3.383 ; 3.383 ; 3.383 ;
; a[0]       ; result[6]   ; 3.435 ; 3.435 ; 3.435 ; 3.435 ;
; a[0]       ; result[7]   ; 3.497 ; 3.497 ; 3.497 ; 3.497 ;
; a[0]       ; result[8]   ; 3.460 ; 3.460 ; 3.460 ; 3.460 ;
; a[0]       ; result[9]   ; 4.190 ; 4.190 ; 4.190 ; 4.190 ;
; a[0]       ; result[10]  ; 3.726 ; 3.726 ; 3.726 ; 3.726 ;
; a[0]       ; result[11]  ; 4.908 ; 4.908 ; 4.908 ; 4.908 ;
; a[0]       ; result[12]  ; 3.587 ; 3.587 ; 3.587 ; 3.587 ;
; a[1]       ; result[1]   ; 5.724 ; 5.724 ; 5.724 ; 5.724 ;
; a[1]       ; result[2]   ; 5.835 ; 5.835 ; 5.835 ; 5.835 ;
; a[1]       ; result[3]   ; 6.122 ; 6.122 ; 6.122 ; 6.122 ;
; a[1]       ; result[4]   ; 6.013 ; 6.013 ; 6.013 ; 6.013 ;
; a[1]       ; result[5]   ; 5.930 ; 5.930 ; 5.930 ; 5.930 ;
; a[1]       ; result[6]   ; 5.982 ; 5.982 ; 5.982 ; 5.982 ;
; a[1]       ; result[7]   ; 6.044 ; 6.044 ; 6.044 ; 6.044 ;
; a[1]       ; result[8]   ; 6.007 ; 6.007 ; 6.007 ; 6.007 ;
; a[1]       ; result[9]   ; 6.737 ; 6.737 ; 6.737 ; 6.737 ;
; a[1]       ; result[10]  ; 6.273 ; 6.273 ; 6.273 ; 6.273 ;
; a[1]       ; result[11]  ; 7.455 ; 7.455 ; 7.455 ; 7.455 ;
; a[1]       ; result[12]  ; 6.134 ; 6.134 ; 6.134 ; 6.134 ;
; a[2]       ; result[2]   ; 5.688 ; 5.688 ; 5.688 ; 5.688 ;
; a[2]       ; result[3]   ; 6.080 ; 6.080 ; 6.080 ; 6.080 ;
; a[2]       ; result[4]   ; 5.971 ; 5.971 ; 5.971 ; 5.971 ;
; a[2]       ; result[5]   ; 5.888 ; 5.888 ; 5.888 ; 5.888 ;
; a[2]       ; result[6]   ; 5.940 ; 5.940 ; 5.940 ; 5.940 ;
; a[2]       ; result[7]   ; 6.002 ; 6.002 ; 6.002 ; 6.002 ;
; a[2]       ; result[8]   ; 5.965 ; 5.965 ; 5.965 ; 5.965 ;
; a[2]       ; result[9]   ; 6.695 ; 6.695 ; 6.695 ; 6.695 ;
; a[2]       ; result[10]  ; 6.231 ; 6.231 ; 6.231 ; 6.231 ;
; a[2]       ; result[11]  ; 7.413 ; 7.413 ; 7.413 ; 7.413 ;
; a[2]       ; result[12]  ; 6.092 ; 6.092 ; 6.092 ; 6.092 ;
; a[3]       ; result[3]   ; 5.734 ; 5.734 ; 5.734 ; 5.734 ;
; a[3]       ; result[4]   ; 5.730 ; 5.730 ; 5.730 ; 5.730 ;
; a[3]       ; result[5]   ; 5.647 ; 5.647 ; 5.647 ; 5.647 ;
; a[3]       ; result[6]   ; 5.699 ; 5.699 ; 5.699 ; 5.699 ;
; a[3]       ; result[7]   ; 5.761 ; 5.761 ; 5.761 ; 5.761 ;
; a[3]       ; result[8]   ; 5.724 ; 5.724 ; 5.724 ; 5.724 ;
; a[3]       ; result[9]   ; 6.454 ; 6.454 ; 6.454 ; 6.454 ;
; a[3]       ; result[10]  ; 5.990 ; 5.990 ; 5.990 ; 5.990 ;
; a[3]       ; result[11]  ; 7.172 ; 7.172 ; 7.172 ; 7.172 ;
; a[3]       ; result[12]  ; 5.851 ; 5.851 ; 5.851 ; 5.851 ;
; a[4]       ; result[4]   ; 5.573 ; 5.573 ; 5.573 ; 5.573 ;
; a[4]       ; result[5]   ; 5.593 ; 5.593 ; 5.593 ; 5.593 ;
; a[4]       ; result[6]   ; 5.645 ; 5.645 ; 5.645 ; 5.645 ;
; a[4]       ; result[7]   ; 5.707 ; 5.707 ; 5.707 ; 5.707 ;
; a[4]       ; result[8]   ; 5.670 ; 5.670 ; 5.670 ; 5.670 ;
; a[4]       ; result[9]   ; 6.400 ; 6.400 ; 6.400 ; 6.400 ;
; a[4]       ; result[10]  ; 5.936 ; 5.936 ; 5.936 ; 5.936 ;
; a[4]       ; result[11]  ; 7.118 ; 7.118 ; 7.118 ; 7.118 ;
; a[4]       ; result[12]  ; 5.797 ; 5.797 ; 5.797 ; 5.797 ;
; a[5]       ; result[5]   ; 5.534 ; 5.534 ; 5.534 ; 5.534 ;
; a[5]       ; result[6]   ; 5.691 ; 5.691 ; 5.691 ; 5.691 ;
; a[5]       ; result[7]   ; 5.753 ; 5.753 ; 5.753 ; 5.753 ;
; a[5]       ; result[8]   ; 5.716 ; 5.716 ; 5.716 ; 5.716 ;
; a[5]       ; result[9]   ; 6.446 ; 6.446 ; 6.446 ; 6.446 ;
; a[5]       ; result[10]  ; 5.982 ; 5.982 ; 5.982 ; 5.982 ;
; a[5]       ; result[11]  ; 7.164 ; 7.164 ; 7.164 ; 7.164 ;
; a[5]       ; result[12]  ; 5.843 ; 5.843 ; 5.843 ; 5.843 ;
; a[6]       ; result[6]   ; 5.497 ; 5.497 ; 5.497 ; 5.497 ;
; a[6]       ; result[7]   ; 5.664 ; 5.664 ; 5.664 ; 5.664 ;
; a[6]       ; result[8]   ; 5.627 ; 5.627 ; 5.627 ; 5.627 ;
; a[6]       ; result[9]   ; 6.357 ; 6.357 ; 6.357 ; 6.357 ;
; a[6]       ; result[10]  ; 5.893 ; 5.893 ; 5.893 ; 5.893 ;
; a[6]       ; result[11]  ; 7.075 ; 7.075 ; 7.075 ; 7.075 ;
; a[6]       ; result[12]  ; 5.754 ; 5.754 ; 5.754 ; 5.754 ;
; a[7]       ; result[7]   ; 5.549 ; 5.549 ; 5.549 ; 5.549 ;
; a[7]       ; result[8]   ; 5.611 ; 5.611 ; 5.611 ; 5.611 ;
; a[7]       ; result[9]   ; 6.341 ; 6.341 ; 6.341 ; 6.341 ;
; a[7]       ; result[10]  ; 5.877 ; 5.877 ; 5.877 ; 5.877 ;
; a[7]       ; result[11]  ; 7.059 ; 7.059 ; 7.059 ; 7.059 ;
; a[7]       ; result[12]  ; 5.738 ; 5.738 ; 5.738 ; 5.738 ;
; a[8]       ; result[8]   ; 5.470 ; 5.470 ; 5.470 ; 5.470 ;
; a[8]       ; result[9]   ; 6.305 ; 6.305 ; 6.305 ; 6.305 ;
; a[8]       ; result[10]  ; 5.841 ; 5.841 ; 5.841 ; 5.841 ;
; a[8]       ; result[11]  ; 7.023 ; 7.023 ; 7.023 ; 7.023 ;
; a[8]       ; result[12]  ; 5.702 ; 5.702 ; 5.702 ; 5.702 ;
; a[9]       ; result[9]   ; 6.444 ; 6.444 ; 6.444 ; 6.444 ;
; a[9]       ; result[10]  ; 6.085 ; 6.085 ; 6.085 ; 6.085 ;
; a[9]       ; result[11]  ; 7.267 ; 7.267 ; 7.267 ; 7.267 ;
; a[9]       ; result[12]  ; 5.946 ; 5.946 ; 5.946 ; 5.946 ;
; a[10]      ; result[10]  ; 5.771 ; 5.771 ; 5.771 ; 5.771 ;
; a[10]      ; result[11]  ; 7.058 ; 7.058 ; 7.058 ; 7.058 ;
; a[10]      ; result[12]  ; 5.737 ; 5.737 ; 5.737 ; 5.737 ;
; a[11]      ; result[11]  ; 6.724 ; 6.724 ; 6.724 ; 6.724 ;
; a[11]      ; result[12]  ; 5.508 ; 5.508 ; 5.508 ; 5.508 ;
; a[12]      ; result[12]  ; 5.344 ; 5.344 ; 5.344 ; 5.344 ;
; b[0]       ; result[0]   ; 3.230 ; 3.230 ; 3.230 ; 3.230 ;
; b[0]       ; result[1]   ; 3.303 ; 3.303 ; 3.303 ; 3.303 ;
; b[0]       ; result[2]   ; 3.309 ; 3.309 ; 3.309 ; 3.309 ;
; b[0]       ; result[3]   ; 3.596 ; 3.596 ; 3.596 ; 3.596 ;
; b[0]       ; result[4]   ; 3.487 ; 3.487 ; 3.487 ; 3.487 ;
; b[0]       ; result[5]   ; 3.404 ; 3.404 ; 3.404 ; 3.404 ;
; b[0]       ; result[6]   ; 3.456 ; 3.456 ; 3.456 ; 3.456 ;
; b[0]       ; result[7]   ; 3.518 ; 3.518 ; 3.518 ; 3.518 ;
; b[0]       ; result[8]   ; 3.481 ; 3.481 ; 3.481 ; 3.481 ;
; b[0]       ; result[9]   ; 4.211 ; 4.211 ; 4.211 ; 4.211 ;
; b[0]       ; result[10]  ; 3.747 ; 3.747 ; 3.747 ; 3.747 ;
; b[0]       ; result[11]  ; 4.929 ; 4.929 ; 4.929 ; 4.929 ;
; b[0]       ; result[12]  ; 3.608 ; 3.608 ; 3.608 ; 3.608 ;
; b[1]       ; result[1]   ; 5.761 ; 5.761 ; 5.761 ; 5.761 ;
; b[1]       ; result[2]   ; 5.870 ; 5.870 ; 5.870 ; 5.870 ;
; b[1]       ; result[3]   ; 6.157 ; 6.157 ; 6.157 ; 6.157 ;
; b[1]       ; result[4]   ; 6.048 ; 6.048 ; 6.048 ; 6.048 ;
; b[1]       ; result[5]   ; 5.965 ; 5.965 ; 5.965 ; 5.965 ;
; b[1]       ; result[6]   ; 6.017 ; 6.017 ; 6.017 ; 6.017 ;
; b[1]       ; result[7]   ; 6.079 ; 6.079 ; 6.079 ; 6.079 ;
; b[1]       ; result[8]   ; 6.042 ; 6.042 ; 6.042 ; 6.042 ;
; b[1]       ; result[9]   ; 6.772 ; 6.772 ; 6.772 ; 6.772 ;
; b[1]       ; result[10]  ; 6.308 ; 6.308 ; 6.308 ; 6.308 ;
; b[1]       ; result[11]  ; 7.490 ; 7.490 ; 7.490 ; 7.490 ;
; b[1]       ; result[12]  ; 6.169 ; 6.169 ; 6.169 ; 6.169 ;
; b[2]       ; result[2]   ; 5.502 ; 5.502 ; 5.502 ; 5.502 ;
; b[2]       ; result[3]   ; 5.892 ; 5.892 ; 5.892 ; 5.892 ;
; b[2]       ; result[4]   ; 5.783 ; 5.783 ; 5.783 ; 5.783 ;
; b[2]       ; result[5]   ; 5.700 ; 5.700 ; 5.700 ; 5.700 ;
; b[2]       ; result[6]   ; 5.752 ; 5.752 ; 5.752 ; 5.752 ;
; b[2]       ; result[7]   ; 5.814 ; 5.814 ; 5.814 ; 5.814 ;
; b[2]       ; result[8]   ; 5.777 ; 5.777 ; 5.777 ; 5.777 ;
; b[2]       ; result[9]   ; 6.507 ; 6.507 ; 6.507 ; 6.507 ;
; b[2]       ; result[10]  ; 6.043 ; 6.043 ; 6.043 ; 6.043 ;
; b[2]       ; result[11]  ; 7.225 ; 7.225 ; 7.225 ; 7.225 ;
; b[2]       ; result[12]  ; 5.904 ; 5.904 ; 5.904 ; 5.904 ;
; b[3]       ; result[3]   ; 5.725 ; 5.725 ; 5.725 ; 5.725 ;
; b[3]       ; result[4]   ; 5.719 ; 5.719 ; 5.719 ; 5.719 ;
; b[3]       ; result[5]   ; 5.636 ; 5.636 ; 5.636 ; 5.636 ;
; b[3]       ; result[6]   ; 5.688 ; 5.688 ; 5.688 ; 5.688 ;
; b[3]       ; result[7]   ; 5.750 ; 5.750 ; 5.750 ; 5.750 ;
; b[3]       ; result[8]   ; 5.713 ; 5.713 ; 5.713 ; 5.713 ;
; b[3]       ; result[9]   ; 6.443 ; 6.443 ; 6.443 ; 6.443 ;
; b[3]       ; result[10]  ; 5.979 ; 5.979 ; 5.979 ; 5.979 ;
; b[3]       ; result[11]  ; 7.161 ; 7.161 ; 7.161 ; 7.161 ;
; b[3]       ; result[12]  ; 5.840 ; 5.840 ; 5.840 ; 5.840 ;
; b[4]       ; result[4]   ; 5.660 ; 5.660 ; 5.660 ; 5.660 ;
; b[4]       ; result[5]   ; 5.682 ; 5.682 ; 5.682 ; 5.682 ;
; b[4]       ; result[6]   ; 5.734 ; 5.734 ; 5.734 ; 5.734 ;
; b[4]       ; result[7]   ; 5.796 ; 5.796 ; 5.796 ; 5.796 ;
; b[4]       ; result[8]   ; 5.759 ; 5.759 ; 5.759 ; 5.759 ;
; b[4]       ; result[9]   ; 6.489 ; 6.489 ; 6.489 ; 6.489 ;
; b[4]       ; result[10]  ; 6.025 ; 6.025 ; 6.025 ; 6.025 ;
; b[4]       ; result[11]  ; 7.207 ; 7.207 ; 7.207 ; 7.207 ;
; b[4]       ; result[12]  ; 5.886 ; 5.886 ; 5.886 ; 5.886 ;
; b[5]       ; result[5]   ; 5.427 ; 5.427 ; 5.427 ; 5.427 ;
; b[5]       ; result[6]   ; 5.582 ; 5.582 ; 5.582 ; 5.582 ;
; b[5]       ; result[7]   ; 5.644 ; 5.644 ; 5.644 ; 5.644 ;
; b[5]       ; result[8]   ; 5.607 ; 5.607 ; 5.607 ; 5.607 ;
; b[5]       ; result[9]   ; 6.337 ; 6.337 ; 6.337 ; 6.337 ;
; b[5]       ; result[10]  ; 5.873 ; 5.873 ; 5.873 ; 5.873 ;
; b[5]       ; result[11]  ; 7.055 ; 7.055 ; 7.055 ; 7.055 ;
; b[5]       ; result[12]  ; 5.734 ; 5.734 ; 5.734 ; 5.734 ;
; b[6]       ; result[6]   ; 5.345 ; 5.345 ; 5.345 ; 5.345 ;
; b[6]       ; result[7]   ; 5.510 ; 5.510 ; 5.510 ; 5.510 ;
; b[6]       ; result[8]   ; 5.473 ; 5.473 ; 5.473 ; 5.473 ;
; b[6]       ; result[9]   ; 6.203 ; 6.203 ; 6.203 ; 6.203 ;
; b[6]       ; result[10]  ; 5.739 ; 5.739 ; 5.739 ; 5.739 ;
; b[6]       ; result[11]  ; 6.921 ; 6.921 ; 6.921 ; 6.921 ;
; b[6]       ; result[12]  ; 5.600 ; 5.600 ; 5.600 ; 5.600 ;
; b[7]       ; result[7]   ; 5.404 ; 5.404 ; 5.404 ; 5.404 ;
; b[7]       ; result[8]   ; 5.467 ; 5.467 ; 5.467 ; 5.467 ;
; b[7]       ; result[9]   ; 6.197 ; 6.197 ; 6.197 ; 6.197 ;
; b[7]       ; result[10]  ; 5.733 ; 5.733 ; 5.733 ; 5.733 ;
; b[7]       ; result[11]  ; 6.915 ; 6.915 ; 6.915 ; 6.915 ;
; b[7]       ; result[12]  ; 5.594 ; 5.594 ; 5.594 ; 5.594 ;
; b[8]       ; result[8]   ; 5.618 ; 5.618 ; 5.618 ; 5.618 ;
; b[8]       ; result[9]   ; 6.451 ; 6.451 ; 6.451 ; 6.451 ;
; b[8]       ; result[10]  ; 5.987 ; 5.987 ; 5.987 ; 5.987 ;
; b[8]       ; result[11]  ; 7.169 ; 7.169 ; 7.169 ; 7.169 ;
; b[8]       ; result[12]  ; 5.848 ; 5.848 ; 5.848 ; 5.848 ;
; b[9]       ; result[9]   ; 6.085 ; 6.085 ; 6.085 ; 6.085 ;
; b[9]       ; result[10]  ; 5.724 ; 5.724 ; 5.724 ; 5.724 ;
; b[9]       ; result[11]  ; 6.906 ; 6.906 ; 6.906 ; 6.906 ;
; b[9]       ; result[12]  ; 5.585 ; 5.585 ; 5.585 ; 5.585 ;
; b[10]      ; result[10]  ; 5.762 ; 5.762 ; 5.762 ; 5.762 ;
; b[10]      ; result[11]  ; 7.047 ; 7.047 ; 7.047 ; 7.047 ;
; b[10]      ; result[12]  ; 5.726 ; 5.726 ; 5.726 ; 5.726 ;
; b[11]      ; result[11]  ; 6.921 ; 6.921 ; 6.921 ; 6.921 ;
; b[11]      ; result[12]  ; 5.703 ; 5.703 ; 5.703 ; 5.703 ;
; b[12]      ; result[12]  ; 5.279 ; 5.279 ; 5.279 ; 5.279 ;
+------------+-------------+-------+-------+-------+-------+


+----------------------------------------------------------------------------+
; Multicorner Timing Analysis Summary                                        ;
+------------------+-------+------+----------+---------+---------------------+
; Clock            ; Setup ; Hold ; Recovery ; Removal ; Minimum Pulse Width ;
+------------------+-------+------+----------+---------+---------------------+
; Worst-case Slack ; N/A   ; N/A  ; N/A      ; N/A     ; N/A                 ;
; Design-wide TNS  ; 0.0   ; 0.0  ; 0.0      ; 0.0     ; 0.0                 ;
+------------------+-------+------+----------+---------+---------------------+


+--------------------------------------------------------------+
; Progagation Delay                                            ;
+------------+-------------+--------+--------+--------+--------+
; Input Port ; Output Port ; RR     ; RF     ; FR     ; FF     ;
+------------+-------------+--------+--------+--------+--------+
; a[0]       ; result[0]   ; 6.307  ; 6.307  ; 6.307  ; 6.307  ;
; a[0]       ; result[1]   ; 6.509  ; 6.509  ; 6.509  ; 6.509  ;
; a[0]       ; result[2]   ; 6.542  ; 6.542  ; 6.542  ; 6.542  ;
; a[0]       ; result[3]   ; 7.131  ; 7.131  ; 7.131  ; 7.131  ;
; a[0]       ; result[4]   ; 6.916  ; 6.916  ; 6.916  ; 6.916  ;
; a[0]       ; result[5]   ; 6.755  ; 6.755  ; 6.755  ; 6.755  ;
; a[0]       ; result[6]   ; 6.846  ; 6.846  ; 6.846  ; 6.846  ;
; a[0]       ; result[7]   ; 6.948  ; 6.948  ; 6.948  ; 6.948  ;
; a[0]       ; result[8]   ; 6.838  ; 6.838  ; 6.838  ; 6.838  ;
; a[0]       ; result[9]   ; 8.439  ; 8.439  ; 8.439  ; 8.439  ;
; a[0]       ; result[10]  ; 7.420  ; 7.420  ; 7.420  ; 7.420  ;
; a[0]       ; result[11]  ; 9.832  ; 9.832  ; 9.832  ; 9.832  ;
; a[0]       ; result[12]  ; 7.108  ; 7.108  ; 7.108  ; 7.108  ;
; a[1]       ; result[1]   ; 10.351 ; 10.351 ; 10.351 ; 10.351 ;
; a[1]       ; result[2]   ; 10.699 ; 10.699 ; 10.699 ; 10.699 ;
; a[1]       ; result[3]   ; 11.288 ; 11.288 ; 11.288 ; 11.288 ;
; a[1]       ; result[4]   ; 11.073 ; 11.073 ; 11.073 ; 11.073 ;
; a[1]       ; result[5]   ; 10.912 ; 10.912 ; 10.912 ; 10.912 ;
; a[1]       ; result[6]   ; 11.003 ; 11.003 ; 11.003 ; 11.003 ;
; a[1]       ; result[7]   ; 11.105 ; 11.105 ; 11.105 ; 11.105 ;
; a[1]       ; result[8]   ; 10.995 ; 10.995 ; 10.995 ; 10.995 ;
; a[1]       ; result[9]   ; 12.596 ; 12.596 ; 12.596 ; 12.596 ;
; a[1]       ; result[10]  ; 11.577 ; 11.577 ; 11.577 ; 11.577 ;
; a[1]       ; result[11]  ; 13.989 ; 13.989 ; 13.989 ; 13.989 ;
; a[1]       ; result[12]  ; 11.265 ; 11.265 ; 11.265 ; 11.265 ;
; a[2]       ; result[2]   ; 10.351 ; 10.351 ; 10.351 ; 10.351 ;
; a[2]       ; result[3]   ; 11.255 ; 11.255 ; 11.255 ; 11.255 ;
; a[2]       ; result[4]   ; 11.040 ; 11.040 ; 11.040 ; 11.040 ;
; a[2]       ; result[5]   ; 10.879 ; 10.879 ; 10.879 ; 10.879 ;
; a[2]       ; result[6]   ; 10.970 ; 10.970 ; 10.970 ; 10.970 ;
; a[2]       ; result[7]   ; 11.072 ; 11.072 ; 11.072 ; 11.072 ;
; a[2]       ; result[8]   ; 10.962 ; 10.962 ; 10.962 ; 10.962 ;
; a[2]       ; result[9]   ; 12.563 ; 12.563 ; 12.563 ; 12.563 ;
; a[2]       ; result[10]  ; 11.544 ; 11.544 ; 11.544 ; 11.544 ;
; a[2]       ; result[11]  ; 13.956 ; 13.956 ; 13.956 ; 13.956 ;
; a[2]       ; result[12]  ; 11.232 ; 11.232 ; 11.232 ; 11.232 ;
; a[3]       ; result[3]   ; 10.433 ; 10.433 ; 10.433 ; 10.433 ;
; a[3]       ; result[4]   ; 10.533 ; 10.533 ; 10.533 ; 10.533 ;
; a[3]       ; result[5]   ; 10.372 ; 10.372 ; 10.372 ; 10.372 ;
; a[3]       ; result[6]   ; 10.463 ; 10.463 ; 10.463 ; 10.463 ;
; a[3]       ; result[7]   ; 10.565 ; 10.565 ; 10.565 ; 10.565 ;
; a[3]       ; result[8]   ; 10.455 ; 10.455 ; 10.455 ; 10.455 ;
; a[3]       ; result[9]   ; 12.056 ; 12.056 ; 12.056 ; 12.056 ;
; a[3]       ; result[10]  ; 11.037 ; 11.037 ; 11.037 ; 11.037 ;
; a[3]       ; result[11]  ; 13.449 ; 13.449 ; 13.449 ; 13.449 ;
; a[3]       ; result[12]  ; 10.725 ; 10.725 ; 10.725 ; 10.725 ;
; a[4]       ; result[4]   ; 10.117 ; 10.117 ; 10.117 ; 10.117 ;
; a[4]       ; result[5]   ; 10.268 ; 10.268 ; 10.268 ; 10.268 ;
; a[4]       ; result[6]   ; 10.359 ; 10.359 ; 10.359 ; 10.359 ;
; a[4]       ; result[7]   ; 10.461 ; 10.461 ; 10.461 ; 10.461 ;
; a[4]       ; result[8]   ; 10.351 ; 10.351 ; 10.351 ; 10.351 ;
; a[4]       ; result[9]   ; 11.952 ; 11.952 ; 11.952 ; 11.952 ;
; a[4]       ; result[10]  ; 10.933 ; 10.933 ; 10.933 ; 10.933 ;
; a[4]       ; result[11]  ; 13.345 ; 13.345 ; 13.345 ; 13.345 ;
; a[4]       ; result[12]  ; 10.621 ; 10.621 ; 10.621 ; 10.621 ;
; a[5]       ; result[5]   ; 10.096 ; 10.096 ; 10.096 ; 10.096 ;
; a[5]       ; result[6]   ; 10.502 ; 10.502 ; 10.502 ; 10.502 ;
; a[5]       ; result[7]   ; 10.604 ; 10.604 ; 10.604 ; 10.604 ;
; a[5]       ; result[8]   ; 10.494 ; 10.494 ; 10.494 ; 10.494 ;
; a[5]       ; result[9]   ; 12.095 ; 12.095 ; 12.095 ; 12.095 ;
; a[5]       ; result[10]  ; 11.076 ; 11.076 ; 11.076 ; 11.076 ;
; a[5]       ; result[11]  ; 13.488 ; 13.488 ; 13.488 ; 13.488 ;
; a[5]       ; result[12]  ; 10.764 ; 10.764 ; 10.764 ; 10.764 ;
; a[6]       ; result[6]   ; 9.951  ; 9.951  ; 9.951  ; 9.951  ;
; a[6]       ; result[7]   ; 10.368 ; 10.368 ; 10.368 ; 10.368 ;
; a[6]       ; result[8]   ; 10.258 ; 10.258 ; 10.258 ; 10.258 ;
; a[6]       ; result[9]   ; 11.859 ; 11.859 ; 11.859 ; 11.859 ;
; a[6]       ; result[10]  ; 10.840 ; 10.840 ; 10.840 ; 10.840 ;
; a[6]       ; result[11]  ; 13.252 ; 13.252 ; 13.252 ; 13.252 ;
; a[6]       ; result[12]  ; 10.528 ; 10.528 ; 10.528 ; 10.528 ;
; a[7]       ; result[7]   ; 9.979  ; 9.979  ; 9.979  ; 9.979  ;
; a[7]       ; result[8]   ; 10.189 ; 10.189 ; 10.189 ; 10.189 ;
; a[7]       ; result[9]   ; 11.790 ; 11.790 ; 11.790 ; 11.790 ;
; a[7]       ; result[10]  ; 10.771 ; 10.771 ; 10.771 ; 10.771 ;
; a[7]       ; result[11]  ; 13.183 ; 13.183 ; 13.183 ; 13.183 ;
; a[7]       ; result[12]  ; 10.459 ; 10.459 ; 10.459 ; 10.459 ;
; a[8]       ; result[8]   ; 9.912  ; 9.912  ; 9.912  ; 9.912  ;
; a[8]       ; result[9]   ; 11.828 ; 11.828 ; 11.828 ; 11.828 ;
; a[8]       ; result[10]  ; 10.809 ; 10.809 ; 10.809 ; 10.809 ;
; a[8]       ; result[11]  ; 13.221 ; 13.221 ; 13.221 ; 13.221 ;
; a[8]       ; result[12]  ; 10.497 ; 10.497 ; 10.497 ; 10.497 ;
; a[9]       ; result[9]   ; 11.957 ; 11.957 ; 11.957 ; 11.957 ;
; a[9]       ; result[10]  ; 11.253 ; 11.253 ; 11.253 ; 11.253 ;
; a[9]       ; result[11]  ; 13.665 ; 13.665 ; 13.665 ; 13.665 ;
; a[9]       ; result[12]  ; 10.941 ; 10.941 ; 10.941 ; 10.941 ;
; a[10]      ; result[10]  ; 10.506 ; 10.506 ; 10.506 ; 10.506 ;
; a[10]      ; result[11]  ; 13.233 ; 13.233 ; 13.233 ; 13.233 ;
; a[10]      ; result[12]  ; 10.509 ; 10.509 ; 10.509 ; 10.509 ;
; a[11]      ; result[11]  ; 12.472 ; 12.472 ; 12.472 ; 12.472 ;
; a[11]      ; result[12]  ; 10.063 ; 10.063 ; 10.063 ; 10.063 ;
; a[12]      ; result[12]  ; 9.626  ; 9.626  ; 9.626  ; 9.626  ;
; b[0]       ; result[0]   ; 6.351  ; 6.351  ; 6.351  ; 6.351  ;
; b[0]       ; result[1]   ; 6.557  ; 6.557  ; 6.557  ; 6.557  ;
; b[0]       ; result[2]   ; 6.590  ; 6.590  ; 6.590  ; 6.590  ;
; b[0]       ; result[3]   ; 7.179  ; 7.179  ; 7.179  ; 7.179  ;
; b[0]       ; result[4]   ; 6.964  ; 6.964  ; 6.964  ; 6.964  ;
; b[0]       ; result[5]   ; 6.803  ; 6.803  ; 6.803  ; 6.803  ;
; b[0]       ; result[6]   ; 6.894  ; 6.894  ; 6.894  ; 6.894  ;
; b[0]       ; result[7]   ; 6.996  ; 6.996  ; 6.996  ; 6.996  ;
; b[0]       ; result[8]   ; 6.886  ; 6.886  ; 6.886  ; 6.886  ;
; b[0]       ; result[9]   ; 8.487  ; 8.487  ; 8.487  ; 8.487  ;
; b[0]       ; result[10]  ; 7.468  ; 7.468  ; 7.468  ; 7.468  ;
; b[0]       ; result[11]  ; 9.880  ; 9.880  ; 9.880  ; 9.880  ;
; b[0]       ; result[12]  ; 7.156  ; 7.156  ; 7.156  ; 7.156  ;
; b[1]       ; result[1]   ; 10.416 ; 10.416 ; 10.416 ; 10.416 ;
; b[1]       ; result[2]   ; 10.765 ; 10.765 ; 10.765 ; 10.765 ;
; b[1]       ; result[3]   ; 11.354 ; 11.354 ; 11.354 ; 11.354 ;
; b[1]       ; result[4]   ; 11.139 ; 11.139 ; 11.139 ; 11.139 ;
; b[1]       ; result[5]   ; 10.978 ; 10.978 ; 10.978 ; 10.978 ;
; b[1]       ; result[6]   ; 11.069 ; 11.069 ; 11.069 ; 11.069 ;
; b[1]       ; result[7]   ; 11.171 ; 11.171 ; 11.171 ; 11.171 ;
; b[1]       ; result[8]   ; 11.061 ; 11.061 ; 11.061 ; 11.061 ;
; b[1]       ; result[9]   ; 12.662 ; 12.662 ; 12.662 ; 12.662 ;
; b[1]       ; result[10]  ; 11.643 ; 11.643 ; 11.643 ; 11.643 ;
; b[1]       ; result[11]  ; 14.055 ; 14.055 ; 14.055 ; 14.055 ;
; b[1]       ; result[12]  ; 11.331 ; 11.331 ; 11.331 ; 11.331 ;
; b[2]       ; result[2]   ; 9.934  ; 9.934  ; 9.934  ; 9.934  ;
; b[2]       ; result[3]   ; 10.835 ; 10.835 ; 10.835 ; 10.835 ;
; b[2]       ; result[4]   ; 10.620 ; 10.620 ; 10.620 ; 10.620 ;
; b[2]       ; result[5]   ; 10.459 ; 10.459 ; 10.459 ; 10.459 ;
; b[2]       ; result[6]   ; 10.550 ; 10.550 ; 10.550 ; 10.550 ;
; b[2]       ; result[7]   ; 10.652 ; 10.652 ; 10.652 ; 10.652 ;
; b[2]       ; result[8]   ; 10.542 ; 10.542 ; 10.542 ; 10.542 ;
; b[2]       ; result[9]   ; 12.143 ; 12.143 ; 12.143 ; 12.143 ;
; b[2]       ; result[10]  ; 11.124 ; 11.124 ; 11.124 ; 11.124 ;
; b[2]       ; result[11]  ; 13.536 ; 13.536 ; 13.536 ; 13.536 ;
; b[2]       ; result[12]  ; 10.812 ; 10.812 ; 10.812 ; 10.812 ;
; b[3]       ; result[3]   ; 10.398 ; 10.398 ; 10.398 ; 10.398 ;
; b[3]       ; result[4]   ; 10.499 ; 10.499 ; 10.499 ; 10.499 ;
; b[3]       ; result[5]   ; 10.338 ; 10.338 ; 10.338 ; 10.338 ;
; b[3]       ; result[6]   ; 10.429 ; 10.429 ; 10.429 ; 10.429 ;
; b[3]       ; result[7]   ; 10.531 ; 10.531 ; 10.531 ; 10.531 ;
; b[3]       ; result[8]   ; 10.421 ; 10.421 ; 10.421 ; 10.421 ;
; b[3]       ; result[9]   ; 12.022 ; 12.022 ; 12.022 ; 12.022 ;
; b[3]       ; result[10]  ; 11.003 ; 11.003 ; 11.003 ; 11.003 ;
; b[3]       ; result[11]  ; 13.415 ; 13.415 ; 13.415 ; 13.415 ;
; b[3]       ; result[12]  ; 10.691 ; 10.691 ; 10.691 ; 10.691 ;
; b[4]       ; result[4]   ; 10.338 ; 10.338 ; 10.338 ; 10.338 ;
; b[4]       ; result[5]   ; 10.492 ; 10.492 ; 10.492 ; 10.492 ;
; b[4]       ; result[6]   ; 10.583 ; 10.583 ; 10.583 ; 10.583 ;
; b[4]       ; result[7]   ; 10.685 ; 10.685 ; 10.685 ; 10.685 ;
; b[4]       ; result[8]   ; 10.575 ; 10.575 ; 10.575 ; 10.575 ;
; b[4]       ; result[9]   ; 12.176 ; 12.176 ; 12.176 ; 12.176 ;
; b[4]       ; result[10]  ; 11.157 ; 11.157 ; 11.157 ; 11.157 ;
; b[4]       ; result[11]  ; 13.569 ; 13.569 ; 13.569 ; 13.569 ;
; b[4]       ; result[12]  ; 10.845 ; 10.845 ; 10.845 ; 10.845 ;
; b[5]       ; result[5]   ; 9.848  ; 9.848  ; 9.848  ; 9.848  ;
; b[5]       ; result[6]   ; 10.255 ; 10.255 ; 10.255 ; 10.255 ;
; b[5]       ; result[7]   ; 10.357 ; 10.357 ; 10.357 ; 10.357 ;
; b[5]       ; result[8]   ; 10.247 ; 10.247 ; 10.247 ; 10.247 ;
; b[5]       ; result[9]   ; 11.848 ; 11.848 ; 11.848 ; 11.848 ;
; b[5]       ; result[10]  ; 10.829 ; 10.829 ; 10.829 ; 10.829 ;
; b[5]       ; result[11]  ; 13.241 ; 13.241 ; 13.241 ; 13.241 ;
; b[5]       ; result[12]  ; 10.517 ; 10.517 ; 10.517 ; 10.517 ;
; b[6]       ; result[6]   ; 9.615  ; 9.615  ; 9.615  ; 9.615  ;
; b[6]       ; result[7]   ; 10.029 ; 10.029 ; 10.029 ; 10.029 ;
; b[6]       ; result[8]   ; 9.919  ; 9.919  ; 9.919  ; 9.919  ;
; b[6]       ; result[9]   ; 11.520 ; 11.520 ; 11.520 ; 11.520 ;
; b[6]       ; result[10]  ; 10.501 ; 10.501 ; 10.501 ; 10.501 ;
; b[6]       ; result[11]  ; 12.913 ; 12.913 ; 12.913 ; 12.913 ;
; b[6]       ; result[12]  ; 10.189 ; 10.189 ; 10.189 ; 10.189 ;
; b[7]       ; result[7]   ; 9.731  ; 9.731  ; 9.731  ; 9.731  ;
; b[7]       ; result[8]   ; 9.938  ; 9.938  ; 9.938  ; 9.938  ;
; b[7]       ; result[9]   ; 11.539 ; 11.539 ; 11.539 ; 11.539 ;
; b[7]       ; result[10]  ; 10.520 ; 10.520 ; 10.520 ; 10.520 ;
; b[7]       ; result[11]  ; 12.932 ; 12.932 ; 12.932 ; 12.932 ;
; b[7]       ; result[12]  ; 10.208 ; 10.208 ; 10.208 ; 10.208 ;
; b[8]       ; result[8]   ; 10.148 ; 10.148 ; 10.148 ; 10.148 ;
; b[8]       ; result[9]   ; 12.061 ; 12.061 ; 12.061 ; 12.061 ;
; b[8]       ; result[10]  ; 11.042 ; 11.042 ; 11.042 ; 11.042 ;
; b[8]       ; result[11]  ; 13.454 ; 13.454 ; 13.454 ; 13.454 ;
; b[8]       ; result[12]  ; 10.730 ; 10.730 ; 10.730 ; 10.730 ;
; b[9]       ; result[9]   ; 11.217 ; 11.217 ; 11.217 ; 11.217 ;
; b[9]       ; result[10]  ; 10.514 ; 10.514 ; 10.514 ; 10.514 ;
; b[9]       ; result[11]  ; 12.926 ; 12.926 ; 12.926 ; 12.926 ;
; b[9]       ; result[12]  ; 10.202 ; 10.202 ; 10.202 ; 10.202 ;
; b[10]      ; result[10]  ; 10.554 ; 10.554 ; 10.554 ; 10.554 ;
; b[10]      ; result[11]  ; 13.278 ; 13.278 ; 13.278 ; 13.278 ;
; b[10]      ; result[12]  ; 10.554 ; 10.554 ; 10.554 ; 10.554 ;
; b[11]      ; result[11]  ; 12.822 ; 12.822 ; 12.822 ; 12.822 ;
; b[11]      ; result[12]  ; 10.414 ; 10.414 ; 10.414 ; 10.414 ;
; b[12]      ; result[12]  ; 9.421  ; 9.421  ; 9.421  ; 9.421  ;
+------------+-------------+--------+--------+--------+--------+


+----------------------------------------------------------+
; Minimum Progagation Delay                                ;
+------------+-------------+-------+-------+-------+-------+
; Input Port ; Output Port ; RR    ; RF    ; FR    ; FF    ;
+------------+-------------+-------+-------+-------+-------+
; a[0]       ; result[0]   ; 3.214 ; 3.214 ; 3.214 ; 3.214 ;
; a[0]       ; result[1]   ; 3.282 ; 3.282 ; 3.282 ; 3.282 ;
; a[0]       ; result[2]   ; 3.288 ; 3.288 ; 3.288 ; 3.288 ;
; a[0]       ; result[3]   ; 3.575 ; 3.575 ; 3.575 ; 3.575 ;
; a[0]       ; result[4]   ; 3.466 ; 3.466 ; 3.466 ; 3.466 ;
; a[0]       ; result[5]   ; 3.383 ; 3.383 ; 3.383 ; 3.383 ;
; a[0]       ; result[6]   ; 3.435 ; 3.435 ; 3.435 ; 3.435 ;
; a[0]       ; result[7]   ; 3.497 ; 3.497 ; 3.497 ; 3.497 ;
; a[0]       ; result[8]   ; 3.460 ; 3.460 ; 3.460 ; 3.460 ;
; a[0]       ; result[9]   ; 4.190 ; 4.190 ; 4.190 ; 4.190 ;
; a[0]       ; result[10]  ; 3.726 ; 3.726 ; 3.726 ; 3.726 ;
; a[0]       ; result[11]  ; 4.908 ; 4.908 ; 4.908 ; 4.908 ;
; a[0]       ; result[12]  ; 3.587 ; 3.587 ; 3.587 ; 3.587 ;
; a[1]       ; result[1]   ; 5.724 ; 5.724 ; 5.724 ; 5.724 ;
; a[1]       ; result[2]   ; 5.835 ; 5.835 ; 5.835 ; 5.835 ;
; a[1]       ; result[3]   ; 6.122 ; 6.122 ; 6.122 ; 6.122 ;
; a[1]       ; result[4]   ; 6.013 ; 6.013 ; 6.013 ; 6.013 ;
; a[1]       ; result[5]   ; 5.930 ; 5.930 ; 5.930 ; 5.930 ;
; a[1]       ; result[6]   ; 5.982 ; 5.982 ; 5.982 ; 5.982 ;
; a[1]       ; result[7]   ; 6.044 ; 6.044 ; 6.044 ; 6.044 ;
; a[1]       ; result[8]   ; 6.007 ; 6.007 ; 6.007 ; 6.007 ;
; a[1]       ; result[9]   ; 6.737 ; 6.737 ; 6.737 ; 6.737 ;
; a[1]       ; result[10]  ; 6.273 ; 6.273 ; 6.273 ; 6.273 ;
; a[1]       ; result[11]  ; 7.455 ; 7.455 ; 7.455 ; 7.455 ;
; a[1]       ; result[12]  ; 6.134 ; 6.134 ; 6.134 ; 6.134 ;
; a[2]       ; result[2]   ; 5.688 ; 5.688 ; 5.688 ; 5.688 ;
; a[2]       ; result[3]   ; 6.080 ; 6.080 ; 6.080 ; 6.080 ;
; a[2]       ; result[4]   ; 5.971 ; 5.971 ; 5.971 ; 5.971 ;
; a[2]       ; result[5]   ; 5.888 ; 5.888 ; 5.888 ; 5.888 ;
; a[2]       ; result[6]   ; 5.940 ; 5.940 ; 5.940 ; 5.940 ;
; a[2]       ; result[7]   ; 6.002 ; 6.002 ; 6.002 ; 6.002 ;
; a[2]       ; result[8]   ; 5.965 ; 5.965 ; 5.965 ; 5.965 ;
; a[2]       ; result[9]   ; 6.695 ; 6.695 ; 6.695 ; 6.695 ;
; a[2]       ; result[10]  ; 6.231 ; 6.231 ; 6.231 ; 6.231 ;
; a[2]       ; result[11]  ; 7.413 ; 7.413 ; 7.413 ; 7.413 ;
; a[2]       ; result[12]  ; 6.092 ; 6.092 ; 6.092 ; 6.092 ;
; a[3]       ; result[3]   ; 5.734 ; 5.734 ; 5.734 ; 5.734 ;
; a[3]       ; result[4]   ; 5.730 ; 5.730 ; 5.730 ; 5.730 ;
; a[3]       ; result[5]   ; 5.647 ; 5.647 ; 5.647 ; 5.647 ;
; a[3]       ; result[6]   ; 5.699 ; 5.699 ; 5.699 ; 5.699 ;
; a[3]       ; result[7]   ; 5.761 ; 5.761 ; 5.761 ; 5.761 ;
; a[3]       ; result[8]   ; 5.724 ; 5.724 ; 5.724 ; 5.724 ;
; a[3]       ; result[9]   ; 6.454 ; 6.454 ; 6.454 ; 6.454 ;
; a[3]       ; result[10]  ; 5.990 ; 5.990 ; 5.990 ; 5.990 ;
; a[3]       ; result[11]  ; 7.172 ; 7.172 ; 7.172 ; 7.172 ;
; a[3]       ; result[12]  ; 5.851 ; 5.851 ; 5.851 ; 5.851 ;
; a[4]       ; result[4]   ; 5.573 ; 5.573 ; 5.573 ; 5.573 ;
; a[4]       ; result[5]   ; 5.593 ; 5.593 ; 5.593 ; 5.593 ;
; a[4]       ; result[6]   ; 5.645 ; 5.645 ; 5.645 ; 5.645 ;
; a[4]       ; result[7]   ; 5.707 ; 5.707 ; 5.707 ; 5.707 ;
; a[4]       ; result[8]   ; 5.670 ; 5.670 ; 5.670 ; 5.670 ;
; a[4]       ; result[9]   ; 6.400 ; 6.400 ; 6.400 ; 6.400 ;
; a[4]       ; result[10]  ; 5.936 ; 5.936 ; 5.936 ; 5.936 ;
; a[4]       ; result[11]  ; 7.118 ; 7.118 ; 7.118 ; 7.118 ;
; a[4]       ; result[12]  ; 5.797 ; 5.797 ; 5.797 ; 5.797 ;
; a[5]       ; result[5]   ; 5.534 ; 5.534 ; 5.534 ; 5.534 ;
; a[5]       ; result[6]   ; 5.691 ; 5.691 ; 5.691 ; 5.691 ;
; a[5]       ; result[7]   ; 5.753 ; 5.753 ; 5.753 ; 5.753 ;
; a[5]       ; result[8]   ; 5.716 ; 5.716 ; 5.716 ; 5.716 ;
; a[5]       ; result[9]   ; 6.446 ; 6.446 ; 6.446 ; 6.446 ;
; a[5]       ; result[10]  ; 5.982 ; 5.982 ; 5.982 ; 5.982 ;
; a[5]       ; result[11]  ; 7.164 ; 7.164 ; 7.164 ; 7.164 ;
; a[5]       ; result[12]  ; 5.843 ; 5.843 ; 5.843 ; 5.843 ;
; a[6]       ; result[6]   ; 5.497 ; 5.497 ; 5.497 ; 5.497 ;
; a[6]       ; result[7]   ; 5.664 ; 5.664 ; 5.664 ; 5.664 ;
; a[6]       ; result[8]   ; 5.627 ; 5.627 ; 5.627 ; 5.627 ;
; a[6]       ; result[9]   ; 6.357 ; 6.357 ; 6.357 ; 6.357 ;
; a[6]       ; result[10]  ; 5.893 ; 5.893 ; 5.893 ; 5.893 ;
; a[6]       ; result[11]  ; 7.075 ; 7.075 ; 7.075 ; 7.075 ;
; a[6]       ; result[12]  ; 5.754 ; 5.754 ; 5.754 ; 5.754 ;
; a[7]       ; result[7]   ; 5.549 ; 5.549 ; 5.549 ; 5.549 ;
; a[7]       ; result[8]   ; 5.611 ; 5.611 ; 5.611 ; 5.611 ;
; a[7]       ; result[9]   ; 6.341 ; 6.341 ; 6.341 ; 6.341 ;
; a[7]       ; result[10]  ; 5.877 ; 5.877 ; 5.877 ; 5.877 ;
; a[7]       ; result[11]  ; 7.059 ; 7.059 ; 7.059 ; 7.059 ;
; a[7]       ; result[12]  ; 5.738 ; 5.738 ; 5.738 ; 5.738 ;
; a[8]       ; result[8]   ; 5.470 ; 5.470 ; 5.470 ; 5.470 ;
; a[8]       ; result[9]   ; 6.305 ; 6.305 ; 6.305 ; 6.305 ;
; a[8]       ; result[10]  ; 5.841 ; 5.841 ; 5.841 ; 5.841 ;
; a[8]       ; result[11]  ; 7.023 ; 7.023 ; 7.023 ; 7.023 ;
; a[8]       ; result[12]  ; 5.702 ; 5.702 ; 5.702 ; 5.702 ;
; a[9]       ; result[9]   ; 6.444 ; 6.444 ; 6.444 ; 6.444 ;
; a[9]       ; result[10]  ; 6.085 ; 6.085 ; 6.085 ; 6.085 ;
; a[9]       ; result[11]  ; 7.267 ; 7.267 ; 7.267 ; 7.267 ;
; a[9]       ; result[12]  ; 5.946 ; 5.946 ; 5.946 ; 5.946 ;
; a[10]      ; result[10]  ; 5.771 ; 5.771 ; 5.771 ; 5.771 ;
; a[10]      ; result[11]  ; 7.058 ; 7.058 ; 7.058 ; 7.058 ;
; a[10]      ; result[12]  ; 5.737 ; 5.737 ; 5.737 ; 5.737 ;
; a[11]      ; result[11]  ; 6.724 ; 6.724 ; 6.724 ; 6.724 ;
; a[11]      ; result[12]  ; 5.508 ; 5.508 ; 5.508 ; 5.508 ;
; a[12]      ; result[12]  ; 5.344 ; 5.344 ; 5.344 ; 5.344 ;
; b[0]       ; result[0]   ; 3.230 ; 3.230 ; 3.230 ; 3.230 ;
; b[0]       ; result[1]   ; 3.303 ; 3.303 ; 3.303 ; 3.303 ;
; b[0]       ; result[2]   ; 3.309 ; 3.309 ; 3.309 ; 3.309 ;
; b[0]       ; result[3]   ; 3.596 ; 3.596 ; 3.596 ; 3.596 ;
; b[0]       ; result[4]   ; 3.487 ; 3.487 ; 3.487 ; 3.487 ;
; b[0]       ; result[5]   ; 3.404 ; 3.404 ; 3.404 ; 3.404 ;
; b[0]       ; result[6]   ; 3.456 ; 3.456 ; 3.456 ; 3.456 ;
; b[0]       ; result[7]   ; 3.518 ; 3.518 ; 3.518 ; 3.518 ;
; b[0]       ; result[8]   ; 3.481 ; 3.481 ; 3.481 ; 3.481 ;
; b[0]       ; result[9]   ; 4.211 ; 4.211 ; 4.211 ; 4.211 ;
; b[0]       ; result[10]  ; 3.747 ; 3.747 ; 3.747 ; 3.747 ;
; b[0]       ; result[11]  ; 4.929 ; 4.929 ; 4.929 ; 4.929 ;
; b[0]       ; result[12]  ; 3.608 ; 3.608 ; 3.608 ; 3.608 ;
; b[1]       ; result[1]   ; 5.761 ; 5.761 ; 5.761 ; 5.761 ;
; b[1]       ; result[2]   ; 5.870 ; 5.870 ; 5.870 ; 5.870 ;
; b[1]       ; result[3]   ; 6.157 ; 6.157 ; 6.157 ; 6.157 ;
; b[1]       ; result[4]   ; 6.048 ; 6.048 ; 6.048 ; 6.048 ;
; b[1]       ; result[5]   ; 5.965 ; 5.965 ; 5.965 ; 5.965 ;
; b[1]       ; result[6]   ; 6.017 ; 6.017 ; 6.017 ; 6.017 ;
; b[1]       ; result[7]   ; 6.079 ; 6.079 ; 6.079 ; 6.079 ;
; b[1]       ; result[8]   ; 6.042 ; 6.042 ; 6.042 ; 6.042 ;
; b[1]       ; result[9]   ; 6.772 ; 6.772 ; 6.772 ; 6.772 ;
; b[1]       ; result[10]  ; 6.308 ; 6.308 ; 6.308 ; 6.308 ;
; b[1]       ; result[11]  ; 7.490 ; 7.490 ; 7.490 ; 7.490 ;
; b[1]       ; result[12]  ; 6.169 ; 6.169 ; 6.169 ; 6.169 ;
; b[2]       ; result[2]   ; 5.502 ; 5.502 ; 5.502 ; 5.502 ;
; b[2]       ; result[3]   ; 5.892 ; 5.892 ; 5.892 ; 5.892 ;
; b[2]       ; result[4]   ; 5.783 ; 5.783 ; 5.783 ; 5.783 ;
; b[2]       ; result[5]   ; 5.700 ; 5.700 ; 5.700 ; 5.700 ;
; b[2]       ; result[6]   ; 5.752 ; 5.752 ; 5.752 ; 5.752 ;
; b[2]       ; result[7]   ; 5.814 ; 5.814 ; 5.814 ; 5.814 ;
; b[2]       ; result[8]   ; 5.777 ; 5.777 ; 5.777 ; 5.777 ;
; b[2]       ; result[9]   ; 6.507 ; 6.507 ; 6.507 ; 6.507 ;
; b[2]       ; result[10]  ; 6.043 ; 6.043 ; 6.043 ; 6.043 ;
; b[2]       ; result[11]  ; 7.225 ; 7.225 ; 7.225 ; 7.225 ;
; b[2]       ; result[12]  ; 5.904 ; 5.904 ; 5.904 ; 5.904 ;
; b[3]       ; result[3]   ; 5.725 ; 5.725 ; 5.725 ; 5.725 ;
; b[3]       ; result[4]   ; 5.719 ; 5.719 ; 5.719 ; 5.719 ;
; b[3]       ; result[5]   ; 5.636 ; 5.636 ; 5.636 ; 5.636 ;
; b[3]       ; result[6]   ; 5.688 ; 5.688 ; 5.688 ; 5.688 ;
; b[3]       ; result[7]   ; 5.750 ; 5.750 ; 5.750 ; 5.750 ;
; b[3]       ; result[8]   ; 5.713 ; 5.713 ; 5.713 ; 5.713 ;
; b[3]       ; result[9]   ; 6.443 ; 6.443 ; 6.443 ; 6.443 ;
; b[3]       ; result[10]  ; 5.979 ; 5.979 ; 5.979 ; 5.979 ;
; b[3]       ; result[11]  ; 7.161 ; 7.161 ; 7.161 ; 7.161 ;
; b[3]       ; result[12]  ; 5.840 ; 5.840 ; 5.840 ; 5.840 ;
; b[4]       ; result[4]   ; 5.660 ; 5.660 ; 5.660 ; 5.660 ;
; b[4]       ; result[5]   ; 5.682 ; 5.682 ; 5.682 ; 5.682 ;
; b[4]       ; result[6]   ; 5.734 ; 5.734 ; 5.734 ; 5.734 ;
; b[4]       ; result[7]   ; 5.796 ; 5.796 ; 5.796 ; 5.796 ;
; b[4]       ; result[8]   ; 5.759 ; 5.759 ; 5.759 ; 5.759 ;
; b[4]       ; result[9]   ; 6.489 ; 6.489 ; 6.489 ; 6.489 ;
; b[4]       ; result[10]  ; 6.025 ; 6.025 ; 6.025 ; 6.025 ;
; b[4]       ; result[11]  ; 7.207 ; 7.207 ; 7.207 ; 7.207 ;
; b[4]       ; result[12]  ; 5.886 ; 5.886 ; 5.886 ; 5.886 ;
; b[5]       ; result[5]   ; 5.427 ; 5.427 ; 5.427 ; 5.427 ;
; b[5]       ; result[6]   ; 5.582 ; 5.582 ; 5.582 ; 5.582 ;
; b[5]       ; result[7]   ; 5.644 ; 5.644 ; 5.644 ; 5.644 ;
; b[5]       ; result[8]   ; 5.607 ; 5.607 ; 5.607 ; 5.607 ;
; b[5]       ; result[9]   ; 6.337 ; 6.337 ; 6.337 ; 6.337 ;
; b[5]       ; result[10]  ; 5.873 ; 5.873 ; 5.873 ; 5.873 ;
; b[5]       ; result[11]  ; 7.055 ; 7.055 ; 7.055 ; 7.055 ;
; b[5]       ; result[12]  ; 5.734 ; 5.734 ; 5.734 ; 5.734 ;
; b[6]       ; result[6]   ; 5.345 ; 5.345 ; 5.345 ; 5.345 ;
; b[6]       ; result[7]   ; 5.510 ; 5.510 ; 5.510 ; 5.510 ;
; b[6]       ; result[8]   ; 5.473 ; 5.473 ; 5.473 ; 5.473 ;
; b[6]       ; result[9]   ; 6.203 ; 6.203 ; 6.203 ; 6.203 ;
; b[6]       ; result[10]  ; 5.739 ; 5.739 ; 5.739 ; 5.739 ;
; b[6]       ; result[11]  ; 6.921 ; 6.921 ; 6.921 ; 6.921 ;
; b[6]       ; result[12]  ; 5.600 ; 5.600 ; 5.600 ; 5.600 ;
; b[7]       ; result[7]   ; 5.404 ; 5.404 ; 5.404 ; 5.404 ;
; b[7]       ; result[8]   ; 5.467 ; 5.467 ; 5.467 ; 5.467 ;
; b[7]       ; result[9]   ; 6.197 ; 6.197 ; 6.197 ; 6.197 ;
; b[7]       ; result[10]  ; 5.733 ; 5.733 ; 5.733 ; 5.733 ;
; b[7]       ; result[11]  ; 6.915 ; 6.915 ; 6.915 ; 6.915 ;
; b[7]       ; result[12]  ; 5.594 ; 5.594 ; 5.594 ; 5.594 ;
; b[8]       ; result[8]   ; 5.618 ; 5.618 ; 5.618 ; 5.618 ;
; b[8]       ; result[9]   ; 6.451 ; 6.451 ; 6.451 ; 6.451 ;
; b[8]       ; result[10]  ; 5.987 ; 5.987 ; 5.987 ; 5.987 ;
; b[8]       ; result[11]  ; 7.169 ; 7.169 ; 7.169 ; 7.169 ;
; b[8]       ; result[12]  ; 5.848 ; 5.848 ; 5.848 ; 5.848 ;
; b[9]       ; result[9]   ; 6.085 ; 6.085 ; 6.085 ; 6.085 ;
; b[9]       ; result[10]  ; 5.724 ; 5.724 ; 5.724 ; 5.724 ;
; b[9]       ; result[11]  ; 6.906 ; 6.906 ; 6.906 ; 6.906 ;
; b[9]       ; result[12]  ; 5.585 ; 5.585 ; 5.585 ; 5.585 ;
; b[10]      ; result[10]  ; 5.762 ; 5.762 ; 5.762 ; 5.762 ;
; b[10]      ; result[11]  ; 7.047 ; 7.047 ; 7.047 ; 7.047 ;
; b[10]      ; result[12]  ; 5.726 ; 5.726 ; 5.726 ; 5.726 ;
; b[11]      ; result[11]  ; 6.921 ; 6.921 ; 6.921 ; 6.921 ;
; b[11]      ; result[12]  ; 5.703 ; 5.703 ; 5.703 ; 5.703 ;
; b[12]      ; result[12]  ; 5.279 ; 5.279 ; 5.279 ; 5.279 ;
+------------+-------------+-------+-------+-------+-------+


-------------------
; Clock Transfers ;
-------------------
Nothing to report.


---------------
; Report TCCS ;
---------------
No dedicated SERDES Transmitter circuitry present in device or used in design


---------------
; Report RSKM ;
---------------
No dedicated SERDES Receiver circuitry present in device or used in design


+------------------------------------------------+
; Unconstrained Paths                            ;
+---------------------------------+-------+------+
; Property                        ; Setup ; Hold ;
+---------------------------------+-------+------+
; Illegal Clocks                  ; 0     ; 0    ;
; Unconstrained Clocks            ; 0     ; 0    ;
; Unconstrained Input Ports       ; 26    ; 26   ;
; Unconstrained Input Port Paths  ; 182   ; 182  ;
; Unconstrained Output Ports      ; 13    ; 13   ;
; Unconstrained Output Port Paths ; 182   ; 182  ;
+---------------------------------+-------+------+


+------------------------------------+
; TimeQuest Timing Analyzer Messages ;
+------------------------------------+
Info: *******************************************************************
Info: Running Quartus II 64-Bit TimeQuest Timing Analyzer
    Info: Version 13.0.1 Build 232 06/12/2013 Service Pack 1 SJ Web Edition
    Info: Processing started: Fri Jun 20 14:36:55 2025
Info: Command: quartus_sta Somador -c Somador
Info: qsta_default_script.tcl version: #1
Warning (20028): Parallel compilation is not licensed and has been disabled
Info (21077): Low junction temperature is 0 degrees C
Info (21077): High junction temperature is 85 degrees C
Critical Warning (332012): Synopsys Design Constraints File file not found: 'Somador.sdc'. A Synopsys Design Constraints File is required by the TimeQuest Timing Analyzer to get proper timing constraints. Without it, the Compiler will not properly optimize the design.
Info (332142): No user constrained base clocks found in the design. Calling "derive_clocks -period 1.0"
Info (332096): The command derive_clocks did not find any clocks to derive.  No clocks were created or changed.
Warning (332068): No clocks defined in design.
Info: Found TIMEQUEST_REPORT_SCRIPT_INCLUDE_DEFAULT_ANALYSIS = ON
Info (332159): No clocks to report
Info: Analyzing Slow Model
Info (332140): No fmax paths to report
Info (332140): No Setup paths to report
Info (332140): No Hold paths to report
Info (332140): No Recovery paths to report
Info (332140): No Removal paths to report
Info (332140): No Minimum Pulse Width paths to report
Info (332001): The selected device family is not supported by the report_metastability command.
Info: Analyzing Fast Model
Info (332142): No user constrained base clocks found in the design. Calling "derive_clocks -period 1.0"
Info (332096): The command derive_clocks did not find any clocks to derive.  No clocks were created or changed.
Warning (332068): No clocks defined in design.
Info (332140): No Setup paths to report
Info (332140): No Hold paths to report
Info (332140): No Recovery paths to report
Info (332140): No Removal paths to report
Info (332140): No Minimum Pulse Width paths to report
Info (332001): The selected device family is not supported by the report_metastability command.
Info (332102): Design is not fully constrained for setup requirements
Info (332102): Design is not fully constrained for hold requirements
Info: Quartus II 64-Bit TimeQuest Timing Analyzer was successful. 0 errors, 4 warnings
    Info: Peak virtual memory: 4542 megabytes
    Info: Processing ended: Fri Jun 20 14:36:56 2025
    Info: Elapsed time: 00:00:01
    Info: Total CPU time (on all processors): 00:00:01


