Analysis & Synthesis report for RegFile
Fri Jun 20 15:57:49 2025
Quartus II 64-Bit Version 13.0.1 Build 232 06/12/2013 Service Pack 1 SJ Web Edition


---------------------
; Table of Contents ;
---------------------
  1. Legal Notice
  2. Analysis & Synthesis Summary
  3. Analysis & Synthesis Settings
  4. Parallel Compilation
  5. Analysis & Synthesis Source Files Read
  6. Analysis & Synthesis Resource Usage Summary
  7. Analysis & Synthesis Resource Utilization by Entity
  8. Registers Removed During Synthesis
  9. General Register Statistics
 10. Multiplexer Restructuring Statistics (Restructuring Performed)
 11. Parameter Settings for User Entity Instance: Top-level Entity: |RegFile
 12. Parameter Settings for User Entity Instance: RegW:reg00
 13. Parameter Settings for User Entity Instance: RegW:reg01
 14. Parameter Settings for User Entity Instance: RegW:reg02
 15. Parameter Settings for User Entity Instance: RegW:reg03
 16. Parameter Settings for User Entity Instance: RegW:reg04
 17. Parameter Settings for User Entity Instance: RegW:reg05
 18. Parameter Settings for User Entity Instance: RegW:reg06
 19. Parameter Settings for User Entity Instance: RegW:reg07
 20. Parameter Settings for User Entity Instance: RegW:reg08
 21. Parameter Settings for User Entity Instance: RegW:reg09
 22. Parameter Settings for User Entity Instance: RegW:reg10
 23. Parameter Settings for User Entity Instance: RegW:reg11
 24. Parameter Settings for User Entity Instance: RegW:reg12
 25. Parameter Settings for User Entity Instance: RegW:reg13
 26. Parameter Settings for User Entity Instance: RegW:reg14
 27. Parameter Settings for User Entity Instance: RegW:reg15
 28. Parameter Settings for User Entity Instance: MUX_16x1_13bits:myMUX
 29. Port Connectivity Checks: "RegW:reg15"
 30. Port Connectivity Checks: "RegW:reg14"
 31. Port Connectivity Checks: "RegW:reg13"
 32. Port Connectivity Checks: "RegW:reg12"
 33. Port Connectivity Checks: "RegW:reg11"
 34. Port Connectivity Checks: "RegW:reg10"
 35. Port Connectivity Checks: "RegW:reg09"
 36. Port Connectivity Checks: "RegW:reg08"
 37. Port Connectivity Checks: "RegW:reg07"
 38. Port Connectivity Checks: "RegW:reg06"
 39. Port Connectivity Checks: "RegW:reg05"
 40. Port Connectivity Checks: "RegW:reg04"
 41. Port Connectivity Checks: "RegW:reg03"
 42. Port Connectivity Checks: "RegW:reg02"
 43. Port Connectivity Checks: "RegW:reg01"
 44. Port Connectivity Checks: "RegW:reg00"
 45. Elapsed Time Per Partition
 46. Analysis & Synthesis Messages



----------------
; Legal Notice ;
----------------
Copyright (C) 1991-2013 Altera Corporation
Your use of Altera Corporation's design tools, logic functions 
and other software and tools, and its AMPP partner logic 
functions, and any output files from any of the foregoing 
(including device programming or simulation files), and any 
associated documentation or information are expressly subject 
to the terms and conditions of the Altera Program License 
Subscription Agreement, Altera MegaCore Function License 
Agreement, or other applicable license agreement, including, 
without limitation, that your use is for the sole purpose of 
programming logic devices manufactured by Altera and sold by 
Altera or its authorized distributors.  Please refer to the 
applicable agreement for further details.



+--------------------------------------------------------------------------------------+
; Analysis & Synthesis Summary                                                         ;
+------------------------------------+-------------------------------------------------+
; Analysis & Synthesis Status        ; Successful - Fri Jun 20 15:57:49 2025           ;
; Quartus II 64-Bit Version          ; 13.0.1 Build 232 06/12/2013 SP 1 SJ Web Edition ;
; Revision Name                      ; RegFile                                         ;
; Top-level Entity Name              ; RegFile                                         ;
; Family                             ; Cyclone II                                      ;
; Total logic elements               ; 27                                              ;
;     Total combinational functions  ; 26                                              ;
;     Dedicated logic registers      ; 1                                               ;
; Total registers                    ; 1                                               ;
; Total pins                         ; 18                                              ;
; Total virtual pins                 ; 0                                               ;
; Total memory bits                  ; 0                                               ;
; Embedded Multiplier 9-bit elements ; 0                                               ;
; Total PLLs                         ; 0                                               ;
+------------------------------------+-------------------------------------------------+


+----------------------------------------------------------------------------------------------------------------------+
; Analysis & Synthesis Settings                                                                                        ;
+----------------------------------------------------------------------------+--------------------+--------------------+
; Option                                                                     ; Setting            ; Default Value      ;
+----------------------------------------------------------------------------+--------------------+--------------------+
; Device                                                                     ; EP2C35F672C6       ;                    ;
; Top-level entity name                                                      ; RegFile            ; RegFile            ;
; Family name                                                                ; Cyclone II         ; Cyclone IV GX      ;
; Use smart compilation                                                      ; Off                ; Off                ;
; Enable parallel Assembler and TimeQuest Timing Analyzer during compilation ; On                 ; On                 ;
; Enable compact report table                                                ; Off                ; Off                ;
; Restructure Multiplexers                                                   ; Auto               ; Auto               ;
; Create Debugging Nodes for IP Cores                                        ; Off                ; Off                ;
; Preserve fewer node names                                                  ; On                 ; On                 ;
; Disable OpenCore Plus hardware evaluation                                  ; Off                ; Off                ;
; Verilog Version                                                            ; Verilog_2001       ; Verilog_2001       ;
; VHDL Version                                                               ; VHDL_1993          ; VHDL_1993          ;
; State Machine Processing                                                   ; Auto               ; Auto               ;
; Safe State Machine                                                         ; Off                ; Off                ;
; Extract Verilog State Machines                                             ; On                 ; On                 ;
; Extract VHDL State Machines                                                ; On                 ; On                 ;
; Ignore Verilog initial constructs                                          ; Off                ; Off                ;
; Iteration limit for constant Verilog loops                                 ; 5000               ; 5000               ;
; Iteration limit for non-constant Verilog loops                             ; 250                ; 250                ;
; Add Pass-Through Logic to Inferred RAMs                                    ; On                 ; On                 ;
; Infer RAMs from Raw Logic                                                  ; On                 ; On                 ;
; Parallel Synthesis                                                         ; On                 ; On                 ;
; DSP Block Balancing                                                        ; Auto               ; Auto               ;
; NOT Gate Push-Back                                                         ; On                 ; On                 ;
; Power-Up Don't Care                                                        ; On                 ; On                 ;
; Remove Redundant Logic Cells                                               ; Off                ; Off                ;
; Remove Duplicate Registers                                                 ; On                 ; On                 ;
; Ignore CARRY Buffers                                                       ; Off                ; Off                ;
; Ignore CASCADE Buffers                                                     ; Off                ; Off                ;
; Ignore GLOBAL Buffers                                                      ; Off                ; Off                ;
; Ignore ROW GLOBAL Buffers                                                  ; Off                ; Off                ;
; Ignore LCELL Buffers                                                       ; Off                ; Off                ;
; Ignore SOFT Buffers                                                        ; On                 ; On                 ;
; Limit AHDL Integers to 32 Bits                                             ; Off                ; Off                ;
; Optimization Technique                                                     ; Balanced           ; Balanced           ;
; Carry Chain Length                                                         ; 70                 ; 70                 ;
; Auto Carry Chains                                                          ; On                 ; On                 ;
; Auto Open-Drain Pins                                                       ; On                 ; On                 ;
; Perform WYSIWYG Primitive Resynthesis                                      ; Off                ; Off                ;
; Auto ROM Replacement                                                       ; On                 ; On                 ;
; Auto RAM Replacement                                                       ; On                 ; On                 ;
; Auto Shift Register Replacement                                            ; Auto               ; Auto               ;
; Allow Shift Register Merging across Hierarchies                            ; Auto               ; Auto               ;
; Auto Clock Enable Replacement                                              ; On                 ; On                 ;
; Strict RAM Replacement                                                     ; Off                ; Off                ;
; Allow Synchronous Control Signals                                          ; On                 ; On                 ;
; Force Use of Synchronous Clear Signals                                     ; Off                ; Off                ;
; Auto RAM to Logic Cell Conversion                                          ; Off                ; Off                ;
; Auto Resource Sharing                                                      ; Off                ; Off                ;
; Allow Any RAM Size For Recognition                                         ; Off                ; Off                ;
; Allow Any ROM Size For Recognition                                         ; Off                ; Off                ;
; Allow Any Shift Register Size For Recognition                              ; Off                ; Off                ;
; Use LogicLock Constraints during Resource Balancing                        ; On                 ; On                 ;
; Ignore translate_off and synthesis_off directives                          ; Off                ; Off                ;
; Timing-Driven Synthesis                                                    ; Off                ; Off                ;
; Report Parameter Settings                                                  ; On                 ; On                 ;
; Report Source Assignments                                                  ; On                 ; On                 ;
; Report Connectivity Checks                                                 ; On                 ; On                 ;
; Ignore Maximum Fan-Out Assignments                                         ; Off                ; Off                ;
; Synchronization Register Chain Length                                      ; 2                  ; 2                  ;
; PowerPlay Power Optimization                                               ; Normal compilation ; Normal compilation ;
; HDL message level                                                          ; Level2             ; Level2             ;
; Suppress Register Optimization Related Messages                            ; Off                ; Off                ;
; Number of Removed Registers Reported in Synthesis Report                   ; 5000               ; 5000               ;
; Number of Swept Nodes Reported in Synthesis Report                         ; 5000               ; 5000               ;
; Number of Inverted Registers Reported in Synthesis Report                  ; 100                ; 100                ;
; Clock MUX Protection                                                       ; On                 ; On                 ;
; Auto Gated Clock Conversion                                                ; Off                ; Off                ;
; Block Design Naming                                                        ; Auto               ; Auto               ;
; SDC constraint protection                                                  ; Off                ; Off                ;
; Synthesis Effort                                                           ; Auto               ; Auto               ;
; Shift Register Replacement - Allow Asynchronous Clear Signal               ; On                 ; On                 ;
; Pre-Mapping Resynthesis Optimization                                       ; Off                ; Off                ;
; Analysis & Synthesis Message Level                                         ; Medium             ; Medium             ;
; Disable Register Merging Across Hierarchies                                ; Auto               ; Auto               ;
; Resource Aware Inference For Block RAM                                     ; On                 ; On                 ;
; Synthesis Seed                                                             ; 1                  ; 1                  ;
+----------------------------------------------------------------------------+--------------------+--------------------+


Parallel compilation was disabled, but you have multiple processors available. Enable parallel compilation to reduce compilation time.
+-------------------------------------+
; Parallel Compilation                ;
+----------------------------+--------+
; Processors                 ; Number ;
+----------------------------+--------+
; Number detected on machine ; 12     ;
; Maximum allowed            ; 1      ;
+----------------------------+--------+


+-------------------------------------------------------------------------------------------------------------------------------------------------+
; Analysis & Synthesis Source Files Read                                                                                                          ;
+----------------------------------+-----------------+-----------------+----------------------------------------------------------------+---------+
; File Name with User-Entered Path ; Used in Netlist ; File Type       ; File Name with Absolute Path                                   ; Library ;
+----------------------------------+-----------------+-----------------+----------------------------------------------------------------+---------+
; MUX_16x1_13bits.vhd              ; yes             ; User VHDL File  ; Z:/labsd/Projeto RTL/Source/RegFile_Prices/MUX_16x1_13bits.vhd ;         ;
; RegFile.vhd                      ; yes             ; User VHDL File  ; Z:/labsd/Projeto RTL/Source/RegFile_Prices/RegFile.vhd         ;         ;
; ../RegW/RegW.vhd                 ; yes             ; User VHDL File  ; Z:/labsd/Projeto RTL/Source/RegW/RegW.vhd                      ;         ;
+----------------------------------+-----------------+-----------------+----------------------------------------------------------------+---------+


+-----------------------------------------------------+
; Analysis & Synthesis Resource Usage Summary         ;
+---------------------------------------------+-------+
; Resource                                    ; Usage ;
+---------------------------------------------+-------+
; Estimated Total logic elements              ; 27    ;
;                                             ;       ;
; Total combinational functions               ; 26    ;
; Logic element usage by number of LUT inputs ;       ;
;     -- 4 input functions                    ; 15    ;
;     -- 3 input functions                    ; 0     ;
;     -- <=2 input functions                  ; 11    ;
;                                             ;       ;
; Logic elements by mode                      ;       ;
;     -- normal mode                          ; 26    ;
;     -- arithmetic mode                      ; 0     ;
;                                             ;       ;
; Total registers                             ; 1     ;
;     -- Dedicated logic registers            ; 1     ;
;     -- I/O registers                        ; 0     ;
;                                             ;       ;
; I/O pins                                    ; 18    ;
; Embedded Multiplier 9-bit elements          ; 0     ;
; Maximum fan-out node                        ; S1    ;
; Maximum fan-out                             ; 15    ;
; Total fan-out                               ; 96    ;
; Average fan-out                             ; 2.13  ;
+---------------------------------------------+-------+


+----------------------------------------------------------------------------------------------------------------------------------------------------------------------------------------+
; Analysis & Synthesis Resource Utilization by Entity                                                                                                                                    ;
+----------------------------+-------------------+--------------+-------------+--------------+---------+-----------+------+--------------+--------------------------------+--------------+
; Compilation Hierarchy Node ; LC Combinationals ; LC Registers ; Memory Bits ; DSP Elements ; DSP 9x9 ; DSP 18x18 ; Pins ; Virtual Pins ; Full Hierarchy Name            ; Library Name ;
+----------------------------+-------------------+--------------+-------------+--------------+---------+-----------+------+--------------+--------------------------------+--------------+
; |RegFile                   ; 26 (0)            ; 1 (0)        ; 0           ; 0            ; 0       ; 0         ; 18   ; 0            ; |RegFile                       ; work         ;
;    |MUX_16x1_13bits:myMUX| ; 26 (26)           ; 0 (0)        ; 0           ; 0            ; 0       ; 0         ; 0    ; 0            ; |RegFile|MUX_16x1_13bits:myMUX ; work         ;
;    |RegW:reg15|            ; 0 (0)             ; 1 (1)        ; 0           ; 0            ; 0       ; 0         ; 0    ; 0            ; |RegFile|RegW:reg15            ; work         ;
+----------------------------+-------------------+--------------+-------------+--------------+---------+-----------+------+--------------+--------------------------------+--------------+
Note: For table entries with two numbers listed, the numbers in parentheses indicate the number of resources of the given type used by the specific entity alone. The numbers listed outside of parentheses indicate the total resources of the given type used by the specific entity and all of its sub-entities in the hierarchy.


+----------------------------------------------------------------------------------+
; Registers Removed During Synthesis                                               ;
+-----------------------------------------+----------------------------------------+
; Register name                           ; Reason for Removal                     ;
+-----------------------------------------+----------------------------------------+
; RegW:reg15|Q[0..4,7,9,10,12]            ; Stuck at GND due to stuck port data_in ;
; RegW:reg14|Q[0,4,8,10..12]              ; Stuck at GND due to stuck port data_in ;
; RegW:reg13|Q[0..2,4,10..12]             ; Stuck at GND due to stuck port data_in ;
; RegW:reg12|Q[2,4,5,7..12]               ; Stuck at GND due to stuck port data_in ;
; RegW:reg11|Q[0..3,7,11]                 ; Stuck at GND due to stuck port data_in ;
; RegW:reg10|Q[0..2,4..6,10,11]           ; Stuck at GND due to stuck port data_in ;
; RegW:reg09|Q[3..6,12]                   ; Stuck at GND due to stuck port data_in ;
; RegW:reg08|Q[0..3,5,11,12]              ; Stuck at GND due to stuck port data_in ;
; RegW:reg07|Q[0..2,6,10,12]              ; Stuck at GND due to stuck port data_in ;
; RegW:reg06|Q[0,1,3,5,6,9..11]           ; Stuck at GND due to stuck port data_in ;
; RegW:reg05|Q[0..3,6,8,9,11,12]          ; Stuck at GND due to stuck port data_in ;
; RegW:reg04|Q[0,1,3..6,10..12]           ; Stuck at GND due to stuck port data_in ;
; RegW:reg03|Q[0,1,3,9..12]               ; Stuck at GND due to stuck port data_in ;
; RegW:reg02|Q[0,2,8..12]                 ; Stuck at GND due to stuck port data_in ;
; RegW:reg01|Q[0,1,3,4,7..12]             ; Stuck at GND due to stuck port data_in ;
; RegW:reg00|Q[0,2,3,6..12]               ; Stuck at GND due to stuck port data_in ;
; RegW:reg00|Q[5]                         ; Merged with RegW:reg00|Q[4]            ;
; RegW:reg00|Q[4]                         ; Merged with RegW:reg00|Q[1]            ;
; RegW:reg00|Q[1]                         ; Merged with RegW:reg01|Q[6]            ;
; RegW:reg01|Q[6]                         ; Merged with RegW:reg01|Q[5]            ;
; RegW:reg01|Q[5]                         ; Merged with RegW:reg01|Q[2]            ;
; RegW:reg01|Q[2]                         ; Merged with RegW:reg02|Q[7]            ;
; RegW:reg02|Q[7]                         ; Merged with RegW:reg02|Q[6]            ;
; RegW:reg02|Q[6]                         ; Merged with RegW:reg02|Q[5]            ;
; RegW:reg02|Q[5]                         ; Merged with RegW:reg02|Q[4]            ;
; RegW:reg02|Q[4]                         ; Merged with RegW:reg02|Q[3]            ;
; RegW:reg02|Q[3]                         ; Merged with RegW:reg02|Q[1]            ;
; RegW:reg02|Q[1]                         ; Merged with RegW:reg03|Q[8]            ;
; RegW:reg03|Q[8]                         ; Merged with RegW:reg03|Q[7]            ;
; RegW:reg03|Q[7]                         ; Merged with RegW:reg03|Q[6]            ;
; RegW:reg03|Q[6]                         ; Merged with RegW:reg03|Q[5]            ;
; RegW:reg03|Q[5]                         ; Merged with RegW:reg03|Q[4]            ;
; RegW:reg03|Q[4]                         ; Merged with RegW:reg03|Q[2]            ;
; RegW:reg03|Q[2]                         ; Merged with RegW:reg04|Q[9]            ;
; RegW:reg04|Q[9]                         ; Merged with RegW:reg04|Q[8]            ;
; RegW:reg04|Q[8]                         ; Merged with RegW:reg04|Q[7]            ;
; RegW:reg04|Q[7]                         ; Merged with RegW:reg04|Q[2]            ;
; RegW:reg04|Q[2]                         ; Merged with RegW:reg05|Q[10]           ;
; RegW:reg05|Q[10]                        ; Merged with RegW:reg05|Q[7]            ;
; RegW:reg05|Q[7]                         ; Merged with RegW:reg05|Q[5]            ;
; RegW:reg05|Q[5]                         ; Merged with RegW:reg05|Q[4]            ;
; RegW:reg05|Q[4]                         ; Merged with RegW:reg06|Q[12]           ;
; RegW:reg06|Q[12]                        ; Merged with RegW:reg06|Q[8]            ;
; RegW:reg06|Q[8]                         ; Merged with RegW:reg06|Q[7]            ;
; RegW:reg06|Q[7]                         ; Merged with RegW:reg06|Q[4]            ;
; RegW:reg06|Q[4]                         ; Merged with RegW:reg06|Q[2]            ;
; RegW:reg06|Q[2]                         ; Merged with RegW:reg07|Q[11]           ;
; RegW:reg07|Q[11]                        ; Merged with RegW:reg07|Q[9]            ;
; RegW:reg07|Q[9]                         ; Merged with RegW:reg07|Q[8]            ;
; RegW:reg07|Q[8]                         ; Merged with RegW:reg07|Q[7]            ;
; RegW:reg07|Q[7]                         ; Merged with RegW:reg07|Q[5]            ;
; RegW:reg07|Q[5]                         ; Merged with RegW:reg07|Q[4]            ;
; RegW:reg07|Q[4]                         ; Merged with RegW:reg07|Q[3]            ;
; RegW:reg07|Q[3]                         ; Merged with RegW:reg08|Q[10]           ;
; RegW:reg08|Q[10]                        ; Merged with RegW:reg08|Q[9]            ;
; RegW:reg08|Q[9]                         ; Merged with RegW:reg08|Q[8]            ;
; RegW:reg08|Q[8]                         ; Merged with RegW:reg08|Q[7]            ;
; RegW:reg08|Q[7]                         ; Merged with RegW:reg08|Q[6]            ;
; RegW:reg08|Q[6]                         ; Merged with RegW:reg08|Q[4]            ;
; RegW:reg08|Q[4]                         ; Merged with RegW:reg09|Q[11]           ;
; RegW:reg09|Q[11]                        ; Merged with RegW:reg09|Q[10]           ;
; RegW:reg09|Q[10]                        ; Merged with RegW:reg09|Q[9]            ;
; RegW:reg09|Q[9]                         ; Merged with RegW:reg09|Q[8]            ;
; RegW:reg09|Q[8]                         ; Merged with RegW:reg09|Q[7]            ;
; RegW:reg09|Q[7]                         ; Merged with RegW:reg09|Q[2]            ;
; RegW:reg09|Q[2]                         ; Merged with RegW:reg09|Q[1]            ;
; RegW:reg09|Q[1]                         ; Merged with RegW:reg09|Q[0]            ;
; RegW:reg09|Q[0]                         ; Merged with RegW:reg10|Q[12]           ;
; RegW:reg10|Q[12]                        ; Merged with RegW:reg10|Q[9]            ;
; RegW:reg10|Q[9]                         ; Merged with RegW:reg10|Q[8]            ;
; RegW:reg10|Q[8]                         ; Merged with RegW:reg10|Q[7]            ;
; RegW:reg10|Q[7]                         ; Merged with RegW:reg10|Q[3]            ;
; RegW:reg10|Q[3]                         ; Merged with RegW:reg11|Q[12]           ;
; RegW:reg11|Q[12]                        ; Merged with RegW:reg11|Q[10]           ;
; RegW:reg11|Q[10]                        ; Merged with RegW:reg11|Q[9]            ;
; RegW:reg11|Q[9]                         ; Merged with RegW:reg11|Q[8]            ;
; RegW:reg11|Q[8]                         ; Merged with RegW:reg11|Q[6]            ;
; RegW:reg11|Q[6]                         ; Merged with RegW:reg11|Q[5]            ;
; RegW:reg11|Q[5]                         ; Merged with RegW:reg11|Q[4]            ;
; RegW:reg11|Q[4]                         ; Merged with RegW:reg12|Q[6]            ;
; RegW:reg12|Q[6]                         ; Merged with RegW:reg12|Q[3]            ;
; RegW:reg12|Q[3]                         ; Merged with RegW:reg12|Q[1]            ;
; RegW:reg12|Q[1]                         ; Merged with RegW:reg12|Q[0]            ;
; RegW:reg12|Q[0]                         ; Merged with RegW:reg13|Q[9]            ;
; RegW:reg13|Q[9]                         ; Merged with RegW:reg13|Q[8]            ;
; RegW:reg13|Q[8]                         ; Merged with RegW:reg13|Q[7]            ;
; RegW:reg13|Q[7]                         ; Merged with RegW:reg13|Q[6]            ;
; RegW:reg13|Q[6]                         ; Merged with RegW:reg13|Q[5]            ;
; RegW:reg13|Q[5]                         ; Merged with RegW:reg13|Q[3]            ;
; RegW:reg13|Q[3]                         ; Merged with RegW:reg14|Q[9]            ;
; RegW:reg14|Q[9]                         ; Merged with RegW:reg14|Q[7]            ;
; RegW:reg14|Q[7]                         ; Merged with RegW:reg14|Q[6]            ;
; RegW:reg14|Q[6]                         ; Merged with RegW:reg14|Q[5]            ;
; RegW:reg14|Q[5]                         ; Merged with RegW:reg14|Q[3]            ;
; RegW:reg14|Q[3]                         ; Merged with RegW:reg14|Q[2]            ;
; RegW:reg14|Q[2]                         ; Merged with RegW:reg14|Q[1]            ;
; RegW:reg14|Q[1]                         ; Merged with RegW:reg15|Q[11]           ;
; RegW:reg15|Q[11]                        ; Merged with RegW:reg15|Q[8]            ;
; RegW:reg15|Q[8]                         ; Merged with RegW:reg15|Q[6]            ;
; RegW:reg15|Q[6]                         ; Merged with RegW:reg15|Q[5]            ;
; Total Number of Removed Registers = 207 ;                                        ;
+-----------------------------------------+----------------------------------------+


+------------------------------------------------------+
; General Register Statistics                          ;
+----------------------------------------------+-------+
; Statistic                                    ; Value ;
+----------------------------------------------+-------+
; Total registers                              ; 1     ;
; Number of registers using Synchronous Clear  ; 0     ;
; Number of registers using Synchronous Load   ; 0     ;
; Number of registers using Asynchronous Clear ; 0     ;
; Number of registers using Asynchronous Load  ; 0     ;
; Number of registers using Clock Enable       ; 0     ;
; Number of registers using Preset             ; 0     ;
+----------------------------------------------+-------+


+---------------------------------------------------------------------------------------------------------------------------------------------------+
; Multiplexer Restructuring Statistics (Restructuring Performed)                                                                                    ;
+--------------------+-----------+---------------+----------------------+------------------------+------------+-------------------------------------+
; Multiplexer Inputs ; Bus Width ; Baseline Area ; Area if Restructured ; Saving if Restructured ; Registered ; Example Multiplexer Output          ;
+--------------------+-----------+---------------+----------------------+------------------------+------------+-------------------------------------+
; 3:1                ; 2 bits    ; 4 LEs         ; 4 LEs                ; 0 LEs                  ; No         ; |RegFile|MUX_16x1_13bits:myMUX|Z[8] ;
+--------------------+-----------+---------------+----------------------+------------------------+------------+-------------------------------------+


+-------------------------------------------------------------------------+
; Parameter Settings for User Entity Instance: Top-level Entity: |RegFile ;
+----------------+-------+------------------------------------------------+
; Parameter Name ; Value ; Type                                           ;
+----------------+-------+------------------------------------------------+
; W              ; 13    ; Signed Integer                                 ;
+----------------+-------+------------------------------------------------+
Note: In order to hide this table in the UI and the text report file, please set the "Show Parameter Settings in Synthesis Report" option in "Analysis and Synthesis Settings -> More Settings" to "Off".


+---------------------------------------------------------+
; Parameter Settings for User Entity Instance: RegW:reg00 ;
+----------------+-------+--------------------------------+
; Parameter Name ; Value ; Type                           ;
+----------------+-------+--------------------------------+
; w              ; 13    ; Signed Integer                 ;
+----------------+-------+--------------------------------+
Note: In order to hide this table in the UI and the text report file, please set the "Show Parameter Settings in Synthesis Report" option in "Analysis and Synthesis Settings -> More Settings" to "Off".


+---------------------------------------------------------+
; Parameter Settings for User Entity Instance: RegW:reg01 ;
+----------------+-------+--------------------------------+
; Parameter Name ; Value ; Type                           ;
+----------------+-------+--------------------------------+
; w              ; 13    ; Signed Integer                 ;
+----------------+-------+--------------------------------+
Note: In order to hide this table in the UI and the text report file, please set the "Show Parameter Settings in Synthesis Report" option in "Analysis and Synthesis Settings -> More Settings" to "Off".


+---------------------------------------------------------+
; Parameter Settings for User Entity Instance: RegW:reg02 ;
+----------------+-------+--------------------------------+
; Parameter Name ; Value ; Type                           ;
+----------------+-------+--------------------------------+
; w              ; 13    ; Signed Integer                 ;
+----------------+-------+--------------------------------+
Note: In order to hide this table in the UI and the text report file, please set the "Show Parameter Settings in Synthesis Report" option in "Analysis and Synthesis Settings -> More Settings" to "Off".


+---------------------------------------------------------+
; Parameter Settings for User Entity Instance: RegW:reg03 ;
+----------------+-------+--------------------------------+
; Parameter Name ; Value ; Type                           ;
+----------------+-------+--------------------------------+
; w              ; 13    ; Signed Integer                 ;
+----------------+-------+--------------------------------+
Note: In order to hide this table in the UI and the text report file, please set the "Show Parameter Settings in Synthesis Report" option in "Analysis and Synthesis Settings -> More Settings" to "Off".


+---------------------------------------------------------+
; Parameter Settings for User Entity Instance: RegW:reg04 ;
+----------------+-------+--------------------------------+
; Parameter Name ; Value ; Type                           ;
+----------------+-------+--------------------------------+
; w              ; 13    ; Signed Integer                 ;
+----------------+-------+--------------------------------+
Note: In order to hide this table in the UI and the text report file, please set the "Show Parameter Settings in Synthesis Report" option in "Analysis and Synthesis Settings -> More Settings" to "Off".


+---------------------------------------------------------+
; Parameter Settings for User Entity Instance: RegW:reg05 ;
+----------------+-------+--------------------------------+
; Parameter Name ; Value ; Type                           ;
+----------------+-------+--------------------------------+
; w              ; 13    ; Signed Integer                 ;
+----------------+-------+--------------------------------+
Note: In order to hide this table in the UI and the text report file, please set the "Show Parameter Settings in Synthesis Report" option in "Analysis and Synthesis Settings -> More Settings" to "Off".


+---------------------------------------------------------+
; Parameter Settings for User Entity Instance: RegW:reg06 ;
+----------------+-------+--------------------------------+
; Parameter Name ; Value ; Type                           ;
+----------------+-------+--------------------------------+
; w              ; 13    ; Signed Integer                 ;
+----------------+-------+--------------------------------+
Note: In order to hide this table in the UI and the text report file, please set the "Show Parameter Settings in Synthesis Report" option in "Analysis and Synthesis Settings -> More Settings" to "Off".


+---------------------------------------------------------+
; Parameter Settings for User Entity Instance: RegW:reg07 ;
+----------------+-------+--------------------------------+
; Parameter Name ; Value ; Type                           ;
+----------------+-------+--------------------------------+
; w              ; 13    ; Signed Integer                 ;
+----------------+-------+--------------------------------+
Note: In order to hide this table in the UI and the text report file, please set the "Show Parameter Settings in Synthesis Report" option in "Analysis and Synthesis Settings -> More Settings" to "Off".


+---------------------------------------------------------+
; Parameter Settings for User Entity Instance: RegW:reg08 ;
+----------------+-------+--------------------------------+
; Parameter Name ; Value ; Type                           ;
+----------------+-------+--------------------------------+
; w              ; 13    ; Signed Integer                 ;
+----------------+-------+--------------------------------+
Note: In order to hide this table in the UI and the text report file, please set the "Show Parameter Settings in Synthesis Report" option in "Analysis and Synthesis Settings -> More Settings" to "Off".


+---------------------------------------------------------+
; Parameter Settings for User Entity Instance: RegW:reg09 ;
+----------------+-------+--------------------------------+
; Parameter Name ; Value ; Type                           ;
+----------------+-------+--------------------------------+
; w              ; 13    ; Signed Integer                 ;
+----------------+-------+--------------------------------+
Note: In order to hide this table in the UI and the text report file, please set the "Show Parameter Settings in Synthesis Report" option in "Analysis and Synthesis Settings -> More Settings" to "Off".


+---------------------------------------------------------+
; Parameter Settings for User Entity Instance: RegW:reg10 ;
+----------------+-------+--------------------------------+
; Parameter Name ; Value ; Type                           ;
+----------------+-------+--------------------------------+
; w              ; 13    ; Signed Integer                 ;
+----------------+-------+--------------------------------+
Note: In order to hide this table in the UI and the text report file, please set the "Show Parameter Settings in Synthesis Report" option in "Analysis and Synthesis Settings -> More Settings" to "Off".


+---------------------------------------------------------+
; Parameter Settings for User Entity Instance: RegW:reg11 ;
+----------------+-------+--------------------------------+
; Parameter Name ; Value ; Type                           ;
+----------------+-------+--------------------------------+
; w              ; 13    ; Signed Integer                 ;
+----------------+-------+--------------------------------+
Note: In order to hide this table in the UI and the text report file, please set the "Show Parameter Settings in Synthesis Report" option in "Analysis and Synthesis Settings -> More Settings" to "Off".


+---------------------------------------------------------+
; Parameter Settings for User Entity Instance: RegW:reg12 ;
+----------------+-------+--------------------------------+
; Parameter Name ; Value ; Type                           ;
+----------------+-------+--------------------------------+
; w              ; 13    ; Signed Integer                 ;
+----------------+-------+--------------------------------+
Note: In order to hide this table in the UI and the text report file, please set the "Show Parameter Settings in Synthesis Report" option in "Analysis and Synthesis Settings -> More Settings" to "Off".


+---------------------------------------------------------+
; Parameter Settings for User Entity Instance: RegW:reg13 ;
+----------------+-------+--------------------------------+
; Parameter Name ; Value ; Type                           ;
+----------------+-------+--------------------------------+
; w              ; 13    ; Signed Integer                 ;
+----------------+-------+--------------------------------+
Note: In order to hide this table in the UI and the text report file, please set the "Show Parameter Settings in Synthesis Report" option in "Analysis and Synthesis Settings -> More Settings" to "Off".


+---------------------------------------------------------+
; Parameter Settings for User Entity Instance: RegW:reg14 ;
+----------------+-------+--------------------------------+
; Parameter Name ; Value ; Type                           ;
+----------------+-------+--------------------------------+
; w              ; 13    ; Signed Integer                 ;
+----------------+-------+--------------------------------+
Note: In order to hide this table in the UI and the text report file, please set the "Show Parameter Settings in Synthesis Report" option in "Analysis and Synthesis Settings -> More Settings" to "Off".


+---------------------------------------------------------+
; Parameter Settings for User Entity Instance: RegW:reg15 ;
+----------------+-------+--------------------------------+
; Parameter Name ; Value ; Type                           ;
+----------------+-------+--------------------------------+
; w              ; 13    ; Signed Integer                 ;
+----------------+-------+--------------------------------+
Note: In order to hide this table in the UI and the text report file, please set the "Show Parameter Settings in Synthesis Report" option in "Analysis and Synthesis Settings -> More Settings" to "Off".


+--------------------------------------------------------------------+
; Parameter Settings for User Entity Instance: MUX_16x1_13bits:myMUX ;
+----------------+-------+-------------------------------------------+
; Parameter Name ; Value ; Type                                      ;
+----------------+-------+-------------------------------------------+
; w              ; 13    ; Signed Integer                            ;
+----------------+-------+-------------------------------------------+
Note: In order to hide this table in the UI and the text report file, please set the "Show Parameter Settings in Synthesis Report" option in "Analysis and Synthesis Settings -> More Settings" to "Off".


+--------------------------------------------+
; Port Connectivity Checks: "RegW:reg15"     ;
+----------+-------+----------+--------------+
; Port     ; Type  ; Severity ; Details      ;
+----------+-------+----------+--------------+
; d[6..5]  ; Input ; Info     ; Stuck at VCC ;
; d[10..9] ; Input ; Info     ; Stuck at GND ;
; d[4..0]  ; Input ; Info     ; Stuck at GND ;
; d[12]    ; Input ; Info     ; Stuck at GND ;
; d[11]    ; Input ; Info     ; Stuck at VCC ;
; d[8]     ; Input ; Info     ; Stuck at VCC ;
; d[7]     ; Input ; Info     ; Stuck at GND ;
; load     ; Input ; Info     ; Stuck at VCC ;
+----------+-------+----------+--------------+


+---------------------------------------------+
; Port Connectivity Checks: "RegW:reg14"      ;
+-----------+-------+----------+--------------+
; Port      ; Type  ; Severity ; Details      ;
+-----------+-------+----------+--------------+
; d[7..5]   ; Input ; Info     ; Stuck at VCC ;
; d[3..1]   ; Input ; Info     ; Stuck at VCC ;
; d[12..10] ; Input ; Info     ; Stuck at GND ;
; d[9]      ; Input ; Info     ; Stuck at VCC ;
; d[8]      ; Input ; Info     ; Stuck at GND ;
; d[4]      ; Input ; Info     ; Stuck at GND ;
; d[0]      ; Input ; Info     ; Stuck at GND ;
; load      ; Input ; Info     ; Stuck at VCC ;
+-----------+-------+----------+--------------+


+---------------------------------------------+
; Port Connectivity Checks: "RegW:reg13"      ;
+-----------+-------+----------+--------------+
; Port      ; Type  ; Severity ; Details      ;
+-----------+-------+----------+--------------+
; d[9..5]   ; Input ; Info     ; Stuck at VCC ;
; d[12..10] ; Input ; Info     ; Stuck at GND ;
; d[2..0]   ; Input ; Info     ; Stuck at GND ;
; d[4]      ; Input ; Info     ; Stuck at GND ;
; d[3]      ; Input ; Info     ; Stuck at VCC ;
; load      ; Input ; Info     ; Stuck at VCC ;
+-----------+-------+----------+--------------+


+--------------------------------------------+
; Port Connectivity Checks: "RegW:reg12"     ;
+----------+-------+----------+--------------+
; Port     ; Type  ; Severity ; Details      ;
+----------+-------+----------+--------------+
; d[1..0]  ; Input ; Info     ; Stuck at VCC ;
; d[12..7] ; Input ; Info     ; Stuck at GND ;
; d[5..4]  ; Input ; Info     ; Stuck at GND ;
; d[6]     ; Input ; Info     ; Stuck at VCC ;
; d[3]     ; Input ; Info     ; Stuck at VCC ;
; d[2]     ; Input ; Info     ; Stuck at GND ;
; load     ; Input ; Info     ; Stuck at VCC ;
+----------+-------+----------+--------------+


+--------------------------------------------+
; Port Connectivity Checks: "RegW:reg11"     ;
+----------+-------+----------+--------------+
; Port     ; Type  ; Severity ; Details      ;
+----------+-------+----------+--------------+
; d[10..8] ; Input ; Info     ; Stuck at VCC ;
; d[6..4]  ; Input ; Info     ; Stuck at VCC ;
; d[3..0]  ; Input ; Info     ; Stuck at GND ;
; d[12]    ; Input ; Info     ; Stuck at VCC ;
; d[11]    ; Input ; Info     ; Stuck at GND ;
; d[7]     ; Input ; Info     ; Stuck at GND ;
; load     ; Input ; Info     ; Stuck at VCC ;
+----------+-------+----------+--------------+


+---------------------------------------------+
; Port Connectivity Checks: "RegW:reg10"      ;
+-----------+-------+----------+--------------+
; Port      ; Type  ; Severity ; Details      ;
+-----------+-------+----------+--------------+
; d[9..7]   ; Input ; Info     ; Stuck at VCC ;
; d[11..10] ; Input ; Info     ; Stuck at GND ;
; d[6..4]   ; Input ; Info     ; Stuck at GND ;
; d[2..0]   ; Input ; Info     ; Stuck at GND ;
; d[12]     ; Input ; Info     ; Stuck at VCC ;
; d[3]      ; Input ; Info     ; Stuck at VCC ;
; load      ; Input ; Info     ; Stuck at VCC ;
+-----------+-------+----------+--------------+


+--------------------------------------------+
; Port Connectivity Checks: "RegW:reg09"     ;
+----------+-------+----------+--------------+
; Port     ; Type  ; Severity ; Details      ;
+----------+-------+----------+--------------+
; d[11..7] ; Input ; Info     ; Stuck at VCC ;
; d[2..0]  ; Input ; Info     ; Stuck at VCC ;
; d[6..3]  ; Input ; Info     ; Stuck at GND ;
; d[12]    ; Input ; Info     ; Stuck at GND ;
; load     ; Input ; Info     ; Stuck at VCC ;
+----------+-------+----------+--------------+


+---------------------------------------------+
; Port Connectivity Checks: "RegW:reg08"      ;
+-----------+-------+----------+--------------+
; Port      ; Type  ; Severity ; Details      ;
+-----------+-------+----------+--------------+
; d[10..6]  ; Input ; Info     ; Stuck at VCC ;
; d[12..11] ; Input ; Info     ; Stuck at GND ;
; d[3..0]   ; Input ; Info     ; Stuck at GND ;
; d[5]      ; Input ; Info     ; Stuck at GND ;
; d[4]      ; Input ; Info     ; Stuck at VCC ;
; load      ; Input ; Info     ; Stuck at VCC ;
+-----------+-------+----------+--------------+


+-------------------------------------------+
; Port Connectivity Checks: "RegW:reg07"    ;
+---------+-------+----------+--------------+
; Port    ; Type  ; Severity ; Details      ;
+---------+-------+----------+--------------+
; d[9..7] ; Input ; Info     ; Stuck at VCC ;
; d[5..3] ; Input ; Info     ; Stuck at VCC ;
; d[2..0] ; Input ; Info     ; Stuck at GND ;
; d[12]   ; Input ; Info     ; Stuck at GND ;
; d[11]   ; Input ; Info     ; Stuck at VCC ;
; d[10]   ; Input ; Info     ; Stuck at GND ;
; d[6]    ; Input ; Info     ; Stuck at GND ;
; load    ; Input ; Info     ; Stuck at VCC ;
+---------+-------+----------+--------------+


+--------------------------------------------+
; Port Connectivity Checks: "RegW:reg06"     ;
+----------+-------+----------+--------------+
; Port     ; Type  ; Severity ; Details      ;
+----------+-------+----------+--------------+
; d[8..7]  ; Input ; Info     ; Stuck at VCC ;
; d[11..9] ; Input ; Info     ; Stuck at GND ;
; d[6..5]  ; Input ; Info     ; Stuck at GND ;
; d[1..0]  ; Input ; Info     ; Stuck at GND ;
; d[12]    ; Input ; Info     ; Stuck at VCC ;
; d[4]     ; Input ; Info     ; Stuck at VCC ;
; d[3]     ; Input ; Info     ; Stuck at GND ;
; d[2]     ; Input ; Info     ; Stuck at VCC ;
; load     ; Input ; Info     ; Stuck at VCC ;
+----------+-------+----------+--------------+


+---------------------------------------------+
; Port Connectivity Checks: "RegW:reg05"      ;
+-----------+-------+----------+--------------+
; Port      ; Type  ; Severity ; Details      ;
+-----------+-------+----------+--------------+
; d[5..4]   ; Input ; Info     ; Stuck at VCC ;
; d[12..11] ; Input ; Info     ; Stuck at GND ;
; d[9..8]   ; Input ; Info     ; Stuck at GND ;
; d[3..0]   ; Input ; Info     ; Stuck at GND ;
; d[10]     ; Input ; Info     ; Stuck at VCC ;
; d[7]      ; Input ; Info     ; Stuck at VCC ;
; d[6]      ; Input ; Info     ; Stuck at GND ;
; load      ; Input ; Info     ; Stuck at VCC ;
+-----------+-------+----------+--------------+


+---------------------------------------------+
; Port Connectivity Checks: "RegW:reg04"      ;
+-----------+-------+----------+--------------+
; Port      ; Type  ; Severity ; Details      ;
+-----------+-------+----------+--------------+
; d[9..7]   ; Input ; Info     ; Stuck at VCC ;
; d[12..10] ; Input ; Info     ; Stuck at GND ;
; d[6..3]   ; Input ; Info     ; Stuck at GND ;
; d[1..0]   ; Input ; Info     ; Stuck at GND ;
; d[2]      ; Input ; Info     ; Stuck at VCC ;
; load      ; Input ; Info     ; Stuck at VCC ;
+-----------+-------+----------+--------------+


+--------------------------------------------+
; Port Connectivity Checks: "RegW:reg03"     ;
+----------+-------+----------+--------------+
; Port     ; Type  ; Severity ; Details      ;
+----------+-------+----------+--------------+
; d[8..4]  ; Input ; Info     ; Stuck at VCC ;
; d[12..9] ; Input ; Info     ; Stuck at GND ;
; d[1..0]  ; Input ; Info     ; Stuck at GND ;
; d[3]     ; Input ; Info     ; Stuck at GND ;
; d[2]     ; Input ; Info     ; Stuck at VCC ;
; load     ; Input ; Info     ; Stuck at VCC ;
+----------+-------+----------+--------------+


+--------------------------------------------+
; Port Connectivity Checks: "RegW:reg02"     ;
+----------+-------+----------+--------------+
; Port     ; Type  ; Severity ; Details      ;
+----------+-------+----------+--------------+
; d[7..3]  ; Input ; Info     ; Stuck at VCC ;
; d[12..8] ; Input ; Info     ; Stuck at GND ;
; d[2]     ; Input ; Info     ; Stuck at GND ;
; d[1]     ; Input ; Info     ; Stuck at VCC ;
; d[0]     ; Input ; Info     ; Stuck at GND ;
; load     ; Input ; Info     ; Stuck at VCC ;
+----------+-------+----------+--------------+


+--------------------------------------------+
; Port Connectivity Checks: "RegW:reg01"     ;
+----------+-------+----------+--------------+
; Port     ; Type  ; Severity ; Details      ;
+----------+-------+----------+--------------+
; d[6..5]  ; Input ; Info     ; Stuck at VCC ;
; d[12..7] ; Input ; Info     ; Stuck at GND ;
; d[4..3]  ; Input ; Info     ; Stuck at GND ;
; d[1..0]  ; Input ; Info     ; Stuck at GND ;
; d[2]     ; Input ; Info     ; Stuck at VCC ;
; load     ; Input ; Info     ; Stuck at VCC ;
+----------+-------+----------+--------------+


+--------------------------------------------+
; Port Connectivity Checks: "RegW:reg00"     ;
+----------+-------+----------+--------------+
; Port     ; Type  ; Severity ; Details      ;
+----------+-------+----------+--------------+
; d[5..4]  ; Input ; Info     ; Stuck at VCC ;
; d[12..6] ; Input ; Info     ; Stuck at GND ;
; d[3..2]  ; Input ; Info     ; Stuck at GND ;
; d[1]     ; Input ; Info     ; Stuck at VCC ;
; d[0]     ; Input ; Info     ; Stuck at GND ;
; load     ; Input ; Info     ; Stuck at VCC ;
+----------+-------+----------+--------------+


+-------------------------------+
; Elapsed Time Per Partition    ;
+----------------+--------------+
; Partition Name ; Elapsed Time ;
+----------------+--------------+
; Top            ; 00:00:01     ;
+----------------+--------------+


+-------------------------------+
; Analysis & Synthesis Messages ;
+-------------------------------+
Info: *******************************************************************
Info: Running Quartus II 64-Bit Analysis & Synthesis
    Info: Version 13.0.1 Build 232 06/12/2013 Service Pack 1 SJ Web Edition
    Info: Processing started: Fri Jun 20 15:57:46 2025
Info: Command: quartus_map --read_settings_files=on --write_settings_files=off RegFile -c RegFile
Warning (20028): Parallel compilation is not licensed and has been disabled
Info (12021): Found 2 design units, including 1 entities, in source file mux_16x1_13bits.vhd
    Info (12022): Found design unit 1: MUX_16x1_13bits-Behavioral
    Info (12023): Found entity 1: MUX_16x1_13bits
Info (12021): Found 2 design units, including 1 entities, in source file tb_regfile.vhd
    Info (12022): Found design unit 1: tb_RegFile-Behaviour
    Info (12023): Found entity 1: tb_RegFile
Info (12021): Found 2 design units, including 1 entities, in source file regfile.vhd
    Info (12022): Found design unit 1: RegFile-Behavioral
    Info (12023): Found entity 1: RegFile
Info (12021): Found 2 design units, including 1 entities, in source file /labsd/projeto rtl/source/regw/regw.vhd
    Info (12022): Found design unit 1: RegW-RTL
    Info (12023): Found entity 1: RegW
Info (12127): Elaborating entity "RegFile" for the top level hierarchy
Info (12128): Elaborating entity "RegW" for hierarchy "RegW:reg00"
Info (12128): Elaborating entity "MUX_16x1_13bits" for hierarchy "MUX_16x1_13bits:myMUX"
Info (16010): Generating hard_block partition "hard_block:auto_generated_inst"
    Info (16011): Adding 0 node(s), including 0 DDIO, 0 PLL, 0 transceiver and 0 LCELL
Info (21057): Implemented 45 device resources after synthesis - the final resource count might be different
    Info (21058): Implemented 5 input pins
    Info (21059): Implemented 13 output pins
    Info (21061): Implemented 27 logic cells
Info: Quartus II 64-Bit Analysis & Synthesis was successful. 0 errors, 1 warning
    Info: Peak virtual memory: 4644 megabytes
    Info: Processing ended: Fri Jun 20 15:57:49 2025
    Info: Elapsed time: 00:00:03
    Info: Total CPU time (on all processors): 00:00:02


