TimeQuest Timing Analyzer report for MUX_Din
Fri Jun 20 16:37:38 2025
Quartus II 64-Bit Version 13.0.1 Build 232 06/12/2013 Service Pack 1 SJ Web Edition


---------------------
; Table of Contents ;
---------------------
  1. Legal Notice
  2. TimeQuest Timing Analyzer Summary
  3. Parallel Compilation
  4. Clocks
  5. Slow Model Fmax Summary
  6. Slow Model Setup Summary
  7. Slow Model Hold Summary
  8. Slow Model Recovery Summary
  9. Slow Model Removal Summary
 10. Slow Model Minimum Pulse Width Summary
 11. Propagation Delay
 12. Minimum Propagation Delay
 13. Fast Model Setup Summary
 14. Fast Model Hold Summary
 15. Fast Model Recovery Summary
 16. Fast Model Removal Summary
 17. Fast Model Minimum Pulse Width Summary
 18. Propagation Delay
 19. Minimum Propagation Delay
 20. Multicorner Timing Analysis Summary
 21. Progagation Delay
 22. Minimum Progagation Delay
 23. Clock Transfers
 24. Report TCCS
 25. Report RSKM
 26. Unconstrained Paths
 27. TimeQuest Timing Analyzer Messages



----------------
; Legal Notice ;
----------------
Copyright (C) 1991-2013 Altera Corporation
Your use of Altera Corporation's design tools, logic functions 
and other software and tools, and its AMPP partner logic 
functions, and any output files from any of the foregoing 
(including device programming or simulation files), and any 
associated documentation or information are expressly subject 
to the terms and conditions of the Altera Program License 
Subscription Agreement, Altera MegaCore Function License 
Agreement, or other applicable license agreement, including, 
without limitation, that your use is for the sole purpose of 
programming logic devices manufactured by Altera and sold by 
Altera or its authorized distributors.  Please refer to the 
applicable agreement for further details.



+----------------------------------------------------------------------------------------+
; TimeQuest Timing Analyzer Summary                                                      ;
+--------------------+-------------------------------------------------------------------+
; Quartus II Version ; Version 13.0.1 Build 232 06/12/2013 Service Pack 1 SJ Web Edition ;
; Revision Name      ; MUX_Din                                                           ;
; Device Family      ; Cyclone II                                                        ;
; Device Name        ; EP2C35F672C6                                                      ;
; Timing Models      ; Final                                                             ;
; Delay Model        ; Combined                                                          ;
; Rise/Fall Delays   ; Unavailable                                                       ;
+--------------------+-------------------------------------------------------------------+


Parallel compilation was disabled, but you have multiple processors available. Enable parallel compilation to reduce compilation time.
+-------------------------------------+
; Parallel Compilation                ;
+----------------------------+--------+
; Processors                 ; Number ;
+----------------------------+--------+
; Number detected on machine ; 12     ;
; Maximum allowed            ; 1      ;
+----------------------------+--------+


----------
; Clocks ;
----------
No clocks to report.


---------------------------
; Slow Model Fmax Summary ;
---------------------------
No paths to report.


----------------------------
; Slow Model Setup Summary ;
----------------------------
No paths to report.


---------------------------
; Slow Model Hold Summary ;
---------------------------
No paths to report.


-------------------------------
; Slow Model Recovery Summary ;
-------------------------------
No paths to report.


------------------------------
; Slow Model Removal Summary ;
------------------------------
No paths to report.


------------------------------------------
; Slow Model Minimum Pulse Width Summary ;
------------------------------------------
No paths to report.


+--------------------------------------------------------------+
; Propagation Delay                                            ;
+------------+-------------+--------+--------+--------+--------+
; Input Port ; Output Port ; RR     ; RF     ; FR     ; FF     ;
+------------+-------------+--------+--------+--------+--------+
; I0[0]      ; Z[0]        ; 10.119 ; 10.119 ; 10.119 ; 10.119 ;
; I0[1]      ; Z[1]        ; 10.265 ; 10.265 ; 10.265 ; 10.265 ;
; I0[2]      ; Z[2]        ; 10.802 ; 10.802 ; 10.802 ; 10.802 ;
; I0[3]      ; Z[3]        ; 10.242 ; 10.242 ; 10.242 ; 10.242 ;
; I0[4]      ; Z[4]        ; 10.208 ; 10.208 ; 10.208 ; 10.208 ;
; I0[5]      ; Z[5]        ; 10.047 ; 10.047 ; 10.047 ; 10.047 ;
; I0[6]      ; Z[6]        ; 10.840 ; 10.840 ; 10.840 ; 10.840 ;
; I0[7]      ; Z[7]        ; 10.555 ; 10.555 ; 10.555 ; 10.555 ;
; I0[8]      ; Z[8]        ; 15.502 ; 15.502 ; 15.502 ; 15.502 ;
; I0[9]      ; Z[9]        ; 10.447 ; 10.447 ; 10.447 ; 10.447 ;
; I0[10]     ; Z[10]       ; 11.085 ; 11.085 ; 11.085 ; 11.085 ;
; I0[11]     ; Z[11]       ; 10.910 ; 10.910 ; 10.910 ; 10.910 ;
; I0[12]     ; Z[12]       ; 10.720 ; 10.720 ; 10.720 ; 10.720 ;
; I1[0]      ; Z[0]        ; 10.642 ; 10.642 ; 10.642 ; 10.642 ;
; I1[1]      ; Z[1]        ; 10.667 ; 10.667 ; 10.667 ; 10.667 ;
; I1[2]      ; Z[2]        ; 10.852 ; 10.852 ; 10.852 ; 10.852 ;
; I1[3]      ; Z[3]        ; 10.232 ; 10.232 ; 10.232 ; 10.232 ;
; I1[4]      ; Z[4]        ; 10.226 ; 10.226 ; 10.226 ; 10.226 ;
; I1[5]      ; Z[5]        ; 10.219 ; 10.219 ; 10.219 ; 10.219 ;
; I1[6]      ; Z[6]        ; 10.798 ; 10.798 ; 10.798 ; 10.798 ;
; I1[7]      ; Z[7]        ; 11.050 ; 11.050 ; 11.050 ; 11.050 ;
; I1[8]      ; Z[8]        ; 15.317 ; 15.317 ; 15.317 ; 15.317 ;
; I1[9]      ; Z[9]        ; 10.998 ; 10.998 ; 10.998 ; 10.998 ;
; I1[10]     ; Z[10]       ; 10.695 ; 10.695 ; 10.695 ; 10.695 ;
; I1[11]     ; Z[11]       ; 10.824 ; 10.824 ; 10.824 ; 10.824 ;
; I1[12]     ; Z[12]       ; 10.382 ; 10.382 ; 10.382 ; 10.382 ;
; I2[0]      ; Z[0]        ; 10.016 ; 10.016 ; 10.016 ; 10.016 ;
; I2[1]      ; Z[1]        ; 10.373 ; 10.373 ; 10.373 ; 10.373 ;
; I2[2]      ; Z[2]        ; 10.237 ; 10.237 ; 10.237 ; 10.237 ;
; I2[3]      ; Z[3]        ; 15.251 ; 15.251 ; 15.251 ; 15.251 ;
; I2[4]      ; Z[4]        ; 10.136 ; 10.136 ; 10.136 ; 10.136 ;
; I2[5]      ; Z[5]        ; 11.358 ; 11.358 ; 11.358 ; 11.358 ;
; I2[6]      ; Z[6]        ; 10.950 ; 10.950 ; 10.950 ; 10.950 ;
; I2[7]      ; Z[7]        ; 10.475 ; 10.475 ; 10.475 ; 10.475 ;
; I2[8]      ; Z[8]        ; 10.665 ; 10.665 ; 10.665 ; 10.665 ;
; I2[9]      ; Z[9]        ; 11.195 ; 11.195 ; 11.195 ; 11.195 ;
; I2[10]     ; Z[10]       ; 10.876 ; 10.876 ; 10.876 ; 10.876 ;
; I2[11]     ; Z[11]       ; 11.397 ; 11.397 ; 11.397 ; 11.397 ;
; I2[12]     ; Z[12]       ; 10.462 ; 10.462 ; 10.462 ; 10.462 ;
; I3[0]      ; Z[0]        ; 6.702  ;        ;        ; 6.702  ;
; I3[1]      ; Z[1]        ; 9.906  ;        ;        ; 9.906  ;
; I3[2]      ; Z[2]        ; 10.326 ;        ;        ; 10.326 ;
; I3[3]      ; Z[3]        ; 9.580  ;        ;        ; 9.580  ;
; I3[4]      ; Z[4]        ; 9.539  ;        ;        ; 9.539  ;
; I3[5]      ; Z[5]        ; 10.593 ;        ;        ; 10.593 ;
; I3[6]      ; Z[6]        ; 9.845  ;        ;        ; 9.845  ;
; I3[7]      ; Z[7]        ; 9.734  ;        ;        ; 9.734  ;
; I3[8]      ; Z[8]        ; 9.544  ;        ;        ; 9.544  ;
; I3[9]      ; Z[9]        ; 10.715 ;        ;        ; 10.715 ;
; I3[10]     ; Z[10]       ; 10.901 ;        ;        ; 10.901 ;
; I3[11]     ; Z[11]       ; 10.605 ;        ;        ; 10.605 ;
; I3[12]     ; Z[12]       ; 9.820  ;        ;        ; 9.820  ;
; I4[0]      ; Z[0]        ; 10.205 ;        ;        ; 10.205 ;
; I4[1]      ; Z[1]        ; 9.614  ;        ;        ; 9.614  ;
; I4[2]      ; Z[2]        ; 10.127 ;        ;        ; 10.127 ;
; I4[3]      ; Z[3]        ; 10.265 ;        ;        ; 10.265 ;
; I4[4]      ; Z[4]        ; 9.657  ;        ;        ; 9.657  ;
; I4[5]      ; Z[5]        ; 9.762  ;        ;        ; 9.762  ;
; I4[6]      ; Z[6]        ; 10.138 ;        ;        ; 10.138 ;
; I4[7]      ; Z[7]        ; 9.890  ;        ;        ; 9.890  ;
; I4[8]      ; Z[8]        ; 14.921 ;        ;        ; 14.921 ;
; I4[9]      ; Z[9]        ; 10.554 ;        ;        ; 10.554 ;
; I4[10]     ; Z[10]       ; 10.944 ;        ;        ; 10.944 ;
; I4[11]     ; Z[11]       ; 10.372 ;        ;        ; 10.372 ;
; I4[12]     ; Z[12]       ; 10.013 ;        ;        ; 10.013 ;
; I5[0]      ; Z[0]        ; 9.819  ;        ;        ; 9.819  ;
; I5[1]      ; Z[1]        ; 9.725  ;        ;        ; 9.725  ;
; I5[2]      ; Z[2]        ; 10.314 ;        ;        ; 10.314 ;
; I5[3]      ; Z[3]        ; 9.789  ;        ;        ; 9.789  ;
; I5[4]      ; Z[4]        ; 10.034 ;        ;        ; 10.034 ;
; I5[5]      ; Z[5]        ; 9.520  ;        ;        ; 9.520  ;
; I5[6]      ; Z[6]        ; 10.376 ;        ;        ; 10.376 ;
; I5[7]      ; Z[7]        ; 10.447 ;        ;        ; 10.447 ;
; I5[8]      ; Z[8]        ; 15.095 ;        ;        ; 15.095 ;
; I5[9]      ; Z[9]        ; 10.383 ;        ;        ; 10.383 ;
; I5[10]     ; Z[10]       ; 10.876 ;        ;        ; 10.876 ;
; I5[11]     ; Z[11]       ; 10.128 ;        ;        ; 10.128 ;
; I5[12]     ; Z[12]       ; 10.336 ;        ;        ; 10.336 ;
; I6[0]      ; Z[0]        ; 10.766 ; 10.766 ; 10.766 ; 10.766 ;
; I6[1]      ; Z[1]        ; 10.893 ; 10.893 ; 10.893 ; 10.893 ;
; I6[2]      ; Z[2]        ; 10.650 ; 10.650 ; 10.650 ; 10.650 ;
; I6[3]      ; Z[3]        ; 15.444 ; 15.444 ; 15.444 ; 15.444 ;
; I6[4]      ; Z[4]        ; 10.239 ; 10.239 ; 10.239 ; 10.239 ;
; I6[5]      ; Z[5]        ; 11.703 ; 11.703 ; 11.703 ; 11.703 ;
; I6[6]      ; Z[6]        ; 10.536 ; 10.536 ; 10.536 ; 10.536 ;
; I6[7]      ; Z[7]        ; 10.166 ; 10.166 ; 10.166 ; 10.166 ;
; I6[8]      ; Z[8]        ; 10.246 ; 10.246 ; 10.246 ; 10.246 ;
; I6[9]      ; Z[9]        ; 11.273 ; 11.273 ; 11.273 ; 11.273 ;
; I6[10]     ; Z[10]       ; 11.299 ; 11.299 ; 11.299 ; 11.299 ;
; I6[11]     ; Z[11]       ; 11.069 ; 11.069 ; 11.069 ; 11.069 ;
; I6[12]     ; Z[12]       ; 10.619 ; 10.619 ; 10.619 ; 10.619 ;
; I7[0]      ; Z[0]        ; 9.538  ;        ;        ; 9.538  ;
; I7[1]      ; Z[1]        ; 9.923  ;        ;        ; 9.923  ;
; I7[2]      ; Z[2]        ; 10.110 ;        ;        ; 10.110 ;
; I7[3]      ; Z[3]        ; 10.089 ;        ;        ; 10.089 ;
; I7[4]      ; Z[4]        ; 9.470  ;        ;        ; 9.470  ;
; I7[5]      ; Z[5]        ; 11.032 ;        ;        ; 11.032 ;
; I7[6]      ; Z[6]        ; 10.193 ;        ;        ; 10.193 ;
; I7[7]      ; Z[7]        ; 9.607  ;        ;        ; 9.607  ;
; I7[8]      ; Z[8]        ; 9.764  ;        ;        ; 9.764  ;
; I7[9]      ; Z[9]        ; 10.646 ;        ;        ; 10.646 ;
; I7[10]     ; Z[10]       ; 10.982 ;        ;        ; 10.982 ;
; I7[11]     ; Z[11]       ; 10.295 ;        ;        ; 10.295 ;
; I7[12]     ; Z[12]       ; 10.279 ;        ;        ; 10.279 ;
; S0         ; Z[0]        ; 11.104 ; 11.104 ; 11.104 ; 11.104 ;
; S0         ; Z[1]        ; 11.103 ; 11.103 ; 11.103 ; 11.103 ;
; S0         ; Z[2]        ; 11.100 ; 11.100 ; 11.100 ; 11.100 ;
; S0         ; Z[3]        ; 16.078 ; 16.078 ; 16.078 ; 16.078 ;
; S0         ; Z[4]        ; 13.406 ; 13.406 ; 13.406 ; 13.406 ;
; S0         ; Z[5]        ; 14.520 ; 14.520 ; 14.520 ; 14.520 ;
; S0         ; Z[6]        ; 13.769 ; 13.769 ; 13.769 ; 13.769 ;
; S0         ; Z[7]        ; 12.871 ; 12.871 ; 12.871 ; 12.871 ;
; S0         ; Z[8]        ; 16.150 ; 16.150 ; 16.150 ; 16.150 ;
; S0         ; Z[9]        ; 14.124 ; 14.124 ; 14.124 ; 14.124 ;
; S0         ; Z[10]       ; 14.278 ; 14.278 ; 14.278 ; 14.278 ;
; S0         ; Z[11]       ; 14.199 ; 14.199 ; 14.199 ; 14.199 ;
; S0         ; Z[12]       ; 12.835 ; 12.835 ; 12.835 ; 12.835 ;
; S1         ; Z[0]        ; 9.708  ; 9.708  ; 9.708  ; 9.708  ;
; S1         ; Z[1]        ; 9.561  ; 9.561  ; 9.561  ; 9.561  ;
; S1         ; Z[2]        ; 9.799  ; 9.799  ; 9.799  ; 9.799  ;
; S1         ; Z[3]        ; 10.918 ; 10.918 ; 10.918 ; 10.918 ;
; S1         ; Z[4]        ; 10.601 ; 10.601 ; 10.601 ; 10.601 ;
; S1         ; Z[5]        ; 11.117 ; 11.117 ; 11.117 ; 11.117 ;
; S1         ; Z[6]        ; 10.923 ; 10.923 ; 10.923 ; 10.923 ;
; S1         ; Z[7]        ; 11.172 ; 11.172 ; 11.172 ; 11.172 ;
; S1         ; Z[8]        ; 11.102 ; 11.102 ; 11.102 ; 11.102 ;
; S1         ; Z[9]        ; 11.638 ; 11.638 ; 11.638 ; 11.638 ;
; S1         ; Z[10]       ; 11.620 ; 11.620 ; 11.620 ; 11.620 ;
; S1         ; Z[11]       ; 11.444 ; 11.444 ; 11.444 ; 11.444 ;
; S1         ; Z[12]       ; 11.110 ; 11.110 ; 11.110 ; 11.110 ;
; S2         ; Z[0]        ; 7.711  ; 7.711  ; 7.711  ; 7.711  ;
; S2         ; Z[1]        ; 7.842  ; 7.842  ; 7.842  ; 7.842  ;
; S2         ; Z[2]        ; 8.241  ; 8.241  ; 8.241  ; 8.241  ;
; S2         ; Z[3]        ; 12.662 ; 12.662 ; 12.662 ; 12.662 ;
; S2         ; Z[4]        ; 7.918  ; 7.918  ; 7.918  ; 7.918  ;
; S2         ; Z[5]        ; 9.143  ; 9.143  ; 9.143  ; 9.143  ;
; S2         ; Z[6]        ; 8.358  ; 8.358  ; 8.358  ; 8.358  ;
; S2         ; Z[7]        ; 8.454  ; 8.454  ; 8.454  ; 8.454  ;
; S2         ; Z[8]        ; 11.866 ; 11.866 ; 11.866 ; 11.866 ;
; S2         ; Z[9]        ; 8.253  ; 8.253  ; 8.253  ; 8.253  ;
; S2         ; Z[10]       ; 8.237  ; 8.237  ; 8.237  ; 8.237  ;
; S2         ; Z[11]       ; 8.331  ; 8.331  ; 8.331  ; 8.331  ;
; S2         ; Z[12]       ; 8.348  ; 8.348  ; 8.348  ; 8.348  ;
+------------+-------------+--------+--------+--------+--------+


+--------------------------------------------------------------+
; Minimum Propagation Delay                                    ;
+------------+-------------+--------+--------+--------+--------+
; Input Port ; Output Port ; RR     ; RF     ; FR     ; FF     ;
+------------+-------------+--------+--------+--------+--------+
; I0[0]      ; Z[0]        ; 10.119 ; 10.119 ; 10.119 ; 10.119 ;
; I0[1]      ; Z[1]        ; 10.265 ; 10.265 ; 10.265 ; 10.265 ;
; I0[2]      ; Z[2]        ; 10.802 ; 10.802 ; 10.802 ; 10.802 ;
; I0[3]      ; Z[3]        ; 10.242 ; 10.242 ; 10.242 ; 10.242 ;
; I0[4]      ; Z[4]        ; 10.208 ; 10.208 ; 10.208 ; 10.208 ;
; I0[5]      ; Z[5]        ; 10.047 ; 10.047 ; 10.047 ; 10.047 ;
; I0[6]      ; Z[6]        ; 10.840 ; 10.840 ; 10.840 ; 10.840 ;
; I0[7]      ; Z[7]        ; 10.555 ; 10.555 ; 10.555 ; 10.555 ;
; I0[8]      ; Z[8]        ; 15.502 ; 15.502 ; 15.502 ; 15.502 ;
; I0[9]      ; Z[9]        ; 10.447 ; 10.447 ; 10.447 ; 10.447 ;
; I0[10]     ; Z[10]       ; 11.085 ; 11.085 ; 11.085 ; 11.085 ;
; I0[11]     ; Z[11]       ; 10.910 ; 10.910 ; 10.910 ; 10.910 ;
; I0[12]     ; Z[12]       ; 10.720 ; 10.720 ; 10.720 ; 10.720 ;
; I1[0]      ; Z[0]        ; 10.642 ; 10.642 ; 10.642 ; 10.642 ;
; I1[1]      ; Z[1]        ; 10.667 ; 10.667 ; 10.667 ; 10.667 ;
; I1[2]      ; Z[2]        ; 10.852 ; 10.852 ; 10.852 ; 10.852 ;
; I1[3]      ; Z[3]        ; 10.232 ; 10.232 ; 10.232 ; 10.232 ;
; I1[4]      ; Z[4]        ; 10.226 ; 10.226 ; 10.226 ; 10.226 ;
; I1[5]      ; Z[5]        ; 10.219 ; 10.219 ; 10.219 ; 10.219 ;
; I1[6]      ; Z[6]        ; 10.798 ; 10.798 ; 10.798 ; 10.798 ;
; I1[7]      ; Z[7]        ; 11.050 ; 11.050 ; 11.050 ; 11.050 ;
; I1[8]      ; Z[8]        ; 15.317 ; 15.317 ; 15.317 ; 15.317 ;
; I1[9]      ; Z[9]        ; 10.998 ; 10.998 ; 10.998 ; 10.998 ;
; I1[10]     ; Z[10]       ; 10.695 ; 10.695 ; 10.695 ; 10.695 ;
; I1[11]     ; Z[11]       ; 10.824 ; 10.824 ; 10.824 ; 10.824 ;
; I1[12]     ; Z[12]       ; 10.382 ; 10.382 ; 10.382 ; 10.382 ;
; I2[0]      ; Z[0]        ; 10.016 ; 10.016 ; 10.016 ; 10.016 ;
; I2[1]      ; Z[1]        ; 10.373 ; 10.373 ; 10.373 ; 10.373 ;
; I2[2]      ; Z[2]        ; 10.237 ; 10.237 ; 10.237 ; 10.237 ;
; I2[3]      ; Z[3]        ; 15.251 ; 15.251 ; 15.251 ; 15.251 ;
; I2[4]      ; Z[4]        ; 10.136 ; 10.136 ; 10.136 ; 10.136 ;
; I2[5]      ; Z[5]        ; 11.358 ; 11.358 ; 11.358 ; 11.358 ;
; I2[6]      ; Z[6]        ; 10.950 ; 10.950 ; 10.950 ; 10.950 ;
; I2[7]      ; Z[7]        ; 10.475 ; 10.475 ; 10.475 ; 10.475 ;
; I2[8]      ; Z[8]        ; 10.665 ; 10.665 ; 10.665 ; 10.665 ;
; I2[9]      ; Z[9]        ; 11.195 ; 11.195 ; 11.195 ; 11.195 ;
; I2[10]     ; Z[10]       ; 10.876 ; 10.876 ; 10.876 ; 10.876 ;
; I2[11]     ; Z[11]       ; 11.397 ; 11.397 ; 11.397 ; 11.397 ;
; I2[12]     ; Z[12]       ; 10.462 ; 10.462 ; 10.462 ; 10.462 ;
; I3[0]      ; Z[0]        ; 6.702  ;        ;        ; 6.702  ;
; I3[1]      ; Z[1]        ; 9.906  ;        ;        ; 9.906  ;
; I3[2]      ; Z[2]        ; 10.326 ;        ;        ; 10.326 ;
; I3[3]      ; Z[3]        ; 9.580  ;        ;        ; 9.580  ;
; I3[4]      ; Z[4]        ; 9.539  ;        ;        ; 9.539  ;
; I3[5]      ; Z[5]        ; 10.593 ;        ;        ; 10.593 ;
; I3[6]      ; Z[6]        ; 9.845  ;        ;        ; 9.845  ;
; I3[7]      ; Z[7]        ; 9.734  ;        ;        ; 9.734  ;
; I3[8]      ; Z[8]        ; 9.544  ;        ;        ; 9.544  ;
; I3[9]      ; Z[9]        ; 10.715 ;        ;        ; 10.715 ;
; I3[10]     ; Z[10]       ; 10.901 ;        ;        ; 10.901 ;
; I3[11]     ; Z[11]       ; 10.605 ;        ;        ; 10.605 ;
; I3[12]     ; Z[12]       ; 9.820  ;        ;        ; 9.820  ;
; I4[0]      ; Z[0]        ; 10.205 ;        ;        ; 10.205 ;
; I4[1]      ; Z[1]        ; 9.614  ;        ;        ; 9.614  ;
; I4[2]      ; Z[2]        ; 10.127 ;        ;        ; 10.127 ;
; I4[3]      ; Z[3]        ; 10.265 ;        ;        ; 10.265 ;
; I4[4]      ; Z[4]        ; 9.657  ;        ;        ; 9.657  ;
; I4[5]      ; Z[5]        ; 9.762  ;        ;        ; 9.762  ;
; I4[6]      ; Z[6]        ; 10.138 ;        ;        ; 10.138 ;
; I4[7]      ; Z[7]        ; 9.890  ;        ;        ; 9.890  ;
; I4[8]      ; Z[8]        ; 14.921 ;        ;        ; 14.921 ;
; I4[9]      ; Z[9]        ; 10.554 ;        ;        ; 10.554 ;
; I4[10]     ; Z[10]       ; 10.944 ;        ;        ; 10.944 ;
; I4[11]     ; Z[11]       ; 10.372 ;        ;        ; 10.372 ;
; I4[12]     ; Z[12]       ; 10.013 ;        ;        ; 10.013 ;
; I5[0]      ; Z[0]        ; 9.819  ;        ;        ; 9.819  ;
; I5[1]      ; Z[1]        ; 9.725  ;        ;        ; 9.725  ;
; I5[2]      ; Z[2]        ; 10.314 ;        ;        ; 10.314 ;
; I5[3]      ; Z[3]        ; 9.789  ;        ;        ; 9.789  ;
; I5[4]      ; Z[4]        ; 10.034 ;        ;        ; 10.034 ;
; I5[5]      ; Z[5]        ; 9.520  ;        ;        ; 9.520  ;
; I5[6]      ; Z[6]        ; 10.376 ;        ;        ; 10.376 ;
; I5[7]      ; Z[7]        ; 10.447 ;        ;        ; 10.447 ;
; I5[8]      ; Z[8]        ; 15.095 ;        ;        ; 15.095 ;
; I5[9]      ; Z[9]        ; 10.383 ;        ;        ; 10.383 ;
; I5[10]     ; Z[10]       ; 10.876 ;        ;        ; 10.876 ;
; I5[11]     ; Z[11]       ; 10.128 ;        ;        ; 10.128 ;
; I5[12]     ; Z[12]       ; 10.336 ;        ;        ; 10.336 ;
; I6[0]      ; Z[0]        ; 10.766 ; 10.766 ; 10.766 ; 10.766 ;
; I6[1]      ; Z[1]        ; 10.893 ; 10.893 ; 10.893 ; 10.893 ;
; I6[2]      ; Z[2]        ; 10.650 ; 10.650 ; 10.650 ; 10.650 ;
; I6[3]      ; Z[3]        ; 15.444 ; 15.444 ; 15.444 ; 15.444 ;
; I6[4]      ; Z[4]        ; 10.239 ; 10.239 ; 10.239 ; 10.239 ;
; I6[5]      ; Z[5]        ; 11.703 ; 11.703 ; 11.703 ; 11.703 ;
; I6[6]      ; Z[6]        ; 10.536 ; 10.536 ; 10.536 ; 10.536 ;
; I6[7]      ; Z[7]        ; 10.166 ; 10.166 ; 10.166 ; 10.166 ;
; I6[8]      ; Z[8]        ; 10.246 ; 10.246 ; 10.246 ; 10.246 ;
; I6[9]      ; Z[9]        ; 11.273 ; 11.273 ; 11.273 ; 11.273 ;
; I6[10]     ; Z[10]       ; 11.299 ; 11.299 ; 11.299 ; 11.299 ;
; I6[11]     ; Z[11]       ; 11.069 ; 11.069 ; 11.069 ; 11.069 ;
; I6[12]     ; Z[12]       ; 10.619 ; 10.619 ; 10.619 ; 10.619 ;
; I7[0]      ; Z[0]        ; 9.538  ;        ;        ; 9.538  ;
; I7[1]      ; Z[1]        ; 9.923  ;        ;        ; 9.923  ;
; I7[2]      ; Z[2]        ; 10.110 ;        ;        ; 10.110 ;
; I7[3]      ; Z[3]        ; 10.089 ;        ;        ; 10.089 ;
; I7[4]      ; Z[4]        ; 9.470  ;        ;        ; 9.470  ;
; I7[5]      ; Z[5]        ; 11.032 ;        ;        ; 11.032 ;
; I7[6]      ; Z[6]        ; 10.193 ;        ;        ; 10.193 ;
; I7[7]      ; Z[7]        ; 9.607  ;        ;        ; 9.607  ;
; I7[8]      ; Z[8]        ; 9.764  ;        ;        ; 9.764  ;
; I7[9]      ; Z[9]        ; 10.646 ;        ;        ; 10.646 ;
; I7[10]     ; Z[10]       ; 10.982 ;        ;        ; 10.982 ;
; I7[11]     ; Z[11]       ; 10.295 ;        ;        ; 10.295 ;
; I7[12]     ; Z[12]       ; 10.279 ;        ;        ; 10.279 ;
; S0         ; Z[0]        ; 10.188 ; 10.188 ; 10.188 ; 10.188 ;
; S0         ; Z[1]        ; 10.007 ; 10.007 ; 10.007 ; 10.007 ;
; S0         ; Z[2]        ; 10.420 ; 10.420 ; 10.420 ; 10.420 ;
; S0         ; Z[3]        ; 13.026 ; 13.026 ; 13.026 ; 13.026 ;
; S0         ; Z[4]        ; 12.550 ; 12.550 ; 12.550 ; 12.550 ;
; S0         ; Z[5]        ; 12.001 ; 12.001 ; 12.001 ; 12.001 ;
; S0         ; Z[6]        ; 12.890 ; 12.890 ; 12.890 ; 12.890 ;
; S0         ; Z[7]        ; 12.198 ; 12.198 ; 12.198 ; 12.198 ;
; S0         ; Z[8]        ; 12.348 ; 12.348 ; 12.348 ; 12.348 ;
; S0         ; Z[9]        ; 13.422 ; 13.422 ; 13.422 ; 13.422 ;
; S0         ; Z[10]       ; 13.535 ; 13.535 ; 13.535 ; 13.535 ;
; S0         ; Z[11]       ; 13.396 ; 13.396 ; 13.396 ; 13.396 ;
; S0         ; Z[12]       ; 12.104 ; 12.104 ; 12.104 ; 12.104 ;
; S1         ; Z[0]        ; 9.708  ; 9.708  ; 9.708  ; 9.708  ;
; S1         ; Z[1]        ; 9.561  ; 9.561  ; 9.561  ; 9.561  ;
; S1         ; Z[2]        ; 9.799  ; 9.799  ; 9.799  ; 9.799  ;
; S1         ; Z[3]        ; 10.918 ; 10.918 ; 10.918 ; 10.918 ;
; S1         ; Z[4]        ; 10.601 ; 10.601 ; 10.601 ; 10.601 ;
; S1         ; Z[5]        ; 11.117 ; 11.117 ; 11.117 ; 11.117 ;
; S1         ; Z[6]        ; 10.923 ; 10.923 ; 10.923 ; 10.923 ;
; S1         ; Z[7]        ; 11.172 ; 11.172 ; 11.172 ; 11.172 ;
; S1         ; Z[8]        ; 11.102 ; 11.102 ; 11.102 ; 11.102 ;
; S1         ; Z[9]        ; 11.638 ; 11.638 ; 11.638 ; 11.638 ;
; S1         ; Z[10]       ; 11.620 ; 11.620 ; 11.620 ; 11.620 ;
; S1         ; Z[11]       ; 11.444 ; 11.444 ; 11.444 ; 11.444 ;
; S1         ; Z[12]       ; 11.110 ; 11.110 ; 11.110 ; 11.110 ;
; S2         ; Z[0]        ; 7.204  ; 7.204  ; 7.204  ; 7.204  ;
; S2         ; Z[1]        ; 7.005  ; 7.005  ; 7.005  ; 7.005  ;
; S2         ; Z[2]        ; 6.990  ; 6.990  ; 6.990  ; 6.990  ;
; S2         ; Z[3]        ; 7.239  ; 7.239  ; 7.239  ; 7.239  ;
; S2         ; Z[4]        ; 6.935  ; 6.935  ; 6.935  ; 6.935  ;
; S2         ; Z[5]        ; 7.614  ; 7.614  ; 7.614  ; 7.614  ;
; S2         ; Z[6]        ; 7.655  ; 7.655  ; 7.655  ; 7.655  ;
; S2         ; Z[7]        ; 7.461  ; 7.461  ; 7.461  ; 7.461  ;
; S2         ; Z[8]        ; 7.403  ; 7.403  ; 7.403  ; 7.403  ;
; S2         ; Z[9]        ; 7.858  ; 7.858  ; 7.858  ; 7.858  ;
; S2         ; Z[10]       ; 7.843  ; 7.843  ; 7.843  ; 7.843  ;
; S2         ; Z[11]       ; 7.390  ; 7.390  ; 7.390  ; 7.390  ;
; S2         ; Z[12]       ; 7.716  ; 7.716  ; 7.716  ; 7.716  ;
+------------+-------------+--------+--------+--------+--------+


----------------------------
; Fast Model Setup Summary ;
----------------------------
No paths to report.


---------------------------
; Fast Model Hold Summary ;
---------------------------
No paths to report.


-------------------------------
; Fast Model Recovery Summary ;
-------------------------------
No paths to report.


------------------------------
; Fast Model Removal Summary ;
------------------------------
No paths to report.


------------------------------------------
; Fast Model Minimum Pulse Width Summary ;
------------------------------------------
No paths to report.


+----------------------------------------------------------+
; Propagation Delay                                        ;
+------------+-------------+-------+-------+-------+-------+
; Input Port ; Output Port ; RR    ; RF    ; FR    ; FF    ;
+------------+-------------+-------+-------+-------+-------+
; I0[0]      ; Z[0]        ; 5.537 ; 5.537 ; 5.537 ; 5.537 ;
; I0[1]      ; Z[1]        ; 5.615 ; 5.615 ; 5.615 ; 5.615 ;
; I0[2]      ; Z[2]        ; 5.863 ; 5.863 ; 5.863 ; 5.863 ;
; I0[3]      ; Z[3]        ; 5.601 ; 5.601 ; 5.601 ; 5.601 ;
; I0[4]      ; Z[4]        ; 5.578 ; 5.578 ; 5.578 ; 5.578 ;
; I0[5]      ; Z[5]        ; 5.464 ; 5.464 ; 5.464 ; 5.464 ;
; I0[6]      ; Z[6]        ; 5.831 ; 5.831 ; 5.831 ; 5.831 ;
; I0[7]      ; Z[7]        ; 5.727 ; 5.727 ; 5.727 ; 5.727 ;
; I0[8]      ; Z[8]        ; 8.153 ; 8.153 ; 8.153 ; 8.153 ;
; I0[9]      ; Z[9]        ; 5.721 ; 5.721 ; 5.721 ; 5.721 ;
; I0[10]     ; Z[10]       ; 5.997 ; 5.997 ; 5.997 ; 5.997 ;
; I0[11]     ; Z[11]       ; 5.895 ; 5.895 ; 5.895 ; 5.895 ;
; I0[12]     ; Z[12]       ; 5.793 ; 5.793 ; 5.793 ; 5.793 ;
; I1[0]      ; Z[0]        ; 5.761 ; 5.761 ; 5.761 ; 5.761 ;
; I1[1]      ; Z[1]        ; 5.782 ; 5.782 ; 5.782 ; 5.782 ;
; I1[2]      ; Z[2]        ; 5.861 ; 5.861 ; 5.861 ; 5.861 ;
; I1[3]      ; Z[3]        ; 5.592 ; 5.592 ; 5.592 ; 5.592 ;
; I1[4]      ; Z[4]        ; 5.571 ; 5.571 ; 5.571 ; 5.571 ;
; I1[5]      ; Z[5]        ; 5.569 ; 5.569 ; 5.569 ; 5.569 ;
; I1[6]      ; Z[6]        ; 5.819 ; 5.819 ; 5.819 ; 5.819 ;
; I1[7]      ; Z[7]        ; 5.944 ; 5.944 ; 5.944 ; 5.944 ;
; I1[8]      ; Z[8]        ; 8.071 ; 8.071 ; 8.071 ; 8.071 ;
; I1[9]      ; Z[9]        ; 5.961 ; 5.961 ; 5.961 ; 5.961 ;
; I1[10]     ; Z[10]       ; 5.802 ; 5.802 ; 5.802 ; 5.802 ;
; I1[11]     ; Z[11]       ; 5.867 ; 5.867 ; 5.867 ; 5.867 ;
; I1[12]     ; Z[12]       ; 5.661 ; 5.661 ; 5.661 ; 5.661 ;
; I2[0]      ; Z[0]        ; 5.517 ; 5.517 ; 5.517 ; 5.517 ;
; I2[1]      ; Z[1]        ; 5.661 ; 5.661 ; 5.661 ; 5.661 ;
; I2[2]      ; Z[2]        ; 5.596 ; 5.596 ; 5.596 ; 5.596 ;
; I2[3]      ; Z[3]        ; 7.862 ; 7.862 ; 7.862 ; 7.862 ;
; I2[4]      ; Z[4]        ; 5.519 ; 5.519 ; 5.519 ; 5.519 ;
; I2[5]      ; Z[5]        ; 6.115 ; 6.115 ; 6.115 ; 6.115 ;
; I2[6]      ; Z[6]        ; 5.900 ; 5.900 ; 5.900 ; 5.900 ;
; I2[7]      ; Z[7]        ; 5.713 ; 5.713 ; 5.713 ; 5.713 ;
; I2[8]      ; Z[8]        ; 5.806 ; 5.806 ; 5.806 ; 5.806 ;
; I2[9]      ; Z[9]        ; 6.034 ; 6.034 ; 6.034 ; 6.034 ;
; I2[10]     ; Z[10]       ; 5.888 ; 5.888 ; 5.888 ; 5.888 ;
; I2[11]     ; Z[11]       ; 6.139 ; 6.139 ; 6.139 ; 6.139 ;
; I2[12]     ; Z[12]       ; 5.655 ; 5.655 ; 5.655 ; 5.655 ;
; I3[0]      ; Z[0]        ; 3.450 ;       ;       ; 3.450 ;
; I3[1]      ; Z[1]        ; 5.479 ;       ;       ; 5.479 ;
; I3[2]      ; Z[2]        ; 5.626 ;       ;       ; 5.626 ;
; I3[3]      ; Z[3]        ; 5.333 ;       ;       ; 5.333 ;
; I3[4]      ; Z[4]        ; 5.296 ;       ;       ; 5.296 ;
; I3[5]      ; Z[5]        ; 5.773 ;       ;       ; 5.773 ;
; I3[6]      ; Z[6]        ; 5.433 ;       ;       ; 5.433 ;
; I3[7]      ; Z[7]        ; 5.394 ;       ;       ; 5.394 ;
; I3[8]      ; Z[8]        ; 5.314 ;       ;       ; 5.314 ;
; I3[9]      ; Z[9]        ; 5.839 ;       ;       ; 5.839 ;
; I3[10]     ; Z[10]       ; 5.915 ;       ;       ; 5.915 ;
; I3[11]     ; Z[11]       ; 5.766 ;       ;       ; 5.766 ;
; I3[12]     ; Z[12]       ; 5.412 ;       ;       ; 5.412 ;
; I4[0]      ; Z[0]        ; 5.582 ;       ;       ; 5.582 ;
; I4[1]      ; Z[1]        ; 5.310 ;       ;       ; 5.310 ;
; I4[2]      ; Z[2]        ; 5.573 ;       ;       ; 5.573 ;
; I4[3]      ; Z[3]        ; 5.629 ;       ;       ; 5.629 ;
; I4[4]      ; Z[4]        ; 5.328 ;       ;       ; 5.328 ;
; I4[5]      ; Z[5]        ; 5.373 ;       ;       ; 5.373 ;
; I4[6]      ; Z[6]        ; 5.547 ;       ;       ; 5.547 ;
; I4[7]      ; Z[7]        ; 5.453 ;       ;       ; 5.453 ;
; I4[8]      ; Z[8]        ; 7.900 ;       ;       ; 7.900 ;
; I4[9]      ; Z[9]        ; 5.774 ;       ;       ; 5.774 ;
; I4[10]     ; Z[10]       ; 5.927 ;       ;       ; 5.927 ;
; I4[11]     ; Z[11]       ; 5.704 ;       ;       ; 5.704 ;
; I4[12]     ; Z[12]       ; 5.497 ;       ;       ; 5.497 ;
; I5[0]      ; Z[0]        ; 5.419 ;       ;       ; 5.419 ;
; I5[1]      ; Z[1]        ; 5.369 ;       ;       ; 5.369 ;
; I5[2]      ; Z[2]        ; 5.653 ;       ;       ; 5.653 ;
; I5[3]      ; Z[3]        ; 5.414 ;       ;       ; 5.414 ;
; I5[4]      ; Z[4]        ; 5.506 ;       ;       ; 5.506 ;
; I5[5]      ; Z[5]        ; 5.286 ;       ;       ; 5.286 ;
; I5[6]      ; Z[6]        ; 5.655 ;       ;       ; 5.655 ;
; I5[7]      ; Z[7]        ; 5.687 ;       ;       ; 5.687 ;
; I5[8]      ; Z[8]        ; 7.979 ;       ;       ; 7.979 ;
; I5[9]      ; Z[9]        ; 5.695 ;       ;       ; 5.695 ;
; I5[10]     ; Z[10]       ; 5.887 ;       ;       ; 5.887 ;
; I5[11]     ; Z[11]       ; 5.586 ;       ;       ; 5.586 ;
; I5[12]     ; Z[12]       ; 5.641 ;       ;       ; 5.641 ;
; I6[0]      ; Z[0]        ; 5.823 ; 5.823 ; 5.823 ; 5.823 ;
; I6[1]      ; Z[1]        ; 5.884 ; 5.884 ; 5.884 ; 5.884 ;
; I6[2]      ; Z[2]        ; 5.768 ; 5.768 ; 5.768 ; 5.768 ;
; I6[3]      ; Z[3]        ; 7.958 ; 7.958 ; 7.958 ; 7.958 ;
; I6[4]      ; Z[4]        ; 5.582 ; 5.582 ; 5.582 ; 5.582 ;
; I6[5]      ; Z[5]        ; 6.260 ; 6.260 ; 6.260 ; 6.260 ;
; I6[6]      ; Z[6]        ; 5.714 ; 5.714 ; 5.714 ; 5.714 ;
; I6[7]      ; Z[7]        ; 5.557 ; 5.557 ; 5.557 ; 5.557 ;
; I6[8]      ; Z[8]        ; 5.574 ; 5.574 ; 5.574 ; 5.574 ;
; I6[9]      ; Z[9]        ; 6.064 ; 6.064 ; 6.064 ; 6.064 ;
; I6[10]     ; Z[10]       ; 6.116 ; 6.116 ; 6.116 ; 6.116 ;
; I6[11]     ; Z[11]       ; 5.988 ; 5.988 ; 5.988 ; 5.988 ;
; I6[12]     ; Z[12]       ; 5.742 ; 5.742 ; 5.742 ; 5.742 ;
; I7[0]      ; Z[0]        ; 5.305 ;       ;       ; 5.305 ;
; I7[1]      ; Z[1]        ; 5.467 ;       ;       ; 5.467 ;
; I7[2]      ; Z[2]        ; 5.553 ;       ;       ; 5.553 ;
; I7[3]      ; Z[3]        ; 5.561 ;       ;       ; 5.561 ;
; I7[4]      ; Z[4]        ; 5.256 ;       ;       ; 5.256 ;
; I7[5]      ; Z[5]        ; 5.983 ;       ;       ; 5.983 ;
; I7[6]      ; Z[6]        ; 5.576 ;       ;       ; 5.576 ;
; I7[7]      ; Z[7]        ; 5.347 ;       ;       ; 5.347 ;
; I7[8]      ; Z[8]        ; 5.380 ;       ;       ; 5.380 ;
; I7[9]      ; Z[9]        ; 5.794 ;       ;       ; 5.794 ;
; I7[10]     ; Z[10]       ; 5.959 ;       ;       ; 5.959 ;
; I7[11]     ; Z[11]       ; 5.645 ;       ;       ; 5.645 ;
; I7[12]     ; Z[12]       ; 5.598 ;       ;       ; 5.598 ;
; S0         ; Z[0]        ; 5.988 ; 5.988 ; 5.988 ; 5.988 ;
; S0         ; Z[1]        ; 5.981 ; 5.981 ; 5.981 ; 5.981 ;
; S0         ; Z[2]        ; 5.977 ; 5.977 ; 5.977 ; 5.977 ;
; S0         ; Z[3]        ; 8.236 ; 8.236 ; 8.236 ; 8.236 ;
; S0         ; Z[4]        ; 7.214 ; 7.214 ; 7.214 ; 7.214 ;
; S0         ; Z[5]        ; 7.740 ; 7.740 ; 7.740 ; 7.740 ;
; S0         ; Z[6]        ; 7.380 ; 7.380 ; 7.380 ; 7.380 ;
; S0         ; Z[7]        ; 6.937 ; 6.937 ; 6.937 ; 6.937 ;
; S0         ; Z[8]        ; 8.454 ; 8.454 ; 8.454 ; 8.454 ;
; S0         ; Z[9]        ; 7.632 ; 7.632 ; 7.632 ; 7.632 ;
; S0         ; Z[10]       ; 7.694 ; 7.694 ; 7.694 ; 7.694 ;
; S0         ; Z[11]       ; 7.663 ; 7.663 ; 7.663 ; 7.663 ;
; S0         ; Z[12]       ; 6.919 ; 6.919 ; 6.919 ; 6.919 ;
; S1         ; Z[0]        ; 5.419 ; 5.419 ; 5.419 ; 5.419 ;
; S1         ; Z[1]        ; 5.343 ; 5.343 ; 5.343 ; 5.343 ;
; S1         ; Z[2]        ; 5.453 ; 5.453 ; 5.453 ; 5.453 ;
; S1         ; Z[3]        ; 6.043 ; 6.043 ; 6.043 ; 6.043 ;
; S1         ; Z[4]        ; 5.887 ; 5.887 ; 5.887 ; 5.887 ;
; S1         ; Z[5]        ; 6.167 ; 6.167 ; 6.167 ; 6.167 ;
; S1         ; Z[6]        ; 6.036 ; 6.036 ; 6.036 ; 6.036 ;
; S1         ; Z[7]        ; 6.202 ; 6.202 ; 6.202 ; 6.202 ;
; S1         ; Z[8]        ; 6.159 ; 6.159 ; 6.159 ; 6.159 ;
; S1         ; Z[9]        ; 6.431 ; 6.431 ; 6.431 ; 6.431 ;
; S1         ; Z[10]       ; 6.410 ; 6.410 ; 6.410 ; 6.410 ;
; S1         ; Z[11]       ; 6.342 ; 6.342 ; 6.342 ; 6.342 ;
; S1         ; Z[12]       ; 6.161 ; 6.161 ; 6.161 ; 6.161 ;
; S2         ; Z[0]        ; 3.883 ; 3.883 ; 3.883 ; 3.883 ;
; S2         ; Z[1]        ; 3.933 ; 3.933 ; 3.933 ; 3.933 ;
; S2         ; Z[2]        ; 4.114 ; 4.114 ; 4.114 ; 4.114 ;
; S2         ; Z[3]        ; 6.132 ; 6.132 ; 6.132 ; 6.132 ;
; S2         ; Z[4]        ; 3.978 ; 3.978 ; 3.978 ; 3.978 ;
; S2         ; Z[5]        ; 4.549 ; 4.549 ; 4.549 ; 4.549 ;
; S2         ; Z[6]        ; 4.182 ; 4.182 ; 4.182 ; 4.182 ;
; S2         ; Z[7]        ; 4.238 ; 4.238 ; 4.238 ; 4.238 ;
; S2         ; Z[8]        ; 5.936 ; 5.936 ; 5.936 ; 5.936 ;
; S2         ; Z[9]        ; 4.169 ; 4.169 ; 4.169 ; 4.169 ;
; S2         ; Z[10]       ; 4.154 ; 4.154 ; 4.154 ; 4.154 ;
; S2         ; Z[11]       ; 4.203 ; 4.203 ; 4.203 ; 4.203 ;
; S2         ; Z[12]       ; 4.187 ; 4.187 ; 4.187 ; 4.187 ;
+------------+-------------+-------+-------+-------+-------+


+----------------------------------------------------------+
; Minimum Propagation Delay                                ;
+------------+-------------+-------+-------+-------+-------+
; Input Port ; Output Port ; RR    ; RF    ; FR    ; FF    ;
+------------+-------------+-------+-------+-------+-------+
; I0[0]      ; Z[0]        ; 5.537 ; 5.537 ; 5.537 ; 5.537 ;
; I0[1]      ; Z[1]        ; 5.615 ; 5.615 ; 5.615 ; 5.615 ;
; I0[2]      ; Z[2]        ; 5.863 ; 5.863 ; 5.863 ; 5.863 ;
; I0[3]      ; Z[3]        ; 5.601 ; 5.601 ; 5.601 ; 5.601 ;
; I0[4]      ; Z[4]        ; 5.578 ; 5.578 ; 5.578 ; 5.578 ;
; I0[5]      ; Z[5]        ; 5.464 ; 5.464 ; 5.464 ; 5.464 ;
; I0[6]      ; Z[6]        ; 5.831 ; 5.831 ; 5.831 ; 5.831 ;
; I0[7]      ; Z[7]        ; 5.727 ; 5.727 ; 5.727 ; 5.727 ;
; I0[8]      ; Z[8]        ; 8.153 ; 8.153 ; 8.153 ; 8.153 ;
; I0[9]      ; Z[9]        ; 5.721 ; 5.721 ; 5.721 ; 5.721 ;
; I0[10]     ; Z[10]       ; 5.997 ; 5.997 ; 5.997 ; 5.997 ;
; I0[11]     ; Z[11]       ; 5.895 ; 5.895 ; 5.895 ; 5.895 ;
; I0[12]     ; Z[12]       ; 5.793 ; 5.793 ; 5.793 ; 5.793 ;
; I1[0]      ; Z[0]        ; 5.761 ; 5.761 ; 5.761 ; 5.761 ;
; I1[1]      ; Z[1]        ; 5.782 ; 5.782 ; 5.782 ; 5.782 ;
; I1[2]      ; Z[2]        ; 5.861 ; 5.861 ; 5.861 ; 5.861 ;
; I1[3]      ; Z[3]        ; 5.592 ; 5.592 ; 5.592 ; 5.592 ;
; I1[4]      ; Z[4]        ; 5.571 ; 5.571 ; 5.571 ; 5.571 ;
; I1[5]      ; Z[5]        ; 5.569 ; 5.569 ; 5.569 ; 5.569 ;
; I1[6]      ; Z[6]        ; 5.819 ; 5.819 ; 5.819 ; 5.819 ;
; I1[7]      ; Z[7]        ; 5.944 ; 5.944 ; 5.944 ; 5.944 ;
; I1[8]      ; Z[8]        ; 8.071 ; 8.071 ; 8.071 ; 8.071 ;
; I1[9]      ; Z[9]        ; 5.961 ; 5.961 ; 5.961 ; 5.961 ;
; I1[10]     ; Z[10]       ; 5.802 ; 5.802 ; 5.802 ; 5.802 ;
; I1[11]     ; Z[11]       ; 5.867 ; 5.867 ; 5.867 ; 5.867 ;
; I1[12]     ; Z[12]       ; 5.661 ; 5.661 ; 5.661 ; 5.661 ;
; I2[0]      ; Z[0]        ; 5.517 ; 5.517 ; 5.517 ; 5.517 ;
; I2[1]      ; Z[1]        ; 5.661 ; 5.661 ; 5.661 ; 5.661 ;
; I2[2]      ; Z[2]        ; 5.596 ; 5.596 ; 5.596 ; 5.596 ;
; I2[3]      ; Z[3]        ; 7.862 ; 7.862 ; 7.862 ; 7.862 ;
; I2[4]      ; Z[4]        ; 5.519 ; 5.519 ; 5.519 ; 5.519 ;
; I2[5]      ; Z[5]        ; 6.115 ; 6.115 ; 6.115 ; 6.115 ;
; I2[6]      ; Z[6]        ; 5.900 ; 5.900 ; 5.900 ; 5.900 ;
; I2[7]      ; Z[7]        ; 5.713 ; 5.713 ; 5.713 ; 5.713 ;
; I2[8]      ; Z[8]        ; 5.806 ; 5.806 ; 5.806 ; 5.806 ;
; I2[9]      ; Z[9]        ; 6.034 ; 6.034 ; 6.034 ; 6.034 ;
; I2[10]     ; Z[10]       ; 5.888 ; 5.888 ; 5.888 ; 5.888 ;
; I2[11]     ; Z[11]       ; 6.139 ; 6.139 ; 6.139 ; 6.139 ;
; I2[12]     ; Z[12]       ; 5.655 ; 5.655 ; 5.655 ; 5.655 ;
; I3[0]      ; Z[0]        ; 3.450 ;       ;       ; 3.450 ;
; I3[1]      ; Z[1]        ; 5.479 ;       ;       ; 5.479 ;
; I3[2]      ; Z[2]        ; 5.626 ;       ;       ; 5.626 ;
; I3[3]      ; Z[3]        ; 5.333 ;       ;       ; 5.333 ;
; I3[4]      ; Z[4]        ; 5.296 ;       ;       ; 5.296 ;
; I3[5]      ; Z[5]        ; 5.773 ;       ;       ; 5.773 ;
; I3[6]      ; Z[6]        ; 5.433 ;       ;       ; 5.433 ;
; I3[7]      ; Z[7]        ; 5.394 ;       ;       ; 5.394 ;
; I3[8]      ; Z[8]        ; 5.314 ;       ;       ; 5.314 ;
; I3[9]      ; Z[9]        ; 5.839 ;       ;       ; 5.839 ;
; I3[10]     ; Z[10]       ; 5.915 ;       ;       ; 5.915 ;
; I3[11]     ; Z[11]       ; 5.766 ;       ;       ; 5.766 ;
; I3[12]     ; Z[12]       ; 5.412 ;       ;       ; 5.412 ;
; I4[0]      ; Z[0]        ; 5.582 ;       ;       ; 5.582 ;
; I4[1]      ; Z[1]        ; 5.310 ;       ;       ; 5.310 ;
; I4[2]      ; Z[2]        ; 5.573 ;       ;       ; 5.573 ;
; I4[3]      ; Z[3]        ; 5.629 ;       ;       ; 5.629 ;
; I4[4]      ; Z[4]        ; 5.328 ;       ;       ; 5.328 ;
; I4[5]      ; Z[5]        ; 5.373 ;       ;       ; 5.373 ;
; I4[6]      ; Z[6]        ; 5.547 ;       ;       ; 5.547 ;
; I4[7]      ; Z[7]        ; 5.453 ;       ;       ; 5.453 ;
; I4[8]      ; Z[8]        ; 7.900 ;       ;       ; 7.900 ;
; I4[9]      ; Z[9]        ; 5.774 ;       ;       ; 5.774 ;
; I4[10]     ; Z[10]       ; 5.927 ;       ;       ; 5.927 ;
; I4[11]     ; Z[11]       ; 5.704 ;       ;       ; 5.704 ;
; I4[12]     ; Z[12]       ; 5.497 ;       ;       ; 5.497 ;
; I5[0]      ; Z[0]        ; 5.419 ;       ;       ; 5.419 ;
; I5[1]      ; Z[1]        ; 5.369 ;       ;       ; 5.369 ;
; I5[2]      ; Z[2]        ; 5.653 ;       ;       ; 5.653 ;
; I5[3]      ; Z[3]        ; 5.414 ;       ;       ; 5.414 ;
; I5[4]      ; Z[4]        ; 5.506 ;       ;       ; 5.506 ;
; I5[5]      ; Z[5]        ; 5.286 ;       ;       ; 5.286 ;
; I5[6]      ; Z[6]        ; 5.655 ;       ;       ; 5.655 ;
; I5[7]      ; Z[7]        ; 5.687 ;       ;       ; 5.687 ;
; I5[8]      ; Z[8]        ; 7.979 ;       ;       ; 7.979 ;
; I5[9]      ; Z[9]        ; 5.695 ;       ;       ; 5.695 ;
; I5[10]     ; Z[10]       ; 5.887 ;       ;       ; 5.887 ;
; I5[11]     ; Z[11]       ; 5.586 ;       ;       ; 5.586 ;
; I5[12]     ; Z[12]       ; 5.641 ;       ;       ; 5.641 ;
; I6[0]      ; Z[0]        ; 5.823 ; 5.823 ; 5.823 ; 5.823 ;
; I6[1]      ; Z[1]        ; 5.884 ; 5.884 ; 5.884 ; 5.884 ;
; I6[2]      ; Z[2]        ; 5.768 ; 5.768 ; 5.768 ; 5.768 ;
; I6[3]      ; Z[3]        ; 7.958 ; 7.958 ; 7.958 ; 7.958 ;
; I6[4]      ; Z[4]        ; 5.582 ; 5.582 ; 5.582 ; 5.582 ;
; I6[5]      ; Z[5]        ; 6.260 ; 6.260 ; 6.260 ; 6.260 ;
; I6[6]      ; Z[6]        ; 5.714 ; 5.714 ; 5.714 ; 5.714 ;
; I6[7]      ; Z[7]        ; 5.557 ; 5.557 ; 5.557 ; 5.557 ;
; I6[8]      ; Z[8]        ; 5.574 ; 5.574 ; 5.574 ; 5.574 ;
; I6[9]      ; Z[9]        ; 6.064 ; 6.064 ; 6.064 ; 6.064 ;
; I6[10]     ; Z[10]       ; 6.116 ; 6.116 ; 6.116 ; 6.116 ;
; I6[11]     ; Z[11]       ; 5.988 ; 5.988 ; 5.988 ; 5.988 ;
; I6[12]     ; Z[12]       ; 5.742 ; 5.742 ; 5.742 ; 5.742 ;
; I7[0]      ; Z[0]        ; 5.305 ;       ;       ; 5.305 ;
; I7[1]      ; Z[1]        ; 5.467 ;       ;       ; 5.467 ;
; I7[2]      ; Z[2]        ; 5.553 ;       ;       ; 5.553 ;
; I7[3]      ; Z[3]        ; 5.561 ;       ;       ; 5.561 ;
; I7[4]      ; Z[4]        ; 5.256 ;       ;       ; 5.256 ;
; I7[5]      ; Z[5]        ; 5.983 ;       ;       ; 5.983 ;
; I7[6]      ; Z[6]        ; 5.576 ;       ;       ; 5.576 ;
; I7[7]      ; Z[7]        ; 5.347 ;       ;       ; 5.347 ;
; I7[8]      ; Z[8]        ; 5.380 ;       ;       ; 5.380 ;
; I7[9]      ; Z[9]        ; 5.794 ;       ;       ; 5.794 ;
; I7[10]     ; Z[10]       ; 5.959 ;       ;       ; 5.959 ;
; I7[11]     ; Z[11]       ; 5.645 ;       ;       ; 5.645 ;
; I7[12]     ; Z[12]       ; 5.598 ;       ;       ; 5.598 ;
; S0         ; Z[0]        ; 5.582 ; 5.582 ; 5.582 ; 5.582 ;
; S0         ; Z[1]        ; 5.498 ; 5.498 ; 5.498 ; 5.498 ;
; S0         ; Z[2]        ; 5.687 ; 5.687 ; 5.687 ; 5.687 ;
; S0         ; Z[3]        ; 7.080 ; 7.080 ; 7.080 ; 7.080 ;
; S0         ; Z[4]        ; 6.848 ; 6.848 ; 6.848 ; 6.848 ;
; S0         ; Z[5]        ; 6.571 ; 6.571 ; 6.571 ; 6.571 ;
; S0         ; Z[6]        ; 7.005 ; 7.005 ; 7.005 ; 7.005 ;
; S0         ; Z[7]        ; 6.654 ; 6.654 ; 6.654 ; 6.654 ;
; S0         ; Z[8]        ; 6.697 ; 6.697 ; 6.697 ; 6.697 ;
; S0         ; Z[9]        ; 7.339 ; 7.339 ; 7.339 ; 7.339 ;
; S0         ; Z[10]       ; 7.369 ; 7.369 ; 7.369 ; 7.369 ;
; S0         ; Z[11]       ; 7.329 ; 7.329 ; 7.329 ; 7.329 ;
; S0         ; Z[12]       ; 6.609 ; 6.609 ; 6.609 ; 6.609 ;
; S1         ; Z[0]        ; 5.419 ; 5.419 ; 5.419 ; 5.419 ;
; S1         ; Z[1]        ; 5.343 ; 5.343 ; 5.343 ; 5.343 ;
; S1         ; Z[2]        ; 5.453 ; 5.453 ; 5.453 ; 5.453 ;
; S1         ; Z[3]        ; 6.043 ; 6.043 ; 6.043 ; 6.043 ;
; S1         ; Z[4]        ; 5.887 ; 5.887 ; 5.887 ; 5.887 ;
; S1         ; Z[5]        ; 6.167 ; 6.167 ; 6.167 ; 6.167 ;
; S1         ; Z[6]        ; 6.036 ; 6.036 ; 6.036 ; 6.036 ;
; S1         ; Z[7]        ; 6.202 ; 6.202 ; 6.202 ; 6.202 ;
; S1         ; Z[8]        ; 6.159 ; 6.159 ; 6.159 ; 6.159 ;
; S1         ; Z[9]        ; 6.431 ; 6.431 ; 6.431 ; 6.431 ;
; S1         ; Z[10]       ; 6.410 ; 6.410 ; 6.410 ; 6.410 ;
; S1         ; Z[11]       ; 6.342 ; 6.342 ; 6.342 ; 6.342 ;
; S1         ; Z[12]       ; 6.161 ; 6.161 ; 6.161 ; 6.161 ;
; S2         ; Z[0]        ; 3.668 ; 3.668 ; 3.668 ; 3.668 ;
; S2         ; Z[1]        ; 3.582 ; 3.582 ; 3.582 ; 3.582 ;
; S2         ; Z[2]        ; 3.572 ; 3.572 ; 3.572 ; 3.572 ;
; S2         ; Z[3]        ; 3.709 ; 3.709 ; 3.709 ; 3.709 ;
; S2         ; Z[4]        ; 3.563 ; 3.563 ; 3.563 ; 3.563 ;
; S2         ; Z[5]        ; 3.868 ; 3.868 ; 3.868 ; 3.868 ;
; S2         ; Z[6]        ; 3.893 ; 3.893 ; 3.893 ; 3.893 ;
; S2         ; Z[7]        ; 3.818 ; 3.818 ; 3.818 ; 3.818 ;
; S2         ; Z[8]        ; 3.786 ; 3.786 ; 3.786 ; 3.786 ;
; S2         ; Z[9]        ; 4.005 ; 4.005 ; 4.005 ; 4.005 ;
; S2         ; Z[10]       ; 3.988 ; 3.988 ; 3.988 ; 3.988 ;
; S2         ; Z[11]       ; 3.799 ; 3.799 ; 3.799 ; 3.799 ;
; S2         ; Z[12]       ; 3.919 ; 3.919 ; 3.919 ; 3.919 ;
+------------+-------------+-------+-------+-------+-------+


+----------------------------------------------------------------------------+
; Multicorner Timing Analysis Summary                                        ;
+------------------+-------+------+----------+---------+---------------------+
; Clock            ; Setup ; Hold ; Recovery ; Removal ; Minimum Pulse Width ;
+------------------+-------+------+----------+---------+---------------------+
; Worst-case Slack ; N/A   ; N/A  ; N/A      ; N/A     ; N/A                 ;
; Design-wide TNS  ; 0.0   ; 0.0  ; 0.0      ; 0.0     ; 0.0                 ;
+------------------+-------+------+----------+---------+---------------------+


+--------------------------------------------------------------+
; Progagation Delay                                            ;
+------------+-------------+--------+--------+--------+--------+
; Input Port ; Output Port ; RR     ; RF     ; FR     ; FF     ;
+------------+-------------+--------+--------+--------+--------+
; I0[0]      ; Z[0]        ; 10.119 ; 10.119 ; 10.119 ; 10.119 ;
; I0[1]      ; Z[1]        ; 10.265 ; 10.265 ; 10.265 ; 10.265 ;
; I0[2]      ; Z[2]        ; 10.802 ; 10.802 ; 10.802 ; 10.802 ;
; I0[3]      ; Z[3]        ; 10.242 ; 10.242 ; 10.242 ; 10.242 ;
; I0[4]      ; Z[4]        ; 10.208 ; 10.208 ; 10.208 ; 10.208 ;
; I0[5]      ; Z[5]        ; 10.047 ; 10.047 ; 10.047 ; 10.047 ;
; I0[6]      ; Z[6]        ; 10.840 ; 10.840 ; 10.840 ; 10.840 ;
; I0[7]      ; Z[7]        ; 10.555 ; 10.555 ; 10.555 ; 10.555 ;
; I0[8]      ; Z[8]        ; 15.502 ; 15.502 ; 15.502 ; 15.502 ;
; I0[9]      ; Z[9]        ; 10.447 ; 10.447 ; 10.447 ; 10.447 ;
; I0[10]     ; Z[10]       ; 11.085 ; 11.085 ; 11.085 ; 11.085 ;
; I0[11]     ; Z[11]       ; 10.910 ; 10.910 ; 10.910 ; 10.910 ;
; I0[12]     ; Z[12]       ; 10.720 ; 10.720 ; 10.720 ; 10.720 ;
; I1[0]      ; Z[0]        ; 10.642 ; 10.642 ; 10.642 ; 10.642 ;
; I1[1]      ; Z[1]        ; 10.667 ; 10.667 ; 10.667 ; 10.667 ;
; I1[2]      ; Z[2]        ; 10.852 ; 10.852 ; 10.852 ; 10.852 ;
; I1[3]      ; Z[3]        ; 10.232 ; 10.232 ; 10.232 ; 10.232 ;
; I1[4]      ; Z[4]        ; 10.226 ; 10.226 ; 10.226 ; 10.226 ;
; I1[5]      ; Z[5]        ; 10.219 ; 10.219 ; 10.219 ; 10.219 ;
; I1[6]      ; Z[6]        ; 10.798 ; 10.798 ; 10.798 ; 10.798 ;
; I1[7]      ; Z[7]        ; 11.050 ; 11.050 ; 11.050 ; 11.050 ;
; I1[8]      ; Z[8]        ; 15.317 ; 15.317 ; 15.317 ; 15.317 ;
; I1[9]      ; Z[9]        ; 10.998 ; 10.998 ; 10.998 ; 10.998 ;
; I1[10]     ; Z[10]       ; 10.695 ; 10.695 ; 10.695 ; 10.695 ;
; I1[11]     ; Z[11]       ; 10.824 ; 10.824 ; 10.824 ; 10.824 ;
; I1[12]     ; Z[12]       ; 10.382 ; 10.382 ; 10.382 ; 10.382 ;
; I2[0]      ; Z[0]        ; 10.016 ; 10.016 ; 10.016 ; 10.016 ;
; I2[1]      ; Z[1]        ; 10.373 ; 10.373 ; 10.373 ; 10.373 ;
; I2[2]      ; Z[2]        ; 10.237 ; 10.237 ; 10.237 ; 10.237 ;
; I2[3]      ; Z[3]        ; 15.251 ; 15.251 ; 15.251 ; 15.251 ;
; I2[4]      ; Z[4]        ; 10.136 ; 10.136 ; 10.136 ; 10.136 ;
; I2[5]      ; Z[5]        ; 11.358 ; 11.358 ; 11.358 ; 11.358 ;
; I2[6]      ; Z[6]        ; 10.950 ; 10.950 ; 10.950 ; 10.950 ;
; I2[7]      ; Z[7]        ; 10.475 ; 10.475 ; 10.475 ; 10.475 ;
; I2[8]      ; Z[8]        ; 10.665 ; 10.665 ; 10.665 ; 10.665 ;
; I2[9]      ; Z[9]        ; 11.195 ; 11.195 ; 11.195 ; 11.195 ;
; I2[10]     ; Z[10]       ; 10.876 ; 10.876 ; 10.876 ; 10.876 ;
; I2[11]     ; Z[11]       ; 11.397 ; 11.397 ; 11.397 ; 11.397 ;
; I2[12]     ; Z[12]       ; 10.462 ; 10.462 ; 10.462 ; 10.462 ;
; I3[0]      ; Z[0]        ; 6.702  ;        ;        ; 6.702  ;
; I3[1]      ; Z[1]        ; 9.906  ;        ;        ; 9.906  ;
; I3[2]      ; Z[2]        ; 10.326 ;        ;        ; 10.326 ;
; I3[3]      ; Z[3]        ; 9.580  ;        ;        ; 9.580  ;
; I3[4]      ; Z[4]        ; 9.539  ;        ;        ; 9.539  ;
; I3[5]      ; Z[5]        ; 10.593 ;        ;        ; 10.593 ;
; I3[6]      ; Z[6]        ; 9.845  ;        ;        ; 9.845  ;
; I3[7]      ; Z[7]        ; 9.734  ;        ;        ; 9.734  ;
; I3[8]      ; Z[8]        ; 9.544  ;        ;        ; 9.544  ;
; I3[9]      ; Z[9]        ; 10.715 ;        ;        ; 10.715 ;
; I3[10]     ; Z[10]       ; 10.901 ;        ;        ; 10.901 ;
; I3[11]     ; Z[11]       ; 10.605 ;        ;        ; 10.605 ;
; I3[12]     ; Z[12]       ; 9.820  ;        ;        ; 9.820  ;
; I4[0]      ; Z[0]        ; 10.205 ;        ;        ; 10.205 ;
; I4[1]      ; Z[1]        ; 9.614  ;        ;        ; 9.614  ;
; I4[2]      ; Z[2]        ; 10.127 ;        ;        ; 10.127 ;
; I4[3]      ; Z[3]        ; 10.265 ;        ;        ; 10.265 ;
; I4[4]      ; Z[4]        ; 9.657  ;        ;        ; 9.657  ;
; I4[5]      ; Z[5]        ; 9.762  ;        ;        ; 9.762  ;
; I4[6]      ; Z[6]        ; 10.138 ;        ;        ; 10.138 ;
; I4[7]      ; Z[7]        ; 9.890  ;        ;        ; 9.890  ;
; I4[8]      ; Z[8]        ; 14.921 ;        ;        ; 14.921 ;
; I4[9]      ; Z[9]        ; 10.554 ;        ;        ; 10.554 ;
; I4[10]     ; Z[10]       ; 10.944 ;        ;        ; 10.944 ;
; I4[11]     ; Z[11]       ; 10.372 ;        ;        ; 10.372 ;
; I4[12]     ; Z[12]       ; 10.013 ;        ;        ; 10.013 ;
; I5[0]      ; Z[0]        ; 9.819  ;        ;        ; 9.819  ;
; I5[1]      ; Z[1]        ; 9.725  ;        ;        ; 9.725  ;
; I5[2]      ; Z[2]        ; 10.314 ;        ;        ; 10.314 ;
; I5[3]      ; Z[3]        ; 9.789  ;        ;        ; 9.789  ;
; I5[4]      ; Z[4]        ; 10.034 ;        ;        ; 10.034 ;
; I5[5]      ; Z[5]        ; 9.520  ;        ;        ; 9.520  ;
; I5[6]      ; Z[6]        ; 10.376 ;        ;        ; 10.376 ;
; I5[7]      ; Z[7]        ; 10.447 ;        ;        ; 10.447 ;
; I5[8]      ; Z[8]        ; 15.095 ;        ;        ; 15.095 ;
; I5[9]      ; Z[9]        ; 10.383 ;        ;        ; 10.383 ;
; I5[10]     ; Z[10]       ; 10.876 ;        ;        ; 10.876 ;
; I5[11]     ; Z[11]       ; 10.128 ;        ;        ; 10.128 ;
; I5[12]     ; Z[12]       ; 10.336 ;        ;        ; 10.336 ;
; I6[0]      ; Z[0]        ; 10.766 ; 10.766 ; 10.766 ; 10.766 ;
; I6[1]      ; Z[1]        ; 10.893 ; 10.893 ; 10.893 ; 10.893 ;
; I6[2]      ; Z[2]        ; 10.650 ; 10.650 ; 10.650 ; 10.650 ;
; I6[3]      ; Z[3]        ; 15.444 ; 15.444 ; 15.444 ; 15.444 ;
; I6[4]      ; Z[4]        ; 10.239 ; 10.239 ; 10.239 ; 10.239 ;
; I6[5]      ; Z[5]        ; 11.703 ; 11.703 ; 11.703 ; 11.703 ;
; I6[6]      ; Z[6]        ; 10.536 ; 10.536 ; 10.536 ; 10.536 ;
; I6[7]      ; Z[7]        ; 10.166 ; 10.166 ; 10.166 ; 10.166 ;
; I6[8]      ; Z[8]        ; 10.246 ; 10.246 ; 10.246 ; 10.246 ;
; I6[9]      ; Z[9]        ; 11.273 ; 11.273 ; 11.273 ; 11.273 ;
; I6[10]     ; Z[10]       ; 11.299 ; 11.299 ; 11.299 ; 11.299 ;
; I6[11]     ; Z[11]       ; 11.069 ; 11.069 ; 11.069 ; 11.069 ;
; I6[12]     ; Z[12]       ; 10.619 ; 10.619 ; 10.619 ; 10.619 ;
; I7[0]      ; Z[0]        ; 9.538  ;        ;        ; 9.538  ;
; I7[1]      ; Z[1]        ; 9.923  ;        ;        ; 9.923  ;
; I7[2]      ; Z[2]        ; 10.110 ;        ;        ; 10.110 ;
; I7[3]      ; Z[3]        ; 10.089 ;        ;        ; 10.089 ;
; I7[4]      ; Z[4]        ; 9.470  ;        ;        ; 9.470  ;
; I7[5]      ; Z[5]        ; 11.032 ;        ;        ; 11.032 ;
; I7[6]      ; Z[6]        ; 10.193 ;        ;        ; 10.193 ;
; I7[7]      ; Z[7]        ; 9.607  ;        ;        ; 9.607  ;
; I7[8]      ; Z[8]        ; 9.764  ;        ;        ; 9.764  ;
; I7[9]      ; Z[9]        ; 10.646 ;        ;        ; 10.646 ;
; I7[10]     ; Z[10]       ; 10.982 ;        ;        ; 10.982 ;
; I7[11]     ; Z[11]       ; 10.295 ;        ;        ; 10.295 ;
; I7[12]     ; Z[12]       ; 10.279 ;        ;        ; 10.279 ;
; S0         ; Z[0]        ; 11.104 ; 11.104 ; 11.104 ; 11.104 ;
; S0         ; Z[1]        ; 11.103 ; 11.103 ; 11.103 ; 11.103 ;
; S0         ; Z[2]        ; 11.100 ; 11.100 ; 11.100 ; 11.100 ;
; S0         ; Z[3]        ; 16.078 ; 16.078 ; 16.078 ; 16.078 ;
; S0         ; Z[4]        ; 13.406 ; 13.406 ; 13.406 ; 13.406 ;
; S0         ; Z[5]        ; 14.520 ; 14.520 ; 14.520 ; 14.520 ;
; S0         ; Z[6]        ; 13.769 ; 13.769 ; 13.769 ; 13.769 ;
; S0         ; Z[7]        ; 12.871 ; 12.871 ; 12.871 ; 12.871 ;
; S0         ; Z[8]        ; 16.150 ; 16.150 ; 16.150 ; 16.150 ;
; S0         ; Z[9]        ; 14.124 ; 14.124 ; 14.124 ; 14.124 ;
; S0         ; Z[10]       ; 14.278 ; 14.278 ; 14.278 ; 14.278 ;
; S0         ; Z[11]       ; 14.199 ; 14.199 ; 14.199 ; 14.199 ;
; S0         ; Z[12]       ; 12.835 ; 12.835 ; 12.835 ; 12.835 ;
; S1         ; Z[0]        ; 9.708  ; 9.708  ; 9.708  ; 9.708  ;
; S1         ; Z[1]        ; 9.561  ; 9.561  ; 9.561  ; 9.561  ;
; S1         ; Z[2]        ; 9.799  ; 9.799  ; 9.799  ; 9.799  ;
; S1         ; Z[3]        ; 10.918 ; 10.918 ; 10.918 ; 10.918 ;
; S1         ; Z[4]        ; 10.601 ; 10.601 ; 10.601 ; 10.601 ;
; S1         ; Z[5]        ; 11.117 ; 11.117 ; 11.117 ; 11.117 ;
; S1         ; Z[6]        ; 10.923 ; 10.923 ; 10.923 ; 10.923 ;
; S1         ; Z[7]        ; 11.172 ; 11.172 ; 11.172 ; 11.172 ;
; S1         ; Z[8]        ; 11.102 ; 11.102 ; 11.102 ; 11.102 ;
; S1         ; Z[9]        ; 11.638 ; 11.638 ; 11.638 ; 11.638 ;
; S1         ; Z[10]       ; 11.620 ; 11.620 ; 11.620 ; 11.620 ;
; S1         ; Z[11]       ; 11.444 ; 11.444 ; 11.444 ; 11.444 ;
; S1         ; Z[12]       ; 11.110 ; 11.110 ; 11.110 ; 11.110 ;
; S2         ; Z[0]        ; 7.711  ; 7.711  ; 7.711  ; 7.711  ;
; S2         ; Z[1]        ; 7.842  ; 7.842  ; 7.842  ; 7.842  ;
; S2         ; Z[2]        ; 8.241  ; 8.241  ; 8.241  ; 8.241  ;
; S2         ; Z[3]        ; 12.662 ; 12.662 ; 12.662 ; 12.662 ;
; S2         ; Z[4]        ; 7.918  ; 7.918  ; 7.918  ; 7.918  ;
; S2         ; Z[5]        ; 9.143  ; 9.143  ; 9.143  ; 9.143  ;
; S2         ; Z[6]        ; 8.358  ; 8.358  ; 8.358  ; 8.358  ;
; S2         ; Z[7]        ; 8.454  ; 8.454  ; 8.454  ; 8.454  ;
; S2         ; Z[8]        ; 11.866 ; 11.866 ; 11.866 ; 11.866 ;
; S2         ; Z[9]        ; 8.253  ; 8.253  ; 8.253  ; 8.253  ;
; S2         ; Z[10]       ; 8.237  ; 8.237  ; 8.237  ; 8.237  ;
; S2         ; Z[11]       ; 8.331  ; 8.331  ; 8.331  ; 8.331  ;
; S2         ; Z[12]       ; 8.348  ; 8.348  ; 8.348  ; 8.348  ;
+------------+-------------+--------+--------+--------+--------+


+----------------------------------------------------------+
; Minimum Progagation Delay                                ;
+------------+-------------+-------+-------+-------+-------+
; Input Port ; Output Port ; RR    ; RF    ; FR    ; FF    ;
+------------+-------------+-------+-------+-------+-------+
; I0[0]      ; Z[0]        ; 5.537 ; 5.537 ; 5.537 ; 5.537 ;
; I0[1]      ; Z[1]        ; 5.615 ; 5.615 ; 5.615 ; 5.615 ;
; I0[2]      ; Z[2]        ; 5.863 ; 5.863 ; 5.863 ; 5.863 ;
; I0[3]      ; Z[3]        ; 5.601 ; 5.601 ; 5.601 ; 5.601 ;
; I0[4]      ; Z[4]        ; 5.578 ; 5.578 ; 5.578 ; 5.578 ;
; I0[5]      ; Z[5]        ; 5.464 ; 5.464 ; 5.464 ; 5.464 ;
; I0[6]      ; Z[6]        ; 5.831 ; 5.831 ; 5.831 ; 5.831 ;
; I0[7]      ; Z[7]        ; 5.727 ; 5.727 ; 5.727 ; 5.727 ;
; I0[8]      ; Z[8]        ; 8.153 ; 8.153 ; 8.153 ; 8.153 ;
; I0[9]      ; Z[9]        ; 5.721 ; 5.721 ; 5.721 ; 5.721 ;
; I0[10]     ; Z[10]       ; 5.997 ; 5.997 ; 5.997 ; 5.997 ;
; I0[11]     ; Z[11]       ; 5.895 ; 5.895 ; 5.895 ; 5.895 ;
; I0[12]     ; Z[12]       ; 5.793 ; 5.793 ; 5.793 ; 5.793 ;
; I1[0]      ; Z[0]        ; 5.761 ; 5.761 ; 5.761 ; 5.761 ;
; I1[1]      ; Z[1]        ; 5.782 ; 5.782 ; 5.782 ; 5.782 ;
; I1[2]      ; Z[2]        ; 5.861 ; 5.861 ; 5.861 ; 5.861 ;
; I1[3]      ; Z[3]        ; 5.592 ; 5.592 ; 5.592 ; 5.592 ;
; I1[4]      ; Z[4]        ; 5.571 ; 5.571 ; 5.571 ; 5.571 ;
; I1[5]      ; Z[5]        ; 5.569 ; 5.569 ; 5.569 ; 5.569 ;
; I1[6]      ; Z[6]        ; 5.819 ; 5.819 ; 5.819 ; 5.819 ;
; I1[7]      ; Z[7]        ; 5.944 ; 5.944 ; 5.944 ; 5.944 ;
; I1[8]      ; Z[8]        ; 8.071 ; 8.071 ; 8.071 ; 8.071 ;
; I1[9]      ; Z[9]        ; 5.961 ; 5.961 ; 5.961 ; 5.961 ;
; I1[10]     ; Z[10]       ; 5.802 ; 5.802 ; 5.802 ; 5.802 ;
; I1[11]     ; Z[11]       ; 5.867 ; 5.867 ; 5.867 ; 5.867 ;
; I1[12]     ; Z[12]       ; 5.661 ; 5.661 ; 5.661 ; 5.661 ;
; I2[0]      ; Z[0]        ; 5.517 ; 5.517 ; 5.517 ; 5.517 ;
; I2[1]      ; Z[1]        ; 5.661 ; 5.661 ; 5.661 ; 5.661 ;
; I2[2]      ; Z[2]        ; 5.596 ; 5.596 ; 5.596 ; 5.596 ;
; I2[3]      ; Z[3]        ; 7.862 ; 7.862 ; 7.862 ; 7.862 ;
; I2[4]      ; Z[4]        ; 5.519 ; 5.519 ; 5.519 ; 5.519 ;
; I2[5]      ; Z[5]        ; 6.115 ; 6.115 ; 6.115 ; 6.115 ;
; I2[6]      ; Z[6]        ; 5.900 ; 5.900 ; 5.900 ; 5.900 ;
; I2[7]      ; Z[7]        ; 5.713 ; 5.713 ; 5.713 ; 5.713 ;
; I2[8]      ; Z[8]        ; 5.806 ; 5.806 ; 5.806 ; 5.806 ;
; I2[9]      ; Z[9]        ; 6.034 ; 6.034 ; 6.034 ; 6.034 ;
; I2[10]     ; Z[10]       ; 5.888 ; 5.888 ; 5.888 ; 5.888 ;
; I2[11]     ; Z[11]       ; 6.139 ; 6.139 ; 6.139 ; 6.139 ;
; I2[12]     ; Z[12]       ; 5.655 ; 5.655 ; 5.655 ; 5.655 ;
; I3[0]      ; Z[0]        ; 3.450 ;       ;       ; 3.450 ;
; I3[1]      ; Z[1]        ; 5.479 ;       ;       ; 5.479 ;
; I3[2]      ; Z[2]        ; 5.626 ;       ;       ; 5.626 ;
; I3[3]      ; Z[3]        ; 5.333 ;       ;       ; 5.333 ;
; I3[4]      ; Z[4]        ; 5.296 ;       ;       ; 5.296 ;
; I3[5]      ; Z[5]        ; 5.773 ;       ;       ; 5.773 ;
; I3[6]      ; Z[6]        ; 5.433 ;       ;       ; 5.433 ;
; I3[7]      ; Z[7]        ; 5.394 ;       ;       ; 5.394 ;
; I3[8]      ; Z[8]        ; 5.314 ;       ;       ; 5.314 ;
; I3[9]      ; Z[9]        ; 5.839 ;       ;       ; 5.839 ;
; I3[10]     ; Z[10]       ; 5.915 ;       ;       ; 5.915 ;
; I3[11]     ; Z[11]       ; 5.766 ;       ;       ; 5.766 ;
; I3[12]     ; Z[12]       ; 5.412 ;       ;       ; 5.412 ;
; I4[0]      ; Z[0]        ; 5.582 ;       ;       ; 5.582 ;
; I4[1]      ; Z[1]        ; 5.310 ;       ;       ; 5.310 ;
; I4[2]      ; Z[2]        ; 5.573 ;       ;       ; 5.573 ;
; I4[3]      ; Z[3]        ; 5.629 ;       ;       ; 5.629 ;
; I4[4]      ; Z[4]        ; 5.328 ;       ;       ; 5.328 ;
; I4[5]      ; Z[5]        ; 5.373 ;       ;       ; 5.373 ;
; I4[6]      ; Z[6]        ; 5.547 ;       ;       ; 5.547 ;
; I4[7]      ; Z[7]        ; 5.453 ;       ;       ; 5.453 ;
; I4[8]      ; Z[8]        ; 7.900 ;       ;       ; 7.900 ;
; I4[9]      ; Z[9]        ; 5.774 ;       ;       ; 5.774 ;
; I4[10]     ; Z[10]       ; 5.927 ;       ;       ; 5.927 ;
; I4[11]     ; Z[11]       ; 5.704 ;       ;       ; 5.704 ;
; I4[12]     ; Z[12]       ; 5.497 ;       ;       ; 5.497 ;
; I5[0]      ; Z[0]        ; 5.419 ;       ;       ; 5.419 ;
; I5[1]      ; Z[1]        ; 5.369 ;       ;       ; 5.369 ;
; I5[2]      ; Z[2]        ; 5.653 ;       ;       ; 5.653 ;
; I5[3]      ; Z[3]        ; 5.414 ;       ;       ; 5.414 ;
; I5[4]      ; Z[4]        ; 5.506 ;       ;       ; 5.506 ;
; I5[5]      ; Z[5]        ; 5.286 ;       ;       ; 5.286 ;
; I5[6]      ; Z[6]        ; 5.655 ;       ;       ; 5.655 ;
; I5[7]      ; Z[7]        ; 5.687 ;       ;       ; 5.687 ;
; I5[8]      ; Z[8]        ; 7.979 ;       ;       ; 7.979 ;
; I5[9]      ; Z[9]        ; 5.695 ;       ;       ; 5.695 ;
; I5[10]     ; Z[10]       ; 5.887 ;       ;       ; 5.887 ;
; I5[11]     ; Z[11]       ; 5.586 ;       ;       ; 5.586 ;
; I5[12]     ; Z[12]       ; 5.641 ;       ;       ; 5.641 ;
; I6[0]      ; Z[0]        ; 5.823 ; 5.823 ; 5.823 ; 5.823 ;
; I6[1]      ; Z[1]        ; 5.884 ; 5.884 ; 5.884 ; 5.884 ;
; I6[2]      ; Z[2]        ; 5.768 ; 5.768 ; 5.768 ; 5.768 ;
; I6[3]      ; Z[3]        ; 7.958 ; 7.958 ; 7.958 ; 7.958 ;
; I6[4]      ; Z[4]        ; 5.582 ; 5.582 ; 5.582 ; 5.582 ;
; I6[5]      ; Z[5]        ; 6.260 ; 6.260 ; 6.260 ; 6.260 ;
; I6[6]      ; Z[6]        ; 5.714 ; 5.714 ; 5.714 ; 5.714 ;
; I6[7]      ; Z[7]        ; 5.557 ; 5.557 ; 5.557 ; 5.557 ;
; I6[8]      ; Z[8]        ; 5.574 ; 5.574 ; 5.574 ; 5.574 ;
; I6[9]      ; Z[9]        ; 6.064 ; 6.064 ; 6.064 ; 6.064 ;
; I6[10]     ; Z[10]       ; 6.116 ; 6.116 ; 6.116 ; 6.116 ;
; I6[11]     ; Z[11]       ; 5.988 ; 5.988 ; 5.988 ; 5.988 ;
; I6[12]     ; Z[12]       ; 5.742 ; 5.742 ; 5.742 ; 5.742 ;
; I7[0]      ; Z[0]        ; 5.305 ;       ;       ; 5.305 ;
; I7[1]      ; Z[1]        ; 5.467 ;       ;       ; 5.467 ;
; I7[2]      ; Z[2]        ; 5.553 ;       ;       ; 5.553 ;
; I7[3]      ; Z[3]        ; 5.561 ;       ;       ; 5.561 ;
; I7[4]      ; Z[4]        ; 5.256 ;       ;       ; 5.256 ;
; I7[5]      ; Z[5]        ; 5.983 ;       ;       ; 5.983 ;
; I7[6]      ; Z[6]        ; 5.576 ;       ;       ; 5.576 ;
; I7[7]      ; Z[7]        ; 5.347 ;       ;       ; 5.347 ;
; I7[8]      ; Z[8]        ; 5.380 ;       ;       ; 5.380 ;
; I7[9]      ; Z[9]        ; 5.794 ;       ;       ; 5.794 ;
; I7[10]     ; Z[10]       ; 5.959 ;       ;       ; 5.959 ;
; I7[11]     ; Z[11]       ; 5.645 ;       ;       ; 5.645 ;
; I7[12]     ; Z[12]       ; 5.598 ;       ;       ; 5.598 ;
; S0         ; Z[0]        ; 5.582 ; 5.582 ; 5.582 ; 5.582 ;
; S0         ; Z[1]        ; 5.498 ; 5.498 ; 5.498 ; 5.498 ;
; S0         ; Z[2]        ; 5.687 ; 5.687 ; 5.687 ; 5.687 ;
; S0         ; Z[3]        ; 7.080 ; 7.080 ; 7.080 ; 7.080 ;
; S0         ; Z[4]        ; 6.848 ; 6.848 ; 6.848 ; 6.848 ;
; S0         ; Z[5]        ; 6.571 ; 6.571 ; 6.571 ; 6.571 ;
; S0         ; Z[6]        ; 7.005 ; 7.005 ; 7.005 ; 7.005 ;
; S0         ; Z[7]        ; 6.654 ; 6.654 ; 6.654 ; 6.654 ;
; S0         ; Z[8]        ; 6.697 ; 6.697 ; 6.697 ; 6.697 ;
; S0         ; Z[9]        ; 7.339 ; 7.339 ; 7.339 ; 7.339 ;
; S0         ; Z[10]       ; 7.369 ; 7.369 ; 7.369 ; 7.369 ;
; S0         ; Z[11]       ; 7.329 ; 7.329 ; 7.329 ; 7.329 ;
; S0         ; Z[12]       ; 6.609 ; 6.609 ; 6.609 ; 6.609 ;
; S1         ; Z[0]        ; 5.419 ; 5.419 ; 5.419 ; 5.419 ;
; S1         ; Z[1]        ; 5.343 ; 5.343 ; 5.343 ; 5.343 ;
; S1         ; Z[2]        ; 5.453 ; 5.453 ; 5.453 ; 5.453 ;
; S1         ; Z[3]        ; 6.043 ; 6.043 ; 6.043 ; 6.043 ;
; S1         ; Z[4]        ; 5.887 ; 5.887 ; 5.887 ; 5.887 ;
; S1         ; Z[5]        ; 6.167 ; 6.167 ; 6.167 ; 6.167 ;
; S1         ; Z[6]        ; 6.036 ; 6.036 ; 6.036 ; 6.036 ;
; S1         ; Z[7]        ; 6.202 ; 6.202 ; 6.202 ; 6.202 ;
; S1         ; Z[8]        ; 6.159 ; 6.159 ; 6.159 ; 6.159 ;
; S1         ; Z[9]        ; 6.431 ; 6.431 ; 6.431 ; 6.431 ;
; S1         ; Z[10]       ; 6.410 ; 6.410 ; 6.410 ; 6.410 ;
; S1         ; Z[11]       ; 6.342 ; 6.342 ; 6.342 ; 6.342 ;
; S1         ; Z[12]       ; 6.161 ; 6.161 ; 6.161 ; 6.161 ;
; S2         ; Z[0]        ; 3.668 ; 3.668 ; 3.668 ; 3.668 ;
; S2         ; Z[1]        ; 3.582 ; 3.582 ; 3.582 ; 3.582 ;
; S2         ; Z[2]        ; 3.572 ; 3.572 ; 3.572 ; 3.572 ;
; S2         ; Z[3]        ; 3.709 ; 3.709 ; 3.709 ; 3.709 ;
; S2         ; Z[4]        ; 3.563 ; 3.563 ; 3.563 ; 3.563 ;
; S2         ; Z[5]        ; 3.868 ; 3.868 ; 3.868 ; 3.868 ;
; S2         ; Z[6]        ; 3.893 ; 3.893 ; 3.893 ; 3.893 ;
; S2         ; Z[7]        ; 3.818 ; 3.818 ; 3.818 ; 3.818 ;
; S2         ; Z[8]        ; 3.786 ; 3.786 ; 3.786 ; 3.786 ;
; S2         ; Z[9]        ; 4.005 ; 4.005 ; 4.005 ; 4.005 ;
; S2         ; Z[10]       ; 3.988 ; 3.988 ; 3.988 ; 3.988 ;
; S2         ; Z[11]       ; 3.799 ; 3.799 ; 3.799 ; 3.799 ;
; S2         ; Z[12]       ; 3.919 ; 3.919 ; 3.919 ; 3.919 ;
+------------+-------------+-------+-------+-------+-------+


-------------------
; Clock Transfers ;
-------------------
Nothing to report.


---------------
; Report TCCS ;
---------------
No dedicated SERDES Transmitter circuitry present in device or used in design


---------------
; Report RSKM ;
---------------
No dedicated SERDES Receiver circuitry present in device or used in design


+------------------------------------------------+
; Unconstrained Paths                            ;
+---------------------------------+-------+------+
; Property                        ; Setup ; Hold ;
+---------------------------------+-------+------+
; Illegal Clocks                  ; 0     ; 0    ;
; Unconstrained Clocks            ; 0     ; 0    ;
; Unconstrained Input Ports       ; 107   ; 107  ;
; Unconstrained Input Port Paths  ; 143   ; 143  ;
; Unconstrained Output Ports      ; 13    ; 13   ;
; Unconstrained Output Port Paths ; 143   ; 143  ;
+---------------------------------+-------+------+


+------------------------------------+
; TimeQuest Timing Analyzer Messages ;
+------------------------------------+
Info: *******************************************************************
Info: Running Quartus II 64-Bit TimeQuest Timing Analyzer
    Info: Version 13.0.1 Build 232 06/12/2013 Service Pack 1 SJ Web Edition
    Info: Processing started: Fri Jun 20 16:37:37 2025
Info: Command: quartus_sta MUX_Din -c MUX_Din
Info: qsta_default_script.tcl version: #1
Warning (20028): Parallel compilation is not licensed and has been disabled
Info (21077): Low junction temperature is 0 degrees C
Info (21077): High junction temperature is 85 degrees C
Critical Warning (332012): Synopsys Design Constraints File file not found: 'MUX_Din.sdc'. A Synopsys Design Constraints File is required by the TimeQuest Timing Analyzer to get proper timing constraints. Without it, the Compiler will not properly optimize the design.
Info (332142): No user constrained base clocks found in the design. Calling "derive_clocks -period 1.0"
Info (332096): The command derive_clocks did not find any clocks to derive.  No clocks were created or changed.
Warning (332068): No clocks defined in design.
Info: Found TIMEQUEST_REPORT_SCRIPT_INCLUDE_DEFAULT_ANALYSIS = ON
Info (332159): No clocks to report
Info: Analyzing Slow Model
Info (332140): No fmax paths to report
Info (332140): No Setup paths to report
Info (332140): No Hold paths to report
Info (332140): No Recovery paths to report
Info (332140): No Removal paths to report
Info (332140): No Minimum Pulse Width paths to report
Info (332001): The selected device family is not supported by the report_metastability command.
Info: Analyzing Fast Model
Info (332142): No user constrained base clocks found in the design. Calling "derive_clocks -period 1.0"
Info (332096): The command derive_clocks did not find any clocks to derive.  No clocks were created or changed.
Warning (332068): No clocks defined in design.
Info (332140): No Setup paths to report
Info (332140): No Hold paths to report
Info (332140): No Recovery paths to report
Info (332140): No Removal paths to report
Info (332140): No Minimum Pulse Width paths to report
Info (332001): The selected device family is not supported by the report_metastability command.
Info (332102): Design is not fully constrained for setup requirements
Info (332102): Design is not fully constrained for hold requirements
Info: Quartus II 64-Bit TimeQuest Timing Analyzer was successful. 0 errors, 4 warnings
    Info: Peak virtual memory: 4546 megabytes
    Info: Processing ended: Fri Jun 20 16:37:38 2025
    Info: Elapsed time: 00:00:01
    Info: Total CPU time (on all processors): 00:00:01


