TimeQuest Timing Analyzer report for BCD_Conv
Thu Jun 19 21:55:07 2025
Quartus II 64-Bit Version 13.0.1 Build 232 06/12/2013 Service Pack 1 SJ Web Edition


---------------------
; Table of Contents ;
---------------------
  1. Legal Notice
  2. TimeQuest Timing Analyzer Summary
  3. Parallel Compilation
  4. Clocks
  5. Slow Model Fmax Summary
  6. Slow Model Setup Summary
  7. Slow Model Hold Summary
  8. Slow Model Recovery Summary
  9. Slow Model Removal Summary
 10. Slow Model Minimum Pulse Width Summary
 11. Propagation Delay
 12. Minimum Propagation Delay
 13. Fast Model Setup Summary
 14. Fast Model Hold Summary
 15. Fast Model Recovery Summary
 16. Fast Model Removal Summary
 17. Fast Model Minimum Pulse Width Summary
 18. Propagation Delay
 19. Minimum Propagation Delay
 20. Multicorner Timing Analysis Summary
 21. Progagation Delay
 22. Minimum Progagation Delay
 23. Clock Transfers
 24. Report TCCS
 25. Report RSKM
 26. Unconstrained Paths
 27. TimeQuest Timing Analyzer Messages



----------------
; Legal Notice ;
----------------
Copyright (C) 1991-2013 Altera Corporation
Your use of Altera Corporation's design tools, logic functions 
and other software and tools, and its AMPP partner logic 
functions, and any output files from any of the foregoing 
(including device programming or simulation files), and any 
associated documentation or information are expressly subject 
to the terms and conditions of the Altera Program License 
Subscription Agreement, Altera MegaCore Function License 
Agreement, or other applicable license agreement, including, 
without limitation, that your use is for the sole purpose of 
programming logic devices manufactured by Altera and sold by 
Altera or its authorized distributors.  Please refer to the 
applicable agreement for further details.



+----------------------------------------------------------------------------------------+
; TimeQuest Timing Analyzer Summary                                                      ;
+--------------------+-------------------------------------------------------------------+
; Quartus II Version ; Version 13.0.1 Build 232 06/12/2013 Service Pack 1 SJ Web Edition ;
; Revision Name      ; BCD_Conv                                                          ;
; Device Family      ; Cyclone II                                                        ;
; Device Name        ; EP2C35F672C6                                                      ;
; Timing Models      ; Final                                                             ;
; Delay Model        ; Combined                                                          ;
; Rise/Fall Delays   ; Unavailable                                                       ;
+--------------------+-------------------------------------------------------------------+


Parallel compilation was disabled, but you have multiple processors available. Enable parallel compilation to reduce compilation time.
+-------------------------------------+
; Parallel Compilation                ;
+----------------------------+--------+
; Processors                 ; Number ;
+----------------------------+--------+
; Number detected on machine ; 12     ;
; Maximum allowed            ; 1      ;
+----------------------------+--------+


----------
; Clocks ;
----------
No clocks to report.


---------------------------
; Slow Model Fmax Summary ;
---------------------------
No paths to report.


----------------------------
; Slow Model Setup Summary ;
----------------------------
No paths to report.


---------------------------
; Slow Model Hold Summary ;
---------------------------
No paths to report.


-------------------------------
; Slow Model Recovery Summary ;
-------------------------------
No paths to report.


------------------------------
; Slow Model Removal Summary ;
------------------------------
No paths to report.


------------------------------------------
; Slow Model Minimum Pulse Width Summary ;
------------------------------------------
No paths to report.


+---------------------------------------------------------------+
; Propagation Delay                                             ;
+-------------+-------------+--------+--------+--------+--------+
; Input Port  ; Output Port ; RR     ; RF     ; FR     ; FF     ;
+-------------+-------------+--------+--------+--------+--------+
; entrada[0]  ; unidade[0]  ; 8.906  ;        ;        ; 8.906  ;
; entrada[1]  ; dezena[0]   ; 9.223  ; 9.223  ; 9.223  ; 9.223  ;
; entrada[1]  ; unidade[1]  ; 9.230  ; 9.230  ; 9.230  ; 9.230  ;
; entrada[1]  ; unidade[2]  ; 9.658  ; 9.658  ; 9.658  ; 9.658  ;
; entrada[1]  ; unidade[3]  ; 9.209  ; 9.209  ; 9.209  ; 9.209  ;
; entrada[2]  ; centena[0]  ; 10.841 ; 10.841 ; 10.841 ; 10.841 ;
; entrada[2]  ; dezena[0]   ; 10.206 ; 10.206 ; 10.206 ; 10.206 ;
; entrada[2]  ; dezena[1]   ; 10.619 ; 10.619 ; 10.619 ; 10.619 ;
; entrada[2]  ; dezena[2]   ; 10.405 ; 10.405 ; 10.405 ; 10.405 ;
; entrada[2]  ; dezena[3]   ; 10.836 ; 10.836 ; 10.836 ; 10.836 ;
; entrada[2]  ; unidade[1]  ; 10.214 ; 10.214 ; 10.214 ; 10.214 ;
; entrada[2]  ; unidade[2]  ; 10.642 ; 10.642 ; 10.642 ; 10.642 ;
; entrada[2]  ; unidade[3]  ; 10.208 ; 10.208 ; 10.208 ; 10.208 ;
; entrada[3]  ; centena[0]  ; 11.687 ; 11.687 ; 11.687 ; 11.687 ;
; entrada[3]  ; centena[1]  ; 11.684 ; 11.684 ; 11.684 ; 11.684 ;
; entrada[3]  ; centena[2]  ; 11.892 ; 11.892 ; 11.892 ; 11.892 ;
; entrada[3]  ; centena[3]  ; 11.709 ; 11.709 ; 11.709 ; 11.709 ;
; entrada[3]  ; dezena[0]   ; 11.034 ; 11.034 ; 11.034 ; 11.034 ;
; entrada[3]  ; dezena[1]   ; 11.465 ; 11.465 ; 11.465 ; 11.465 ;
; entrada[3]  ; dezena[2]   ; 11.251 ; 11.251 ; 11.251 ; 11.251 ;
; entrada[3]  ; dezena[3]   ; 11.682 ; 11.682 ; 11.682 ; 11.682 ;
; entrada[3]  ; milhar[0]   ; 11.706 ; 11.706 ; 11.706 ; 11.706 ;
; entrada[3]  ; unidade[1]  ; 11.042 ; 11.042 ; 11.042 ; 11.042 ;
; entrada[3]  ; unidade[2]  ; 11.470 ; 11.470 ; 11.470 ; 11.470 ;
; entrada[3]  ; unidade[3]  ; 11.031 ; 11.031 ; 11.031 ; 11.031 ;
; entrada[4]  ; centena[0]  ; 12.065 ; 12.065 ; 12.065 ; 12.065 ;
; entrada[4]  ; centena[1]  ; 12.070 ; 12.070 ; 12.070 ; 12.070 ;
; entrada[4]  ; centena[2]  ; 12.278 ; 12.278 ; 12.278 ; 12.278 ;
; entrada[4]  ; centena[3]  ; 12.095 ; 12.095 ; 12.095 ; 12.095 ;
; entrada[4]  ; dezena[0]   ; 11.389 ; 11.389 ; 11.389 ; 11.389 ;
; entrada[4]  ; dezena[1]   ; 11.847 ; 11.847 ; 11.847 ; 11.847 ;
; entrada[4]  ; dezena[2]   ; 11.632 ; 11.632 ; 11.632 ; 11.632 ;
; entrada[4]  ; dezena[3]   ; 12.037 ; 12.037 ; 12.037 ; 12.037 ;
; entrada[4]  ; milhar[0]   ; 12.092 ; 12.092 ; 12.092 ; 12.092 ;
; entrada[4]  ; milhar[1]   ; 11.711 ; 11.711 ; 11.711 ; 11.711 ;
; entrada[4]  ; milhar[2]   ; 11.528 ; 11.528 ; 11.528 ; 11.528 ;
; entrada[4]  ; milhar[3]   ; 11.772 ; 11.772 ; 11.772 ; 11.772 ;
; entrada[4]  ; unidade[1]  ; 11.397 ; 11.397 ; 11.397 ; 11.397 ;
; entrada[4]  ; unidade[2]  ; 11.825 ; 11.825 ; 11.825 ; 11.825 ;
; entrada[4]  ; unidade[3]  ; 11.386 ; 11.386 ; 11.386 ; 11.386 ;
; entrada[5]  ; centena[0]  ; 13.868 ; 13.868 ; 13.868 ; 13.868 ;
; entrada[5]  ; centena[1]  ; 14.045 ; 14.045 ; 14.045 ; 14.045 ;
; entrada[5]  ; centena[2]  ; 14.252 ; 14.252 ; 14.252 ; 14.252 ;
; entrada[5]  ; centena[3]  ; 14.069 ; 14.069 ; 14.069 ; 14.069 ;
; entrada[5]  ; dezena[0]   ; 13.003 ; 13.003 ; 13.003 ; 13.003 ;
; entrada[5]  ; dezena[1]   ; 13.650 ; 13.650 ; 13.650 ; 13.650 ;
; entrada[5]  ; dezena[2]   ; 13.435 ; 13.435 ; 13.435 ; 13.435 ;
; entrada[5]  ; dezena[3]   ; 13.840 ; 13.840 ; 13.840 ; 13.840 ;
; entrada[5]  ; milhar[0]   ; 14.067 ; 14.067 ; 14.067 ; 14.067 ;
; entrada[5]  ; milhar[1]   ; 13.868 ; 13.868 ; 13.868 ; 13.868 ;
; entrada[5]  ; milhar[2]   ; 13.685 ; 13.685 ; 13.685 ; 13.685 ;
; entrada[5]  ; milhar[3]   ; 13.929 ; 13.929 ; 13.929 ; 13.929 ;
; entrada[5]  ; unidade[1]  ; 13.011 ; 13.011 ; 13.011 ; 13.011 ;
; entrada[5]  ; unidade[2]  ; 13.439 ; 13.439 ; 13.439 ; 13.439 ;
; entrada[5]  ; unidade[3]  ; 13.000 ; 13.000 ; 13.000 ; 13.000 ;
; entrada[6]  ; centena[0]  ; 14.163 ; 14.163 ; 14.163 ; 14.163 ;
; entrada[6]  ; centena[1]  ; 14.340 ; 14.340 ; 14.340 ; 14.340 ;
; entrada[6]  ; centena[2]  ; 14.547 ; 14.547 ; 14.547 ; 14.547 ;
; entrada[6]  ; centena[3]  ; 14.364 ; 14.364 ; 14.364 ; 14.364 ;
; entrada[6]  ; dezena[0]   ; 13.326 ; 13.326 ; 13.326 ; 13.326 ;
; entrada[6]  ; dezena[1]   ; 13.945 ; 13.945 ; 13.945 ; 13.945 ;
; entrada[6]  ; dezena[2]   ; 13.730 ; 13.730 ; 13.730 ; 13.730 ;
; entrada[6]  ; dezena[3]   ; 14.135 ; 14.135 ; 14.135 ; 14.135 ;
; entrada[6]  ; milhar[0]   ; 14.362 ; 14.362 ; 14.362 ; 14.362 ;
; entrada[6]  ; milhar[1]   ; 14.163 ; 14.163 ; 14.163 ; 14.163 ;
; entrada[6]  ; milhar[2]   ; 13.980 ; 13.980 ; 13.980 ; 13.980 ;
; entrada[6]  ; milhar[3]   ; 14.224 ; 14.224 ; 14.224 ; 14.224 ;
; entrada[6]  ; unidade[1]  ; 13.334 ; 13.334 ; 13.334 ; 13.334 ;
; entrada[6]  ; unidade[2]  ; 13.762 ; 13.762 ; 13.762 ; 13.762 ;
; entrada[6]  ; unidade[3]  ; 13.323 ; 13.323 ; 13.323 ; 13.323 ;
; entrada[7]  ; centena[0]  ; 14.779 ; 14.779 ; 14.779 ; 14.779 ;
; entrada[7]  ; centena[1]  ; 14.956 ; 14.956 ; 14.956 ; 14.956 ;
; entrada[7]  ; centena[2]  ; 15.163 ; 15.163 ; 15.163 ; 15.163 ;
; entrada[7]  ; centena[3]  ; 14.980 ; 14.980 ; 14.980 ; 14.980 ;
; entrada[7]  ; dezena[0]   ; 13.852 ; 13.852 ; 13.852 ; 13.852 ;
; entrada[7]  ; dezena[1]   ; 14.561 ; 14.561 ; 14.561 ; 14.561 ;
; entrada[7]  ; dezena[2]   ; 14.346 ; 14.346 ; 14.346 ; 14.346 ;
; entrada[7]  ; dezena[3]   ; 14.751 ; 14.751 ; 14.751 ; 14.751 ;
; entrada[7]  ; milhar[0]   ; 14.978 ; 14.978 ; 14.978 ; 14.978 ;
; entrada[7]  ; milhar[1]   ; 14.779 ; 14.779 ; 14.779 ; 14.779 ;
; entrada[7]  ; milhar[2]   ; 14.596 ; 14.596 ; 14.596 ; 14.596 ;
; entrada[7]  ; milhar[3]   ; 14.840 ; 14.840 ; 14.840 ; 14.840 ;
; entrada[7]  ; unidade[1]  ; 13.860 ; 13.860 ; 13.860 ; 13.860 ;
; entrada[7]  ; unidade[2]  ; 14.288 ; 14.288 ; 14.288 ; 14.288 ;
; entrada[7]  ; unidade[3]  ; 13.849 ; 13.849 ; 13.849 ; 13.849 ;
; entrada[8]  ; centena[0]  ; 15.952 ; 15.952 ; 15.952 ; 15.952 ;
; entrada[8]  ; centena[1]  ; 16.129 ; 16.129 ; 16.129 ; 16.129 ;
; entrada[8]  ; centena[2]  ; 16.336 ; 16.336 ; 16.336 ; 16.336 ;
; entrada[8]  ; centena[3]  ; 16.153 ; 16.153 ; 16.153 ; 16.153 ;
; entrada[8]  ; dezena[0]   ; 14.966 ; 14.966 ; 14.966 ; 14.966 ;
; entrada[8]  ; dezena[1]   ; 15.734 ; 15.734 ; 15.734 ; 15.734 ;
; entrada[8]  ; dezena[2]   ; 15.519 ; 15.519 ; 15.519 ; 15.519 ;
; entrada[8]  ; dezena[3]   ; 15.924 ; 15.924 ; 15.924 ; 15.924 ;
; entrada[8]  ; milhar[0]   ; 16.151 ; 16.151 ; 16.151 ; 16.151 ;
; entrada[8]  ; milhar[1]   ; 15.952 ; 15.952 ; 15.952 ; 15.952 ;
; entrada[8]  ; milhar[2]   ; 15.769 ; 15.769 ; 15.769 ; 15.769 ;
; entrada[8]  ; milhar[3]   ; 16.013 ; 16.013 ; 16.013 ; 16.013 ;
; entrada[8]  ; unidade[1]  ; 14.974 ; 14.974 ; 14.974 ; 14.974 ;
; entrada[8]  ; unidade[2]  ; 15.402 ; 15.402 ; 15.402 ; 15.402 ;
; entrada[8]  ; unidade[3]  ; 14.963 ; 14.963 ; 14.963 ; 14.963 ;
; entrada[9]  ; centena[0]  ; 16.649 ; 16.649 ; 16.649 ; 16.649 ;
; entrada[9]  ; centena[1]  ; 16.826 ; 16.826 ; 16.826 ; 16.826 ;
; entrada[9]  ; centena[2]  ; 17.033 ; 17.033 ; 17.033 ; 17.033 ;
; entrada[9]  ; centena[3]  ; 16.850 ; 16.850 ; 16.850 ; 16.850 ;
; entrada[9]  ; dezena[0]   ; 15.659 ; 15.659 ; 15.659 ; 15.659 ;
; entrada[9]  ; dezena[1]   ; 16.431 ; 16.431 ; 16.431 ; 16.431 ;
; entrada[9]  ; dezena[2]   ; 16.216 ; 16.216 ; 16.216 ; 16.216 ;
; entrada[9]  ; dezena[3]   ; 16.621 ; 16.621 ; 16.621 ; 16.621 ;
; entrada[9]  ; milhar[0]   ; 16.848 ; 16.848 ; 16.848 ; 16.848 ;
; entrada[9]  ; milhar[1]   ; 16.649 ; 16.649 ; 16.649 ; 16.649 ;
; entrada[9]  ; milhar[2]   ; 16.466 ; 16.466 ; 16.466 ; 16.466 ;
; entrada[9]  ; milhar[3]   ; 16.710 ; 16.710 ; 16.710 ; 16.710 ;
; entrada[9]  ; unidade[1]  ; 15.667 ; 15.667 ; 15.667 ; 15.667 ;
; entrada[9]  ; unidade[2]  ; 16.095 ; 16.095 ; 16.095 ; 16.095 ;
; entrada[9]  ; unidade[3]  ; 15.656 ; 15.656 ; 15.656 ; 15.656 ;
; entrada[10] ; centena[0]  ; 12.885 ; 12.885 ; 12.885 ; 12.885 ;
; entrada[10] ; centena[1]  ; 13.062 ; 13.062 ; 13.062 ; 13.062 ;
; entrada[10] ; centena[2]  ; 13.269 ; 13.269 ; 13.269 ; 13.269 ;
; entrada[10] ; centena[3]  ; 13.086 ; 13.086 ; 13.086 ; 13.086 ;
; entrada[10] ; dezena[0]   ; 11.895 ; 11.895 ; 11.895 ; 11.895 ;
; entrada[10] ; dezena[1]   ; 12.667 ; 12.667 ; 12.667 ; 12.667 ;
; entrada[10] ; dezena[2]   ; 12.452 ; 12.452 ; 12.452 ; 12.452 ;
; entrada[10] ; dezena[3]   ; 12.857 ; 12.857 ; 12.857 ; 12.857 ;
; entrada[10] ; milhar[0]   ; 13.084 ; 13.084 ; 13.084 ; 13.084 ;
; entrada[10] ; milhar[1]   ; 12.885 ; 12.885 ; 12.885 ; 12.885 ;
; entrada[10] ; milhar[2]   ; 12.702 ; 12.702 ; 12.702 ; 12.702 ;
; entrada[10] ; milhar[3]   ; 12.946 ; 12.946 ; 12.946 ; 12.946 ;
; entrada[10] ; unidade[1]  ; 11.903 ; 11.903 ; 11.903 ; 11.903 ;
; entrada[10] ; unidade[2]  ; 12.331 ; 12.331 ; 12.331 ; 12.331 ;
; entrada[10] ; unidade[3]  ; 11.892 ; 11.892 ; 11.892 ; 11.892 ;
; entrada[11] ; centena[0]  ; 16.343 ; 16.343 ; 16.343 ; 16.343 ;
; entrada[11] ; centena[1]  ; 16.520 ; 16.520 ; 16.520 ; 16.520 ;
; entrada[11] ; centena[2]  ; 16.727 ; 16.727 ; 16.727 ; 16.727 ;
; entrada[11] ; centena[3]  ; 16.544 ; 16.544 ; 16.544 ; 16.544 ;
; entrada[11] ; dezena[0]   ; 15.353 ; 15.353 ; 15.353 ; 15.353 ;
; entrada[11] ; dezena[1]   ; 16.125 ; 16.125 ; 16.125 ; 16.125 ;
; entrada[11] ; dezena[2]   ; 15.910 ; 15.910 ; 15.910 ; 15.910 ;
; entrada[11] ; dezena[3]   ; 16.315 ; 16.315 ; 16.315 ; 16.315 ;
; entrada[11] ; milhar[0]   ; 16.542 ; 16.542 ; 16.542 ; 16.542 ;
; entrada[11] ; milhar[1]   ; 16.343 ; 16.343 ; 16.343 ; 16.343 ;
; entrada[11] ; milhar[2]   ; 16.160 ; 16.160 ; 16.160 ; 16.160 ;
; entrada[11] ; milhar[3]   ; 16.404 ; 16.404 ; 16.404 ; 16.404 ;
; entrada[11] ; unidade[1]  ; 15.361 ; 15.361 ; 15.361 ; 15.361 ;
; entrada[11] ; unidade[2]  ; 15.789 ; 15.789 ; 15.789 ; 15.789 ;
; entrada[11] ; unidade[3]  ; 15.350 ; 15.350 ; 15.350 ; 15.350 ;
; entrada[12] ; centena[0]  ; 12.700 ; 12.700 ; 12.700 ; 12.700 ;
; entrada[12] ; centena[1]  ; 12.877 ; 12.877 ; 12.877 ; 12.877 ;
; entrada[12] ; centena[2]  ; 13.084 ; 13.084 ; 13.084 ; 13.084 ;
; entrada[12] ; centena[3]  ; 12.901 ; 12.901 ; 12.901 ; 12.901 ;
; entrada[12] ; dezena[0]   ; 11.710 ; 11.710 ; 11.710 ; 11.710 ;
; entrada[12] ; dezena[1]   ; 12.482 ; 12.482 ; 12.482 ; 12.482 ;
; entrada[12] ; dezena[2]   ; 12.267 ; 12.267 ; 12.267 ; 12.267 ;
; entrada[12] ; dezena[3]   ; 12.672 ; 12.672 ; 12.672 ; 12.672 ;
; entrada[12] ; milhar[0]   ; 12.899 ; 12.899 ; 12.899 ; 12.899 ;
; entrada[12] ; milhar[1]   ; 12.700 ; 12.700 ; 12.700 ; 12.700 ;
; entrada[12] ; milhar[2]   ; 12.517 ; 12.517 ; 12.517 ; 12.517 ;
; entrada[12] ; milhar[3]   ; 12.761 ; 12.761 ; 12.761 ; 12.761 ;
; entrada[12] ; unidade[1]  ; 11.718 ; 11.718 ; 11.718 ; 11.718 ;
; entrada[12] ; unidade[2]  ; 12.146 ; 12.146 ; 12.146 ; 12.146 ;
; entrada[12] ; unidade[3]  ; 11.707 ; 11.707 ; 11.707 ; 11.707 ;
+-------------+-------------+--------+--------+--------+--------+


+---------------------------------------------------------------+
; Minimum Propagation Delay                                     ;
+-------------+-------------+--------+--------+--------+--------+
; Input Port  ; Output Port ; RR     ; RF     ; FR     ; FF     ;
+-------------+-------------+--------+--------+--------+--------+
; entrada[0]  ; unidade[0]  ; 8.906  ;        ;        ; 8.906  ;
; entrada[1]  ; dezena[0]   ; 9.223  ; 9.223  ; 9.223  ; 9.223  ;
; entrada[1]  ; unidade[1]  ; 9.230  ; 9.230  ; 9.230  ; 9.230  ;
; entrada[1]  ; unidade[2]  ; 9.658  ; 9.658  ; 9.658  ; 9.658  ;
; entrada[1]  ; unidade[3]  ; 9.209  ; 9.209  ; 9.209  ; 9.209  ;
; entrada[2]  ; centena[0]  ; 10.841 ; 10.841 ; 10.841 ; 10.841 ;
; entrada[2]  ; dezena[0]   ; 9.998  ; 9.998  ; 9.998  ; 9.998  ;
; entrada[2]  ; dezena[1]   ; 10.619 ; 10.619 ; 10.619 ; 10.619 ;
; entrada[2]  ; dezena[2]   ; 10.405 ; 10.405 ; 10.405 ; 10.405 ;
; entrada[2]  ; dezena[3]   ; 10.836 ; 10.836 ; 10.836 ; 10.836 ;
; entrada[2]  ; unidade[1]  ; 10.002 ; 10.002 ; 10.002 ; 10.002 ;
; entrada[2]  ; unidade[2]  ; 10.435 ; 10.435 ; 10.435 ; 10.435 ;
; entrada[2]  ; unidade[3]  ; 9.985  ; 9.985  ; 9.985  ; 9.985  ;
; entrada[3]  ; centena[0]  ; 11.367 ; 11.367 ; 11.367 ; 11.367 ;
; entrada[3]  ; centena[1]  ; 11.684 ; 11.684 ; 11.684 ; 11.684 ;
; entrada[3]  ; centena[2]  ; 11.892 ; 11.892 ; 11.892 ; 11.892 ;
; entrada[3]  ; centena[3]  ; 11.709 ; 11.709 ; 11.709 ; 11.709 ;
; entrada[3]  ; dezena[0]   ; 10.650 ; 10.650 ; 10.650 ; 10.650 ;
; entrada[3]  ; dezena[1]   ; 11.148 ; 11.148 ; 11.148 ; 11.148 ;
; entrada[3]  ; dezena[2]   ; 10.941 ; 10.941 ; 10.941 ; 10.941 ;
; entrada[3]  ; dezena[3]   ; 11.371 ; 11.371 ; 11.371 ; 11.371 ;
; entrada[3]  ; milhar[0]   ; 11.706 ; 11.706 ; 11.706 ; 11.706 ;
; entrada[3]  ; unidade[1]  ; 10.654 ; 10.654 ; 10.654 ; 10.654 ;
; entrada[3]  ; unidade[2]  ; 11.087 ; 11.087 ; 11.087 ; 11.087 ;
; entrada[3]  ; unidade[3]  ; 10.637 ; 10.637 ; 10.637 ; 10.637 ;
; entrada[4]  ; centena[0]  ; 11.102 ; 11.102 ; 11.102 ; 11.102 ;
; entrada[4]  ; centena[1]  ; 11.416 ; 11.416 ; 11.416 ; 11.416 ;
; entrada[4]  ; centena[2]  ; 11.624 ; 11.624 ; 11.624 ; 11.624 ;
; entrada[4]  ; centena[3]  ; 11.441 ; 11.441 ; 11.441 ; 11.441 ;
; entrada[4]  ; dezena[0]   ; 10.731 ; 10.731 ; 10.731 ; 10.731 ;
; entrada[4]  ; dezena[1]   ; 10.883 ; 10.883 ; 10.883 ; 10.883 ;
; entrada[4]  ; dezena[2]   ; 10.676 ; 10.676 ; 10.676 ; 10.676 ;
; entrada[4]  ; dezena[3]   ; 11.106 ; 11.106 ; 11.106 ; 11.106 ;
; entrada[4]  ; milhar[0]   ; 11.438 ; 11.438 ; 11.438 ; 11.438 ;
; entrada[4]  ; milhar[1]   ; 11.711 ; 11.711 ; 11.711 ; 11.711 ;
; entrada[4]  ; milhar[2]   ; 11.528 ; 11.528 ; 11.528 ; 11.528 ;
; entrada[4]  ; milhar[3]   ; 11.772 ; 11.772 ; 11.772 ; 11.772 ;
; entrada[4]  ; unidade[1]  ; 10.735 ; 10.735 ; 10.735 ; 10.735 ;
; entrada[4]  ; unidade[2]  ; 11.168 ; 11.168 ; 11.168 ; 11.168 ;
; entrada[4]  ; unidade[3]  ; 10.718 ; 10.718 ; 10.718 ; 10.718 ;
; entrada[5]  ; centena[0]  ; 12.531 ; 12.531 ; 12.531 ; 12.531 ;
; entrada[5]  ; centena[1]  ; 12.753 ; 12.753 ; 12.753 ; 12.753 ;
; entrada[5]  ; centena[2]  ; 12.960 ; 12.960 ; 12.960 ; 12.960 ;
; entrada[5]  ; centena[3]  ; 12.778 ; 12.778 ; 12.778 ; 12.778 ;
; entrada[5]  ; dezena[0]   ; 12.158 ; 12.158 ; 12.158 ; 12.158 ;
; entrada[5]  ; dezena[1]   ; 12.312 ; 12.312 ; 12.312 ; 12.312 ;
; entrada[5]  ; dezena[2]   ; 12.105 ; 12.105 ; 12.105 ; 12.105 ;
; entrada[5]  ; dezena[3]   ; 12.535 ; 12.535 ; 12.535 ; 12.535 ;
; entrada[5]  ; milhar[0]   ; 12.775 ; 12.775 ; 12.775 ; 12.775 ;
; entrada[5]  ; milhar[1]   ; 12.738 ; 12.738 ; 12.738 ; 12.738 ;
; entrada[5]  ; milhar[2]   ; 12.516 ; 12.516 ; 12.516 ; 12.516 ;
; entrada[5]  ; milhar[3]   ; 12.780 ; 12.780 ; 12.780 ; 12.780 ;
; entrada[5]  ; unidade[1]  ; 12.162 ; 12.162 ; 12.162 ; 12.162 ;
; entrada[5]  ; unidade[2]  ; 12.595 ; 12.595 ; 12.595 ; 12.595 ;
; entrada[5]  ; unidade[3]  ; 12.145 ; 12.145 ; 12.145 ; 12.145 ;
; entrada[6]  ; centena[0]  ; 12.504 ; 12.504 ; 12.504 ; 12.504 ;
; entrada[6]  ; centena[1]  ; 12.462 ; 12.462 ; 12.462 ; 12.462 ;
; entrada[6]  ; centena[2]  ; 12.669 ; 12.669 ; 12.669 ; 12.669 ;
; entrada[6]  ; centena[3]  ; 12.487 ; 12.487 ; 12.487 ; 12.487 ;
; entrada[6]  ; dezena[0]   ; 12.131 ; 12.131 ; 12.131 ; 12.131 ;
; entrada[6]  ; dezena[1]   ; 12.285 ; 12.285 ; 12.285 ; 12.285 ;
; entrada[6]  ; dezena[2]   ; 12.078 ; 12.078 ; 12.078 ; 12.078 ;
; entrada[6]  ; dezena[3]   ; 12.508 ; 12.508 ; 12.508 ; 12.508 ;
; entrada[6]  ; milhar[0]   ; 12.484 ; 12.484 ; 12.484 ; 12.484 ;
; entrada[6]  ; milhar[1]   ; 12.449 ; 12.449 ; 12.449 ; 12.449 ;
; entrada[6]  ; milhar[2]   ; 12.227 ; 12.227 ; 12.227 ; 12.227 ;
; entrada[6]  ; milhar[3]   ; 12.491 ; 12.491 ; 12.491 ; 12.491 ;
; entrada[6]  ; unidade[1]  ; 12.135 ; 12.135 ; 12.135 ; 12.135 ;
; entrada[6]  ; unidade[2]  ; 12.568 ; 12.568 ; 12.568 ; 12.568 ;
; entrada[6]  ; unidade[3]  ; 12.118 ; 12.118 ; 12.118 ; 12.118 ;
; entrada[7]  ; centena[0]  ; 12.756 ; 12.756 ; 12.756 ; 12.756 ;
; entrada[7]  ; centena[1]  ; 12.023 ; 12.023 ; 12.023 ; 12.023 ;
; entrada[7]  ; centena[2]  ; 12.230 ; 12.230 ; 12.230 ; 12.230 ;
; entrada[7]  ; centena[3]  ; 12.048 ; 12.048 ; 12.048 ; 12.048 ;
; entrada[7]  ; dezena[0]   ; 12.383 ; 12.383 ; 12.383 ; 12.383 ;
; entrada[7]  ; dezena[1]   ; 12.537 ; 12.537 ; 12.537 ; 12.537 ;
; entrada[7]  ; dezena[2]   ; 12.330 ; 12.330 ; 12.330 ; 12.330 ;
; entrada[7]  ; dezena[3]   ; 12.760 ; 12.760 ; 12.760 ; 12.760 ;
; entrada[7]  ; milhar[0]   ; 12.045 ; 12.045 ; 12.045 ; 12.045 ;
; entrada[7]  ; milhar[1]   ; 12.008 ; 12.008 ; 12.008 ; 12.008 ;
; entrada[7]  ; milhar[2]   ; 11.786 ; 11.786 ; 11.786 ; 11.786 ;
; entrada[7]  ; milhar[3]   ; 12.050 ; 12.050 ; 12.050 ; 12.050 ;
; entrada[7]  ; unidade[1]  ; 12.387 ; 12.387 ; 12.387 ; 12.387 ;
; entrada[7]  ; unidade[2]  ; 12.820 ; 12.820 ; 12.820 ; 12.820 ;
; entrada[7]  ; unidade[3]  ; 12.370 ; 12.370 ; 12.370 ; 12.370 ;
; entrada[8]  ; centena[0]  ; 13.602 ; 13.602 ; 13.602 ; 13.602 ;
; entrada[8]  ; centena[1]  ; 11.963 ; 11.963 ; 11.963 ; 11.963 ;
; entrada[8]  ; centena[2]  ; 12.170 ; 12.170 ; 12.170 ; 12.170 ;
; entrada[8]  ; centena[3]  ; 11.988 ; 11.988 ; 11.988 ; 11.988 ;
; entrada[8]  ; dezena[0]   ; 13.229 ; 13.229 ; 13.229 ; 13.229 ;
; entrada[8]  ; dezena[1]   ; 13.383 ; 13.383 ; 13.383 ; 13.383 ;
; entrada[8]  ; dezena[2]   ; 13.176 ; 13.176 ; 13.176 ; 13.176 ;
; entrada[8]  ; dezena[3]   ; 13.606 ; 13.606 ; 13.606 ; 13.606 ;
; entrada[8]  ; milhar[0]   ; 11.985 ; 11.985 ; 11.985 ; 11.985 ;
; entrada[8]  ; milhar[1]   ; 10.995 ; 10.995 ; 10.995 ; 10.995 ;
; entrada[8]  ; milhar[2]   ; 11.724 ; 10.808 ; 10.808 ; 11.724 ;
; entrada[8]  ; milhar[3]   ; 11.050 ; 11.988 ; 11.988 ; 11.050 ;
; entrada[8]  ; unidade[1]  ; 13.233 ; 13.233 ; 13.233 ; 13.233 ;
; entrada[8]  ; unidade[2]  ; 13.666 ; 13.666 ; 13.666 ; 13.666 ;
; entrada[8]  ; unidade[3]  ; 13.216 ; 13.216 ; 13.216 ; 13.216 ;
; entrada[9]  ; centena[0]  ; 13.746 ; 13.746 ; 13.746 ; 13.746 ;
; entrada[9]  ; centena[1]  ; 12.201 ; 12.201 ; 12.201 ; 12.201 ;
; entrada[9]  ; centena[2]  ; 12.408 ; 12.408 ; 12.408 ; 12.408 ;
; entrada[9]  ; centena[3]  ; 12.226 ; 12.226 ; 12.226 ; 12.226 ;
; entrada[9]  ; dezena[0]   ; 13.616 ; 13.616 ; 13.616 ; 13.616 ;
; entrada[9]  ; dezena[1]   ; 13.527 ; 13.527 ; 13.527 ; 13.527 ;
; entrada[9]  ; dezena[2]   ; 13.320 ; 13.320 ; 13.320 ; 13.320 ;
; entrada[9]  ; dezena[3]   ; 13.750 ; 13.750 ; 13.750 ; 13.750 ;
; entrada[9]  ; milhar[0]   ; 12.223 ; 12.223 ; 12.223 ; 12.223 ;
; entrada[9]  ; milhar[1]   ; 11.233 ; 11.233 ; 11.233 ; 11.233 ;
; entrada[9]  ; milhar[2]   ; 11.962 ; 11.046 ; 11.046 ; 11.962 ;
; entrada[9]  ; milhar[3]   ; 11.288 ; 12.226 ; 12.226 ; 11.288 ;
; entrada[9]  ; unidade[1]  ; 13.620 ; 13.620 ; 13.620 ; 13.620 ;
; entrada[9]  ; unidade[2]  ; 14.053 ; 14.053 ; 14.053 ; 14.053 ;
; entrada[9]  ; unidade[3]  ; 13.603 ; 13.603 ; 13.603 ; 13.603 ;
; entrada[10] ; centena[0]  ; 9.939  ; 9.939  ; 9.939  ; 9.939  ;
; entrada[10] ; centena[1]  ; 8.008  ; 8.008  ; 8.008  ; 8.008  ;
; entrada[10] ; centena[2]  ; 8.215  ; 8.215  ; 8.215  ; 8.215  ;
; entrada[10] ; centena[3]  ; 8.033  ; 8.033  ; 8.033  ; 8.033  ;
; entrada[10] ; dezena[0]   ; 9.846  ; 9.846  ; 9.846  ; 9.846  ;
; entrada[10] ; dezena[1]   ; 9.720  ; 9.720  ; 9.720  ; 9.720  ;
; entrada[10] ; dezena[2]   ; 9.513  ; 9.513  ; 9.513  ; 9.513  ;
; entrada[10] ; dezena[3]   ; 9.943  ; 9.943  ; 9.943  ; 9.943  ;
; entrada[10] ; milhar[0]   ; 8.030  ; 8.030  ; 8.030  ; 8.030  ;
; entrada[10] ; milhar[1]   ; 7.040  ; 7.040  ; 7.040  ; 7.040  ;
; entrada[10] ; milhar[2]   ; 7.769  ; 6.853  ; 6.853  ; 7.769  ;
; entrada[10] ; milhar[3]   ; 7.095  ; 8.033  ; 8.033  ; 7.095  ;
; entrada[10] ; unidade[1]  ; 9.850  ; 9.850  ; 9.850  ; 9.850  ;
; entrada[10] ; unidade[2]  ; 10.283 ; 10.283 ; 10.283 ; 10.283 ;
; entrada[10] ; unidade[3]  ; 9.833  ; 9.833  ; 9.833  ; 9.833  ;
; entrada[11] ; centena[0]  ; 13.436 ; 13.436 ; 13.436 ; 13.436 ;
; entrada[11] ; centena[1]  ; 11.779 ; 11.779 ; 11.779 ; 11.779 ;
; entrada[11] ; centena[2]  ; 11.986 ; 11.986 ; 11.986 ; 11.986 ;
; entrada[11] ; centena[3]  ; 11.804 ; 11.804 ; 11.804 ; 11.804 ;
; entrada[11] ; dezena[0]   ; 13.310 ; 13.310 ; 13.310 ; 13.310 ;
; entrada[11] ; dezena[1]   ; 13.217 ; 13.217 ; 13.217 ; 13.217 ;
; entrada[11] ; dezena[2]   ; 13.010 ; 13.010 ; 13.010 ; 13.010 ;
; entrada[11] ; dezena[3]   ; 13.440 ; 13.440 ; 13.440 ; 13.440 ;
; entrada[11] ; milhar[0]   ; 11.801 ; 11.801 ; 11.801 ; 11.801 ;
; entrada[11] ; milhar[1]   ; 10.811 ; 10.811 ; 10.811 ; 10.811 ;
; entrada[11] ; milhar[2]   ; 11.540 ; 10.624 ; 10.624 ; 11.540 ;
; entrada[11] ; milhar[3]   ; 10.866 ; 11.804 ; 11.804 ; 10.866 ;
; entrada[11] ; unidade[1]  ; 13.314 ; 13.314 ; 13.314 ; 13.314 ;
; entrada[11] ; unidade[2]  ; 13.747 ; 13.747 ; 13.747 ; 13.747 ;
; entrada[11] ; unidade[3]  ; 13.297 ; 13.297 ; 13.297 ; 13.297 ;
; entrada[12] ; centena[0]  ; 9.535  ; 9.535  ; 9.535  ; 9.535  ;
; entrada[12] ; centena[1]  ; 7.834  ; 7.834  ; 7.834  ; 7.834  ;
; entrada[12] ; centena[2]  ; 8.041  ; 8.041  ; 8.041  ; 8.041  ;
; entrada[12] ; centena[3]  ; 7.859  ; 7.859  ; 7.859  ; 7.859  ;
; entrada[12] ; dezena[0]   ; 9.663  ; 9.663  ; 9.663  ; 9.663  ;
; entrada[12] ; dezena[1]   ; 9.316  ; 9.316  ; 9.316  ; 9.316  ;
; entrada[12] ; dezena[2]   ; 9.109  ; 9.109  ; 9.109  ; 9.109  ;
; entrada[12] ; dezena[3]   ; 9.539  ; 9.539  ; 9.539  ; 9.539  ;
; entrada[12] ; milhar[0]   ; 7.856  ; 7.856  ; 7.856  ; 7.856  ;
; entrada[12] ; milhar[1]   ; 6.866  ; 6.866  ; 6.866  ; 6.866  ;
; entrada[12] ; milhar[2]   ; 7.595  ; 6.679  ; 6.679  ; 7.595  ;
; entrada[12] ; milhar[3]   ; 6.921  ; 7.859  ; 7.859  ; 6.921  ;
; entrada[12] ; unidade[1]  ; 9.667  ; 9.667  ; 9.667  ; 9.667  ;
; entrada[12] ; unidade[2]  ; 10.100 ; 10.100 ; 10.100 ; 10.100 ;
; entrada[12] ; unidade[3]  ; 9.650  ; 9.650  ; 9.650  ; 9.650  ;
+-------------+-------------+--------+--------+--------+--------+


----------------------------
; Fast Model Setup Summary ;
----------------------------
No paths to report.


---------------------------
; Fast Model Hold Summary ;
---------------------------
No paths to report.


-------------------------------
; Fast Model Recovery Summary ;
-------------------------------
No paths to report.


------------------------------
; Fast Model Removal Summary ;
------------------------------
No paths to report.


------------------------------------------
; Fast Model Minimum Pulse Width Summary ;
------------------------------------------
No paths to report.


+-----------------------------------------------------------+
; Propagation Delay                                         ;
+-------------+-------------+-------+-------+-------+-------+
; Input Port  ; Output Port ; RR    ; RF    ; FR    ; FF    ;
+-------------+-------------+-------+-------+-------+-------+
; entrada[0]  ; unidade[0]  ; 5.084 ;       ;       ; 5.084 ;
; entrada[1]  ; dezena[0]   ; 5.199 ; 5.199 ; 5.199 ; 5.199 ;
; entrada[1]  ; unidade[1]  ; 5.203 ; 5.203 ; 5.203 ; 5.203 ;
; entrada[1]  ; unidade[2]  ; 5.384 ; 5.384 ; 5.384 ; 5.384 ;
; entrada[1]  ; unidade[3]  ; 5.184 ; 5.184 ; 5.184 ; 5.184 ;
; entrada[2]  ; centena[0]  ; 5.886 ; 5.886 ; 5.886 ; 5.886 ;
; entrada[2]  ; dezena[0]   ; 5.620 ; 5.620 ; 5.620 ; 5.620 ;
; entrada[2]  ; dezena[1]   ; 5.794 ; 5.794 ; 5.794 ; 5.794 ;
; entrada[2]  ; dezena[2]   ; 5.698 ; 5.698 ; 5.698 ; 5.698 ;
; entrada[2]  ; dezena[3]   ; 5.880 ; 5.880 ; 5.880 ; 5.880 ;
; entrada[2]  ; unidade[1]  ; 5.624 ; 5.624 ; 5.624 ; 5.624 ;
; entrada[2]  ; unidade[2]  ; 5.805 ; 5.805 ; 5.805 ; 5.805 ;
; entrada[2]  ; unidade[3]  ; 5.619 ; 5.619 ; 5.619 ; 5.619 ;
; entrada[3]  ; centena[0]  ; 6.239 ; 6.239 ; 6.239 ; 6.239 ;
; entrada[3]  ; centena[1]  ; 6.239 ; 6.239 ; 6.239 ; 6.239 ;
; entrada[3]  ; centena[2]  ; 6.320 ; 6.320 ; 6.320 ; 6.320 ;
; entrada[3]  ; centena[3]  ; 6.261 ; 6.261 ; 6.261 ; 6.261 ;
; entrada[3]  ; dezena[0]   ; 5.974 ; 5.974 ; 5.974 ; 5.974 ;
; entrada[3]  ; dezena[1]   ; 6.147 ; 6.147 ; 6.147 ; 6.147 ;
; entrada[3]  ; dezena[2]   ; 6.056 ; 6.056 ; 6.056 ; 6.056 ;
; entrada[3]  ; dezena[3]   ; 6.237 ; 6.237 ; 6.237 ; 6.237 ;
; entrada[3]  ; milhar[0]   ; 6.257 ; 6.257 ; 6.257 ; 6.257 ;
; entrada[3]  ; unidade[1]  ; 5.978 ; 5.978 ; 5.978 ; 5.978 ;
; entrada[3]  ; unidade[2]  ; 6.159 ; 6.159 ; 6.159 ; 6.159 ;
; entrada[3]  ; unidade[3]  ; 5.973 ; 5.973 ; 5.973 ; 5.973 ;
; entrada[4]  ; centena[0]  ; 6.400 ; 6.400 ; 6.400 ; 6.400 ;
; entrada[4]  ; centena[1]  ; 6.400 ; 6.400 ; 6.400 ; 6.400 ;
; entrada[4]  ; centena[2]  ; 6.481 ; 6.481 ; 6.481 ; 6.481 ;
; entrada[4]  ; centena[3]  ; 6.422 ; 6.422 ; 6.422 ; 6.422 ;
; entrada[4]  ; dezena[0]   ; 6.133 ; 6.133 ; 6.133 ; 6.133 ;
; entrada[4]  ; dezena[1]   ; 6.306 ; 6.306 ; 6.306 ; 6.306 ;
; entrada[4]  ; dezena[2]   ; 6.217 ; 6.217 ; 6.217 ; 6.217 ;
; entrada[4]  ; dezena[3]   ; 6.398 ; 6.398 ; 6.398 ; 6.398 ;
; entrada[4]  ; milhar[0]   ; 6.418 ; 6.418 ; 6.418 ; 6.418 ;
; entrada[4]  ; milhar[1]   ; 6.226 ; 6.226 ; 6.226 ; 6.226 ;
; entrada[4]  ; milhar[2]   ; 6.158 ; 6.158 ; 6.158 ; 6.158 ;
; entrada[4]  ; milhar[3]   ; 6.304 ; 6.304 ; 6.304 ; 6.304 ;
; entrada[4]  ; unidade[1]  ; 6.137 ; 6.137 ; 6.137 ; 6.137 ;
; entrada[4]  ; unidade[2]  ; 6.318 ; 6.318 ; 6.318 ; 6.318 ;
; entrada[4]  ; unidade[3]  ; 6.132 ; 6.132 ; 6.132 ; 6.132 ;
; entrada[5]  ; centena[0]  ; 7.177 ; 7.177 ; 7.177 ; 7.177 ;
; entrada[5]  ; centena[1]  ; 7.261 ; 7.261 ; 7.261 ; 7.261 ;
; entrada[5]  ; centena[2]  ; 7.348 ; 7.348 ; 7.348 ; 7.348 ;
; entrada[5]  ; centena[3]  ; 7.285 ; 7.285 ; 7.285 ; 7.285 ;
; entrada[5]  ; dezena[0]   ; 6.849 ; 6.849 ; 6.849 ; 6.849 ;
; entrada[5]  ; dezena[1]   ; 7.083 ; 7.083 ; 7.083 ; 7.083 ;
; entrada[5]  ; dezena[2]   ; 6.994 ; 6.994 ; 6.994 ; 6.994 ;
; entrada[5]  ; dezena[3]   ; 7.175 ; 7.175 ; 7.175 ; 7.175 ;
; entrada[5]  ; milhar[0]   ; 7.281 ; 7.281 ; 7.281 ; 7.281 ;
; entrada[5]  ; milhar[1]   ; 7.163 ; 7.163 ; 7.163 ; 7.163 ;
; entrada[5]  ; milhar[2]   ; 7.095 ; 7.095 ; 7.095 ; 7.095 ;
; entrada[5]  ; milhar[3]   ; 7.241 ; 7.241 ; 7.241 ; 7.241 ;
; entrada[5]  ; unidade[1]  ; 6.853 ; 6.853 ; 6.853 ; 6.853 ;
; entrada[5]  ; unidade[2]  ; 7.034 ; 7.034 ; 7.034 ; 7.034 ;
; entrada[5]  ; unidade[3]  ; 6.848 ; 6.848 ; 6.848 ; 6.848 ;
; entrada[6]  ; centena[0]  ; 7.287 ; 7.287 ; 7.287 ; 7.287 ;
; entrada[6]  ; centena[1]  ; 7.371 ; 7.371 ; 7.371 ; 7.371 ;
; entrada[6]  ; centena[2]  ; 7.458 ; 7.458 ; 7.458 ; 7.458 ;
; entrada[6]  ; centena[3]  ; 7.395 ; 7.395 ; 7.395 ; 7.395 ;
; entrada[6]  ; dezena[0]   ; 6.951 ; 6.951 ; 6.951 ; 6.951 ;
; entrada[6]  ; dezena[1]   ; 7.193 ; 7.193 ; 7.193 ; 7.193 ;
; entrada[6]  ; dezena[2]   ; 7.104 ; 7.104 ; 7.104 ; 7.104 ;
; entrada[6]  ; dezena[3]   ; 7.285 ; 7.285 ; 7.285 ; 7.285 ;
; entrada[6]  ; milhar[0]   ; 7.391 ; 7.391 ; 7.391 ; 7.391 ;
; entrada[6]  ; milhar[1]   ; 7.273 ; 7.273 ; 7.273 ; 7.273 ;
; entrada[6]  ; milhar[2]   ; 7.205 ; 7.205 ; 7.205 ; 7.205 ;
; entrada[6]  ; milhar[3]   ; 7.351 ; 7.351 ; 7.351 ; 7.351 ;
; entrada[6]  ; unidade[1]  ; 6.955 ; 6.955 ; 6.955 ; 6.955 ;
; entrada[6]  ; unidade[2]  ; 7.136 ; 7.136 ; 7.136 ; 7.136 ;
; entrada[6]  ; unidade[3]  ; 6.950 ; 6.950 ; 6.950 ; 6.950 ;
; entrada[7]  ; centena[0]  ; 7.543 ; 7.543 ; 7.543 ; 7.543 ;
; entrada[7]  ; centena[1]  ; 7.627 ; 7.627 ; 7.627 ; 7.627 ;
; entrada[7]  ; centena[2]  ; 7.714 ; 7.714 ; 7.714 ; 7.714 ;
; entrada[7]  ; centena[3]  ; 7.651 ; 7.651 ; 7.651 ; 7.651 ;
; entrada[7]  ; dezena[0]   ; 7.172 ; 7.172 ; 7.172 ; 7.172 ;
; entrada[7]  ; dezena[1]   ; 7.449 ; 7.449 ; 7.449 ; 7.449 ;
; entrada[7]  ; dezena[2]   ; 7.360 ; 7.360 ; 7.360 ; 7.360 ;
; entrada[7]  ; dezena[3]   ; 7.541 ; 7.541 ; 7.541 ; 7.541 ;
; entrada[7]  ; milhar[0]   ; 7.647 ; 7.647 ; 7.647 ; 7.647 ;
; entrada[7]  ; milhar[1]   ; 7.529 ; 7.529 ; 7.529 ; 7.529 ;
; entrada[7]  ; milhar[2]   ; 7.461 ; 7.461 ; 7.461 ; 7.461 ;
; entrada[7]  ; milhar[3]   ; 7.607 ; 7.607 ; 7.607 ; 7.607 ;
; entrada[7]  ; unidade[1]  ; 7.176 ; 7.176 ; 7.176 ; 7.176 ;
; entrada[7]  ; unidade[2]  ; 7.357 ; 7.357 ; 7.357 ; 7.357 ;
; entrada[7]  ; unidade[3]  ; 7.171 ; 7.171 ; 7.171 ; 7.171 ;
; entrada[8]  ; centena[0]  ; 8.075 ; 8.075 ; 8.075 ; 8.075 ;
; entrada[8]  ; centena[1]  ; 8.159 ; 8.159 ; 8.159 ; 8.159 ;
; entrada[8]  ; centena[2]  ; 8.246 ; 8.246 ; 8.246 ; 8.246 ;
; entrada[8]  ; centena[3]  ; 8.183 ; 8.183 ; 8.183 ; 8.183 ;
; entrada[8]  ; dezena[0]   ; 7.689 ; 7.689 ; 7.689 ; 7.689 ;
; entrada[8]  ; dezena[1]   ; 7.981 ; 7.981 ; 7.981 ; 7.981 ;
; entrada[8]  ; dezena[2]   ; 7.892 ; 7.892 ; 7.892 ; 7.892 ;
; entrada[8]  ; dezena[3]   ; 8.073 ; 8.073 ; 8.073 ; 8.073 ;
; entrada[8]  ; milhar[0]   ; 8.179 ; 8.179 ; 8.179 ; 8.179 ;
; entrada[8]  ; milhar[1]   ; 8.061 ; 8.061 ; 8.061 ; 8.061 ;
; entrada[8]  ; milhar[2]   ; 7.993 ; 7.993 ; 7.993 ; 7.993 ;
; entrada[8]  ; milhar[3]   ; 8.139 ; 8.139 ; 8.139 ; 8.139 ;
; entrada[8]  ; unidade[1]  ; 7.693 ; 7.693 ; 7.693 ; 7.693 ;
; entrada[8]  ; unidade[2]  ; 7.874 ; 7.874 ; 7.874 ; 7.874 ;
; entrada[8]  ; unidade[3]  ; 7.688 ; 7.688 ; 7.688 ; 7.688 ;
; entrada[9]  ; centena[0]  ; 8.345 ; 8.345 ; 8.345 ; 8.345 ;
; entrada[9]  ; centena[1]  ; 8.429 ; 8.429 ; 8.429 ; 8.429 ;
; entrada[9]  ; centena[2]  ; 8.516 ; 8.516 ; 8.516 ; 8.516 ;
; entrada[9]  ; centena[3]  ; 8.453 ; 8.453 ; 8.453 ; 8.453 ;
; entrada[9]  ; dezena[0]   ; 7.966 ; 7.966 ; 7.966 ; 7.966 ;
; entrada[9]  ; dezena[1]   ; 8.251 ; 8.251 ; 8.251 ; 8.251 ;
; entrada[9]  ; dezena[2]   ; 8.162 ; 8.162 ; 8.162 ; 8.162 ;
; entrada[9]  ; dezena[3]   ; 8.343 ; 8.343 ; 8.343 ; 8.343 ;
; entrada[9]  ; milhar[0]   ; 8.449 ; 8.449 ; 8.449 ; 8.449 ;
; entrada[9]  ; milhar[1]   ; 8.331 ; 8.331 ; 8.331 ; 8.331 ;
; entrada[9]  ; milhar[2]   ; 8.263 ; 8.263 ; 8.263 ; 8.263 ;
; entrada[9]  ; milhar[3]   ; 8.409 ; 8.409 ; 8.409 ; 8.409 ;
; entrada[9]  ; unidade[1]  ; 7.970 ; 7.970 ; 7.970 ; 7.970 ;
; entrada[9]  ; unidade[2]  ; 8.151 ; 8.151 ; 8.151 ; 8.151 ;
; entrada[9]  ; unidade[3]  ; 7.965 ; 7.965 ; 7.965 ; 7.965 ;
; entrada[10] ; centena[0]  ; 6.024 ; 6.024 ; 6.024 ; 6.024 ;
; entrada[10] ; centena[1]  ; 6.108 ; 6.108 ; 6.108 ; 6.108 ;
; entrada[10] ; centena[2]  ; 6.195 ; 6.195 ; 6.195 ; 6.195 ;
; entrada[10] ; centena[3]  ; 6.132 ; 6.132 ; 6.132 ; 6.132 ;
; entrada[10] ; dezena[0]   ; 5.645 ; 5.645 ; 5.645 ; 5.645 ;
; entrada[10] ; dezena[1]   ; 5.930 ; 5.930 ; 5.930 ; 5.930 ;
; entrada[10] ; dezena[2]   ; 5.841 ; 5.841 ; 5.841 ; 5.841 ;
; entrada[10] ; dezena[3]   ; 6.022 ; 6.022 ; 6.022 ; 6.022 ;
; entrada[10] ; milhar[0]   ; 6.128 ; 6.128 ; 6.128 ; 6.128 ;
; entrada[10] ; milhar[1]   ; 6.010 ; 6.010 ; 6.010 ; 6.010 ;
; entrada[10] ; milhar[2]   ; 5.942 ; 5.942 ; 5.942 ; 5.942 ;
; entrada[10] ; milhar[3]   ; 6.088 ; 6.088 ; 6.088 ; 6.088 ;
; entrada[10] ; unidade[1]  ; 5.649 ; 5.649 ; 5.649 ; 5.649 ;
; entrada[10] ; unidade[2]  ; 5.830 ; 5.830 ; 5.830 ; 5.830 ;
; entrada[10] ; unidade[3]  ; 5.644 ; 5.644 ; 5.644 ; 5.644 ;
; entrada[11] ; centena[0]  ; 8.241 ; 8.241 ; 8.241 ; 8.241 ;
; entrada[11] ; centena[1]  ; 8.325 ; 8.325 ; 8.325 ; 8.325 ;
; entrada[11] ; centena[2]  ; 8.412 ; 8.412 ; 8.412 ; 8.412 ;
; entrada[11] ; centena[3]  ; 8.349 ; 8.349 ; 8.349 ; 8.349 ;
; entrada[11] ; dezena[0]   ; 7.862 ; 7.862 ; 7.862 ; 7.862 ;
; entrada[11] ; dezena[1]   ; 8.147 ; 8.147 ; 8.147 ; 8.147 ;
; entrada[11] ; dezena[2]   ; 8.058 ; 8.058 ; 8.058 ; 8.058 ;
; entrada[11] ; dezena[3]   ; 8.239 ; 8.239 ; 8.239 ; 8.239 ;
; entrada[11] ; milhar[0]   ; 8.345 ; 8.345 ; 8.345 ; 8.345 ;
; entrada[11] ; milhar[1]   ; 8.227 ; 8.227 ; 8.227 ; 8.227 ;
; entrada[11] ; milhar[2]   ; 8.159 ; 8.159 ; 8.159 ; 8.159 ;
; entrada[11] ; milhar[3]   ; 8.305 ; 8.305 ; 8.305 ; 8.305 ;
; entrada[11] ; unidade[1]  ; 7.866 ; 7.866 ; 7.866 ; 7.866 ;
; entrada[11] ; unidade[2]  ; 8.047 ; 8.047 ; 8.047 ; 8.047 ;
; entrada[11] ; unidade[3]  ; 7.861 ; 7.861 ; 7.861 ; 7.861 ;
; entrada[12] ; centena[0]  ; 5.938 ; 5.938 ; 5.938 ; 5.938 ;
; entrada[12] ; centena[1]  ; 6.022 ; 6.022 ; 6.022 ; 6.022 ;
; entrada[12] ; centena[2]  ; 6.109 ; 6.109 ; 6.109 ; 6.109 ;
; entrada[12] ; centena[3]  ; 6.046 ; 6.046 ; 6.046 ; 6.046 ;
; entrada[12] ; dezena[0]   ; 5.559 ; 5.559 ; 5.559 ; 5.559 ;
; entrada[12] ; dezena[1]   ; 5.844 ; 5.844 ; 5.844 ; 5.844 ;
; entrada[12] ; dezena[2]   ; 5.755 ; 5.755 ; 5.755 ; 5.755 ;
; entrada[12] ; dezena[3]   ; 5.936 ; 5.936 ; 5.936 ; 5.936 ;
; entrada[12] ; milhar[0]   ; 6.042 ; 6.042 ; 6.042 ; 6.042 ;
; entrada[12] ; milhar[1]   ; 5.924 ; 5.924 ; 5.924 ; 5.924 ;
; entrada[12] ; milhar[2]   ; 5.856 ; 5.856 ; 5.856 ; 5.856 ;
; entrada[12] ; milhar[3]   ; 6.002 ; 6.002 ; 6.002 ; 6.002 ;
; entrada[12] ; unidade[1]  ; 5.563 ; 5.563 ; 5.563 ; 5.563 ;
; entrada[12] ; unidade[2]  ; 5.744 ; 5.744 ; 5.744 ; 5.744 ;
; entrada[12] ; unidade[3]  ; 5.558 ; 5.558 ; 5.558 ; 5.558 ;
+-------------+-------------+-------+-------+-------+-------+


+-----------------------------------------------------------+
; Minimum Propagation Delay                                 ;
+-------------+-------------+-------+-------+-------+-------+
; Input Port  ; Output Port ; RR    ; RF    ; FR    ; FF    ;
+-------------+-------------+-------+-------+-------+-------+
; entrada[0]  ; unidade[0]  ; 5.084 ;       ;       ; 5.084 ;
; entrada[1]  ; dezena[0]   ; 5.199 ; 5.199 ; 5.199 ; 5.199 ;
; entrada[1]  ; unidade[1]  ; 5.203 ; 5.203 ; 5.203 ; 5.203 ;
; entrada[1]  ; unidade[2]  ; 5.384 ; 5.384 ; 5.384 ; 5.384 ;
; entrada[1]  ; unidade[3]  ; 5.184 ; 5.184 ; 5.184 ; 5.184 ;
; entrada[2]  ; centena[0]  ; 5.886 ; 5.886 ; 5.886 ; 5.886 ;
; entrada[2]  ; dezena[0]   ; 5.523 ; 5.523 ; 5.523 ; 5.523 ;
; entrada[2]  ; dezena[1]   ; 5.794 ; 5.794 ; 5.794 ; 5.794 ;
; entrada[2]  ; dezena[2]   ; 5.698 ; 5.698 ; 5.698 ; 5.698 ;
; entrada[2]  ; dezena[3]   ; 5.880 ; 5.880 ; 5.880 ; 5.880 ;
; entrada[2]  ; unidade[1]  ; 5.527 ; 5.527 ; 5.527 ; 5.527 ;
; entrada[2]  ; unidade[2]  ; 5.708 ; 5.708 ; 5.708 ; 5.708 ;
; entrada[2]  ; unidade[3]  ; 5.510 ; 5.510 ; 5.510 ; 5.510 ;
; entrada[3]  ; centena[0]  ; 6.100 ; 6.100 ; 6.100 ; 6.100 ;
; entrada[3]  ; centena[1]  ; 6.239 ; 6.239 ; 6.239 ; 6.239 ;
; entrada[3]  ; centena[2]  ; 6.320 ; 6.320 ; 6.320 ; 6.320 ;
; entrada[3]  ; centena[3]  ; 6.261 ; 6.261 ; 6.261 ; 6.261 ;
; entrada[3]  ; dezena[0]   ; 5.793 ; 5.793 ; 5.793 ; 5.793 ;
; entrada[3]  ; dezena[1]   ; 6.006 ; 6.006 ; 6.006 ; 6.006 ;
; entrada[3]  ; dezena[2]   ; 5.924 ; 5.924 ; 5.924 ; 5.924 ;
; entrada[3]  ; dezena[3]   ; 6.105 ; 6.105 ; 6.105 ; 6.105 ;
; entrada[3]  ; milhar[0]   ; 6.257 ; 6.257 ; 6.257 ; 6.257 ;
; entrada[3]  ; unidade[1]  ; 5.797 ; 5.797 ; 5.797 ; 5.797 ;
; entrada[3]  ; unidade[2]  ; 5.978 ; 5.978 ; 5.978 ; 5.978 ;
; entrada[3]  ; unidade[3]  ; 5.780 ; 5.780 ; 5.780 ; 5.780 ;
; entrada[4]  ; centena[0]  ; 5.991 ; 5.991 ; 5.991 ; 5.991 ;
; entrada[4]  ; centena[1]  ; 6.123 ; 6.123 ; 6.123 ; 6.123 ;
; entrada[4]  ; centena[2]  ; 6.208 ; 6.208 ; 6.208 ; 6.208 ;
; entrada[4]  ; centena[3]  ; 6.145 ; 6.145 ; 6.145 ; 6.145 ;
; entrada[4]  ; dezena[0]   ; 5.827 ; 5.827 ; 5.827 ; 5.827 ;
; entrada[4]  ; dezena[1]   ; 5.897 ; 5.897 ; 5.897 ; 5.897 ;
; entrada[4]  ; dezena[2]   ; 5.815 ; 5.815 ; 5.815 ; 5.815 ;
; entrada[4]  ; dezena[3]   ; 5.996 ; 5.996 ; 5.996 ; 5.996 ;
; entrada[4]  ; milhar[0]   ; 6.144 ; 6.144 ; 6.144 ; 6.144 ;
; entrada[4]  ; milhar[1]   ; 6.226 ; 6.226 ; 6.226 ; 6.226 ;
; entrada[4]  ; milhar[2]   ; 6.158 ; 6.158 ; 6.158 ; 6.158 ;
; entrada[4]  ; milhar[3]   ; 6.304 ; 6.304 ; 6.304 ; 6.304 ;
; entrada[4]  ; unidade[1]  ; 5.831 ; 5.831 ; 5.831 ; 5.831 ;
; entrada[4]  ; unidade[2]  ; 6.012 ; 6.012 ; 6.012 ; 6.012 ;
; entrada[4]  ; unidade[3]  ; 5.814 ; 5.814 ; 5.814 ; 5.814 ;
; entrada[5]  ; centena[0]  ; 6.619 ; 6.619 ; 6.619 ; 6.619 ;
; entrada[5]  ; centena[1]  ; 6.714 ; 6.714 ; 6.714 ; 6.714 ;
; entrada[5]  ; centena[2]  ; 6.801 ; 6.801 ; 6.801 ; 6.801 ;
; entrada[5]  ; centena[3]  ; 6.736 ; 6.736 ; 6.736 ; 6.736 ;
; entrada[5]  ; dezena[0]   ; 6.454 ; 6.454 ; 6.454 ; 6.454 ;
; entrada[5]  ; dezena[1]   ; 6.525 ; 6.525 ; 6.525 ; 6.525 ;
; entrada[5]  ; dezena[2]   ; 6.443 ; 6.443 ; 6.443 ; 6.443 ;
; entrada[5]  ; dezena[3]   ; 6.624 ; 6.624 ; 6.624 ; 6.624 ;
; entrada[5]  ; milhar[0]   ; 6.735 ; 6.735 ; 6.735 ; 6.735 ;
; entrada[5]  ; milhar[1]   ; 6.688 ; 6.688 ; 6.688 ; 6.688 ;
; entrada[5]  ; milhar[2]   ; 6.623 ; 6.623 ; 6.623 ; 6.623 ;
; entrada[5]  ; milhar[3]   ; 6.754 ; 6.754 ; 6.754 ; 6.754 ;
; entrada[5]  ; unidade[1]  ; 6.458 ; 6.458 ; 6.458 ; 6.458 ;
; entrada[5]  ; unidade[2]  ; 6.639 ; 6.639 ; 6.639 ; 6.639 ;
; entrada[5]  ; unidade[3]  ; 6.441 ; 6.441 ; 6.441 ; 6.441 ;
; entrada[6]  ; centena[0]  ; 6.583 ; 6.583 ; 6.583 ; 6.583 ;
; entrada[6]  ; centena[1]  ; 6.558 ; 6.558 ; 6.558 ; 6.558 ;
; entrada[6]  ; centena[2]  ; 6.645 ; 6.645 ; 6.645 ; 6.645 ;
; entrada[6]  ; centena[3]  ; 6.580 ; 6.580 ; 6.580 ; 6.580 ;
; entrada[6]  ; dezena[0]   ; 6.418 ; 6.418 ; 6.418 ; 6.418 ;
; entrada[6]  ; dezena[1]   ; 6.489 ; 6.489 ; 6.489 ; 6.489 ;
; entrada[6]  ; dezena[2]   ; 6.407 ; 6.407 ; 6.407 ; 6.407 ;
; entrada[6]  ; dezena[3]   ; 6.588 ; 6.588 ; 6.588 ; 6.588 ;
; entrada[6]  ; milhar[0]   ; 6.579 ; 6.579 ; 6.579 ; 6.579 ;
; entrada[6]  ; milhar[1]   ; 6.532 ; 6.532 ; 6.532 ; 6.532 ;
; entrada[6]  ; milhar[2]   ; 6.467 ; 6.467 ; 6.467 ; 6.467 ;
; entrada[6]  ; milhar[3]   ; 6.598 ; 6.598 ; 6.598 ; 6.598 ;
; entrada[6]  ; unidade[1]  ; 6.422 ; 6.422 ; 6.422 ; 6.422 ;
; entrada[6]  ; unidade[2]  ; 6.603 ; 6.603 ; 6.603 ; 6.603 ;
; entrada[6]  ; unidade[3]  ; 6.405 ; 6.405 ; 6.405 ; 6.405 ;
; entrada[7]  ; centena[0]  ; 6.690 ; 6.690 ; 6.690 ; 6.690 ;
; entrada[7]  ; centena[1]  ; 6.390 ; 6.390 ; 6.390 ; 6.390 ;
; entrada[7]  ; centena[2]  ; 6.477 ; 6.477 ; 6.477 ; 6.477 ;
; entrada[7]  ; centena[3]  ; 6.412 ; 6.412 ; 6.412 ; 6.412 ;
; entrada[7]  ; dezena[0]   ; 6.525 ; 6.525 ; 6.525 ; 6.525 ;
; entrada[7]  ; dezena[1]   ; 6.596 ; 6.596 ; 6.596 ; 6.596 ;
; entrada[7]  ; dezena[2]   ; 6.514 ; 6.514 ; 6.514 ; 6.514 ;
; entrada[7]  ; dezena[3]   ; 6.695 ; 6.695 ; 6.695 ; 6.695 ;
; entrada[7]  ; milhar[0]   ; 6.411 ; 6.411 ; 6.411 ; 6.411 ;
; entrada[7]  ; milhar[1]   ; 6.361 ; 6.361 ; 6.361 ; 6.361 ;
; entrada[7]  ; milhar[2]   ; 6.296 ; 6.296 ; 6.296 ; 6.296 ;
; entrada[7]  ; milhar[3]   ; 6.427 ; 6.427 ; 6.427 ; 6.427 ;
; entrada[7]  ; unidade[1]  ; 6.529 ; 6.529 ; 6.529 ; 6.529 ;
; entrada[7]  ; unidade[2]  ; 6.710 ; 6.710 ; 6.710 ; 6.710 ;
; entrada[7]  ; unidade[3]  ; 6.512 ; 6.512 ; 6.512 ; 6.512 ;
; entrada[8]  ; centena[0]  ; 7.084 ; 7.084 ; 7.084 ; 7.084 ;
; entrada[8]  ; centena[1]  ; 6.395 ; 6.395 ; 6.395 ; 6.395 ;
; entrada[8]  ; centena[2]  ; 6.482 ; 6.482 ; 6.482 ; 6.482 ;
; entrada[8]  ; centena[3]  ; 6.417 ; 6.417 ; 6.417 ; 6.417 ;
; entrada[8]  ; dezena[0]   ; 6.919 ; 6.919 ; 6.919 ; 6.919 ;
; entrada[8]  ; dezena[1]   ; 6.990 ; 6.990 ; 6.990 ; 6.990 ;
; entrada[8]  ; dezena[2]   ; 6.908 ; 6.908 ; 6.908 ; 6.908 ;
; entrada[8]  ; dezena[3]   ; 7.089 ; 7.089 ; 7.089 ; 7.089 ;
; entrada[8]  ; milhar[0]   ; 6.416 ; 6.416 ; 6.416 ; 6.416 ;
; entrada[8]  ; milhar[1]   ; 5.961 ; 5.961 ; 5.961 ; 5.961 ;
; entrada[8]  ; milhar[2]   ; 6.300 ; 5.891 ; 5.891 ; 6.300 ;
; entrada[8]  ; milhar[3]   ; 6.008 ; 6.431 ; 6.431 ; 6.008 ;
; entrada[8]  ; unidade[1]  ; 6.923 ; 6.923 ; 6.923 ; 6.923 ;
; entrada[8]  ; unidade[2]  ; 7.104 ; 7.104 ; 7.104 ; 7.104 ;
; entrada[8]  ; unidade[3]  ; 6.906 ; 6.906 ; 6.906 ; 6.906 ;
; entrada[9]  ; centena[0]  ; 7.108 ; 7.108 ; 7.108 ; 7.108 ;
; entrada[9]  ; centena[1]  ; 6.472 ; 6.472 ; 6.472 ; 6.472 ;
; entrada[9]  ; centena[2]  ; 6.559 ; 6.559 ; 6.559 ; 6.559 ;
; entrada[9]  ; centena[3]  ; 6.494 ; 6.494 ; 6.494 ; 6.494 ;
; entrada[9]  ; dezena[0]   ; 7.057 ; 7.057 ; 7.057 ; 7.057 ;
; entrada[9]  ; dezena[1]   ; 7.014 ; 7.014 ; 7.014 ; 7.014 ;
; entrada[9]  ; dezena[2]   ; 6.932 ; 6.932 ; 6.932 ; 6.932 ;
; entrada[9]  ; dezena[3]   ; 7.113 ; 7.113 ; 7.113 ; 7.113 ;
; entrada[9]  ; milhar[0]   ; 6.493 ; 6.493 ; 6.493 ; 6.493 ;
; entrada[9]  ; milhar[1]   ; 6.038 ; 6.038 ; 6.038 ; 6.038 ;
; entrada[9]  ; milhar[2]   ; 6.377 ; 5.968 ; 5.968 ; 6.377 ;
; entrada[9]  ; milhar[3]   ; 6.085 ; 6.508 ; 6.508 ; 6.085 ;
; entrada[9]  ; unidade[1]  ; 7.061 ; 7.061 ; 7.061 ; 7.061 ;
; entrada[9]  ; unidade[2]  ; 7.242 ; 7.242 ; 7.242 ; 7.242 ;
; entrada[9]  ; unidade[3]  ; 7.044 ; 7.044 ; 7.044 ; 7.044 ;
; entrada[10] ; centena[0]  ; 4.784 ; 4.784 ; 4.784 ; 4.784 ;
; entrada[10] ; centena[1]  ; 3.971 ; 3.971 ; 3.971 ; 3.971 ;
; entrada[10] ; centena[2]  ; 4.058 ; 4.058 ; 4.058 ; 4.058 ;
; entrada[10] ; centena[3]  ; 3.993 ; 3.993 ; 3.993 ; 3.993 ;
; entrada[10] ; dezena[0]   ; 4.738 ; 4.738 ; 4.738 ; 4.738 ;
; entrada[10] ; dezena[1]   ; 4.690 ; 4.690 ; 4.690 ; 4.690 ;
; entrada[10] ; dezena[2]   ; 4.608 ; 4.608 ; 4.608 ; 4.608 ;
; entrada[10] ; dezena[3]   ; 4.789 ; 4.789 ; 4.789 ; 4.789 ;
; entrada[10] ; milhar[0]   ; 3.992 ; 3.992 ; 3.992 ; 3.992 ;
; entrada[10] ; milhar[1]   ; 3.537 ; 3.537 ; 3.537 ; 3.537 ;
; entrada[10] ; milhar[2]   ; 3.876 ; 3.467 ; 3.467 ; 3.876 ;
; entrada[10] ; milhar[3]   ; 3.584 ; 4.007 ; 4.007 ; 3.584 ;
; entrada[10] ; unidade[1]  ; 4.742 ; 4.742 ; 4.742 ; 4.742 ;
; entrada[10] ; unidade[2]  ; 4.923 ; 4.923 ; 4.923 ; 4.923 ;
; entrada[10] ; unidade[3]  ; 4.725 ; 4.725 ; 4.725 ; 4.725 ;
; entrada[11] ; centena[0]  ; 7.003 ; 7.003 ; 7.003 ; 7.003 ;
; entrada[11] ; centena[1]  ; 6.323 ; 6.323 ; 6.323 ; 6.323 ;
; entrada[11] ; centena[2]  ; 6.410 ; 6.410 ; 6.410 ; 6.410 ;
; entrada[11] ; centena[3]  ; 6.345 ; 6.345 ; 6.345 ; 6.345 ;
; entrada[11] ; dezena[0]   ; 6.955 ; 6.955 ; 6.955 ; 6.955 ;
; entrada[11] ; dezena[1]   ; 6.909 ; 6.909 ; 6.909 ; 6.909 ;
; entrada[11] ; dezena[2]   ; 6.827 ; 6.827 ; 6.827 ; 6.827 ;
; entrada[11] ; dezena[3]   ; 7.008 ; 7.008 ; 7.008 ; 7.008 ;
; entrada[11] ; milhar[0]   ; 6.344 ; 6.344 ; 6.344 ; 6.344 ;
; entrada[11] ; milhar[1]   ; 5.889 ; 5.889 ; 5.889 ; 5.889 ;
; entrada[11] ; milhar[2]   ; 6.228 ; 5.819 ; 5.819 ; 6.228 ;
; entrada[11] ; milhar[3]   ; 5.936 ; 6.359 ; 6.359 ; 5.936 ;
; entrada[11] ; unidade[1]  ; 6.959 ; 6.959 ; 6.959 ; 6.959 ;
; entrada[11] ; unidade[2]  ; 7.140 ; 7.140 ; 7.140 ; 7.140 ;
; entrada[11] ; unidade[3]  ; 6.942 ; 6.942 ; 6.942 ; 6.942 ;
; entrada[12] ; centena[0]  ; 4.589 ; 4.589 ; 4.589 ; 4.589 ;
; entrada[12] ; centena[1]  ; 3.914 ; 3.914 ; 3.914 ; 3.914 ;
; entrada[12] ; centena[2]  ; 4.001 ; 4.001 ; 4.001 ; 4.001 ;
; entrada[12] ; centena[3]  ; 3.936 ; 3.936 ; 3.936 ; 3.936 ;
; entrada[12] ; dezena[0]   ; 4.650 ; 4.650 ; 4.650 ; 4.650 ;
; entrada[12] ; dezena[1]   ; 4.495 ; 4.495 ; 4.495 ; 4.495 ;
; entrada[12] ; dezena[2]   ; 4.413 ; 4.413 ; 4.413 ; 4.413 ;
; entrada[12] ; dezena[3]   ; 4.594 ; 4.594 ; 4.594 ; 4.594 ;
; entrada[12] ; milhar[0]   ; 3.935 ; 3.935 ; 3.935 ; 3.935 ;
; entrada[12] ; milhar[1]   ; 3.480 ; 3.480 ; 3.480 ; 3.480 ;
; entrada[12] ; milhar[2]   ; 3.819 ; 3.410 ; 3.410 ; 3.819 ;
; entrada[12] ; milhar[3]   ; 3.527 ; 3.950 ; 3.950 ; 3.527 ;
; entrada[12] ; unidade[1]  ; 4.654 ; 4.654 ; 4.654 ; 4.654 ;
; entrada[12] ; unidade[2]  ; 4.835 ; 4.835 ; 4.835 ; 4.835 ;
; entrada[12] ; unidade[3]  ; 4.637 ; 4.637 ; 4.637 ; 4.637 ;
+-------------+-------------+-------+-------+-------+-------+


+----------------------------------------------------------------------------+
; Multicorner Timing Analysis Summary                                        ;
+------------------+-------+------+----------+---------+---------------------+
; Clock            ; Setup ; Hold ; Recovery ; Removal ; Minimum Pulse Width ;
+------------------+-------+------+----------+---------+---------------------+
; Worst-case Slack ; N/A   ; N/A  ; N/A      ; N/A     ; N/A                 ;
; Design-wide TNS  ; 0.0   ; 0.0  ; 0.0      ; 0.0     ; 0.0                 ;
+------------------+-------+------+----------+---------+---------------------+


+---------------------------------------------------------------+
; Progagation Delay                                             ;
+-------------+-------------+--------+--------+--------+--------+
; Input Port  ; Output Port ; RR     ; RF     ; FR     ; FF     ;
+-------------+-------------+--------+--------+--------+--------+
; entrada[0]  ; unidade[0]  ; 8.906  ;        ;        ; 8.906  ;
; entrada[1]  ; dezena[0]   ; 9.223  ; 9.223  ; 9.223  ; 9.223  ;
; entrada[1]  ; unidade[1]  ; 9.230  ; 9.230  ; 9.230  ; 9.230  ;
; entrada[1]  ; unidade[2]  ; 9.658  ; 9.658  ; 9.658  ; 9.658  ;
; entrada[1]  ; unidade[3]  ; 9.209  ; 9.209  ; 9.209  ; 9.209  ;
; entrada[2]  ; centena[0]  ; 10.841 ; 10.841 ; 10.841 ; 10.841 ;
; entrada[2]  ; dezena[0]   ; 10.206 ; 10.206 ; 10.206 ; 10.206 ;
; entrada[2]  ; dezena[1]   ; 10.619 ; 10.619 ; 10.619 ; 10.619 ;
; entrada[2]  ; dezena[2]   ; 10.405 ; 10.405 ; 10.405 ; 10.405 ;
; entrada[2]  ; dezena[3]   ; 10.836 ; 10.836 ; 10.836 ; 10.836 ;
; entrada[2]  ; unidade[1]  ; 10.214 ; 10.214 ; 10.214 ; 10.214 ;
; entrada[2]  ; unidade[2]  ; 10.642 ; 10.642 ; 10.642 ; 10.642 ;
; entrada[2]  ; unidade[3]  ; 10.208 ; 10.208 ; 10.208 ; 10.208 ;
; entrada[3]  ; centena[0]  ; 11.687 ; 11.687 ; 11.687 ; 11.687 ;
; entrada[3]  ; centena[1]  ; 11.684 ; 11.684 ; 11.684 ; 11.684 ;
; entrada[3]  ; centena[2]  ; 11.892 ; 11.892 ; 11.892 ; 11.892 ;
; entrada[3]  ; centena[3]  ; 11.709 ; 11.709 ; 11.709 ; 11.709 ;
; entrada[3]  ; dezena[0]   ; 11.034 ; 11.034 ; 11.034 ; 11.034 ;
; entrada[3]  ; dezena[1]   ; 11.465 ; 11.465 ; 11.465 ; 11.465 ;
; entrada[3]  ; dezena[2]   ; 11.251 ; 11.251 ; 11.251 ; 11.251 ;
; entrada[3]  ; dezena[3]   ; 11.682 ; 11.682 ; 11.682 ; 11.682 ;
; entrada[3]  ; milhar[0]   ; 11.706 ; 11.706 ; 11.706 ; 11.706 ;
; entrada[3]  ; unidade[1]  ; 11.042 ; 11.042 ; 11.042 ; 11.042 ;
; entrada[3]  ; unidade[2]  ; 11.470 ; 11.470 ; 11.470 ; 11.470 ;
; entrada[3]  ; unidade[3]  ; 11.031 ; 11.031 ; 11.031 ; 11.031 ;
; entrada[4]  ; centena[0]  ; 12.065 ; 12.065 ; 12.065 ; 12.065 ;
; entrada[4]  ; centena[1]  ; 12.070 ; 12.070 ; 12.070 ; 12.070 ;
; entrada[4]  ; centena[2]  ; 12.278 ; 12.278 ; 12.278 ; 12.278 ;
; entrada[4]  ; centena[3]  ; 12.095 ; 12.095 ; 12.095 ; 12.095 ;
; entrada[4]  ; dezena[0]   ; 11.389 ; 11.389 ; 11.389 ; 11.389 ;
; entrada[4]  ; dezena[1]   ; 11.847 ; 11.847 ; 11.847 ; 11.847 ;
; entrada[4]  ; dezena[2]   ; 11.632 ; 11.632 ; 11.632 ; 11.632 ;
; entrada[4]  ; dezena[3]   ; 12.037 ; 12.037 ; 12.037 ; 12.037 ;
; entrada[4]  ; milhar[0]   ; 12.092 ; 12.092 ; 12.092 ; 12.092 ;
; entrada[4]  ; milhar[1]   ; 11.711 ; 11.711 ; 11.711 ; 11.711 ;
; entrada[4]  ; milhar[2]   ; 11.528 ; 11.528 ; 11.528 ; 11.528 ;
; entrada[4]  ; milhar[3]   ; 11.772 ; 11.772 ; 11.772 ; 11.772 ;
; entrada[4]  ; unidade[1]  ; 11.397 ; 11.397 ; 11.397 ; 11.397 ;
; entrada[4]  ; unidade[2]  ; 11.825 ; 11.825 ; 11.825 ; 11.825 ;
; entrada[4]  ; unidade[3]  ; 11.386 ; 11.386 ; 11.386 ; 11.386 ;
; entrada[5]  ; centena[0]  ; 13.868 ; 13.868 ; 13.868 ; 13.868 ;
; entrada[5]  ; centena[1]  ; 14.045 ; 14.045 ; 14.045 ; 14.045 ;
; entrada[5]  ; centena[2]  ; 14.252 ; 14.252 ; 14.252 ; 14.252 ;
; entrada[5]  ; centena[3]  ; 14.069 ; 14.069 ; 14.069 ; 14.069 ;
; entrada[5]  ; dezena[0]   ; 13.003 ; 13.003 ; 13.003 ; 13.003 ;
; entrada[5]  ; dezena[1]   ; 13.650 ; 13.650 ; 13.650 ; 13.650 ;
; entrada[5]  ; dezena[2]   ; 13.435 ; 13.435 ; 13.435 ; 13.435 ;
; entrada[5]  ; dezena[3]   ; 13.840 ; 13.840 ; 13.840 ; 13.840 ;
; entrada[5]  ; milhar[0]   ; 14.067 ; 14.067 ; 14.067 ; 14.067 ;
; entrada[5]  ; milhar[1]   ; 13.868 ; 13.868 ; 13.868 ; 13.868 ;
; entrada[5]  ; milhar[2]   ; 13.685 ; 13.685 ; 13.685 ; 13.685 ;
; entrada[5]  ; milhar[3]   ; 13.929 ; 13.929 ; 13.929 ; 13.929 ;
; entrada[5]  ; unidade[1]  ; 13.011 ; 13.011 ; 13.011 ; 13.011 ;
; entrada[5]  ; unidade[2]  ; 13.439 ; 13.439 ; 13.439 ; 13.439 ;
; entrada[5]  ; unidade[3]  ; 13.000 ; 13.000 ; 13.000 ; 13.000 ;
; entrada[6]  ; centena[0]  ; 14.163 ; 14.163 ; 14.163 ; 14.163 ;
; entrada[6]  ; centena[1]  ; 14.340 ; 14.340 ; 14.340 ; 14.340 ;
; entrada[6]  ; centena[2]  ; 14.547 ; 14.547 ; 14.547 ; 14.547 ;
; entrada[6]  ; centena[3]  ; 14.364 ; 14.364 ; 14.364 ; 14.364 ;
; entrada[6]  ; dezena[0]   ; 13.326 ; 13.326 ; 13.326 ; 13.326 ;
; entrada[6]  ; dezena[1]   ; 13.945 ; 13.945 ; 13.945 ; 13.945 ;
; entrada[6]  ; dezena[2]   ; 13.730 ; 13.730 ; 13.730 ; 13.730 ;
; entrada[6]  ; dezena[3]   ; 14.135 ; 14.135 ; 14.135 ; 14.135 ;
; entrada[6]  ; milhar[0]   ; 14.362 ; 14.362 ; 14.362 ; 14.362 ;
; entrada[6]  ; milhar[1]   ; 14.163 ; 14.163 ; 14.163 ; 14.163 ;
; entrada[6]  ; milhar[2]   ; 13.980 ; 13.980 ; 13.980 ; 13.980 ;
; entrada[6]  ; milhar[3]   ; 14.224 ; 14.224 ; 14.224 ; 14.224 ;
; entrada[6]  ; unidade[1]  ; 13.334 ; 13.334 ; 13.334 ; 13.334 ;
; entrada[6]  ; unidade[2]  ; 13.762 ; 13.762 ; 13.762 ; 13.762 ;
; entrada[6]  ; unidade[3]  ; 13.323 ; 13.323 ; 13.323 ; 13.323 ;
; entrada[7]  ; centena[0]  ; 14.779 ; 14.779 ; 14.779 ; 14.779 ;
; entrada[7]  ; centena[1]  ; 14.956 ; 14.956 ; 14.956 ; 14.956 ;
; entrada[7]  ; centena[2]  ; 15.163 ; 15.163 ; 15.163 ; 15.163 ;
; entrada[7]  ; centena[3]  ; 14.980 ; 14.980 ; 14.980 ; 14.980 ;
; entrada[7]  ; dezena[0]   ; 13.852 ; 13.852 ; 13.852 ; 13.852 ;
; entrada[7]  ; dezena[1]   ; 14.561 ; 14.561 ; 14.561 ; 14.561 ;
; entrada[7]  ; dezena[2]   ; 14.346 ; 14.346 ; 14.346 ; 14.346 ;
; entrada[7]  ; dezena[3]   ; 14.751 ; 14.751 ; 14.751 ; 14.751 ;
; entrada[7]  ; milhar[0]   ; 14.978 ; 14.978 ; 14.978 ; 14.978 ;
; entrada[7]  ; milhar[1]   ; 14.779 ; 14.779 ; 14.779 ; 14.779 ;
; entrada[7]  ; milhar[2]   ; 14.596 ; 14.596 ; 14.596 ; 14.596 ;
; entrada[7]  ; milhar[3]   ; 14.840 ; 14.840 ; 14.840 ; 14.840 ;
; entrada[7]  ; unidade[1]  ; 13.860 ; 13.860 ; 13.860 ; 13.860 ;
; entrada[7]  ; unidade[2]  ; 14.288 ; 14.288 ; 14.288 ; 14.288 ;
; entrada[7]  ; unidade[3]  ; 13.849 ; 13.849 ; 13.849 ; 13.849 ;
; entrada[8]  ; centena[0]  ; 15.952 ; 15.952 ; 15.952 ; 15.952 ;
; entrada[8]  ; centena[1]  ; 16.129 ; 16.129 ; 16.129 ; 16.129 ;
; entrada[8]  ; centena[2]  ; 16.336 ; 16.336 ; 16.336 ; 16.336 ;
; entrada[8]  ; centena[3]  ; 16.153 ; 16.153 ; 16.153 ; 16.153 ;
; entrada[8]  ; dezena[0]   ; 14.966 ; 14.966 ; 14.966 ; 14.966 ;
; entrada[8]  ; dezena[1]   ; 15.734 ; 15.734 ; 15.734 ; 15.734 ;
; entrada[8]  ; dezena[2]   ; 15.519 ; 15.519 ; 15.519 ; 15.519 ;
; entrada[8]  ; dezena[3]   ; 15.924 ; 15.924 ; 15.924 ; 15.924 ;
; entrada[8]  ; milhar[0]   ; 16.151 ; 16.151 ; 16.151 ; 16.151 ;
; entrada[8]  ; milhar[1]   ; 15.952 ; 15.952 ; 15.952 ; 15.952 ;
; entrada[8]  ; milhar[2]   ; 15.769 ; 15.769 ; 15.769 ; 15.769 ;
; entrada[8]  ; milhar[3]   ; 16.013 ; 16.013 ; 16.013 ; 16.013 ;
; entrada[8]  ; unidade[1]  ; 14.974 ; 14.974 ; 14.974 ; 14.974 ;
; entrada[8]  ; unidade[2]  ; 15.402 ; 15.402 ; 15.402 ; 15.402 ;
; entrada[8]  ; unidade[3]  ; 14.963 ; 14.963 ; 14.963 ; 14.963 ;
; entrada[9]  ; centena[0]  ; 16.649 ; 16.649 ; 16.649 ; 16.649 ;
; entrada[9]  ; centena[1]  ; 16.826 ; 16.826 ; 16.826 ; 16.826 ;
; entrada[9]  ; centena[2]  ; 17.033 ; 17.033 ; 17.033 ; 17.033 ;
; entrada[9]  ; centena[3]  ; 16.850 ; 16.850 ; 16.850 ; 16.850 ;
; entrada[9]  ; dezena[0]   ; 15.659 ; 15.659 ; 15.659 ; 15.659 ;
; entrada[9]  ; dezena[1]   ; 16.431 ; 16.431 ; 16.431 ; 16.431 ;
; entrada[9]  ; dezena[2]   ; 16.216 ; 16.216 ; 16.216 ; 16.216 ;
; entrada[9]  ; dezena[3]   ; 16.621 ; 16.621 ; 16.621 ; 16.621 ;
; entrada[9]  ; milhar[0]   ; 16.848 ; 16.848 ; 16.848 ; 16.848 ;
; entrada[9]  ; milhar[1]   ; 16.649 ; 16.649 ; 16.649 ; 16.649 ;
; entrada[9]  ; milhar[2]   ; 16.466 ; 16.466 ; 16.466 ; 16.466 ;
; entrada[9]  ; milhar[3]   ; 16.710 ; 16.710 ; 16.710 ; 16.710 ;
; entrada[9]  ; unidade[1]  ; 15.667 ; 15.667 ; 15.667 ; 15.667 ;
; entrada[9]  ; unidade[2]  ; 16.095 ; 16.095 ; 16.095 ; 16.095 ;
; entrada[9]  ; unidade[3]  ; 15.656 ; 15.656 ; 15.656 ; 15.656 ;
; entrada[10] ; centena[0]  ; 12.885 ; 12.885 ; 12.885 ; 12.885 ;
; entrada[10] ; centena[1]  ; 13.062 ; 13.062 ; 13.062 ; 13.062 ;
; entrada[10] ; centena[2]  ; 13.269 ; 13.269 ; 13.269 ; 13.269 ;
; entrada[10] ; centena[3]  ; 13.086 ; 13.086 ; 13.086 ; 13.086 ;
; entrada[10] ; dezena[0]   ; 11.895 ; 11.895 ; 11.895 ; 11.895 ;
; entrada[10] ; dezena[1]   ; 12.667 ; 12.667 ; 12.667 ; 12.667 ;
; entrada[10] ; dezena[2]   ; 12.452 ; 12.452 ; 12.452 ; 12.452 ;
; entrada[10] ; dezena[3]   ; 12.857 ; 12.857 ; 12.857 ; 12.857 ;
; entrada[10] ; milhar[0]   ; 13.084 ; 13.084 ; 13.084 ; 13.084 ;
; entrada[10] ; milhar[1]   ; 12.885 ; 12.885 ; 12.885 ; 12.885 ;
; entrada[10] ; milhar[2]   ; 12.702 ; 12.702 ; 12.702 ; 12.702 ;
; entrada[10] ; milhar[3]   ; 12.946 ; 12.946 ; 12.946 ; 12.946 ;
; entrada[10] ; unidade[1]  ; 11.903 ; 11.903 ; 11.903 ; 11.903 ;
; entrada[10] ; unidade[2]  ; 12.331 ; 12.331 ; 12.331 ; 12.331 ;
; entrada[10] ; unidade[3]  ; 11.892 ; 11.892 ; 11.892 ; 11.892 ;
; entrada[11] ; centena[0]  ; 16.343 ; 16.343 ; 16.343 ; 16.343 ;
; entrada[11] ; centena[1]  ; 16.520 ; 16.520 ; 16.520 ; 16.520 ;
; entrada[11] ; centena[2]  ; 16.727 ; 16.727 ; 16.727 ; 16.727 ;
; entrada[11] ; centena[3]  ; 16.544 ; 16.544 ; 16.544 ; 16.544 ;
; entrada[11] ; dezena[0]   ; 15.353 ; 15.353 ; 15.353 ; 15.353 ;
; entrada[11] ; dezena[1]   ; 16.125 ; 16.125 ; 16.125 ; 16.125 ;
; entrada[11] ; dezena[2]   ; 15.910 ; 15.910 ; 15.910 ; 15.910 ;
; entrada[11] ; dezena[3]   ; 16.315 ; 16.315 ; 16.315 ; 16.315 ;
; entrada[11] ; milhar[0]   ; 16.542 ; 16.542 ; 16.542 ; 16.542 ;
; entrada[11] ; milhar[1]   ; 16.343 ; 16.343 ; 16.343 ; 16.343 ;
; entrada[11] ; milhar[2]   ; 16.160 ; 16.160 ; 16.160 ; 16.160 ;
; entrada[11] ; milhar[3]   ; 16.404 ; 16.404 ; 16.404 ; 16.404 ;
; entrada[11] ; unidade[1]  ; 15.361 ; 15.361 ; 15.361 ; 15.361 ;
; entrada[11] ; unidade[2]  ; 15.789 ; 15.789 ; 15.789 ; 15.789 ;
; entrada[11] ; unidade[3]  ; 15.350 ; 15.350 ; 15.350 ; 15.350 ;
; entrada[12] ; centena[0]  ; 12.700 ; 12.700 ; 12.700 ; 12.700 ;
; entrada[12] ; centena[1]  ; 12.877 ; 12.877 ; 12.877 ; 12.877 ;
; entrada[12] ; centena[2]  ; 13.084 ; 13.084 ; 13.084 ; 13.084 ;
; entrada[12] ; centena[3]  ; 12.901 ; 12.901 ; 12.901 ; 12.901 ;
; entrada[12] ; dezena[0]   ; 11.710 ; 11.710 ; 11.710 ; 11.710 ;
; entrada[12] ; dezena[1]   ; 12.482 ; 12.482 ; 12.482 ; 12.482 ;
; entrada[12] ; dezena[2]   ; 12.267 ; 12.267 ; 12.267 ; 12.267 ;
; entrada[12] ; dezena[3]   ; 12.672 ; 12.672 ; 12.672 ; 12.672 ;
; entrada[12] ; milhar[0]   ; 12.899 ; 12.899 ; 12.899 ; 12.899 ;
; entrada[12] ; milhar[1]   ; 12.700 ; 12.700 ; 12.700 ; 12.700 ;
; entrada[12] ; milhar[2]   ; 12.517 ; 12.517 ; 12.517 ; 12.517 ;
; entrada[12] ; milhar[3]   ; 12.761 ; 12.761 ; 12.761 ; 12.761 ;
; entrada[12] ; unidade[1]  ; 11.718 ; 11.718 ; 11.718 ; 11.718 ;
; entrada[12] ; unidade[2]  ; 12.146 ; 12.146 ; 12.146 ; 12.146 ;
; entrada[12] ; unidade[3]  ; 11.707 ; 11.707 ; 11.707 ; 11.707 ;
+-------------+-------------+--------+--------+--------+--------+


+-----------------------------------------------------------+
; Minimum Progagation Delay                                 ;
+-------------+-------------+-------+-------+-------+-------+
; Input Port  ; Output Port ; RR    ; RF    ; FR    ; FF    ;
+-------------+-------------+-------+-------+-------+-------+
; entrada[0]  ; unidade[0]  ; 5.084 ;       ;       ; 5.084 ;
; entrada[1]  ; dezena[0]   ; 5.199 ; 5.199 ; 5.199 ; 5.199 ;
; entrada[1]  ; unidade[1]  ; 5.203 ; 5.203 ; 5.203 ; 5.203 ;
; entrada[1]  ; unidade[2]  ; 5.384 ; 5.384 ; 5.384 ; 5.384 ;
; entrada[1]  ; unidade[3]  ; 5.184 ; 5.184 ; 5.184 ; 5.184 ;
; entrada[2]  ; centena[0]  ; 5.886 ; 5.886 ; 5.886 ; 5.886 ;
; entrada[2]  ; dezena[0]   ; 5.523 ; 5.523 ; 5.523 ; 5.523 ;
; entrada[2]  ; dezena[1]   ; 5.794 ; 5.794 ; 5.794 ; 5.794 ;
; entrada[2]  ; dezena[2]   ; 5.698 ; 5.698 ; 5.698 ; 5.698 ;
; entrada[2]  ; dezena[3]   ; 5.880 ; 5.880 ; 5.880 ; 5.880 ;
; entrada[2]  ; unidade[1]  ; 5.527 ; 5.527 ; 5.527 ; 5.527 ;
; entrada[2]  ; unidade[2]  ; 5.708 ; 5.708 ; 5.708 ; 5.708 ;
; entrada[2]  ; unidade[3]  ; 5.510 ; 5.510 ; 5.510 ; 5.510 ;
; entrada[3]  ; centena[0]  ; 6.100 ; 6.100 ; 6.100 ; 6.100 ;
; entrada[3]  ; centena[1]  ; 6.239 ; 6.239 ; 6.239 ; 6.239 ;
; entrada[3]  ; centena[2]  ; 6.320 ; 6.320 ; 6.320 ; 6.320 ;
; entrada[3]  ; centena[3]  ; 6.261 ; 6.261 ; 6.261 ; 6.261 ;
; entrada[3]  ; dezena[0]   ; 5.793 ; 5.793 ; 5.793 ; 5.793 ;
; entrada[3]  ; dezena[1]   ; 6.006 ; 6.006 ; 6.006 ; 6.006 ;
; entrada[3]  ; dezena[2]   ; 5.924 ; 5.924 ; 5.924 ; 5.924 ;
; entrada[3]  ; dezena[3]   ; 6.105 ; 6.105 ; 6.105 ; 6.105 ;
; entrada[3]  ; milhar[0]   ; 6.257 ; 6.257 ; 6.257 ; 6.257 ;
; entrada[3]  ; unidade[1]  ; 5.797 ; 5.797 ; 5.797 ; 5.797 ;
; entrada[3]  ; unidade[2]  ; 5.978 ; 5.978 ; 5.978 ; 5.978 ;
; entrada[3]  ; unidade[3]  ; 5.780 ; 5.780 ; 5.780 ; 5.780 ;
; entrada[4]  ; centena[0]  ; 5.991 ; 5.991 ; 5.991 ; 5.991 ;
; entrada[4]  ; centena[1]  ; 6.123 ; 6.123 ; 6.123 ; 6.123 ;
; entrada[4]  ; centena[2]  ; 6.208 ; 6.208 ; 6.208 ; 6.208 ;
; entrada[4]  ; centena[3]  ; 6.145 ; 6.145 ; 6.145 ; 6.145 ;
; entrada[4]  ; dezena[0]   ; 5.827 ; 5.827 ; 5.827 ; 5.827 ;
; entrada[4]  ; dezena[1]   ; 5.897 ; 5.897 ; 5.897 ; 5.897 ;
; entrada[4]  ; dezena[2]   ; 5.815 ; 5.815 ; 5.815 ; 5.815 ;
; entrada[4]  ; dezena[3]   ; 5.996 ; 5.996 ; 5.996 ; 5.996 ;
; entrada[4]  ; milhar[0]   ; 6.144 ; 6.144 ; 6.144 ; 6.144 ;
; entrada[4]  ; milhar[1]   ; 6.226 ; 6.226 ; 6.226 ; 6.226 ;
; entrada[4]  ; milhar[2]   ; 6.158 ; 6.158 ; 6.158 ; 6.158 ;
; entrada[4]  ; milhar[3]   ; 6.304 ; 6.304 ; 6.304 ; 6.304 ;
; entrada[4]  ; unidade[1]  ; 5.831 ; 5.831 ; 5.831 ; 5.831 ;
; entrada[4]  ; unidade[2]  ; 6.012 ; 6.012 ; 6.012 ; 6.012 ;
; entrada[4]  ; unidade[3]  ; 5.814 ; 5.814 ; 5.814 ; 5.814 ;
; entrada[5]  ; centena[0]  ; 6.619 ; 6.619 ; 6.619 ; 6.619 ;
; entrada[5]  ; centena[1]  ; 6.714 ; 6.714 ; 6.714 ; 6.714 ;
; entrada[5]  ; centena[2]  ; 6.801 ; 6.801 ; 6.801 ; 6.801 ;
; entrada[5]  ; centena[3]  ; 6.736 ; 6.736 ; 6.736 ; 6.736 ;
; entrada[5]  ; dezena[0]   ; 6.454 ; 6.454 ; 6.454 ; 6.454 ;
; entrada[5]  ; dezena[1]   ; 6.525 ; 6.525 ; 6.525 ; 6.525 ;
; entrada[5]  ; dezena[2]   ; 6.443 ; 6.443 ; 6.443 ; 6.443 ;
; entrada[5]  ; dezena[3]   ; 6.624 ; 6.624 ; 6.624 ; 6.624 ;
; entrada[5]  ; milhar[0]   ; 6.735 ; 6.735 ; 6.735 ; 6.735 ;
; entrada[5]  ; milhar[1]   ; 6.688 ; 6.688 ; 6.688 ; 6.688 ;
; entrada[5]  ; milhar[2]   ; 6.623 ; 6.623 ; 6.623 ; 6.623 ;
; entrada[5]  ; milhar[3]   ; 6.754 ; 6.754 ; 6.754 ; 6.754 ;
; entrada[5]  ; unidade[1]  ; 6.458 ; 6.458 ; 6.458 ; 6.458 ;
; entrada[5]  ; unidade[2]  ; 6.639 ; 6.639 ; 6.639 ; 6.639 ;
; entrada[5]  ; unidade[3]  ; 6.441 ; 6.441 ; 6.441 ; 6.441 ;
; entrada[6]  ; centena[0]  ; 6.583 ; 6.583 ; 6.583 ; 6.583 ;
; entrada[6]  ; centena[1]  ; 6.558 ; 6.558 ; 6.558 ; 6.558 ;
; entrada[6]  ; centena[2]  ; 6.645 ; 6.645 ; 6.645 ; 6.645 ;
; entrada[6]  ; centena[3]  ; 6.580 ; 6.580 ; 6.580 ; 6.580 ;
; entrada[6]  ; dezena[0]   ; 6.418 ; 6.418 ; 6.418 ; 6.418 ;
; entrada[6]  ; dezena[1]   ; 6.489 ; 6.489 ; 6.489 ; 6.489 ;
; entrada[6]  ; dezena[2]   ; 6.407 ; 6.407 ; 6.407 ; 6.407 ;
; entrada[6]  ; dezena[3]   ; 6.588 ; 6.588 ; 6.588 ; 6.588 ;
; entrada[6]  ; milhar[0]   ; 6.579 ; 6.579 ; 6.579 ; 6.579 ;
; entrada[6]  ; milhar[1]   ; 6.532 ; 6.532 ; 6.532 ; 6.532 ;
; entrada[6]  ; milhar[2]   ; 6.467 ; 6.467 ; 6.467 ; 6.467 ;
; entrada[6]  ; milhar[3]   ; 6.598 ; 6.598 ; 6.598 ; 6.598 ;
; entrada[6]  ; unidade[1]  ; 6.422 ; 6.422 ; 6.422 ; 6.422 ;
; entrada[6]  ; unidade[2]  ; 6.603 ; 6.603 ; 6.603 ; 6.603 ;
; entrada[6]  ; unidade[3]  ; 6.405 ; 6.405 ; 6.405 ; 6.405 ;
; entrada[7]  ; centena[0]  ; 6.690 ; 6.690 ; 6.690 ; 6.690 ;
; entrada[7]  ; centena[1]  ; 6.390 ; 6.390 ; 6.390 ; 6.390 ;
; entrada[7]  ; centena[2]  ; 6.477 ; 6.477 ; 6.477 ; 6.477 ;
; entrada[7]  ; centena[3]  ; 6.412 ; 6.412 ; 6.412 ; 6.412 ;
; entrada[7]  ; dezena[0]   ; 6.525 ; 6.525 ; 6.525 ; 6.525 ;
; entrada[7]  ; dezena[1]   ; 6.596 ; 6.596 ; 6.596 ; 6.596 ;
; entrada[7]  ; dezena[2]   ; 6.514 ; 6.514 ; 6.514 ; 6.514 ;
; entrada[7]  ; dezena[3]   ; 6.695 ; 6.695 ; 6.695 ; 6.695 ;
; entrada[7]  ; milhar[0]   ; 6.411 ; 6.411 ; 6.411 ; 6.411 ;
; entrada[7]  ; milhar[1]   ; 6.361 ; 6.361 ; 6.361 ; 6.361 ;
; entrada[7]  ; milhar[2]   ; 6.296 ; 6.296 ; 6.296 ; 6.296 ;
; entrada[7]  ; milhar[3]   ; 6.427 ; 6.427 ; 6.427 ; 6.427 ;
; entrada[7]  ; unidade[1]  ; 6.529 ; 6.529 ; 6.529 ; 6.529 ;
; entrada[7]  ; unidade[2]  ; 6.710 ; 6.710 ; 6.710 ; 6.710 ;
; entrada[7]  ; unidade[3]  ; 6.512 ; 6.512 ; 6.512 ; 6.512 ;
; entrada[8]  ; centena[0]  ; 7.084 ; 7.084 ; 7.084 ; 7.084 ;
; entrada[8]  ; centena[1]  ; 6.395 ; 6.395 ; 6.395 ; 6.395 ;
; entrada[8]  ; centena[2]  ; 6.482 ; 6.482 ; 6.482 ; 6.482 ;
; entrada[8]  ; centena[3]  ; 6.417 ; 6.417 ; 6.417 ; 6.417 ;
; entrada[8]  ; dezena[0]   ; 6.919 ; 6.919 ; 6.919 ; 6.919 ;
; entrada[8]  ; dezena[1]   ; 6.990 ; 6.990 ; 6.990 ; 6.990 ;
; entrada[8]  ; dezena[2]   ; 6.908 ; 6.908 ; 6.908 ; 6.908 ;
; entrada[8]  ; dezena[3]   ; 7.089 ; 7.089 ; 7.089 ; 7.089 ;
; entrada[8]  ; milhar[0]   ; 6.416 ; 6.416 ; 6.416 ; 6.416 ;
; entrada[8]  ; milhar[1]   ; 5.961 ; 5.961 ; 5.961 ; 5.961 ;
; entrada[8]  ; milhar[2]   ; 6.300 ; 5.891 ; 5.891 ; 6.300 ;
; entrada[8]  ; milhar[3]   ; 6.008 ; 6.431 ; 6.431 ; 6.008 ;
; entrada[8]  ; unidade[1]  ; 6.923 ; 6.923 ; 6.923 ; 6.923 ;
; entrada[8]  ; unidade[2]  ; 7.104 ; 7.104 ; 7.104 ; 7.104 ;
; entrada[8]  ; unidade[3]  ; 6.906 ; 6.906 ; 6.906 ; 6.906 ;
; entrada[9]  ; centena[0]  ; 7.108 ; 7.108 ; 7.108 ; 7.108 ;
; entrada[9]  ; centena[1]  ; 6.472 ; 6.472 ; 6.472 ; 6.472 ;
; entrada[9]  ; centena[2]  ; 6.559 ; 6.559 ; 6.559 ; 6.559 ;
; entrada[9]  ; centena[3]  ; 6.494 ; 6.494 ; 6.494 ; 6.494 ;
; entrada[9]  ; dezena[0]   ; 7.057 ; 7.057 ; 7.057 ; 7.057 ;
; entrada[9]  ; dezena[1]   ; 7.014 ; 7.014 ; 7.014 ; 7.014 ;
; entrada[9]  ; dezena[2]   ; 6.932 ; 6.932 ; 6.932 ; 6.932 ;
; entrada[9]  ; dezena[3]   ; 7.113 ; 7.113 ; 7.113 ; 7.113 ;
; entrada[9]  ; milhar[0]   ; 6.493 ; 6.493 ; 6.493 ; 6.493 ;
; entrada[9]  ; milhar[1]   ; 6.038 ; 6.038 ; 6.038 ; 6.038 ;
; entrada[9]  ; milhar[2]   ; 6.377 ; 5.968 ; 5.968 ; 6.377 ;
; entrada[9]  ; milhar[3]   ; 6.085 ; 6.508 ; 6.508 ; 6.085 ;
; entrada[9]  ; unidade[1]  ; 7.061 ; 7.061 ; 7.061 ; 7.061 ;
; entrada[9]  ; unidade[2]  ; 7.242 ; 7.242 ; 7.242 ; 7.242 ;
; entrada[9]  ; unidade[3]  ; 7.044 ; 7.044 ; 7.044 ; 7.044 ;
; entrada[10] ; centena[0]  ; 4.784 ; 4.784 ; 4.784 ; 4.784 ;
; entrada[10] ; centena[1]  ; 3.971 ; 3.971 ; 3.971 ; 3.971 ;
; entrada[10] ; centena[2]  ; 4.058 ; 4.058 ; 4.058 ; 4.058 ;
; entrada[10] ; centena[3]  ; 3.993 ; 3.993 ; 3.993 ; 3.993 ;
; entrada[10] ; dezena[0]   ; 4.738 ; 4.738 ; 4.738 ; 4.738 ;
; entrada[10] ; dezena[1]   ; 4.690 ; 4.690 ; 4.690 ; 4.690 ;
; entrada[10] ; dezena[2]   ; 4.608 ; 4.608 ; 4.608 ; 4.608 ;
; entrada[10] ; dezena[3]   ; 4.789 ; 4.789 ; 4.789 ; 4.789 ;
; entrada[10] ; milhar[0]   ; 3.992 ; 3.992 ; 3.992 ; 3.992 ;
; entrada[10] ; milhar[1]   ; 3.537 ; 3.537 ; 3.537 ; 3.537 ;
; entrada[10] ; milhar[2]   ; 3.876 ; 3.467 ; 3.467 ; 3.876 ;
; entrada[10] ; milhar[3]   ; 3.584 ; 4.007 ; 4.007 ; 3.584 ;
; entrada[10] ; unidade[1]  ; 4.742 ; 4.742 ; 4.742 ; 4.742 ;
; entrada[10] ; unidade[2]  ; 4.923 ; 4.923 ; 4.923 ; 4.923 ;
; entrada[10] ; unidade[3]  ; 4.725 ; 4.725 ; 4.725 ; 4.725 ;
; entrada[11] ; centena[0]  ; 7.003 ; 7.003 ; 7.003 ; 7.003 ;
; entrada[11] ; centena[1]  ; 6.323 ; 6.323 ; 6.323 ; 6.323 ;
; entrada[11] ; centena[2]  ; 6.410 ; 6.410 ; 6.410 ; 6.410 ;
; entrada[11] ; centena[3]  ; 6.345 ; 6.345 ; 6.345 ; 6.345 ;
; entrada[11] ; dezena[0]   ; 6.955 ; 6.955 ; 6.955 ; 6.955 ;
; entrada[11] ; dezena[1]   ; 6.909 ; 6.909 ; 6.909 ; 6.909 ;
; entrada[11] ; dezena[2]   ; 6.827 ; 6.827 ; 6.827 ; 6.827 ;
; entrada[11] ; dezena[3]   ; 7.008 ; 7.008 ; 7.008 ; 7.008 ;
; entrada[11] ; milhar[0]   ; 6.344 ; 6.344 ; 6.344 ; 6.344 ;
; entrada[11] ; milhar[1]   ; 5.889 ; 5.889 ; 5.889 ; 5.889 ;
; entrada[11] ; milhar[2]   ; 6.228 ; 5.819 ; 5.819 ; 6.228 ;
; entrada[11] ; milhar[3]   ; 5.936 ; 6.359 ; 6.359 ; 5.936 ;
; entrada[11] ; unidade[1]  ; 6.959 ; 6.959 ; 6.959 ; 6.959 ;
; entrada[11] ; unidade[2]  ; 7.140 ; 7.140 ; 7.140 ; 7.140 ;
; entrada[11] ; unidade[3]  ; 6.942 ; 6.942 ; 6.942 ; 6.942 ;
; entrada[12] ; centena[0]  ; 4.589 ; 4.589 ; 4.589 ; 4.589 ;
; entrada[12] ; centena[1]  ; 3.914 ; 3.914 ; 3.914 ; 3.914 ;
; entrada[12] ; centena[2]  ; 4.001 ; 4.001 ; 4.001 ; 4.001 ;
; entrada[12] ; centena[3]  ; 3.936 ; 3.936 ; 3.936 ; 3.936 ;
; entrada[12] ; dezena[0]   ; 4.650 ; 4.650 ; 4.650 ; 4.650 ;
; entrada[12] ; dezena[1]   ; 4.495 ; 4.495 ; 4.495 ; 4.495 ;
; entrada[12] ; dezena[2]   ; 4.413 ; 4.413 ; 4.413 ; 4.413 ;
; entrada[12] ; dezena[3]   ; 4.594 ; 4.594 ; 4.594 ; 4.594 ;
; entrada[12] ; milhar[0]   ; 3.935 ; 3.935 ; 3.935 ; 3.935 ;
; entrada[12] ; milhar[1]   ; 3.480 ; 3.480 ; 3.480 ; 3.480 ;
; entrada[12] ; milhar[2]   ; 3.819 ; 3.410 ; 3.410 ; 3.819 ;
; entrada[12] ; milhar[3]   ; 3.527 ; 3.950 ; 3.950 ; 3.527 ;
; entrada[12] ; unidade[1]  ; 4.654 ; 4.654 ; 4.654 ; 4.654 ;
; entrada[12] ; unidade[2]  ; 4.835 ; 4.835 ; 4.835 ; 4.835 ;
; entrada[12] ; unidade[3]  ; 4.637 ; 4.637 ; 4.637 ; 4.637 ;
+-------------+-------------+-------+-------+-------+-------+


-------------------
; Clock Transfers ;
-------------------
Nothing to report.


---------------
; Report TCCS ;
---------------
No dedicated SERDES Transmitter circuitry present in device or used in design


---------------
; Report RSKM ;
---------------
No dedicated SERDES Receiver circuitry present in device or used in design


+------------------------------------------------+
; Unconstrained Paths                            ;
+---------------------------------+-------+------+
; Property                        ; Setup ; Hold ;
+---------------------------------+-------+------+
; Illegal Clocks                  ; 0     ; 0    ;
; Unconstrained Clocks            ; 0     ; 0    ;
; Unconstrained Input Ports       ; 13    ; 13   ;
; Unconstrained Input Port Paths  ; 160   ; 160  ;
; Unconstrained Output Ports      ; 16    ; 16   ;
; Unconstrained Output Port Paths ; 160   ; 160  ;
+---------------------------------+-------+------+


+------------------------------------+
; TimeQuest Timing Analyzer Messages ;
+------------------------------------+
Info: *******************************************************************
Info: Running Quartus II 64-Bit TimeQuest Timing Analyzer
    Info: Version 13.0.1 Build 232 06/12/2013 Service Pack 1 SJ Web Edition
    Info: Processing started: Thu Jun 19 21:55:06 2025
Info: Command: quartus_sta BCD_Conv -c BCD_Conv
Info: qsta_default_script.tcl version: #1
Warning (20028): Parallel compilation is not licensed and has been disabled
Info (21077): Low junction temperature is 0 degrees C
Info (21077): High junction temperature is 85 degrees C
Critical Warning (332012): Synopsys Design Constraints File file not found: 'BCD_Conv.sdc'. A Synopsys Design Constraints File is required by the TimeQuest Timing Analyzer to get proper timing constraints. Without it, the Compiler will not properly optimize the design.
Info (332142): No user constrained base clocks found in the design. Calling "derive_clocks -period 1.0"
Info (332096): The command derive_clocks did not find any clocks to derive.  No clocks were created or changed.
Warning (332068): No clocks defined in design.
Info: Found TIMEQUEST_REPORT_SCRIPT_INCLUDE_DEFAULT_ANALYSIS = ON
Info (332159): No clocks to report
Info: Analyzing Slow Model
Info (332140): No fmax paths to report
Info (332140): No Setup paths to report
Info (332140): No Hold paths to report
Info (332140): No Recovery paths to report
Info (332140): No Removal paths to report
Info (332140): No Minimum Pulse Width paths to report
Info (332001): The selected device family is not supported by the report_metastability command.
Info: Analyzing Fast Model
Info (332142): No user constrained base clocks found in the design. Calling "derive_clocks -period 1.0"
Info (332096): The command derive_clocks did not find any clocks to derive.  No clocks were created or changed.
Warning (332068): No clocks defined in design.
Info (332140): No Setup paths to report
Info (332140): No Hold paths to report
Info (332140): No Recovery paths to report
Info (332140): No Removal paths to report
Info (332140): No Minimum Pulse Width paths to report
Info (332001): The selected device family is not supported by the report_metastability command.
Info (332102): Design is not fully constrained for setup requirements
Info (332102): Design is not fully constrained for hold requirements
Info: Quartus II 64-Bit TimeQuest Timing Analyzer was successful. 0 errors, 4 warnings
    Info: Peak virtual memory: 4542 megabytes
    Info: Processing ended: Thu Jun 19 21:55:07 2025
    Info: Elapsed time: 00:00:01
    Info: Total CPU time (on all processors): 00:00:01


